Path : /mob/dview 
- Didn't call atom/Initialize()
Path : /mob/living/simple_animal/hostile/mimic 
- Didn't call atom/Initialize()
- Didn't return an Initialize hint
Path : /mob/living/simple_animal/jungle_bird 
- Didn't call atom/Initialize()
- Didn't return an Initialize hint
Path : /mob/living/carbon/superior_animal/human/voidwolf/elite/laserak 
- Didn't return an Initialize hint
Path : /mob/living/carbon/superior_animal/human/voidwolf/elite/c20r 
- Didn't return an Initialize hint
Path : /mob/living/carbon/superior_animal/human/voidwolf/elite/myrmidon 
- Didn't return an Initialize hint
Path : /mob/living/silicon/decoy 
- Didn't call atom/Initialize()
Path : /obj/item/device/defib_kit/loaded 
- Didn't return an Initialize hint
- Slept during Initialize()
Path : /obj/machinery/artifact_harvester 
- Didn't return an Initialize hint
Path : /obj/item/stack/ore/coal 
- Didn't return an Initialize hint
Path : /obj/item/stack/ore/iron 
- Didn't return an Initialize hint
Path : /obj/item/stack/ore/glass 
- Didn't return an Initialize hint
Path : /obj/item/stack/ore/silver 
- Didn't return an Initialize hint
Path : /obj/item/stack/ore/gold 
- Didn't return an Initialize hint
Path : /obj/item/stack/ore/osmium 
- Didn't return an Initialize hint
Path : /obj/effect/damagedfloor/rust 
- Didn't call atom/Initialize()
- Didn't return an Initialize hint
Path : /obj/item/mecha_parts/mecha_equipment/ranged_weapon/ballistic/missile_rack/flashbang 
- Didn't return an Initialize hint
Path : /obj/item/mecha_parts/mecha_equipment/ranged_weapon/ballistic/cannon 
- Didn't return an Initialize hint
Path : /obj/item/device/defib_kit/compact/combat/adv/loaded/cbo 
- Didn't return an Initialize hint
- Slept during Initialize()
Path : /obj/structure/closet/secure_closet/reinforced/CMO 
- Slept during Initialize()
Path : /obj/item/reagent_containers/glass/beaker/vial/random 
- Didn't return an Initialize hint
Path : /obj/item/clothing/accessory/work_visa_sol 
- Didn't call atom/Initialize()
- Didn't return an Initialize hint
Path : /obj/item/tool/hydrogen_sword 
- Didn't return an Initialize hint
Path : /obj/structure/sign/genetics 
- Didn't call atom/Initialize()
- Didn't return an Initialize hint
Path : /obj/item/stack/ore 
- Didn't return an Initialize hint
Path : /obj/machinery/atmospherics/pipe/simple/hidden/supply 
- Qdel'd in New()
Path : /obj/machinery/atmospherics/pipe/simple/hidden/scrubbers 
- Qdel'd in New()
Path : /obj/item/device/defib_kit/compact/combat/adv/loaded 
- Didn't return an Initialize hint
- Slept during Initialize()
Path : /obj/machinery/repair_station 
- Didn't return an Initialize hint
Path : /obj/machinery/power/hydrogen_gen 
- Didn't return an Initialize hint
Path : /obj/item/gun/flamethrower 
- Didn't return an Initialize hint
Path : /obj/effect/damagedfloor/fire 
- Didn't call atom/Initialize()
- Didn't return an Initialize hint
Path : /obj/item/stack/ore/slag 
- Didn't return an Initialize hint
Path : /obj/machinery/surveillance_pod 
- Didn't return an Initialize hint
Path : /obj/item/device/defib_kit 
- Didn't return an Initialize hint
- Slept during Initialize()
Path : /obj/item/clothing/accessory/holster/saber/militiasergeant/occupied 
- Didn't call atom/Initialize()
- Didn't return an Initialize hint
Path : /obj/item/stack/ore/plasma 
- Didn't return an Initialize hint
Path : /obj/item/device/defib_kit/compact/combat/loaded 
- Didn't return an Initialize hint
- Slept during Initialize()
Path : /obj/item/mecha_parts/mecha_equipment/ranged_weapon/ballistic/ultracannon/loaded 
- Didn't return an Initialize hint
Path : /obj/item/mecha_parts/mecha_equipment/ranged_weapon/ballistic/scattershot/loaded 
- Didn't return an Initialize hint
Path : /obj/item/mecha_parts/mecha_equipment/ranged_weapon/ballistic/scattershot 
- Didn't return an Initialize hint
Path : /obj/item/gun/hydrogen/incinerator 
- Didn't return an Initialize hint
Path : /obj/item/stack/ore/uranium 
- Didn't return an Initialize hint
Path : /obj/item/stack/ore/diamond 
- Didn't return an Initialize hint
Path : /obj/item/device/defib_kit/jumper_kit/loaded 
- Didn't return an Initialize hint
- Slept during Initialize()
Path : /obj/item/reagent_containers/glass/beaker/vial/random/toxin 
- Didn't return an Initialize hint
Path : /obj/item/stack/ore/strangerock 
- Didn't return an Initialize hint
Path : /obj/item/stack/ore/hydrogen 
- Didn't return an Initialize hint
Path : /obj/item/device/defib_kit/compact/combat 
- Didn't return an Initialize hint
- Slept during Initialize()
Path : /obj/structure/lattice 
- Qdel'd in New()
Path : /obj/item/mecha_parts/mecha_equipment/ranged_weapon/ballistic/hmg 
- Didn't return an Initialize hint
Path : /obj/item/mecha_parts/mecha_equipment/ranged_weapon/ballistic/flak 
- Didn't return an Initialize hint
Path : /obj/item/mecha_parts/mecha_equipment/ranged_weapon/ballistic/cannon/military 
- Didn't return an Initialize hint
Path : /obj/item/mecha_parts/mecha_equipment/ranged_weapon/ballistic/ultracannon 
- Didn't return an Initialize hint
Path : /obj/item/mecha_parts/mecha_equipment/ranged_weapon/ballistic/missile_rack/flare 
- Didn't return an Initialize hint
Path : /obj/item/device/defib_kit/compact 
- Didn't return an Initialize hint
- Slept during Initialize()
Path : /obj/item/gun/hydrogen 
- Didn't return an Initialize hint
Path : /obj/item/gun/hydrogen/pistol 
- Didn't return an Initialize hint
Path : /obj/item/gun/hydrogen/cannon 
- Didn't return an Initialize hint
Path : /obj/item/tool/plasma_torch 
- Didn't return an Initialize hint
Path : /obj/item/gun/hydrogen/plasma_torch 
- Didn't return an Initialize hint
Path : /obj/item/rig_module/grappler 
- Didn't return an Initialize hint
Path : /obj/item/device/geiger 
- Didn't return an Initialize hint
Path : /obj/item/mecha_parts/mecha_equipment/ranged_weapon/ballistic/flak/loaded 
- Didn't return an Initialize hint
Path : /obj/item/gun/energy/laser/railgun/railrifle 
- Didn't return an Initialize hint
Path : /obj/item/gun/energy/laser/railgun/gauss 
- Didn't return an Initialize hint
Path : /atom/movable/lighting_overlay 
- Didn't call atom/Initialize()
Path : /mob/living/carbon/superior_animal/psi_monster/hovering_nightmare 
- Didn't return an Initialize hint
Path : /mob/living/carbon/superior_animal/psi_monster/wasonce/crimson_jelly 
- Didn't return an Initialize hint
Path : /mob/living/carbon/superior_animal/psi_monster/thought_melter 
- Didn't return an Initialize hint
Path : /mob/living/carbon/superior_animal/psi_monster/memory_eater 
- Didn't return an Initialize hint
Path : /mob/living/carbon/superior_animal/psi_monster 
- Didn't return an Initialize hint
Path : /mob/living/carbon/superior_animal/psi_monster/pus_maggot 
- Didn't return an Initialize hint
Path : /mob/living/carbon/superior_animal/psi_monster/ponderous 
- Didn't return an Initialize hint
Path : /mob/living/carbon/superior_animal/psi_monster/memory 
- Didn't return an Initialize hint
Path : /mob/living/carbon/superior_animal/psi_monster/pus_maggot/ash_wendigo 
- Didn't return an Initialize hint
Path : /mob/living/carbon/superior_animal/psi_monster/licker 
- Didn't return an Initialize hint
Path : /mob/living/carbon/superior_animal/psi_monster/flesh_tower 
- Didn't return an Initialize hint
Path : /mob/living/carbon/superior_animal/psi_monster/mind_gazer 
- Didn't return an Initialize hint
Path : /mob/living/carbon/superior_animal/psi_monster/dreaming_king 
- Didn't return an Initialize hint
Path : /mob/living/carbon/superior_animal/psi_monster/flesh_behemoth 
- Didn't return an Initialize hint
Path : /mob/living/carbon/superior_animal/psi_monster/cerebral_crusher 
- Didn't return an Initialize hint
Path : /mob/living/carbon/superior_animal/psi_monster/dreaming_king/hound_crown 
- Didn't return an Initialize hint
Path : /obj/effect/trail_particle/ion_trails 
- Didn't call atom/Initialize()
- Didn't return an Initialize hint
Path : /turf/simulated/wall 
- Didn't return an Initialize hint

Path : /mob/dview 
- Didn't call atom/Initialize()
Path : /mob/living/simple_animal/hostile/mimic 
- Didn't call atom/Initialize()
- Didn't return an Initialize hint
Path : /mob/living/simple_animal/jungle_bird 
- Didn't call atom/Initialize()
- Didn't return an Initialize hint
Path : /mob/living/carbon/superior_animal/human/voidwolf/elite/laserak 
- Didn't return an Initialize hint
Path : /mob/living/carbon/superior_animal/human/voidwolf/elite/c20r 
- Didn't return an Initialize hint
Path : /mob/living/carbon/superior_animal/human/voidwolf/elite/myrmidon 
- Didn't return an Initialize hint
Path : /mob/living/silicon/decoy 
- Didn't call atom/Initialize()
Path : /obj/item/device/defib_kit/loaded 
- Didn't return an Initialize hint
- Slept during Initialize()
Path : /obj/machinery/artifact_harvester 
- Didn't return an Initialize hint
Path : /obj/item/reagent_containers/glass/beaker/vial/random 
- Didn't return an Initialize hint
Path : /obj/item/stack/ore/iron 
- Didn't return an Initialize hint
Path : /obj/item/stack/ore/glass 
- Didn't return an Initialize hint
Path : /obj/item/stack/ore/gold 
- Didn't return an Initialize hint
Path : /obj/item/stack/ore/coal 
- Didn't return an Initialize hint
Path : /obj/effect/damagedfloor/rust 
- Didn't call atom/Initialize()
- Didn't return an Initialize hint
Path : /obj/item/mecha_parts/mecha_equipment/ranged_weapon/ballistic/missile_rack/flashbang 
- Didn't return an Initialize hint
Path : /obj/item/mecha_parts/mecha_equipment/ranged_weapon/ballistic/cannon 
- Didn't return an Initialize hint
Path : /obj/item/device/defib_kit/compact/combat/adv/loaded/cbo 
- Didn't return an Initialize hint
- Slept during Initialize()
Path : /obj/structure/closet/secure_closet/reinforced/CMO 
- Slept during Initialize()
Path : /obj/item/tool/hydrogen_sword 
- Didn't return an Initialize hint
Path : /obj/item/stack/ore/osmium 
- Didn't return an Initialize hint
Path : /obj/structure/sign/genetics 
- Didn't call atom/Initialize()
- Didn't return an Initialize hint
Path : /obj/item/stack/ore 
- Didn't return an Initialize hint
Path : /obj/item/device/defib_kit/compact/combat/adv/loaded 
- Didn't return an Initialize hint
- Slept during Initialize()
Path : /obj/machinery/repair_station 
- Didn't return an Initialize hint
Path : /obj/machinery/power/hydrogen_gen 
- Didn't return an Initialize hint
Path : /obj/item/gun/flamethrower 
- Didn't return an Initialize hint
Path : /obj/effect/damagedfloor/fire 
- Didn't call atom/Initialize()
- Didn't return an Initialize hint
- Qdel'd in New()
Path : /obj/item/stack/ore/slag 
- Didn't return an Initialize hint
Path : /obj/machinery/surveillance_pod 
- Didn't return an Initialize hint
Path : /obj/item/device/defib_kit 
- Didn't return an Initialize hint
- Slept during Initialize()
Path : /obj/item/clothing/accessory/work_visa_sol 
- Didn't call atom/Initialize()
- Didn't return an Initialize hint
Path : /obj/item/clothing/accessory/holster/saber/militiasergeant/occupied 
- Didn't call atom/Initialize()
- Didn't return an Initialize hint
Path : /obj/item/stack/ore/plasma 
- Didn't return an Initialize hint
Path : /obj/item/mecha_parts/mecha_equipment/ranged_weapon/ballistic/ultracannon/loaded 
- Didn't return an Initialize hint
Path : /obj/item/mecha_parts/mecha_equipment/ranged_weapon/ballistic/scattershot/loaded 
- Didn't return an Initialize hint
Path : /obj/item/reagent_containers/glass/beaker/vial/random/toxin 
- Didn't return an Initialize hint
Path : /obj/item/device/defib_kit/compact/combat/loaded 
- Didn't return an Initialize hint
- Slept during Initialize()
Path : /obj/item/stack/ore/silver 
- Didn't return an Initialize hint
Path : /obj/item/mecha_parts/mecha_equipment/ranged_weapon/ballistic/missile_rack/explosive 
- Didn't return an Initialize hint
Path : /obj/item/mecha_parts/mecha_equipment/ranged_weapon/ballistic/flak 
- Didn't return an Initialize hint
Path : /obj/item/mecha_parts/mecha_equipment/ranged_weapon/ballistic/flak/loaded 
- Didn't return an Initialize hint
Path : /obj/item/mecha_parts/mecha_equipment/ranged_weapon/ballistic/hmg/loaded 
- Didn't return an Initialize hint
Path : /obj/item/gun/hydrogen/incinerator 
- Didn't return an Initialize hint
Path : /obj/item/stack/ore/diamond 
- Didn't return an Initialize hint
Path : /obj/item/stack/ore/uranium 
- Didn't return an Initialize hint
Path : /obj/item/device/defib_kit/jumper_kit/loaded 
- Didn't return an Initialize hint
- Slept during Initialize()
Path : /obj/item/stack/ore/strangerock 
- Didn't return an Initialize hint
Path : /obj/item/stack/ore/hydrogen 
- Didn't return an Initialize hint
Path : /obj/item/device/defib_kit/compact/combat 
- Didn't return an Initialize hint
- Slept during Initialize()
Path : /obj/item/gun/energy/laser/railgun/railrifle 
- Didn't return an Initialize hint
Path : /obj/structure/lattice 
- Qdel'd in New()
Path : /obj/item/mecha_parts/mecha_equipment/ranged_weapon/ballistic/hmg 
- Didn't return an Initialize hint
Path : /obj/item/mecha_parts/mecha_equipment/ranged_weapon/ballistic/cannon/military 
- Didn't return an Initialize hint
Path : /obj/item/mecha_parts/mecha_equipment/ranged_weapon/ballistic/ultracannon 
- Didn't return an Initialize hint
Path : /obj/item/mecha_parts/mecha_equipment/ranged_weapon/ballistic/scattershot 
- Didn't return an Initialize hint
Path : /obj/item/mecha_parts/mecha_equipment/ranged_weapon/ballistic/missile_rack/flare 
- Didn't return an Initialize hint
Path : /obj/item/device/defib_kit/compact 
- Didn't return an Initialize hint
- Slept during Initialize()
Path : /obj/item/gun/hydrogen 
- Didn't return an Initialize hint
Path : /obj/item/gun/hydrogen/pistol 
- Didn't return an Initialize hint
Path : /obj/item/gun/hydrogen/cannon 
- Didn't return an Initialize hint
Path : /obj/item/tool/plasma_torch 
- Didn't return an Initialize hint
Path : /obj/item/gun/hydrogen/plasma_torch 
- Didn't return an Initialize hint
Path : /obj/item/rig_module/grappler 
- Didn't return an Initialize hint
Path : /obj/item/device/geiger 
- Didn't return an Initialize hint
Path : /obj/item/gun/energy/laser/railgun/gauss 
- Didn't return an Initialize hint
Path : /atom/movable/lighting_overlay 
- Didn't call atom/Initialize()
Path : /mob/living/carbon/superior_animal/psi_monster/hovering_nightmare 
- Didn't return an Initialize hint
Path : /mob/living/carbon/superior_animal/psi_monster/memory 
- Didn't return an Initialize hint
Path : /mob/living/carbon/superior_animal/psi_monster/pus_maggot 
- Didn't return an Initialize hint
Path : /mob/living/carbon/superior_animal/psi_monster/memory_eater 
- Didn't return an Initialize hint
Path : /mob/living/carbon/superior_animal/psi_monster/thought_melter 
- Didn't return an Initialize hint
Path : /mob/living/carbon/superior_animal/psi_monster/ponderous 
- Didn't return an Initialize hint
Path : /mob/living/carbon/superior_animal/psi_monster 
- Didn't return an Initialize hint
Path : /mob/living/carbon/superior_animal/psi_monster/flesh_tower 
- Didn't return an Initialize hint
Path : /mob/living/carbon/superior_animal/psi_monster/licker 
- Didn't return an Initialize hint
Path : /mob/living/carbon/superior_animal/psi_monster/pus_maggot/ash_wendigo 
- Didn't return an Initialize hint
Path : /mob/living/carbon/superior_animal/psi_monster/cerebral_crusher 
- Didn't return an Initialize hint
Path : /mob/living/carbon/superior_animal/psi_monster/flesh_behemoth 
- Didn't return an Initialize hint
Path : /mob/living/carbon/superior_animal/psi_monster/mind_gazer 
- Didn't return an Initialize hint
Path : /mob/living/carbon/superior_animal/psi_monster/dreaming_king 
- Didn't return an Initialize hint
Path : /mob/living/carbon/superior_animal/psi_monster/dreaming_king/hound_crown 
- Didn't return an Initialize hint
Path : /mob/living/carbon/superior_animal/psi_monster/wasonce/crimson_jelly 
- Didn't return an Initialize hint
Path : /obj/effect/trail_particle/ion_trails 
- Didn't call atom/Initialize()
- Didn't return an Initialize hint

Path : /mob/dview 
- Didn't call atom/Initialize()
Path : /mob/living/simple_animal/hostile/mimic 
- Didn't call atom/Initialize()
- Didn't return an Initialize hint
Path : /mob/living/simple_animal/jungle_bird 
- Didn't call atom/Initialize()
- Didn't return an Initialize hint
Path : /mob/living/carbon/superior_animal/human/voidwolf/elite/laserak 
- Didn't return an Initialize hint
Path : /mob/living/carbon/superior_animal/human/voidwolf/elite/c20r 
- Didn't return an Initialize hint
Path : /mob/living/carbon/superior_animal/human/voidwolf/elite/myrmidon 
- Didn't return an Initialize hint
Path : /mob/living/silicon/decoy 
- Didn't call atom/Initialize()
Path : /obj/item/device/defib_kit/loaded 
- Didn't return an Initialize hint
- Slept during Initialize()
Path : /obj/machinery/artifact_harvester 
- Didn't return an Initialize hint
Path : /obj/item/reagent_containers/glass/beaker/vial/random 
- Didn't return an Initialize hint
Path : /obj/item/reagent_containers/glass/beaker/vial/random/toxin 
- Didn't return an Initialize hint
Path : /obj/item/stack/ore/glass 
- Didn't return an Initialize hint
Path : /obj/item/stack/ore/iron 
- Didn't return an Initialize hint
Path : /obj/item/stack/ore/uranium 
- Didn't return an Initialize hint
Path : /obj/item/stack/ore/coal 
- Didn't return an Initialize hint
Path : /obj/effect/damagedfloor/rust 
- Didn't call atom/Initialize()
- Didn't return an Initialize hint
Path : /obj/item/mecha_parts/mecha_equipment/ranged_weapon/ballistic/missile_rack/flashbang 
- Didn't return an Initialize hint
Path : /obj/item/mecha_parts/mecha_equipment/ranged_weapon/ballistic/cannon 
- Didn't return an Initialize hint
Path : /obj/item/device/defib_kit/compact/combat/adv/loaded/cbo 
- Didn't return an Initialize hint
- Slept during Initialize()
Path : /obj/structure/closet/secure_closet/reinforced/CMO 
- Slept during Initialize()
Path : /obj/item/clothing/accessory/work_visa_sol 
- Didn't call atom/Initialize()
- Didn't return an Initialize hint
Path : /obj/item/tool/hydrogen_sword 
- Didn't return an Initialize hint
Path : /obj/item/stack/ore/silver 
- Didn't return an Initialize hint
Path : /obj/structure/sign/genetics 
- Didn't call atom/Initialize()
- Didn't return an Initialize hint
Path : /obj/item/stack/ore 
- Didn't return an Initialize hint
Path : /obj/item/stack/ore/gold 
- Didn't return an Initialize hint
Path : /obj/machinery/atmospherics/pipe/simple/hidden/supply 
- Qdel'd in New()
Path : /obj/machinery/atmospherics/pipe/simple/hidden/scrubbers 
- Qdel'd in New()
Path : /obj/item/device/defib_kit/compact/combat/adv/loaded 
- Didn't return an Initialize hint
- Slept during Initialize()
Path : /obj/machinery/repair_station 
- Didn't return an Initialize hint
Path : /obj/machinery/power/hydrogen_gen 
- Didn't return an Initialize hint
Path : /obj/item/gun/flamethrower 
- Didn't return an Initialize hint
Path : /obj/effect/damagedfloor/fire 
- Didn't call atom/Initialize()
- Didn't return an Initialize hint
Path : /obj/item/stack/ore/slag 
- Didn't return an Initialize hint
Path : /obj/machinery/surveillance_pod 
- Didn't return an Initialize hint
Path : /obj/item/device/defib_kit 
- Didn't return an Initialize hint
- Slept during Initialize()
Path : /obj/item/clothing/accessory/holster/saber/militiasergeant/occupied 
- Didn't call atom/Initialize()
- Didn't return an Initialize hint
Path : /obj/item/stack/ore/plasma 
- Didn't return an Initialize hint
Path : /obj/item/device/defib_kit/compact/combat/loaded 
- Didn't return an Initialize hint
- Slept during Initialize()
Path : /obj/item/mecha_parts/mecha_equipment/ranged_weapon/ballistic/ultracannon/loaded 
- Didn't return an Initialize hint
Path : /obj/item/mecha_parts/mecha_equipment/ranged_weapon/ballistic/scattershot/loaded 
- Didn't return an Initialize hint
Path : /obj/item/mecha_parts/mecha_equipment/ranged_weapon/ballistic/cannon/military 
- Didn't return an Initialize hint
Path : /obj/item/stack/ore/osmium 
- Didn't return an Initialize hint
Path : /obj/item/device/defib_kit/jumper_kit/loaded 
- Didn't return an Initialize hint
- Slept during Initialize()
Path : /obj/item/stack/ore/strangerock 
- Didn't return an Initialize hint
Path : /obj/item/stack/ore/hydrogen 
- Didn't return an Initialize hint
Path : /obj/item/stack/ore/diamond 
- Didn't return an Initialize hint
Path : /obj/item/device/defib_kit/compact/combat 
- Didn't return an Initialize hint
- Slept during Initialize()
Path : /obj/item/gun/energy/laser/railgun/railrifle 
- Didn't return an Initialize hint
Path : /obj/structure/lattice 
- Qdel'd in New()
Path : /obj/item/mecha_parts/mecha_equipment/ranged_weapon/ballistic/hmg 
- Didn't return an Initialize hint
Path : /obj/item/mecha_parts/mecha_equipment/ranged_weapon/ballistic/flak 
- Didn't return an Initialize hint
Path : /obj/item/mecha_parts/mecha_equipment/ranged_weapon/ballistic/ultracannon 
- Didn't return an Initialize hint
Path : /obj/item/mecha_parts/mecha_equipment/ranged_weapon/ballistic/scattershot 
- Didn't return an Initialize hint
Path : /obj/item/mecha_parts/mecha_equipment/ranged_weapon/ballistic/missile_rack/flare 
- Didn't return an Initialize hint
Path : /obj/item/device/defib_kit/compact 
- Didn't return an Initialize hint
- Slept during Initialize()
Path : /obj/item/gun/hydrogen 
- Didn't return an Initialize hint
Path : /obj/item/gun/hydrogen/pistol 
- Didn't return an Initialize hint
Path : /obj/item/gun/hydrogen/cannon 
- Didn't return an Initialize hint
Path : /obj/item/tool/plasma_torch 
- Didn't return an Initialize hint
Path : /obj/item/gun/hydrogen/plasma_torch 
- Didn't return an Initialize hint
Path : /obj/item/rig_module/grappler 
- Didn't return an Initialize hint
Path : /obj/item/device/geiger 
- Didn't return an Initialize hint
Path : /obj/item/mecha_parts/mecha_equipment/ranged_weapon/ballistic/flak/loaded 
- Didn't return an Initialize hint
Path : /obj/item/gun/energy/laser/railgun/gauss 
- Didn't return an Initialize hint
Path : /obj/item/reagent_containers/food/snacks/wishsoup 
- Slept during Initialize()
Path : /atom/movable/lighting_overlay 
- Didn't call atom/Initialize()
Path : /mob/living/carbon/superior_animal/psi_monster/ponderous 
- Didn't return an Initialize hint
Path : /mob/living/carbon/superior_animal/psi_monster 
- Didn't return an Initialize hint
Path : /mob/living/carbon/superior_animal/psi_monster/licker 
- Didn't return an Initialize hint
Path : /mob/living/carbon/superior_animal/psi_monster/thought_melter 
- Didn't return an Initialize hint
Path : /mob/living/carbon/superior_animal/psi_monster/mind_gazer 
- Didn't return an Initialize hint
Path : /mob/living/carbon/superior_animal/psi_monster/memory 
- Didn't return an Initialize hint
Path : /mob/living/carbon/superior_animal/psi_monster/hovering_nightmare 
- Didn't return an Initialize hint
Path : /mob/living/carbon/superior_animal/psi_monster/cerebral_crusher 
- Didn't return an Initialize hint
Path : /mob/living/carbon/superior_animal/psi_monster/pus_maggot 
- Didn't return an Initialize hint
Path : /mob/living/carbon/superior_animal/psi_monster/flesh_tower 
- Didn't return an Initialize hint
Path : /mob/living/carbon/superior_animal/psi_monster/memory_eater 
- Didn't return an Initialize hint
Path : /mob/living/carbon/superior_animal/psi_monster/pus_maggot/ash_wendigo 
- Didn't return an Initialize hint
Path : /mob/living/carbon/superior_animal/psi_monster/flesh_behemoth 
- Didn't return an Initialize hint
Path : /mob/living/carbon/superior_animal/psi_monster/wasonce/crimson_jelly 
- Didn't return an Initialize hint
Path : /mob/living/carbon/superior_animal/psi_monster/dreaming_king/hound_crown 
- Didn't return an Initialize hint
Path : /mob/living/carbon/superior_animal/psi_monster/dreaming_king 
- Didn't return an Initialize hint
Path : /obj/effect/trail_particle/ion_trails 
- Didn't call atom/Initialize()
- Didn't return an Initialize hint

Path : /mob/dview 
- Didn't call atom/Initialize()
Path : /mob/living/simple_animal/hostile/mimic 
- Didn't call atom/Initialize()
- Didn't return an Initialize hint
Path : /mob/living/simple_animal/jungle_bird 
- Didn't call atom/Initialize()
- Didn't return an Initialize hint
Path : /mob/living/carbon/superior_animal/human/voidwolf/elite/laserak 
- Didn't return an Initialize hint
Path : /mob/living/carbon/superior_animal/human/voidwolf/elite/c20r 
- Didn't return an Initialize hint
Path : /mob/living/carbon/superior_animal/human/voidwolf/elite/myrmidon 
- Didn't return an Initialize hint
Path : /mob/living/silicon/decoy 
- Didn't call atom/Initialize()
Path : /obj/item/device/defib_kit/loaded 
- Didn't return an Initialize hint
- Slept during Initialize()
Path : /obj/machinery/artifact_harvester 
- Didn't return an Initialize hint
Path : /obj/item/stack/ore/coal 
- Didn't return an Initialize hint
Path : /obj/item/stack/ore/silver 
- Didn't return an Initialize hint
Path : /obj/item/stack/ore/gold 
- Didn't return an Initialize hint
Path : /obj/item/stack/ore/iron 
- Didn't return an Initialize hint
Path : /obj/item/stack/ore/plasma 
- Didn't return an Initialize hint
Path : /obj/item/stack/ore/glass 
- Didn't return an Initialize hint
Path : /obj/effect/damagedfloor/rust 
- Didn't call atom/Initialize()
- Didn't return an Initialize hint
Path : /obj/item/mecha_parts/mecha_equipment/ranged_weapon/ballistic/missile_rack/flashbang 
- Didn't return an Initialize hint
Path : /obj/item/mecha_parts/mecha_equipment/ranged_weapon/ballistic/cannon 
- Didn't return an Initialize hint
Path : /obj/item/device/defib_kit/compact/combat/adv/loaded/cbo 
- Didn't return an Initialize hint
- Slept during Initialize()
Path : /obj/structure/closet/secure_closet/reinforced/CMO 
- Slept during Initialize()
Path : /obj/item/reagent_containers/glass/beaker/vial/random 
- Didn't return an Initialize hint
Path : /obj/item/clothing/accessory/work_visa_sol 
- Didn't call atom/Initialize()
- Didn't return an Initialize hint
Path : /obj/item/tool/hydrogen_sword 
- Didn't return an Initialize hint
Path : /obj/structure/sign/genetics 
- Didn't call atom/Initialize()
- Didn't return an Initialize hint
Path : /obj/item/stack/ore 
- Didn't return an Initialize hint
Path : /obj/item/device/defib_kit/compact/combat/adv/loaded 
- Didn't return an Initialize hint
- Slept during Initialize()
Path : /obj/machinery/repair_station 
- Didn't return an Initialize hint
Path : /obj/machinery/power/hydrogen_gen 
- Didn't return an Initialize hint
Path : /obj/item/gun/flamethrower 
- Didn't return an Initialize hint
Path : /obj/effect/damagedfloor/fire 
- Didn't call atom/Initialize()
- Didn't return an Initialize hint
- Qdel'd in New()
Path : /obj/item/stack/ore/slag 
- Didn't return an Initialize hint
Path : /obj/machinery/surveillance_pod 
- Didn't return an Initialize hint
Path : /obj/item/device/defib_kit 
- Didn't return an Initialize hint
- Slept during Initialize()
Path : /obj/item/clothing/accessory/holster/saber/militiasergeant/occupied 
- Didn't call atom/Initialize()
- Didn't return an Initialize hint
Path : /obj/item/device/defib_kit/compact/combat/loaded 
- Didn't return an Initialize hint
- Slept during Initialize()
Path : /obj/item/mecha_parts/mecha_equipment/ranged_weapon/ballistic/ultracannon/loaded 
- Didn't return an Initialize hint
Path : /obj/item/mecha_parts/mecha_equipment/ranged_weapon/ballistic/scattershot/loaded 
- Didn't return an Initialize hint
Path : /obj/item/stack/ore/osmium 
- Didn't return an Initialize hint
Path : /obj/item/stack/ore/uranium 
- Didn't return an Initialize hint
Path : /obj/item/device/defib_kit/jumper_kit/loaded 
- Didn't return an Initialize hint
- Slept during Initialize()
Path : /obj/item/reagent_containers/glass/beaker/vial/random/toxin 
- Didn't return an Initialize hint
Path : /obj/item/stack/ore/strangerock 
- Didn't return an Initialize hint
Path : /obj/item/stack/ore/hydrogen 
- Didn't return an Initialize hint
Path : /obj/item/stack/ore/diamond 
- Didn't return an Initialize hint
Path : /obj/item/device/defib_kit/compact/combat 
- Didn't return an Initialize hint
- Slept during Initialize()
Path : /obj/structure/lattice 
- Qdel'd in New()
Path : /obj/item/spacecash/bundle/c10 
- Qdel'd in New()
Path : /obj/item/mecha_parts/mecha_equipment/ranged_weapon/ballistic/hmg 
- Didn't return an Initialize hint
Path : /obj/item/mecha_parts/mecha_equipment/ranged_weapon/ballistic/flak 
- Didn't return an Initialize hint
Path : /obj/item/mecha_parts/mecha_equipment/ranged_weapon/ballistic/cannon/military 
- Didn't return an Initialize hint
Path : /obj/item/mecha_parts/mecha_equipment/ranged_weapon/ballistic/ultracannon 
- Didn't return an Initialize hint
Path : /obj/item/mecha_parts/mecha_equipment/ranged_weapon/ballistic/scattershot 
- Didn't return an Initialize hint
Path : /obj/item/mecha_parts/mecha_equipment/ranged_weapon/ballistic/missile_rack/flare 
- Didn't return an Initialize hint
Path : /obj/item/device/defib_kit/compact 
- Didn't return an Initialize hint
- Slept during Initialize()
Path : /obj/item/gun/hydrogen 
- Didn't return an Initialize hint
Path : /obj/item/gun/hydrogen/pistol 
- Didn't return an Initialize hint
Path : /obj/item/gun/hydrogen/cannon 
- Didn't return an Initialize hint
Path : /obj/item/tool/plasma_torch 
- Didn't return an Initialize hint
Path : /obj/item/gun/hydrogen/plasma_torch 
- Didn't return an Initialize hint
Path : /obj/item/rig_module/grappler 
- Didn't return an Initialize hint
Path : /obj/item/device/geiger 
- Didn't return an Initialize hint
Path : /obj/item/mecha_parts/mecha_equipment/ranged_weapon/ballistic/flak/loaded 
- Didn't return an Initialize hint
Path : /obj/item/gun/energy/laser/railgun/railrifle 
- Didn't return an Initialize hint
Path : /obj/item/gun/energy/laser/railgun/gauss 
- Didn't return an Initialize hint
Path : /atom/movable/lighting_overlay 
- Didn't call atom/Initialize()
Path : /mob/living/carbon/superior_animal/psi_monster/pus_maggot 
- Didn't return an Initialize hint
Path : /mob/living/carbon/superior_animal/psi_monster/flesh_tower 
- Didn't return an Initialize hint
Path : /mob/living/carbon/superior_animal/psi_monster/memory 
- Didn't return an Initialize hint
Path : /mob/living/carbon/superior_animal/psi_monster/mind_gazer 
- Didn't return an Initialize hint
Path : /mob/living/carbon/superior_animal/psi_monster/hovering_nightmare 
- Didn't return an Initialize hint
Path : /mob/living/carbon/superior_animal/psi_monster 
- Didn't return an Initialize hint
Path : /mob/living/carbon/superior_animal/psi_monster/memory_eater 
- Didn't return an Initialize hint
Path : /mob/living/carbon/superior_animal/psi_monster/licker 
- Didn't return an Initialize hint
Path : /mob/living/carbon/superior_animal/psi_monster/thought_melter 
- Didn't return an Initialize hint
Path : /mob/living/carbon/superior_animal/psi_monster/dreaming_king 
- Didn't return an Initialize hint
Path : /mob/living/carbon/superior_animal/psi_monster/cerebral_crusher 
- Didn't return an Initialize hint
Path : /mob/living/carbon/superior_animal/psi_monster/ponderous 
- Didn't return an Initialize hint
Path : /mob/living/carbon/superior_animal/psi_monster/pus_maggot/ash_wendigo 
- Didn't return an Initialize hint
Path : /mob/living/carbon/superior_animal/psi_monster/wasonce/crimson_jelly 
- Didn't return an Initialize hint
Path : /mob/living/carbon/superior_animal/psi_monster/flesh_behemoth 
- Didn't return an Initialize hint
Path : /obj/effect/trail_particle/ion_trails 
- Didn't call atom/Initialize()
- Didn't return an Initialize hint
Path : /obj/item/gun/hydrogen/incinerator 
- Didn't return an Initialize hint
Path : /mob/living/carbon/superior_animal/psi_monster/dreaming_king/hound_crown 
- Didn't return an Initialize hint

Path : /mob/dview 
- Didn't call atom/Initialize()
Path : /mob/living/simple_animal/hostile/mimic 
- Didn't call atom/Initialize()
- Didn't return an Initialize hint
Path : /mob/living/simple_animal/jungle_bird 
- Didn't call atom/Initialize()
- Didn't return an Initialize hint
Path : /mob/living/carbon/superior_animal/human/voidwolf/elite/laserak 
- Didn't return an Initialize hint
Path : /mob/living/carbon/superior_animal/human/voidwolf/elite/c20r 
- Didn't return an Initialize hint
Path : /mob/living/carbon/superior_animal/human/voidwolf/elite/myrmidon 
- Didn't return an Initialize hint
Path : /mob/living/silicon/decoy 
- Didn't call atom/Initialize()
Path : /obj/item/device/defib_kit/loaded 
- Didn't return an Initialize hint
- Slept during Initialize()
Path : /obj/machinery/artifact_harvester 
- Didn't return an Initialize hint
Path : /obj/item/stack/ore/gold 
- Didn't return an Initialize hint
Path : /obj/item/stack/ore/glass 
- Didn't return an Initialize hint
Path : /obj/item/stack/ore/silver 
- Didn't return an Initialize hint
Path : /obj/item/stack/ore/iron 
- Didn't return an Initialize hint
Path : /obj/item/stack/ore/plasma 
- Didn't return an Initialize hint
Path : /obj/effect/damagedfloor/rust 
- Didn't call atom/Initialize()
- Didn't return an Initialize hint
Path : /obj/item/mecha_parts/mecha_equipment/ranged_weapon/ballistic/missile_rack/flashbang 
- Didn't return an Initialize hint
Path : /obj/item/mecha_parts/mecha_equipment/ranged_weapon/ballistic/cannon 
- Didn't return an Initialize hint
Path : /obj/item/device/defib_kit/compact/combat/adv/loaded/cbo 
- Didn't return an Initialize hint
- Slept during Initialize()
Path : /obj/structure/closet/secure_closet/reinforced/CMO 
- Slept during Initialize()
Path : /obj/item/reagent_containers/glass/beaker/vial/random 
- Didn't return an Initialize hint
Path : /obj/item/tool/hydrogen_sword 
- Didn't return an Initialize hint
Path : /obj/item/stack/ore/uranium 
- Didn't return an Initialize hint
Path : /obj/structure/sign/genetics 
- Didn't call atom/Initialize()
- Didn't return an Initialize hint
Path : /obj/item/stack/ore 
- Didn't return an Initialize hint
Path : /obj/item/device/defib_kit/compact/combat/adv/loaded 
- Didn't return an Initialize hint
- Slept during Initialize()
Path : /obj/machinery/repair_station 
- Didn't return an Initialize hint
Path : /obj/machinery/power/hydrogen_gen 
- Didn't return an Initialize hint
Path : /obj/item/gun/flamethrower 
- Didn't return an Initialize hint
Path : /obj/effect/damagedfloor/fire 
- Didn't call atom/Initialize()
- Didn't return an Initialize hint
- Qdel'd in New()
Path : /obj/item/stack/ore/slag 
- Didn't return an Initialize hint
Path : /obj/machinery/surveillance_pod 
- Didn't return an Initialize hint
Path : /obj/item/device/defib_kit 
- Didn't return an Initialize hint
- Slept during Initialize()
Path : /obj/item/clothing/accessory/work_visa_sol 
- Didn't call atom/Initialize()
- Didn't return an Initialize hint
Path : /obj/item/clothing/accessory/holster/saber/militiasergeant/occupied 
- Didn't call atom/Initialize()
- Didn't return an Initialize hint
Path : /obj/item/stack/ore/coal 
- Didn't return an Initialize hint
Path : /obj/item/device/defib_kit/compact/combat/loaded 
- Didn't return an Initialize hint
- Slept during Initialize()
Path : /obj/item/mecha_parts/mecha_equipment/ranged_weapon/ballistic/ultracannon/loaded 
- Didn't return an Initialize hint
Path : /obj/item/mecha_parts/mecha_equipment/ranged_weapon/ballistic/scattershot/loaded 
- Didn't return an Initialize hint
Path : /obj/item/mecha_parts/mecha_equipment/ranged_weapon/ballistic/scattershot 
- Didn't return an Initialize hint
Path : /obj/item/gun/hydrogen/incinerator 
- Didn't return an Initialize hint
Path : /obj/item/stack/ore/osmium 
- Didn't return an Initialize hint
Path : /obj/item/stack/ore/diamond 
- Didn't return an Initialize hint
Path : /obj/item/device/defib_kit/jumper_kit/loaded 
- Didn't return an Initialize hint
- Slept during Initialize()
Path : /obj/item/reagent_containers/glass/beaker/vial/random/toxin 
- Didn't return an Initialize hint
Path : /obj/item/stack/ore/strangerock 
- Didn't return an Initialize hint
Path : /obj/item/stack/ore/hydrogen 
- Didn't return an Initialize hint
Path : /obj/item/device/defib_kit/compact/combat 
- Didn't return an Initialize hint
- Slept during Initialize()
Path : /obj/structure/lattice 
- Qdel'd in New()
Path : /obj/item/spacecash/bundle/c50 
- Qdel'd in New()
Path : /obj/item/mecha_parts/mecha_equipment/ranged_weapon/ballistic/hmg 
- Didn't return an Initialize hint
Path : /obj/item/mecha_parts/mecha_equipment/ranged_weapon/ballistic/flak 
- Didn't return an Initialize hint
Path : /obj/item/mecha_parts/mecha_equipment/ranged_weapon/ballistic/cannon/military 
- Didn't return an Initialize hint
Path : /obj/item/mecha_parts/mecha_equipment/ranged_weapon/ballistic/ultracannon 
- Didn't return an Initialize hint
Path : /obj/item/mecha_parts/mecha_equipment/ranged_weapon/ballistic/missile_rack/flare 
- Didn't return an Initialize hint
Path : /obj/item/device/defib_kit/compact 
- Didn't return an Initialize hint
- Slept during Initialize()
Path : /obj/item/gun/hydrogen 
- Didn't return an Initialize hint
Path : /obj/item/gun/hydrogen/pistol 
- Didn't return an Initialize hint
Path : /obj/item/gun/hydrogen/cannon 
- Didn't return an Initialize hint
Path : /obj/item/tool/plasma_torch 
- Didn't return an Initialize hint
Path : /obj/item/gun/hydrogen/plasma_torch 
- Didn't return an Initialize hint
Path : /obj/item/rig_module/grappler 
- Didn't return an Initialize hint
Path : /obj/item/device/geiger 
- Didn't return an Initialize hint
Path : /obj/item/mecha_parts/mecha_equipment/ranged_weapon/ballistic/flak/loaded 
- Didn't return an Initialize hint
Path : /obj/item/gun/energy/laser/railgun/railrifle 
- Didn't return an Initialize hint
Path : /obj/item/gun/energy/laser/railgun/gauss 
- Didn't return an Initialize hint
Path : /obj/item/reagent_containers/food/snacks/wishsoup 
- Slept during Initialize()
Path : /atom/movable/lighting_overlay 
- Didn't call atom/Initialize()
Path : /mob/living/carbon/superior_animal/psi_monster/mind_gazer 
- Didn't return an Initialize hint
Path : /mob/living/carbon/superior_animal/psi_monster/cerebral_crusher 
- Didn't return an Initialize hint
Path : /mob/living/carbon/superior_animal/psi_monster/wasonce/crimson_jelly 
- Didn't return an Initialize hint
Path : /mob/living/carbon/superior_animal/psi_monster/hovering_nightmare 
- Didn't return an Initialize hint
Path : /mob/living/carbon/superior_animal/psi_monster/memory 
- Didn't return an Initialize hint
Path : /mob/living/carbon/superior_animal/psi_monster/thought_melter 
- Didn't return an Initialize hint
Path : /mob/living/carbon/superior_animal/psi_monster/flesh_tower 
- Didn't return an Initialize hint
Path : /mob/living/carbon/superior_animal/psi_monster/licker 
- Didn't return an Initialize hint
Path : /mob/living/carbon/superior_animal/psi_monster/ponderous 
- Didn't return an Initialize hint
Path : /mob/living/carbon/superior_animal/psi_monster/memory_eater 
- Didn't return an Initialize hint
Path : /mob/living/carbon/superior_animal/psi_monster/pus_maggot 
- Didn't return an Initialize hint
Path : /mob/living/carbon/superior_animal/psi_monster 
- Didn't return an Initialize hint
Path : /mob/living/carbon/superior_animal/psi_monster/pus_maggot/ash_wendigo 
- Didn't return an Initialize hint
Path : /mob/living/carbon/superior_animal/psi_monster/dreaming_king 
- Didn't return an Initialize hint
Path : /mob/living/carbon/superior_animal/psi_monster/flesh_behemoth 
- Didn't return an Initialize hint
Path : /obj/item/mecha_parts/mecha_equipment/ranged_weapon/ballistic/missile_rack/explosive 
- Didn't return an Initialize hint
Path : /mob/living/carbon/superior_animal/psi_monster/dreaming_king/hound_crown 
- Didn't return an Initialize hint
Path : /obj/item/mecha_parts/mecha_equipment/ranged_weapon/ballistic/hmg/loaded 
- Didn't return an Initialize hint
Path : /obj/effect/trail_particle/ion_trails 
- Didn't call atom/Initialize()
- Didn't return an Initialize hint

Path : /mob/dview 
- Didn't call atom/Initialize()
Path : /mob/living/simple_animal/hostile/mimic 
- Didn't call atom/Initialize()
- Didn't return an Initialize hint
Path : /mob/living/simple_animal/jungle_bird 
- Didn't call atom/Initialize()
- Didn't return an Initialize hint
Path : /mob/living/carbon/superior_animal/human/voidwolf/elite/laserak 
- Didn't return an Initialize hint
Path : /mob/living/carbon/superior_animal/human/voidwolf/elite/c20r 
- Didn't return an Initialize hint
Path : /mob/living/carbon/superior_animal/human/voidwolf/elite/myrmidon 
- Didn't return an Initialize hint
Path : /mob/living/silicon/decoy 
- Didn't call atom/Initialize()
Path : /obj/item/device/defib_kit/loaded 
- Didn't return an Initialize hint
- Slept during Initialize()
Path : /obj/machinery/artifact_harvester 
- Didn't return an Initialize hint
Path : /obj/item/stack/ore/osmium 
- Didn't return an Initialize hint
Path : /obj/item/stack/ore/iron 
- Didn't return an Initialize hint
Path : /obj/item/stack/ore/silver 
- Didn't return an Initialize hint
Path : /obj/item/stack/ore/glass 
- Didn't return an Initialize hint
Path : /obj/item/stack/ore/coal 
- Didn't return an Initialize hint
Path : /obj/effect/damagedfloor/rust 
- Didn't call atom/Initialize()
- Didn't return an Initialize hint
Path : /obj/item/mecha_parts/mecha_equipment/ranged_weapon/ballistic/missile_rack/flashbang 
- Didn't return an Initialize hint
Path : /obj/item/mecha_parts/mecha_equipment/ranged_weapon/ballistic/cannon 
- Didn't return an Initialize hint
Path : /obj/item/device/defib_kit/compact/combat/adv/loaded/cbo 
- Didn't return an Initialize hint
- Slept during Initialize()
Path : /obj/structure/closet/secure_closet/reinforced/CMO 
- Slept during Initialize()
Path : /obj/item/reagent_containers/glass/beaker/vial/random 
- Didn't return an Initialize hint
Path : /obj/item/tool/hydrogen_sword 
- Didn't return an Initialize hint
Path : /obj/item/stack/ore/gold 
- Didn't return an Initialize hint
Path : /obj/structure/sign/genetics 
- Didn't call atom/Initialize()
- Didn't return an Initialize hint
Path : /obj/item/stack/ore 
- Didn't return an Initialize hint
Path : /obj/item/device/defib_kit/compact/combat/adv/loaded 
- Didn't return an Initialize hint
- Slept during Initialize()
Path : /obj/machinery/repair_station 
- Didn't return an Initialize hint
Path : /obj/machinery/power/hydrogen_gen 
- Didn't return an Initialize hint
Path : /obj/item/gun/flamethrower 
- Didn't return an Initialize hint
Path : /obj/effect/damagedfloor/fire 
- Didn't call atom/Initialize()
- Didn't return an Initialize hint
- Qdel'd in New()
Path : /obj/item/stack/ore/slag 
- Didn't return an Initialize hint
Path : /obj/machinery/surveillance_pod 
- Didn't return an Initialize hint
Path : /obj/item/device/defib_kit 
- Didn't return an Initialize hint
- Slept during Initialize()
Path : /obj/item/clothing/accessory/work_visa_sol 
- Didn't call atom/Initialize()
- Didn't return an Initialize hint
Path : /obj/item/clothing/accessory/holster/saber/militiasergeant/occupied 
- Didn't call atom/Initialize()
- Didn't return an Initialize hint
Path : /obj/item/stack/ore/plasma 
- Didn't return an Initialize hint
Path : /obj/item/device/defib_kit/compact/combat/loaded 
- Didn't return an Initialize hint
- Slept during Initialize()
Path : /obj/item/mecha_parts/mecha_equipment/ranged_weapon/ballistic/ultracannon/loaded 
- Didn't return an Initialize hint
Path : /obj/item/mecha_parts/mecha_equipment/ranged_weapon/ballistic/scattershot/loaded 
- Didn't return an Initialize hint
Path : /obj/item/mecha_parts/mecha_equipment/ranged_weapon/ballistic/cannon/military 
- Didn't return an Initialize hint
Path : /obj/item/reagent_containers/glass/beaker/vial/random/toxin 
- Didn't return an Initialize hint
Path : /obj/item/stack/ore/uranium 
- Didn't return an Initialize hint
Path : /obj/item/stack/ore/diamond 
- Didn't return an Initialize hint
Path : /obj/item/device/defib_kit/jumper_kit/loaded 
- Didn't return an Initialize hint
- Slept during Initialize()
Path : /obj/item/gun/hydrogen/incinerator 
- Didn't return an Initialize hint
Path : /obj/item/stack/ore/strangerock 
- Didn't return an Initialize hint
Path : /obj/item/stack/ore/hydrogen 
- Didn't return an Initialize hint
Path : /obj/item/device/defib_kit/compact/combat 
- Didn't return an Initialize hint
- Slept during Initialize()
Path : /obj/structure/lattice 
- Qdel'd in New()
Path : /obj/item/mecha_parts/mecha_equipment/ranged_weapon/ballistic/hmg 
- Didn't return an Initialize hint
Path : /obj/item/mecha_parts/mecha_equipment/ranged_weapon/ballistic/flak 
- Didn't return an Initialize hint
Path : /obj/item/mecha_parts/mecha_equipment/ranged_weapon/ballistic/ultracannon 
- Didn't return an Initialize hint
Path : /obj/item/mecha_parts/mecha_equipment/ranged_weapon/ballistic/scattershot 
- Didn't return an Initialize hint
Path : /obj/item/mecha_parts/mecha_equipment/ranged_weapon/ballistic/missile_rack/flare 
- Didn't return an Initialize hint
Path : /obj/item/device/defib_kit/compact 
- Didn't return an Initialize hint
- Slept during Initialize()
Path : /obj/item/gun/hydrogen 
- Didn't return an Initialize hint
Path : /obj/item/gun/hydrogen/pistol 
- Didn't return an Initialize hint
Path : /obj/item/gun/hydrogen/cannon 
- Didn't return an Initialize hint
Path : /obj/item/tool/plasma_torch 
- Didn't return an Initialize hint
Path : /obj/item/gun/hydrogen/plasma_torch 
- Didn't return an Initialize hint
Path : /obj/item/rig_module/grappler 
- Didn't return an Initialize hint
Path : /obj/item/device/geiger 
- Didn't return an Initialize hint
Path : /obj/item/mecha_parts/mecha_equipment/ranged_weapon/ballistic/flak/loaded 
- Didn't return an Initialize hint
Path : /obj/item/gun/energy/laser/railgun/railrifle 
- Didn't return an Initialize hint
Path : /obj/item/gun/energy/laser/railgun/gauss 
- Didn't return an Initialize hint
Path : /obj/item/reagent_containers/food/snacks/wishsoup 
- Slept during Initialize()
Path : /atom/movable/lighting_overlay 
- Didn't call atom/Initialize()
Path : /mob/living/carbon/superior_animal/psi_monster/cerebral_crusher 
- Didn't return an Initialize hint
Path : /mob/living/carbon/superior_animal/psi_monster/memory_eater 
- Didn't return an Initialize hint
Path : /mob/living/carbon/superior_animal/psi_monster/memory 
- Didn't return an Initialize hint
Path : /mob/living/carbon/superior_animal/psi_monster/thought_melter 
- Didn't return an Initialize hint
Path : /mob/living/carbon/superior_animal/psi_monster/ponderous 
- Didn't return an Initialize hint
Path : /mob/living/carbon/superior_animal/psi_monster/flesh_tower 
- Didn't return an Initialize hint
Path : /mob/living/carbon/superior_animal/psi_monster 
- Didn't return an Initialize hint
Path : /mob/living/carbon/superior_animal/psi_monster/hovering_nightmare 
- Didn't return an Initialize hint
Path : /mob/living/carbon/superior_animal/psi_monster/dreaming_king 
- Didn't return an Initialize hint
Path : /mob/living/carbon/superior_animal/psi_monster/pus_maggot 
- Didn't return an Initialize hint
Path : /mob/living/carbon/superior_animal/psi_monster/pus_maggot/ash_wendigo 
- Didn't return an Initialize hint
Path : /mob/living/carbon/superior_animal/psi_monster/licker 
- Didn't return an Initialize hint
Path : /mob/living/carbon/superior_animal/psi_monster/dreaming_king/hound_crown 
- Didn't return an Initialize hint
Path : /mob/living/carbon/superior_animal/psi_monster/mind_gazer 
- Didn't return an Initialize hint
Path : /mob/living/carbon/superior_animal/psi_monster/flesh_behemoth 
- Didn't return an Initialize hint
Path : /mob/living/carbon/superior_animal/psi_monster/wasonce/crimson_jelly 
- Didn't return an Initialize hint
Path : /obj/item/mecha_parts/mecha_equipment/ranged_weapon/ballistic/hmg/loaded 
- Didn't return an Initialize hint
Path : /obj/effect/trail_particle/ion_trails 
- Didn't call atom/Initialize()
- Didn't return an Initialize hint

Path : /mob/dview 
- Didn't call atom/Initialize()
Path : /mob/living/simple_animal/hostile/mimic 
- Didn't call atom/Initialize()
- Didn't return an Initialize hint
Path : /mob/living/simple_animal/jungle_bird 
- Didn't call atom/Initialize()
- Didn't return an Initialize hint
Path : /mob/living/carbon/superior_animal/human/voidwolf/elite/laserak 
- Didn't return an Initialize hint
Path : /mob/living/carbon/superior_animal/human/voidwolf/elite/c20r 
- Didn't return an Initialize hint
Path : /mob/living/carbon/superior_animal/human/voidwolf/elite/myrmidon 
- Didn't return an Initialize hint
Path : /mob/living/silicon/decoy 
- Didn't call atom/Initialize()
Path : /obj/item/device/defib_kit/loaded 
- Didn't return an Initialize hint
- Slept during Initialize()
Path : /obj/machinery/artifact_harvester 
- Didn't return an Initialize hint
Path : /obj/item/stack/ore/glass 
- Didn't return an Initialize hint
Path : /obj/item/stack/ore/iron 
- Didn't return an Initialize hint
Path : /obj/item/stack/ore/gold 
- Didn't return an Initialize hint
Path : /obj/item/stack/ore/silver 
- Didn't return an Initialize hint
Path : /obj/item/mecha_parts/mecha_equipment/ranged_weapon/ballistic/ultracannon 
- Didn't return an Initialize hint
Path : /obj/item/mecha_parts/mecha_equipment/ranged_weapon/ballistic/hmg 
- Didn't return an Initialize hint
Path : /obj/effect/damagedfloor/rust 
- Didn't call atom/Initialize()
- Didn't return an Initialize hint
Path : /obj/item/mecha_parts/mecha_equipment/ranged_weapon/ballistic/missile_rack/flashbang 
- Didn't return an Initialize hint
Path : /obj/item/mecha_parts/mecha_equipment/ranged_weapon/ballistic/cannon 
- Didn't return an Initialize hint
Path : /obj/item/device/defib_kit/compact/combat/adv/loaded/cbo 
- Didn't return an Initialize hint
- Slept during Initialize()
Path : /obj/structure/closet/secure_closet/reinforced/CMO 
- Slept during Initialize()
Path : /obj/item/reagent_containers/glass/beaker/vial/random 
- Didn't return an Initialize hint
Path : /obj/item/tool/hydrogen_sword 
- Didn't return an Initialize hint
Path : /obj/structure/sign/genetics 
- Didn't call atom/Initialize()
- Didn't return an Initialize hint
Path : /obj/item/clothing/accessory/work_visa_sol 
- Didn't call atom/Initialize()
- Didn't return an Initialize hint
Path : /obj/item/stack/ore 
- Didn't return an Initialize hint
Path : /obj/item/device/defib_kit/compact/combat/adv/loaded 
- Didn't return an Initialize hint
- Slept during Initialize()
Path : /obj/machinery/repair_station 
- Didn't return an Initialize hint
Path : /obj/machinery/power/hydrogen_gen 
- Didn't return an Initialize hint
Path : /obj/item/gun/flamethrower 
- Didn't return an Initialize hint
Path : /obj/effect/damagedfloor/fire 
- Didn't call atom/Initialize()
- Didn't return an Initialize hint
- Qdel'd in New()
Path : /obj/item/stack/ore/slag 
- Didn't return an Initialize hint
Path : /obj/item/gun/energy/laser/railgun/railrifle 
- Didn't return an Initialize hint
Path : /obj/machinery/surveillance_pod 
- Didn't return an Initialize hint
Path : /obj/item/device/defib_kit 
- Didn't return an Initialize hint
- Slept during Initialize()
Path : /obj/item/clothing/accessory/holster/saber/militiasergeant/occupied 
- Didn't call atom/Initialize()
- Didn't return an Initialize hint
Path : /obj/item/stack/ore/plasma 
- Didn't return an Initialize hint
Path : /obj/item/device/defib_kit/compact/combat/loaded 
- Didn't return an Initialize hint
- Slept during Initialize()
Path : /obj/item/mecha_parts/mecha_equipment/ranged_weapon/ballistic/ultracannon/loaded 
- Didn't return an Initialize hint
Path : /obj/item/mecha_parts/mecha_equipment/ranged_weapon/ballistic/scattershot/loaded 
- Didn't return an Initialize hint
Path : /obj/item/stack/ore/uranium 
- Didn't return an Initialize hint
Path : /obj/item/mecha_parts/mecha_equipment/ranged_weapon/ballistic/missile_rack/flare 
- Didn't return an Initialize hint
Path : /obj/item/stack/ore/coal 
- Didn't return an Initialize hint
Path : /obj/item/stack/ore/diamond 
- Didn't return an Initialize hint
Path : /obj/item/stack/ore/osmium 
- Didn't return an Initialize hint
Path : /obj/item/device/defib_kit/jumper_kit/loaded 
- Didn't return an Initialize hint
- Slept during Initialize()
Path : /obj/item/reagent_containers/glass/beaker/vial/random/toxin 
- Didn't return an Initialize hint
Path : /obj/item/stack/ore/strangerock 
- Didn't return an Initialize hint
Path : /obj/item/stack/ore/hydrogen 
- Didn't return an Initialize hint
Path : /obj/item/gun/hydrogen/incinerator 
- Didn't return an Initialize hint
Path : /obj/item/device/defib_kit/compact/combat 
- Didn't return an Initialize hint
- Slept during Initialize()
Path : /obj/structure/lattice 
- Qdel'd in New()
Path : /obj/item/mecha_parts/mecha_equipment/ranged_weapon/ballistic/flak 
- Didn't return an Initialize hint
Path : /obj/item/mecha_parts/mecha_equipment/ranged_weapon/ballistic/cannon/military 
- Didn't return an Initialize hint
Path : /obj/item/mecha_parts/mecha_equipment/ranged_weapon/ballistic/scattershot 
- Didn't return an Initialize hint
Path : /obj/item/device/defib_kit/compact 
- Didn't return an Initialize hint
- Slept during Initialize()
Path : /obj/item/gun/hydrogen 
- Didn't return an Initialize hint
Path : /obj/item/gun/hydrogen/pistol 
- Didn't return an Initialize hint
Path : /obj/item/gun/hydrogen/cannon 
- Didn't return an Initialize hint
Path : /obj/item/tool/plasma_torch 
- Didn't return an Initialize hint
Path : /obj/item/gun/hydrogen/plasma_torch 
- Didn't return an Initialize hint
Path : /obj/item/rig_module/grappler 
- Didn't return an Initialize hint
Path : /obj/item/device/geiger 
- Didn't return an Initialize hint
Path : /obj/item/mecha_parts/mecha_equipment/ranged_weapon/ballistic/flak/loaded 
- Didn't return an Initialize hint
Path : /obj/item/gun/energy/laser/railgun/gauss 
- Didn't return an Initialize hint
Path : /atom/movable/lighting_overlay 
- Didn't call atom/Initialize()
Path : /mob/living/carbon/superior_animal/psi_monster/ponderous 
- Didn't return an Initialize hint
Path : /mob/living/carbon/superior_animal/psi_monster 
- Didn't return an Initialize hint
Path : /mob/living/carbon/superior_animal/psi_monster/memory_eater 
- Didn't return an Initialize hint
Path : /mob/living/carbon/superior_animal/psi_monster/memory 
- Didn't return an Initialize hint
Path : /mob/living/carbon/superior_animal/psi_monster/thought_melter 
- Didn't return an Initialize hint
Path : /mob/living/carbon/superior_animal/psi_monster/licker 
- Didn't return an Initialize hint
Path : /mob/living/carbon/superior_animal/psi_monster/mind_gazer 
- Didn't return an Initialize hint
Path : /mob/living/carbon/superior_animal/psi_monster/flesh_tower 
- Didn't return an Initialize hint
Path : /mob/living/carbon/superior_animal/psi_monster/hovering_nightmare 
- Didn't return an Initialize hint
Path : /mob/living/carbon/superior_animal/psi_monster/cerebral_crusher 
- Didn't return an Initialize hint
Path : /mob/living/carbon/superior_animal/psi_monster/pus_maggot/ash_wendigo 
- Didn't return an Initialize hint
Path : /mob/living/carbon/superior_animal/psi_monster/dreaming_king/hound_crown 
- Didn't return an Initialize hint
Path : /mob/living/carbon/superior_animal/psi_monster/pus_maggot 
- Didn't return an Initialize hint
Path : /mob/living/carbon/superior_animal/psi_monster/flesh_behemoth 
- Didn't return an Initialize hint
Path : /mob/living/carbon/superior_animal/psi_monster/wasonce/crimson_jelly 
- Didn't return an Initialize hint
Path : /mob/living/carbon/superior_animal/psi_monster/dreaming_king 
- Didn't return an Initialize hint
Path : /obj/effect/trail_particle/ion_trails 
- Didn't call atom/Initialize()
- Didn't return an Initialize hint

Path : /mob/dview 
- Didn't call atom/Initialize()
Path : /mob/living/simple_animal/hostile/mimic 
- Didn't call atom/Initialize()
- Didn't return an Initialize hint
Path : /mob/living/simple_animal/jungle_bird 
- Didn't call atom/Initialize()
- Didn't return an Initialize hint
Path : /mob/living/carbon/superior_animal/human/voidwolf/elite/laserak 
- Didn't return an Initialize hint
Path : /mob/living/carbon/superior_animal/human/voidwolf/elite/c20r 
- Didn't return an Initialize hint
Path : /mob/living/carbon/superior_animal/human/voidwolf/elite/myrmidon 
- Didn't return an Initialize hint
Path : /mob/living/silicon/decoy 
- Didn't call atom/Initialize()
Path : /obj/item/device/defib_kit/loaded 
- Didn't return an Initialize hint
- Slept during Initialize()
Path : /obj/machinery/artifact_harvester 
- Didn't return an Initialize hint
Path : /obj/item/stack/ore/osmium 
- Didn't return an Initialize hint
Path : /obj/item/stack/ore/silver 
- Didn't return an Initialize hint
Path : /obj/item/stack/ore/plasma 
- Didn't return an Initialize hint
Path : /obj/item/stack/ore/glass 
- Didn't return an Initialize hint
Path : /obj/item/stack/ore/iron 
- Didn't return an Initialize hint
Path : /obj/effect/damagedfloor/rust 
- Didn't call atom/Initialize()
- Didn't return an Initialize hint
Path : /obj/item/mecha_parts/mecha_equipment/ranged_weapon/ballistic/missile_rack/flashbang 
- Didn't return an Initialize hint
Path : /obj/item/mecha_parts/mecha_equipment/ranged_weapon/ballistic/cannon 
- Didn't return an Initialize hint
Path : /obj/item/device/defib_kit/compact/combat/adv/loaded/cbo 
- Didn't return an Initialize hint
- Slept during Initialize()
Path : /obj/structure/closet/secure_closet/reinforced/CMO 
- Slept during Initialize()
Path : /obj/item/reagent_containers/glass/beaker/vial/random 
- Didn't return an Initialize hint
Path : /obj/item/mecha_parts/mecha_equipment/ranged_weapon/ballistic/missile_rack/explosive 
- Didn't return an Initialize hint
Path : /obj/item/clothing/accessory/work_visa_sol 
- Didn't call atom/Initialize()
- Didn't return an Initialize hint
Path : /obj/item/tool/hydrogen_sword 
- Didn't return an Initialize hint
Path : /obj/item/stack/ore/gold 
- Didn't return an Initialize hint
Path : /obj/item/stack/ore/coal 
- Didn't return an Initialize hint
Path : /obj/structure/sign/genetics 
- Didn't call atom/Initialize()
- Didn't return an Initialize hint
Path : /obj/item/stack/ore 
- Didn't return an Initialize hint
Path : /obj/item/device/defib_kit/compact/combat/adv/loaded 
- Didn't return an Initialize hint
- Slept during Initialize()
Path : /obj/machinery/repair_station 
- Didn't return an Initialize hint
Path : /obj/machinery/power/hydrogen_gen 
- Didn't return an Initialize hint
Path : /obj/item/gun/flamethrower 
- Didn't return an Initialize hint
Path : /obj/effect/damagedfloor/fire 
- Didn't call atom/Initialize()
- Didn't return an Initialize hint
Path : /obj/item/stack/ore/slag 
- Didn't return an Initialize hint
Path : /obj/machinery/surveillance_pod 
- Didn't return an Initialize hint
Path : /obj/item/device/defib_kit 
- Didn't return an Initialize hint
- Slept during Initialize()
Path : /obj/item/clothing/accessory/holster/saber/militiasergeant/occupied 
- Didn't call atom/Initialize()
- Didn't return an Initialize hint
Path : /obj/item/device/defib_kit/compact/combat/loaded 
- Didn't return an Initialize hint
- Slept during Initialize()
Path : /obj/item/mecha_parts/mecha_equipment/ranged_weapon/ballistic/ultracannon/loaded 
- Didn't return an Initialize hint
Path : /obj/item/mecha_parts/mecha_equipment/ranged_weapon/ballistic/scattershot/loaded 
- Didn't return an Initialize hint
Path : /obj/item/mecha_parts/mecha_equipment/ranged_weapon/ballistic/scattershot 
- Didn't return an Initialize hint
Path : /obj/item/reagent_containers/glass/beaker/vial/random/toxin 
- Didn't return an Initialize hint
Path : /obj/item/stack/ore/uranium 
- Didn't return an Initialize hint
Path : /obj/item/stack/ore/diamond 
- Didn't return an Initialize hint
Path : /obj/item/device/defib_kit/jumper_kit/loaded 
- Didn't return an Initialize hint
- Slept during Initialize()
Path : /obj/item/stack/ore/strangerock 
- Didn't return an Initialize hint
Path : /obj/item/stack/ore/hydrogen 
- Didn't return an Initialize hint
Path : /obj/item/device/defib_kit/compact/combat 
- Didn't return an Initialize hint
- Slept during Initialize()
Path : /obj/structure/lattice 
- Qdel'd in New()
Path : /obj/item/mecha_parts/mecha_equipment/ranged_weapon/ballistic/hmg 
- Didn't return an Initialize hint
Path : /obj/item/mecha_parts/mecha_equipment/ranged_weapon/ballistic/flak 
- Didn't return an Initialize hint
Path : /obj/item/mecha_parts/mecha_equipment/ranged_weapon/ballistic/cannon/military 
- Didn't return an Initialize hint
Path : /obj/item/mecha_parts/mecha_equipment/ranged_weapon/ballistic/ultracannon 
- Didn't return an Initialize hint
Path : /obj/item/mecha_parts/mecha_equipment/ranged_weapon/ballistic/missile_rack/flare 
- Didn't return an Initialize hint
Path : /obj/item/device/defib_kit/compact 
- Didn't return an Initialize hint
- Slept during Initialize()
Path : /obj/item/gun/hydrogen 
- Didn't return an Initialize hint
Path : /obj/item/gun/hydrogen/pistol 
- Didn't return an Initialize hint
Path : /obj/item/gun/hydrogen/cannon 
- Didn't return an Initialize hint
Path : /obj/item/tool/plasma_torch 
- Didn't return an Initialize hint
Path : /obj/item/gun/hydrogen/plasma_torch 
- Didn't return an Initialize hint
Path : /obj/item/rig_module/grappler 
- Didn't return an Initialize hint
Path : /obj/item/device/geiger 
- Didn't return an Initialize hint
Path : /obj/item/mecha_parts/mecha_equipment/ranged_weapon/ballistic/flak/loaded 
- Didn't return an Initialize hint
Path : /obj/item/gun/energy/laser/railgun/railrifle 
- Didn't return an Initialize hint
Path : /obj/item/gun/energy/laser/railgun/gauss 
- Didn't return an Initialize hint
Path : /atom/movable/lighting_overlay 
- Didn't call atom/Initialize()
Path : /mob/living/carbon/superior_animal/psi_monster/licker 
- Didn't return an Initialize hint
Path : /mob/living/carbon/superior_animal/psi_monster/thought_melter 
- Didn't return an Initialize hint
Path : /mob/living/carbon/superior_animal/psi_monster 
- Didn't return an Initialize hint
Path : /mob/living/carbon/superior_animal/psi_monster/memory_eater 
- Didn't return an Initialize hint
Path : /mob/living/carbon/superior_animal/psi_monster/memory 
- Didn't return an Initialize hint
Path : /mob/living/carbon/superior_animal/psi_monster/ponderous 
- Didn't return an Initialize hint
Path : /mob/living/carbon/superior_animal/psi_monster/hovering_nightmare 
- Didn't return an Initialize hint
Path : /mob/living/carbon/superior_animal/psi_monster/flesh_tower 
- Didn't return an Initialize hint
Path : /mob/living/carbon/superior_animal/psi_monster/cerebral_crusher 
- Didn't return an Initialize hint
Path : /mob/living/carbon/superior_animal/psi_monster/pus_maggot 
- Didn't return an Initialize hint
Path : /mob/living/carbon/superior_animal/psi_monster/pus_maggot/ash_wendigo 
- Didn't return an Initialize hint
Path : /mob/living/carbon/superior_animal/psi_monster/dreaming_king 
- Didn't return an Initialize hint
Path : /mob/living/carbon/superior_animal/psi_monster/mind_gazer 
- Didn't return an Initialize hint
Path : /mob/living/carbon/superior_animal/psi_monster/dreaming_king/hound_crown 
- Didn't return an Initialize hint
Path : /mob/living/carbon/superior_animal/psi_monster/wasonce/crimson_jelly 
- Didn't return an Initialize hint
Path : /mob/living/carbon/superior_animal/psi_monster/flesh_behemoth 
- Didn't return an Initialize hint
Path : /obj/effect/trail_particle/ion_trails 
- Didn't call atom/Initialize()
- Didn't return an Initialize hint

Path : /mob/dview 
- Didn't call atom/Initialize()
Path : /mob/living/simple_animal/hostile/mimic 
- Didn't call atom/Initialize()
- Didn't return an Initialize hint
Path : /mob/living/simple_animal/jungle_bird 
- Didn't call atom/Initialize()
- Didn't return an Initialize hint
Path : /mob/living/carbon/superior_animal/human/voidwolf/elite/laserak 
- Didn't return an Initialize hint
Path : /mob/living/carbon/superior_animal/human/voidwolf/elite/c20r 
- Didn't return an Initialize hint
Path : /mob/living/carbon/superior_animal/human/voidwolf/elite/myrmidon 
- Didn't return an Initialize hint
Path : /mob/living/silicon/decoy 
- Didn't call atom/Initialize()
Path : /obj/item/device/defib_kit/loaded 
- Didn't return an Initialize hint
- Slept during Initialize()
Path : /obj/machinery/artifact_harvester 
- Didn't return an Initialize hint
Path : /obj/item/reagent_containers/glass/beaker/vial/random/toxin 
- Didn't return an Initialize hint
Path : /obj/item/reagent_containers/glass/beaker/vial/random 
- Didn't return an Initialize hint
Path : /obj/item/stack/ore/silver 
- Didn't return an Initialize hint
Path : /obj/item/stack/ore/glass 
- Didn't return an Initialize hint
Path : /obj/item/stack/ore/gold 
- Didn't return an Initialize hint
Path : /obj/item/stack/ore/iron 
- Didn't return an Initialize hint
Path : /obj/item/stack/ore/plasma 
- Didn't return an Initialize hint
Path : /obj/item/stack/ore/diamond 
- Didn't return an Initialize hint
Path : /obj/item/mecha_parts/mecha_equipment/ranged_weapon/ballistic/missile_rack/flare 
- Didn't return an Initialize hint
Path : /obj/effect/damagedfloor/rust 
- Didn't call atom/Initialize()
- Didn't return an Initialize hint
Path : /obj/machinery/atmospherics/pipe/simple/hidden/scrubbers 
- Qdel'd in New()
Path : /obj/machinery/atmospherics/pipe/simple/hidden/supply 
- Qdel'd in New()
Path : /obj/item/mecha_parts/mecha_equipment/ranged_weapon/ballistic/missile_rack/flashbang 
- Didn't return an Initialize hint
Path : /obj/item/mecha_parts/mecha_equipment/ranged_weapon/ballistic/cannon 
- Didn't return an Initialize hint
Path : /obj/item/device/defib_kit/compact/combat/adv/loaded/cbo 
- Didn't return an Initialize hint
- Slept during Initialize()
Path : /obj/structure/closet/secure_closet/reinforced/CMO 
- Slept during Initialize()
Path : /obj/item/tool/hydrogen_sword 
- Didn't return an Initialize hint
Path : /obj/item/stack/ore/coal 
- Didn't return an Initialize hint
Path : /obj/structure/sign/genetics 
- Didn't call atom/Initialize()
- Didn't return an Initialize hint
Path : /obj/item/stack/ore 
- Didn't return an Initialize hint
Path : /obj/item/device/defib_kit/compact/combat/adv/loaded 
- Didn't return an Initialize hint
- Slept during Initialize()
Path : /obj/machinery/repair_station 
- Didn't return an Initialize hint
Path : /obj/machinery/power/hydrogen_gen 
- Didn't return an Initialize hint
Path : /obj/item/gun/flamethrower 
- Didn't return an Initialize hint
Path : /obj/effect/damagedfloor/fire 
- Didn't call atom/Initialize()
- Didn't return an Initialize hint
Path : /obj/item/stack/ore/slag 
- Didn't return an Initialize hint
Path : /obj/machinery/surveillance_pod 
- Didn't return an Initialize hint
Path : /obj/item/device/defib_kit 
- Didn't return an Initialize hint
- Slept during Initialize()
Path : /obj/item/clothing/accessory/work_visa_sol 
- Didn't call atom/Initialize()
- Didn't return an Initialize hint
Path : /obj/item/clothing/accessory/holster/saber/militiasergeant/occupied 
- Didn't call atom/Initialize()
- Didn't return an Initialize hint
Path : /obj/item/device/defib_kit/compact/combat/loaded 
- Didn't return an Initialize hint
- Slept during Initialize()
Path : /obj/item/mecha_parts/mecha_equipment/ranged_weapon/ballistic/flak/loaded 
- Didn't return an Initialize hint
Path : /obj/item/mecha_parts/mecha_equipment/ranged_weapon/ballistic/hmg/loaded 
- Didn't return an Initialize hint
Path : /obj/item/mecha_parts/mecha_equipment/ranged_weapon/ballistic/ultracannon/loaded 
- Didn't return an Initialize hint
Path : /obj/item/mecha_parts/mecha_equipment/ranged_weapon/ballistic/scattershot/loaded 
- Didn't return an Initialize hint
Path : /obj/item/gun/hydrogen/incinerator 
- Didn't return an Initialize hint
Path : /obj/item/stack/ore/osmium 
- Didn't return an Initialize hint
Path : /obj/item/device/defib_kit/jumper_kit/loaded 
- Didn't return an Initialize hint
- Slept during Initialize()
Path : /obj/item/stack/ore/strangerock 
- Didn't return an Initialize hint
Path : /obj/item/stack/ore/hydrogen 
- Didn't return an Initialize hint
Path : /obj/item/device/defib_kit/compact/combat 
- Didn't return an Initialize hint
- Slept during Initialize()
Path : /obj/structure/lattice 
- Qdel'd in New()
Path : /obj/item/mecha_parts/mecha_equipment/ranged_weapon/ballistic/hmg 
- Didn't return an Initialize hint
Path : /obj/item/mecha_parts/mecha_equipment/ranged_weapon/ballistic/flak 
- Didn't return an Initialize hint
Path : /obj/item/mecha_parts/mecha_equipment/ranged_weapon/ballistic/cannon/military 
- Didn't return an Initialize hint
Path : /obj/item/mecha_parts/mecha_equipment/ranged_weapon/ballistic/ultracannon 
- Didn't return an Initialize hint
Path : /obj/item/mecha_parts/mecha_equipment/ranged_weapon/ballistic/scattershot 
- Didn't return an Initialize hint
Path : /obj/item/device/defib_kit/compact 
- Didn't return an Initialize hint
- Slept during Initialize()
Path : /obj/item/gun/hydrogen 
- Didn't return an Initialize hint
Path : /obj/item/gun/hydrogen/pistol 
- Didn't return an Initialize hint
Path : /obj/item/gun/hydrogen/cannon 
- Didn't return an Initialize hint
Path : /obj/item/tool/plasma_torch 
- Didn't return an Initialize hint
Path : /obj/item/gun/hydrogen/plasma_torch 
- Didn't return an Initialize hint
Path : /obj/item/rig_module/grappler 
- Didn't return an Initialize hint
Path : /obj/item/device/geiger 
- Didn't return an Initialize hint
Path : /obj/item/stack/ore/uranium 
- Didn't return an Initialize hint
Path : /obj/item/gun/energy/laser/railgun/railrifle 
- Didn't return an Initialize hint
Path : /obj/item/gun/energy/laser/railgun/gauss 
- Didn't return an Initialize hint
Path : /atom/movable/lighting_overlay 
- Didn't call atom/Initialize()
Path : /mob/living/carbon/superior_animal/psi_monster/memory_eater 
- Didn't return an Initialize hint
Path : /mob/living/carbon/superior_animal/psi_monster/licker 
- Didn't return an Initialize hint
Path : /mob/living/carbon/superior_animal/psi_monster/memory 
- Didn't return an Initialize hint
Path : /mob/living/carbon/superior_animal/psi_monster/dreaming_king 
- Didn't return an Initialize hint
Path : /mob/living/carbon/superior_animal/psi_monster 
- Didn't return an Initialize hint
Path : /mob/living/carbon/superior_animal/psi_monster/mind_gazer 
- Didn't return an Initialize hint
Path : /mob/living/carbon/superior_animal/psi_monster/thought_melter 
- Didn't return an Initialize hint
Path : /mob/living/carbon/superior_animal/psi_monster/flesh_tower 
- Didn't return an Initialize hint
Path : /mob/living/carbon/superior_animal/psi_monster/ponderous 
- Didn't return an Initialize hint
Path : /mob/living/carbon/superior_animal/psi_monster/pus_maggot/ash_wendigo 
- Didn't return an Initialize hint
Path : /mob/living/carbon/superior_animal/psi_monster/hovering_nightmare 
- Didn't return an Initialize hint
Path : /mob/living/carbon/superior_animal/psi_monster/cerebral_crusher 
- Didn't return an Initialize hint
Path : /mob/living/carbon/superior_animal/psi_monster/pus_maggot 
- Didn't return an Initialize hint
Path : /mob/living/carbon/superior_animal/psi_monster/flesh_behemoth 
- Didn't return an Initialize hint
Path : /mob/living/carbon/superior_animal/psi_monster/dreaming_king/hound_crown 
- Didn't return an Initialize hint
Path : /mob/living/carbon/superior_animal/psi_monster/wasonce/crimson_jelly 
- Didn't return an Initialize hint
Path : /obj/effect/trail_particle/ion_trails 
- Didn't call atom/Initialize()
- Didn't return an Initialize hint

Path : /mob/dview 
- Didn't call atom/Initialize()
Path : /mob/living/simple_animal/hostile/mimic 
- Didn't call atom/Initialize()
- Didn't return an Initialize hint
Path : /mob/living/simple_animal/jungle_bird 
- Didn't call atom/Initialize()
- Didn't return an Initialize hint
Path : /mob/living/carbon/superior_animal/human/voidwolf/elite/laserak 
- Didn't return an Initialize hint
Path : /mob/living/carbon/superior_animal/human/voidwolf/elite/c20r 
- Didn't return an Initialize hint
Path : /mob/living/carbon/superior_animal/human/voidwolf/elite/myrmidon 
- Didn't return an Initialize hint
Path : /mob/living/silicon/decoy 
- Didn't call atom/Initialize()
Path : /obj/item/device/defib_kit/loaded 
- Didn't return an Initialize hint
- Slept during Initialize()
Path : /obj/machinery/artifact_harvester 
- Didn't return an Initialize hint
Path : /obj/item/reagent_containers/glass/beaker/vial/random/toxin 
- Didn't return an Initialize hint
Path : /obj/item/stack/ore/silver 
- Didn't return an Initialize hint
Path : /obj/item/stack/ore/iron 
- Didn't return an Initialize hint
Path : /obj/item/stack/ore/gold 
- Didn't return an Initialize hint
Path : /obj/item/stack/ore/osmium 
- Didn't return an Initialize hint
Path : /obj/effect/damagedfloor/rust 
- Didn't call atom/Initialize()
- Didn't return an Initialize hint
Path : /obj/item/mecha_parts/mecha_equipment/ranged_weapon/ballistic/missile_rack/flashbang 
- Didn't return an Initialize hint
Path : /obj/item/mecha_parts/mecha_equipment/ranged_weapon/ballistic/cannon 
- Didn't return an Initialize hint
Path : /obj/item/device/defib_kit/compact/combat/adv/loaded/cbo 
- Didn't return an Initialize hint
- Slept during Initialize()
Path : /obj/structure/closet/secure_closet/reinforced/CMO 
- Slept during Initialize()
Path : /obj/item/reagent_containers/glass/beaker/vial/random 
- Didn't return an Initialize hint
Path : /obj/item/tool/hydrogen_sword 
- Didn't return an Initialize hint
Path : /obj/item/stack/ore/plasma 
- Didn't return an Initialize hint
Path : /obj/item/stack/ore/coal 
- Didn't return an Initialize hint
Path : /obj/structure/sign/genetics 
- Didn't call atom/Initialize()
- Didn't return an Initialize hint
Path : /obj/item/stack/ore 
- Didn't return an Initialize hint
Path : /obj/item/device/defib_kit/compact/combat/adv/loaded 
- Didn't return an Initialize hint
- Slept during Initialize()
Path : /obj/machinery/repair_station 
- Didn't return an Initialize hint
Path : /obj/machinery/power/hydrogen_gen 
- Didn't return an Initialize hint
Path : /obj/item/gun/flamethrower 
- Didn't return an Initialize hint
Path : /obj/effect/damagedfloor/fire 
- Didn't call atom/Initialize()
- Didn't return an Initialize hint
Path : /obj/item/stack/ore/slag 
- Didn't return an Initialize hint
Path : /obj/machinery/surveillance_pod 
- Didn't return an Initialize hint
Path : /obj/item/device/defib_kit 
- Didn't return an Initialize hint
- Slept during Initialize()
Path : /obj/item/clothing/accessory/work_visa_sol 
- Didn't call atom/Initialize()
- Didn't return an Initialize hint
Path : /obj/item/clothing/accessory/holster/saber/militiasergeant/occupied 
- Didn't call atom/Initialize()
- Didn't return an Initialize hint
Path : /obj/item/stack/ore/glass 
- Didn't return an Initialize hint
Path : /obj/item/device/defib_kit/compact/combat/loaded 
- Didn't return an Initialize hint
- Slept during Initialize()
Path : /obj/item/mecha_parts/mecha_equipment/ranged_weapon/ballistic/ultracannon/loaded 
- Didn't return an Initialize hint
Path : /obj/item/mecha_parts/mecha_equipment/ranged_weapon/ballistic/scattershot/loaded 
- Didn't return an Initialize hint
Path : /obj/item/stack/ore/uranium 
- Didn't return an Initialize hint
Path : /obj/item/device/defib_kit/jumper_kit/loaded 
- Didn't return an Initialize hint
- Slept during Initialize()
Path : /obj/item/stack/ore/strangerock 
- Didn't return an Initialize hint
Path : /obj/item/stack/ore/hydrogen 
- Didn't return an Initialize hint
Path : /obj/item/stack/ore/diamond 
- Didn't return an Initialize hint
Path : /obj/item/gun/hydrogen/incinerator 
- Didn't return an Initialize hint
Path : /obj/item/mecha_parts/mecha_equipment/ranged_weapon/ballistic/missile_rack/explosive 
- Didn't return an Initialize hint
Path : /obj/item/device/defib_kit/compact/combat 
- Didn't return an Initialize hint
- Slept during Initialize()
Path : /obj/structure/lattice 
- Qdel'd in New()
Path : /obj/item/mecha_parts/mecha_equipment/ranged_weapon/ballistic/hmg 
- Didn't return an Initialize hint
Path : /obj/item/mecha_parts/mecha_equipment/ranged_weapon/ballistic/flak 
- Didn't return an Initialize hint
Path : /obj/item/mecha_parts/mecha_equipment/ranged_weapon/ballistic/cannon/military 
- Didn't return an Initialize hint
Path : /obj/item/mecha_parts/mecha_equipment/ranged_weapon/ballistic/ultracannon 
- Didn't return an Initialize hint
Path : /obj/item/mecha_parts/mecha_equipment/ranged_weapon/ballistic/scattershot 
- Didn't return an Initialize hint
Path : /obj/item/mecha_parts/mecha_equipment/ranged_weapon/ballistic/missile_rack/flare 
- Didn't return an Initialize hint
Path : /obj/item/device/defib_kit/compact 
- Didn't return an Initialize hint
- Slept during Initialize()
Path : /obj/item/gun/hydrogen 
- Didn't return an Initialize hint
Path : /obj/item/gun/hydrogen/pistol 
- Didn't return an Initialize hint
Path : /obj/item/gun/hydrogen/cannon 
- Didn't return an Initialize hint
Path : /obj/item/tool/plasma_torch 
- Didn't return an Initialize hint
Path : /obj/item/gun/hydrogen/plasma_torch 
- Didn't return an Initialize hint
Path : /obj/item/rig_module/grappler 
- Didn't return an Initialize hint
Path : /obj/item/device/geiger 
- Didn't return an Initialize hint
Path : /obj/item/mecha_parts/mecha_equipment/ranged_weapon/ballistic/flak/loaded 
- Didn't return an Initialize hint
Path : /obj/item/gun/energy/laser/railgun/railrifle 
- Didn't return an Initialize hint
Path : /obj/item/gun/energy/laser/railgun/gauss 
- Didn't return an Initialize hint
Path : /atom/movable/lighting_overlay 
- Didn't call atom/Initialize()
Path : /mob/living/carbon/superior_animal/psi_monster 
- Didn't return an Initialize hint
Path : /mob/living/carbon/superior_animal/psi_monster/hovering_nightmare 
- Didn't return an Initialize hint
Path : /mob/living/carbon/superior_animal/psi_monster/pus_maggot 
- Didn't return an Initialize hint
Path : /mob/living/carbon/superior_animal/psi_monster/pus_maggot/ash_wendigo 
- Didn't return an Initialize hint
Path : /mob/living/carbon/superior_animal/psi_monster/flesh_tower 
- Didn't return an Initialize hint
Path : /mob/living/carbon/superior_animal/psi_monster/flesh_behemoth 
- Didn't return an Initialize hint
Path : /mob/living/carbon/superior_animal/psi_monster/memory 
- Didn't return an Initialize hint
Path : /mob/living/carbon/superior_animal/psi_monster/memory_eater 
- Didn't return an Initialize hint
Path : /mob/living/carbon/superior_animal/psi_monster/thought_melter 
- Didn't return an Initialize hint
Path : /mob/living/carbon/superior_animal/psi_monster/cerebral_crusher 
- Didn't return an Initialize hint
Path : /mob/living/carbon/superior_animal/psi_monster/licker 
- Didn't return an Initialize hint
Path : /mob/living/carbon/superior_animal/psi_monster/mind_gazer 
- Didn't return an Initialize hint
Path : /mob/living/carbon/superior_animal/psi_monster/wasonce/crimson_jelly 
- Didn't return an Initialize hint
Path : /mob/living/carbon/superior_animal/psi_monster/ponderous 
- Didn't return an Initialize hint
Path : /mob/living/carbon/superior_animal/psi_monster/dreaming_king/hound_crown 
- Didn't return an Initialize hint
Path : /mob/living/carbon/superior_animal/psi_monster/dreaming_king 
- Didn't return an Initialize hint
Path : /obj/effect/trail_particle/ion_trails 
- Didn't call atom/Initialize()
- Didn't return an Initialize hint

