

Starting up. (ID: ct8-afEt) 20:36.06
---------------------
[20:36:07] ct8-afEt MISC: Saved storyteller is 'healer'
[20:36:14] ct8-afEt ADMIN: Loading jobban_rank
[20:36:14] ct8-afEt ADMIN: jobban_keylist was empty
[20:36:14] ct8-afEt ADMIN: Loading Banlist
[20:38:43] ct8-afEt DEBUG: Runtime in beaker.dm,28: Cannot read null.total_volume <A HREF='?_src_=holder;viewruntime=[0x21010889]'>[view]</A>
[20:38:51] ct8-afEt ADMIN: Luke Weinstein try find_inv_position a 14, but not have that slot!
[20:38:51] ct8-afEt ADMIN: Luke Weinstein try find_inv_position a 11, but not have that slot!
[20:38:51] ct8-afEt ADMIN: Luke Weinstein try find_inv_position a 13, but not have that slot!
[20:38:51] ct8-afEt ADMIN: Luke Weinstein try find_inv_position a 12, but not have that slot!
[20:38:51] ct8-afEt ADMIN: Sean King try find_inv_position a 14, but not have that slot!
[20:38:51] ct8-afEt ADMIN: Sean King try find_inv_position a 11, but not have that slot!
[20:38:51] ct8-afEt ADMIN: Sean King try find_inv_position a 13, but not have that slot!
[20:38:51] ct8-afEt ADMIN: Sean King try find_inv_position a 12, but not have that slot!
[20:38:51] ct8-afEt ADMIN: Justin Tireman try find_inv_position a 14, but not have that slot!
[20:38:51] ct8-afEt ADMIN: Justin Tireman try find_inv_position a 11, but not have that slot!
[20:38:51] ct8-afEt ADMIN: Justin Tireman try find_inv_position a 13, but not have that slot!
[20:38:51] ct8-afEt ADMIN: Justin Tireman try find_inv_position a 12, but not have that slot!
[20:38:52] ct8-afEt ADMIN: Samuel Aggley try find_inv_position a 14, but not have that slot!
[20:38:52] ct8-afEt ADMIN: Samuel Aggley try find_inv_position a 11, but not have that slot!
[20:38:52] ct8-afEt ADMIN: Samuel Aggley try find_inv_position a 13, but not have that slot!
[20:38:52] ct8-afEt ADMIN: Samuel Aggley try find_inv_position a 12, but not have that slot!
[20:38:52] ct8-afEt ADMIN: Bryan Bash try find_inv_position a 14, but not have that slot!
[20:38:52] ct8-afEt ADMIN: Bryan Bash try find_inv_position a 11, but not have that slot!
[20:38:52] ct8-afEt ADMIN: Bryan Bash try find_inv_position a 13, but not have that slot!
[20:38:52] ct8-afEt ADMIN: Bryan Bash try find_inv_position a 12, but not have that slot!
[20:38:52] ct8-afEt ADMIN: Griffin Singh try find_inv_position a 14, but not have that slot!
[20:38:52] ct8-afEt ADMIN: Griffin Singh try find_inv_position a 11, but not have that slot!
[20:38:52] ct8-afEt ADMIN: Griffin Singh try find_inv_position a 13, but not have that slot!
[20:38:52] ct8-afEt ADMIN: Griffin Singh try find_inv_position a 12, but not have that slot!
[20:39:38] ct8-afEt ADMIN: EVENT *null* has loaded a character.
[20:39:39] ct8-afEt ACCESS: Login: RiotScopez/() from 146.115.147.185-4045791979 || BYOND v514.1582
[20:39:39] ct8-afEt ACCESS: Login: RiotScopez/(/(RiotScopez)) from 146.115.147.185-4045791979 || BYOND v514
[20:39:39] ct8-afEt DEBUG: Could not find style "ErisStyle" for /mob/new_player.
[20:39:39] ct8-afEt ACCESS: Login: RiotScopez/(/(RiotScopez)) from 146.115.147.185-4045791979 || BYOND v514
[20:42:24] ct8-afEt GAME: onestar 1 loaded at at 11,71,19
[20:42:25] ct8-afEt GAME: onestar 3 loaded at at 56,26,19
[20:42:26] ct8-afEt GAME: onestar 2 loaded at at 61,66,19
[20:42:27] ct8-afEt GAME: onestar 1 loaded at at 81,31,19
[20:42:27] ct8-afEt GAME: neutral 2 loaded at at 106,21,19
[20:42:27] ct8-afEt GAME: neutral 2 loaded at at 71,106,19
[20:42:27] ct8-afEt GAME: neutral 5 loaded at at 46,46,19
[20:42:27] ct8-afEt GAME: neutral 8 loaded at at 31,46,19
[20:42:27] ct8-afEt GAME: neutral 3 loaded at at 31,96,19
[20:42:27] ct8-afEt GAME: neutral 6 loaded at at 26,56,19
[20:42:28] ct8-afEt GAME: neutral 6 loaded at at 21,96,19
[20:42:28] ct8-afEt GAME: neutral 6 loaded at at 36,41,19
[20:42:28] ct8-afEt GAME: neutral 9 loaded at at 106,96,19
[20:42:28] ct8-afEt GAME: neutral 6 loaded at at 21,21,19
[20:42:28] ct8-afEt GAME: neutral 8 loaded at at 51,61,19
[20:42:28] ct8-afEt GAME: neutral 7 loaded at at 41,71,19
[20:42:28] ct8-afEt GAME: neutral 2 loaded at at 26,106,19
[20:42:28] ct8-afEt GAME: neutral 6 loaded at at 26,51,19
[20:42:28] ct8-afEt GAME: neutral 8 loaded at at 51,21,19
[20:42:28] ct8-afEt GAME: neutral 10 loaded at at 66,51,19
[20:42:28] ct8-afEt GAME: neutral 10 loaded at at 31,36,19
[20:42:28] ct8-afEt GAME: neutral 4 loaded at at 46,41,19
[20:42:28] ct8-afEt GAME: neutral 11 loaded at at 61,21,19
[20:42:28] ct8-afEt GAME: neutral 6 loaded at at 106,86,19
[20:42:28] ct8-afEt GAME: neutral 2 loaded at at 31,106,19
[20:42:28] ct8-afEt GAME: neutral 3 loaded at at 51,81,19
[20:42:28] ct8-afEt GAME: neutral 11 loaded at at 101,31,19
[20:42:28] ct8-afEt GAME: neutral 6 loaded at at 56,106,19
[20:42:28] ct8-afEt GAME: neutral 9 loaded at at 96,16,19
[20:42:28] ct8-afEt GAME: neutral 2 loaded at at 26,31,19
[20:42:29] ct8-afEt GAME: neutral 5 loaded at at 56,86,19
[20:42:29] ct8-afEt GAME: neutral 11 loaded at at 81,91,19
[20:42:29] ct8-afEt GAME: neutral 8 loaded at at 26,66,19
[20:42:29] ct8-afEt GAME: neutral 4 loaded at at 56,56,19
[20:42:29] ct8-afEt GAME: neutral 7 loaded at at 81,91,19
[20:42:29] ct8-afEt GAME: neutral 10 loaded at at 21,56,19
[20:42:29] ct8-afEt GAME: neutral 10 loaded at at 31,46,19
[20:42:29] ct8-afEt GAME: neutral 11 loaded at at 16,46,19
[20:42:29] ct8-afEt GAME: neutral 10 loaded at at 101,11,19
[20:42:46] ct8-afEt GAME: Emitter deleted at (0,0,0)
[20:44:33] ct8-afEt ASSET: ERROR: Invalid asset: /datum/asset/simple/craft:obj_item_stack_cable_coil.png:1
[20:44:41] ct8-afEt ASSET: ERROR: Invalid asset: /datum/asset/simple/craft:obj_item_clothing_glasses_powered_meson.png:1
[20:44:43] ct8-afEt ASSET: ERROR: Invalid asset: /datum/asset/simple/craft:obj_item_gun_projectile_boltgun_lever.png:1
[20:44:43] ct8-afEt ASSET: ERROR: Invalid asset: /datum/asset/simple/craft:obj_item_gun_projectile_automatic_sts_rifle.png:1
[20:44:46] ct8-afEt ASSET: ERROR: Invalid asset: /datum/asset/simple/craft:obj_item_modular_computer_laptop.png:1
[20:45:30] ct8-afEt ACCESS: Logout: RiotScopez/(/(RiotScopez))
[20:45:30] ct8-afEt ACCESS: Logout: RiotScopez[DC]/(/(RiotScopez))
[20:45:33] ct8-afEt ACCESS: Login: RiotScopez/() from 146.115.147.185-4045791979 || BYOND v514.1582
[20:45:33] ct8-afEt ACCESS: Login: RiotScopez/(/(RiotScopez)) from 146.115.147.185-4045791979 || BYOND v514
[20:45:34] ct8-afEt DEBUG: Could not find style "ErisStyle" for /mob/new_player.
[20:45:34] ct8-afEt ACCESS: Login: RiotScopez/(/(RiotScopez)) from 146.115.147.185-4045791979 || BYOND v514
[20:45:43] ct8-afEt ADMIN: RiotScopez/(/(RiotScopez)) delayed the game.
[20:46:03] ct8-afEt VOTE: Storyteller vote started by server.
[20:46:27] ct8-afEt GAME: dinner loaded at at 69,72,21
[20:46:28] ct8-afEt GAME: vault loaded at at 73,106,21
[20:46:29] ct8-afEt GAME: lab5 loaded at at 96,53,21
[20:46:30] ct8-afEt GAME: vault loaded at at 104,99,21
[20:46:31] ct8-afEt GAME: Lab2 loaded at at 35,101,21
[20:46:32] ct8-afEt GAME: telecoms loaded at at 36,44,21
[20:46:32] ct8-afEt GAME: Entrance - 1 loaded at at 93,137,20
[20:46:33] ct8-afEt GAME: garden loaded at at 93,128,20
[20:46:34] ct8-afEt GAME: crematorium loaded at at 106,128,20
[20:46:34] ct8-afEt GAME: crematorium loaded at at 119,128,20
[20:46:35] ct8-afEt GAME: garden loaded at at 132,128,20
[20:46:36] ct8-afEt GAME: Hallway_4way loaded at at 132,119,20
[20:46:39] ct8-afEt GAME: checkpoint_horizontal loaded at at 119,119,20
[20:46:39] ct8-afEt GAME: crematorium loaded at at 106,119,20
[20:46:40] ct8-afEt GAME: hallwayatmos_west-east loaded at at 93,119,20
[20:46:40] ct8-afEt GAME: Hallway_4way loaded at at 80,119,20
[20:46:41] ct8-afEt GAME: autolathe_South-East loaded at at 67,119,20
[20:46:42] ct8-afEt GAME: Hallway_4way loaded at at 67,110,20
[20:46:42] ct8-afEt GAME: Escape_Pod_West-East loaded at at 67,101,20
[20:46:43] ct8-afEt GAME: checkpoint_horizontal loaded at at 54,101,20
[20:46:43] ct8-afEt GAME: autolathe_South-East loaded at at 41,101,20
[20:46:45] ct8-afEt GAME: Escape_Pod_West-East loaded at at 41,92,20
[20:46:45] ct8-afEt GAME: secure_storage_horizontal loaded at at 54,92,20
[20:46:46] ct8-afEt GAME: hallwayatmos_west-east loaded at at 67,92,20
[20:46:46] ct8-afEt GAME: Hallway_4way loaded at at 80,92,20
[20:46:47] ct8-afEt GAME: Escape_Pod_West-East loaded at at 93,92,20
[20:46:47] ct8-afEt GAME: Escape_Pod_West-East loaded at at 106,92,20
[20:46:49] ct8-afEt GAME: Escape_Pod_West-East loaded at at 106,83,20
[20:46:50] ct8-afEt GAME: crematorium loaded at at 119,83,20
[20:46:51] ct8-afEt GAME: garden loaded at at 132,83,20
[20:46:52] ct8-afEt GAME: Hallway_4way loaded at at 145,83,20
[20:46:53] ct8-afEt GAME: Hallway_4way loaded at at 158,83,20
[20:46:55] ct8-afEt GAME: Hallway_4way loaded at at 171,83,20
[20:46:55] ct8-afEt GAME: crematorium loaded at at 184,83,20
[20:46:56] ct8-afEt GAME: crematorium loaded at at 197,83,20
[20:46:57] ct8-afEt GAME: garden loaded at at 197,74,20
[20:46:57] ct8-afEt GAME: showers loaded at at 184,74,20
[20:46:58] ct8-afEt GAME: crematorium loaded at at 171,74,20
[20:46:58] ct8-afEt GAME: Hallway_4way loaded at at 158,74,20
[20:46:59] ct8-afEt GAME: Hallway_4way loaded at at 145,74,20
[20:46:59] ct8-afEt GAME: showers loaded at at 132,74,20
[20:47:00] ct8-afEt GAME: garden loaded at at 119,74,20
[20:47:00] ct8-afEt GAME: garden loaded at at 106,74,20
[20:47:01] ct8-afEt GAME: crematorium loaded at at 93,74,20
[20:47:01] ct8-afEt GAME: Escape_Pod_West-East loaded at at 80,74,20
[20:47:02] ct8-afEt GAME: secure_storage_horizontal loaded at at 67,74,20
[20:47:02] ct8-afEt GAME: Hallway_4way loaded at at 54,74,20
[20:47:02] ct8-afEt GAME: garden loaded at at 41,74,20
[20:47:03] ct8-afEt GAME: autolathe_South-East loaded at at 28,74,20
[20:47:04] ct8-afEt GAME: Escape_Pod_West-East loaded at at 28,65,20
[20:47:04] ct8-afEt GAME: garden loaded at at 41,65,20
[20:47:05] ct8-afEt GAME: Hallway_4way loaded at at 54,65,20
[20:47:05] ct8-afEt GAME: checkpoint_horizontal loaded at at 67,65,20
[20:47:06] ct8-afEt GAME: crematorium loaded at at 80,65,20
[20:47:06] ct8-afEt GAME: hallwayatmos_west-east loaded at at 93,65,20
[20:47:07] ct8-afEt GAME: garden loaded at at 106,65,20
[20:47:07] ct8-afEt GAME: checkpoint_horizontal loaded at at 119,65,20
[20:47:08] ct8-afEt GAME: Escape_Pod_West-East loaded at at 132,65,20
[20:47:08] ct8-afEt GAME: Escape_Pod_West-East loaded at at 145,65,20
[20:47:10] ct8-afEt GAME: garden loaded at at 145,56,20
[20:47:11] ct8-afEt GAME: showers loaded at at 132,56,20
[20:47:11] ct8-afEt GAME: penitentiary loaded at at 119,56,20
[20:47:12] ct8-afEt GAME: Hallway_4way loaded at at 106,56,20
[20:47:12] ct8-afEt GAME: hallwayatmos_west-east loaded at at 93,56,20
[20:47:13] ct8-afEt GAME: crematorium loaded at at 80,56,20
[20:47:13] ct8-afEt GAME: secure_storage_horizontal loaded at at 67,56,20
[20:47:14] ct8-afEt GAME: Escape_Pod_West-East loaded at at 54,56,20
[20:47:15] ct8-afEt GAME: checkpoint_vertical loaded at at 54,47,20
[20:47:15] ct8-afEt GAME: Escape_Pod_West-East loaded at at 54,38,20
[20:47:16] ct8-afEt GAME: hallwayatmos_west-east loaded at at 67,38,20
[20:47:17] ct8-afEt GAME: crematorium loaded at at 80,38,20
[20:47:17] ct8-afEt GAME: crematorium loaded at at 93,38,20
[20:47:18] ct8-afEt GAME: Escape_Pod_West-East loaded at at 93,29,20
[20:47:18] ct8-afEt GAME: secure_storage_horizontal loaded at at 106,29,20
[20:47:19] ct8-afEt GAME: hallwayatmos_west-east loaded at at 119,29,20
[20:47:19] ct8-afEt GAME: penitentiary loaded at at 132,29,20
[20:47:20] ct8-afEt GAME: penitentiary loaded at at 145,29,20
[20:47:20] ct8-afEt GAME: checkpoint_horizontal loaded at at 158,29,20
[20:47:21] ct8-afEt GAME: Escape_Pod_West-East loaded at at 171,29,20
[20:47:21] ct8-afEt GAME: garden loaded at at 184,29,20
[20:47:23] ct8-afEt GAME: Hallway_4way loaded at at 197,29,20
[20:47:24] ct8-afEt GAME: Hallway_4way loaded at at 197,20,20
[20:47:24] ct8-afEt GAME: Escape_Pod_West-East loaded at at 184,20,20
[20:47:25] ct8-afEt GAME: Hallway_4way loaded at at 171,20,20
[20:47:25] ct8-afEt GAME: Escape_Pod_West-East loaded at at 158,20,20
[20:47:26] ct8-afEt GAME: Hallway_4way loaded at at 158,11,20
[20:47:27] ct8-afEt GAME: Escape_Pod_West-East loaded at at 171,11,20
[20:47:27] ct8-afEt GAME: Escape_Pod_West-East loaded at at 184,11,20
[20:47:29] ct8-afEt GAME: Escape_Pod_West-East loaded at at 197,11,20
[20:47:30] ct8-afEt GAME: garden loaded at at 197,2,20
[20:47:30] ct8-afEt ADMIN: RiotScopez/(/(RiotScopez)) removed the delay.
[20:47:30] ct8-afEt GAME: crematorium loaded at at 184,2,20
[20:47:31] ct8-afEt GAME: crematorium loaded at at 171,2,20
[20:47:31] ct8-afEt GAME: crematorium loaded at at 158,2,20
[20:47:31] ct8-afEt GAME: crematorium loaded at at 145,2,20
[20:47:32] ct8-afEt ADMIN: RiotScopez/(/(RiotScopez)) delayed the game.
[20:47:32] ct8-afEt GAME: Hallway_4way loaded at at 132,2,20
[20:47:32] ct8-afEt GAME: secure_storage_horizontal loaded at at 119,2,20
[20:47:33] ct8-afEt GAME: garden loaded at at 106,2,20
[20:47:33] ct8-afEt GAME: crematorium loaded at at 93,2,20
[20:47:34] ct8-afEt GAME: Exit - 1 loaded at at 80,2,20
[20:48:00] ct8-afEt GAME: surgery loaded at at 132,110,20
[20:48:02] ct8-afEt GAME: shooting_range loaded at at 158,92,20
[20:48:03] ct8-afEt GAME: shooting_range loaded at at 158,56,20
[20:48:10] ct8-afEt GAME: surgery loaded at at 80,83,20
[20:48:17] ct8-afEt GAME: commanderoffice loaded at at 93,83,20
[20:48:20] ct8-afEt GAME: shooting_range loaded at at 145,47,20
[20:48:20] ct8-afEt GAME: shooting_range loaded at at 158,101,20
[20:48:24] ct8-afEt GAME: armory loaded at at 145,38,20
[20:48:26] ct8-afEt GAME: shooting_range loaded at at 80,47,20
[20:48:28] ct8-afEt VOTE: <b>Votes:</b><br>	The Guide - 0 vote.<br>	Ghost Town - 0 vote.<br>	The Sleeper - 0 vote.<br>	The Warrior - 0 vote.<br><b>	The Healer - 1 vote.<br></b>	The Mime - 0 vote.<br>	The Jester - 0 vote.<br>	The Chronicler - 0 vote.<br>	Did not vote - 0<br>
[20:48:32] ct8-afEt ADMIN: RiotScopez/(/(RiotScopez)) delayed the game.
[20:48:33] ct8-afEt GAME: refinery loaded at at 132,47,20
[20:48:38] ct8-afEt GAME: surgery loaded at at 106,101,20
[20:48:43] ct8-afEt GAME: refinery loaded at at 67,47,20
[20:48:46] ct8-afEt GAME: shooting_range loaded at at 93,20,20
[20:48:46] ct8-afEt GAME: shooting_range loaded at at 145,128,20
[20:48:47] ct8-afEt GAME: armory_secure loaded at at 80,101,20
[20:48:47] ct8-afEt GAME: armory_secure loaded at at 158,65,20
[20:48:48] ct8-afEt GAME: shooting_range loaded at at 184,38,20
[20:48:50] ct8-afEt GAME: cargo_vertical loaded at at 171,92,20
[20:48:51] ct8-afEt GAME: surgery loaded at at 132,101,20
[20:48:53] ct8-afEt GAME: shooting_range loaded at at 80,128,20
[20:48:57] ct8-afEt GAME: cargo_vertical loaded at at 132,92,20
[20:48:57] ct8-afEt GAME: shooting_range loaded at at 158,110,20
[20:49:06] ct8-afEt GAME: office loaded at at 80,29,20
[20:49:06] ct8-afEt GAME: shooting_range loaded at at 106,137,20
[20:49:08] ct8-afEt GAME: surgery loaded at at 197,38,20
[20:49:11] ct8-afEt GAME: cargo_vertical loaded at at 106,11,20
[20:49:13] ct8-afEt GAME: anomaly loaded at at 106,47,20
[20:49:14] ct8-afEt GAME: armory_secure loaded at at 119,92,20
[20:49:16] ct8-afEt GAME: refinery loaded at at 145,92,20
[20:49:19] ct8-afEt GAME: armory loaded at at 197,65,20
[20:49:20] ct8-afEt GAME: armory loaded at at 158,47,20
[20:49:21] ct8-afEt GAME: surgery loaded at at 54,29,20
[20:49:21] ct8-afEt GAME: blocker loaded at at 2,137,20
[20:49:21] ct8-afEt GAME: blocker loaded at at 15,137,20
[20:49:21] ct8-afEt GAME: blocker loaded at at 28,137,20
[20:49:21] ct8-afEt GAME: blocker loaded at at 41,137,20
[20:49:21] ct8-afEt GAME: blocker loaded at at 54,137,20
[20:49:21] ct8-afEt GAME: blocker loaded at at 67,137,20
[20:49:21] ct8-afEt GAME: blocker loaded at at 80,137,20
[20:49:22] ct8-afEt GAME: blocker loaded at at 119,137,20
[20:49:22] ct8-afEt GAME: blocker loaded at at 132,137,20
[20:49:22] ct8-afEt GAME: blocker loaded at at 145,137,20
[20:49:22] ct8-afEt GAME: blocker loaded at at 158,137,20
[20:49:22] ct8-afEt GAME: blocker loaded at at 171,137,20
[20:49:22] ct8-afEt GAME: blocker loaded at at 184,137,20
[20:49:22] ct8-afEt GAME: blocker loaded at at 197,137,20
[20:49:22] ct8-afEt GAME: blocker loaded at at 2,128,20
[20:49:22] ct8-afEt GAME: blocker loaded at at 15,128,20
[20:49:22] ct8-afEt GAME: blocker loaded at at 28,128,20
[20:49:22] ct8-afEt GAME: blocker loaded at at 41,128,20
[20:49:22] ct8-afEt GAME: blocker loaded at at 54,128,20
[20:49:23] ct8-afEt GAME: blocker loaded at at 67,128,20
[20:49:23] ct8-afEt GAME: blocker loaded at at 158,128,20
[20:49:23] ct8-afEt GAME: blocker loaded at at 171,128,20
[20:49:23] ct8-afEt GAME: blocker loaded at at 184,128,20
[20:49:23] ct8-afEt GAME: blocker loaded at at 197,128,20
[20:49:23] ct8-afEt GAME: blocker loaded at at 2,119,20
[20:49:23] ct8-afEt GAME: blocker loaded at at 15,119,20
[20:49:23] ct8-afEt GAME: blocker loaded at at 28,119,20
[20:49:23] ct8-afEt GAME: blocker loaded at at 41,119,20
[20:49:23] ct8-afEt GAME: blocker loaded at at 54,119,20
[20:49:23] ct8-afEt GAME: blocker loaded at at 145,119,20
[20:49:23] ct8-afEt GAME: blocker loaded at at 158,119,20
[20:49:24] ct8-afEt GAME: blocker loaded at at 171,119,20
[20:49:24] ct8-afEt GAME: blocker loaded at at 184,119,20
[20:49:24] ct8-afEt GAME: blocker loaded at at 197,119,20
[20:49:24] ct8-afEt GAME: blocker loaded at at 2,110,20
[20:49:24] ct8-afEt GAME: blocker loaded at at 15,110,20
[20:49:24] ct8-afEt GAME: blocker loaded at at 28,110,20
[20:49:24] ct8-afEt GAME: blocker loaded at at 41,110,20
[20:49:24] ct8-afEt GAME: blocker loaded at at 54,110,20
[20:49:24] ct8-afEt GAME: blocker loaded at at 80,110,20
[20:49:24] ct8-afEt GAME: blocker loaded at at 93,110,20
[20:49:24] ct8-afEt GAME: blocker loaded at at 106,110,20
[20:49:25] ct8-afEt GAME: blocker loaded at at 119,110,20
[20:49:25] ct8-afEt GAME: blocker loaded at at 145,110,20
[20:49:25] ct8-afEt GAME: blocker loaded at at 171,110,20
[20:49:25] ct8-afEt GAME: blocker loaded at at 184,110,20
[20:49:25] ct8-afEt GAME: blocker loaded at at 197,110,20
[20:49:25] ct8-afEt GAME: blocker loaded at at 2,101,20
[20:49:25] ct8-afEt GAME: blocker loaded at at 15,101,20
[20:49:25] ct8-afEt GAME: blocker loaded at at 28,101,20
[20:49:25] ct8-afEt GAME: blocker loaded at at 93,101,20
[20:49:25] ct8-afEt GAME: blocker loaded at at 119,101,20
[20:49:25] ct8-afEt GAME: blocker loaded at at 145,101,20
[20:49:26] ct8-afEt GAME: blocker loaded at at 171,101,20
[20:49:26] ct8-afEt GAME: blocker loaded at at 184,101,20
[20:49:26] ct8-afEt GAME: blocker loaded at at 197,101,20
[20:49:26] ct8-afEt GAME: blocker loaded at at 2,92,20
[20:49:26] ct8-afEt GAME: blocker loaded at at 15,92,20
[20:49:26] ct8-afEt GAME: blocker loaded at at 28,92,20
[20:49:26] ct8-afEt GAME: blocker loaded at at 184,92,20
[20:49:26] ct8-afEt GAME: blocker loaded at at 197,92,20
[20:49:26] ct8-afEt GAME: blocker loaded at at 2,83,20
[20:49:26] ct8-afEt GAME: blocker loaded at at 15,83,20
[20:49:26] ct8-afEt GAME: blocker loaded at at 28,83,20
[20:49:27] ct8-afEt GAME: blocker loaded at at 41,83,20
[20:49:27] ct8-afEt GAME: blocker loaded at at 54,83,20
[20:49:27] ct8-afEt GAME: blocker loaded at at 67,83,20
[20:49:27] ct8-afEt GAME: blocker loaded at at 2,74,20
[20:49:27] ct8-afEt GAME: blocker loaded at at 15,74,20
[20:49:27] ct8-afEt GAME: blocker loaded at at 2,65,20
[20:49:27] ct8-afEt GAME: blocker loaded at at 15,65,20
[20:49:27] ct8-afEt GAME: blocker loaded at at 171,65,20
[20:49:27] ct8-afEt GAME: blocker loaded at at 184,65,20
[20:49:27] ct8-afEt GAME: blocker loaded at at 2,56,20
[20:49:27] ct8-afEt GAME: blocker loaded at at 15,56,20
[20:49:28] ct8-afEt GAME: blocker loaded at at 28,56,20
[20:49:28] ct8-afEt GAME: blocker loaded at at 41,56,20
[20:49:28] ct8-afEt GAME: blocker loaded at at 171,56,20
[20:49:28] ct8-afEt GAME: blocker loaded at at 184,56,20
[20:49:28] ct8-afEt GAME: blocker loaded at at 197,56,20
[20:49:28] ct8-afEt GAME: blocker loaded at at 2,47,20
[20:49:28] ct8-afEt GAME: blocker loaded at at 15,47,20
[20:49:28] ct8-afEt GAME: blocker loaded at at 28,47,20
[20:49:28] ct8-afEt GAME: blocker loaded at at 41,47,20
[20:49:28] ct8-afEt GAME: blocker loaded at at 93,47,20
[20:49:28] ct8-afEt GAME: blocker loaded at at 119,47,20
[20:49:28] ct8-afEt GAME: blocker loaded at at 171,47,20
[20:49:29] ct8-afEt GAME: blocker loaded at at 184,47,20
[20:49:29] ct8-afEt GAME: blocker loaded at at 197,47,20
[20:49:29] ct8-afEt GAME: blocker loaded at at 2,38,20
[20:49:29] ct8-afEt GAME: blocker loaded at at 15,38,20
[20:49:29] ct8-afEt GAME: blocker loaded at at 28,38,20
[20:49:29] ct8-afEt GAME: blocker loaded at at 41,38,20
[20:49:29] ct8-afEt GAME: blocker loaded at at 106,38,20
[20:49:29] ct8-afEt GAME: blocker loaded at at 119,38,20
[20:49:29] ct8-afEt GAME: blocker loaded at at 132,38,20
[20:49:29] ct8-afEt GAME: blocker loaded at at 158,38,20
[20:49:30] ct8-afEt GAME: blocker loaded at at 171,38,20
[20:49:30] ct8-afEt GAME: blocker loaded at at 2,29,20
[20:49:30] ct8-afEt GAME: blocker loaded at at 15,29,20
[20:49:30] ct8-afEt GAME: blocker loaded at at 28,29,20
[20:49:30] ct8-afEt GAME: blocker loaded at at 41,29,20
[20:49:30] ct8-afEt GAME: blocker loaded at at 67,29,20
[20:49:30] ct8-afEt GAME: blocker loaded at at 2,20,20
[20:49:30] ct8-afEt GAME: blocker loaded at at 15,20,20
[20:49:30] ct8-afEt GAME: blocker loaded at at 28,20,20
[20:49:30] ct8-afEt GAME: blocker loaded at at 41,20,20
[20:49:30] ct8-afEt GAME: blocker loaded at at 54,20,20
[20:49:30] ct8-afEt GAME: blocker loaded at at 67,20,20
[20:49:31] ct8-afEt GAME: blocker loaded at at 80,20,20
[20:49:31] ct8-afEt GAME: blocker loaded at at 106,20,20
[20:49:31] ct8-afEt GAME: blocker loaded at at 119,20,20
[20:49:31] ct8-afEt GAME: blocker loaded at at 132,20,20
[20:49:31] ct8-afEt GAME: blocker loaded at at 145,20,20
[20:49:31] ct8-afEt GAME: blocker loaded at at 2,11,20
[20:49:31] ct8-afEt GAME: blocker loaded at at 15,11,20
[20:49:31] ct8-afEt GAME: blocker loaded at at 28,11,20
[20:49:31] ct8-afEt GAME: blocker loaded at at 41,11,20
[20:49:31] ct8-afEt GAME: blocker loaded at at 54,11,20
[20:49:32] ct8-afEt GAME: blocker loaded at at 67,11,20
[20:49:32] ct8-afEt GAME: blocker loaded at at 80,11,20
[20:49:32] ct8-afEt GAME: blocker loaded at at 93,11,20
[20:49:32] ct8-afEt GAME: blocker loaded at at 119,11,20
[20:49:32] ct8-afEt GAME: blocker loaded at at 132,11,20
[20:49:32] ct8-afEt GAME: blocker loaded at at 145,11,20
[20:49:32] ct8-afEt GAME: blocker loaded at at 2,2,20
[20:49:32] ct8-afEt GAME: blocker loaded at at 15,2,20
[20:49:32] ct8-afEt GAME: blocker loaded at at 28,2,20
[20:49:33] ct8-afEt GAME: blocker loaded at at 41,2,20
[20:49:33] ct8-afEt GAME: blocker loaded at at 54,2,20
[20:49:33] ct8-afEt GAME: blocker loaded at at 67,2,20
[20:50:42] ct8-afEt GAME: storage loaded at at 59,124,21
[20:50:42] ct8-afEt GAME: cryo loaded at at 45,68,21
[20:50:42] ct8-afEt GAME: Trash loaded at at 63,136,21
[20:50:42] ct8-afEt GAME: catwalks loaded at at 11,21,21
[20:50:43] ct8-afEt GAME: anomalysci loaded at at 50,24,21
[20:50:43] ct8-afEt GAME: office loaded at at 22,40,21
[20:50:43] ct8-afEt GAME: sm_core loaded at at 129,130,21
[20:50:43] ct8-afEt GAME: cryo loaded at at 98,21,21
[20:50:43] ct8-afEt GAME: freezer loaded at at 20,77,21
[20:50:44] ct8-afEt GAME: toilet loaded at at 148,85,21
[20:50:44] ct8-afEt GAME: office loaded at at 86,24,21
[20:50:44] ct8-afEt GAME: hydro loaded at at 151,127,21
[20:50:44] ct8-afEt GAME: a lost roach loaded at at 15,154,21
[20:50:44] ct8-afEt GAME: morgue loaded at at 151,36,21
[20:50:45] ct8-afEt GAME: toilet loaded at at 76,49,21
[20:50:45] ct8-afEt GAME: freezer loaded at at 107,142,21
[20:50:45] ct8-afEt GAME: a lost roach loaded at at 136,72,21
[20:50:45] ct8-afEt GAME: freezer loaded at at 104,84,21
[20:50:45] ct8-afEt GAME: Medical supplies loaded at at 22,101,21
[20:50:45] ct8-afEt GAME: a lost roach loaded at at 19,56,21
[20:50:46] ct8-afEt GAME: library loaded at at 120,21,21
[20:50:46] ct8-afEt GAME: sm_core loaded at at 17,118,21
[20:50:46] ct8-afEt GAME: catwalks loaded at at 146,49,21
[20:50:46] ct8-afEt GAME: freezer loaded at at 126,35,21
[20:50:46] ct8-afEt GAME: toilet loaded at at 96,125,21
[20:50:46] ct8-afEt GAME: mechbay loaded at at 45,139,21
[20:50:47] ct8-afEt GAME: toilet loaded at at 127,146,21
[20:50:47] ct8-afEt GAME: office loaded at at 32,28,21
[20:50:47] ct8-afEt GAME: cryo loaded at at 134,48,21
[20:50:47] ct8-afEt GAME: barricades loaded at at 37,126,21
[20:59:37] ct8-afEt GAME: Error: /obj/machinery/atmospherics/pipe/simple/hidden([0x20337da]) took longer than 0.5 seconds to delete (took 0.5 seconds to delete)
[21:01:43] ct8-afEt ACCESS: Logout: RiotScopez/(/(RiotScopez))
[21:01:43] ct8-afEt ACCESS: Logout: RiotScopez[DC]/(/(RiotScopez))
