## ERROR: File not found (config/dbconfig.txt)
## ERROR: Failed to load config/mods.txt
## ERROR: Failed to load config/mentors.txt
## MYSQL ERROR: The operation completed successfully.

Your server failed to establish a connection with the feedback database.
## WARNING: File not found: config/jukebox.json
## ERROR: Failed to load config/mods.txt
##MAP_ERROR: Multiple stairs at (10,18,7)
##MAP_ERROR: Multiple stairs at (13,18,7)
Initialized Jobs subsystem within 0 seconds!
Initialized Ticker subsystem within 0 seconds!
Initialized Mapping subsystem within 99.94 seconds!
Initialized Inventory subsystem within 99.96 seconds!
Initialized Character Setup subsystem within 99.97 seconds!
Initialized Atoms subsystem within 245.53 seconds!
Initialized Machines subsystem within 248.42 seconds!
Initialized Circuit subsystem within 248.46 seconds!
Initialized Chemistry subsystem within 248.46 seconds!
Initialized Evacuation subsystem within 248.47 seconds!
Initialized Event Manager subsystem within 248.47 seconds!
Initialized Inactivity subsystem within 248.48 seconds!
Generating Asteroid Belt: 1 - Affinity: Greyson
Junk Field build starting at zlevel 19.
Junk field portal placed at (68, 73, 19)
Generating edges of junk field at zlevel 19.
Junk Field build complete at zlevel 19.
Initialized Misc subsystem within 254.32 seconds!
Initialized Research subsystem within 266.43 seconds!
Initialized Tips and Tricks subsystem within 266.44 seconds!
Initialized Trade subsystem within 268.54 seconds!
Initialized Voting subsystem within 268.56 seconds!
Initialized Weather subsystem within 268.56 seconds!
Initialized Turbolift controller subsystem within 268.56 seconds!
Initialized Air subsystem within 293.65 seconds!
Initialized Alarm subsystem within 293.65 seconds!
Initialized Craft subsystem within 293.68 seconds!
Initialized Assets subsystem within 338.22 seconds!
Initialized Overlay subsystem within 339.8 seconds!
Initialized Admin Tickets subsystem within 339.81 seconds!
Initialized Mentor Tickets subsystem within 339.81 seconds!
Initialized Lighting subsystem within 356.75 seconds!
Initialized Shuttle subsystem within 356.75 seconds!
Initialized Pathfinder subsystem within 356.76 seconds!
Initialized Xenoarch subsystem within 358.19 seconds!
Initialized Economy subsystem within 358.19 seconds!
Initialized Migration subsystem within 358.2 seconds!
Initialized Radiation subsystem within 358.31 seconds!
Initialized Chat subsystem within 358.31 seconds!
Initializations complete within 358.3 seconds!
## WARNING: Timer buckets has been reset, this may cause timer to lag in code/controllers/subsystems/timer.dm at line 237 src: Timer usr: .
## TESTING: GC: -- [0x20162bb] | /obj/effect/decal/cleanable/blood/gibs was unable to be GC'd --
## TESTING: GC: -- [0x201636f] | /obj/effect/decal/cleanable/blood/gibs was unable to be GC'd --
## TESTING: GC: -- [0x201639d] | /obj/effect/decal/cleanable/blood/gibs was unable to be GC'd --
## TESTING: GC: -- [0x20163a0] | /obj/effect/decal/cleanable/blood/gibs was unable to be GC'd --
## TESTING: GC: -- [0x20164cc] | /obj/effect/decal/cleanable/blood/gibs was unable to be GC'd --
## TESTING: GC: -- [0x20164cf] | /obj/effect/decal/cleanable/blood/gibs was unable to be GC'd --
## TESTING: GC: -- [0x2016528] | /obj/effect/decal/cleanable/blood/gibs was unable to be GC'd --
## TESTING: GC: -- [0x20165e3] | /obj/effect/decal/cleanable/blood/gibs was unable to be GC'd --
## TESTING: GC: -- [0x201661e] | /obj/effect/decal/cleanable/blood/gibs was unable to be GC'd --
## TESTING: GC: -- [0x201664f] | /obj/effect/decal/cleanable/blood/gibs was unable to be GC'd --
## TESTING: GC: -- [0x2016650] | /obj/effect/decal/cleanable/blood/gibs was unable to be GC'd --
## TESTING: GC: -- [0x2016688] | /obj/effect/decal/cleanable/blood/gibs was unable to be GC'd --
## TESTING: GC: -- [0x20168b9] | /obj/effect/decal/cleanable/blood/gibs was unable to be GC'd --
## TESTING: GC: -- [0x20168f4] | /obj/effect/decal/cleanable/blood/gibs was unable to be GC'd --
## TESTING: GC: -- [0x201692f] | /obj/effect/decal/cleanable/blood/gibs was unable to be GC'd --
## TESTING: GC: -- [0x2016a68] | /obj/effect/decal/cleanable/blood/gibs was unable to be GC'd --
## TESTING: GC: -- [0x2016aca] | /obj/effect/decal/cleanable/blood/gibs was unable to be GC'd --
## TESTING: GC: -- [0x2016b5c] | /obj/effect/decal/cleanable/blood/gibs was unable to be GC'd --
## TESTING: GC: -- [0x2016bb3] | /obj/effect/decal/cleanable/blood/gibs was unable to be GC'd --
## TESTING: GC: -- [0x2016be1] | /obj/effect/decal/cleanable/blood/gibs was unable to be GC'd --
## TESTING: GC: -- [0x2016bf6] | /obj/effect/decal/cleanable/blood/gibs was unable to be GC'd --
## TESTING: GC: -- [0x2033081] | /obj/machinery/atmospherics/pipe/simple/hidden/supply was unable to be GC'd --
## TESTING: GC: -- [0x2032de8] | /obj/machinery/atmospherics/pipe/simple/hidden/scrubbers was unable to be GC'd --
## TESTING: GC: -- [0x20331f0] | /obj/machinery/atmospherics/pipe/simple/hidden/supply was unable to be GC'd --
## TESTING: GC: -- [0x2033196] | /obj/machinery/atmospherics/pipe/simple/hidden/scrubbers was unable to be GC'd --
## TESTING: GC: -- [0x2033282] | /obj/machinery/atmospherics/pipe/simple/hidden/supply was unable to be GC'd --
## TESTING: GC: -- [0x203330a] | /obj/machinery/atmospherics/pipe/simple/hidden/scrubbers was unable to be GC'd --
## TESTING: GC: -- [0x2033311] | /obj/machinery/atmospherics/pipe/simple/hidden/red was unable to be GC'd --
## TESTING: GC: -- [0x203338b] | /obj/machinery/atmospherics/pipe/simple/hidden/red was unable to be GC'd --
## TESTING: GC: -- [0x2033456] | /obj/machinery/atmospherics/pipe/simple/hidden was unable to be GC'd --
## TESTING: GC: -- [0x2033457] | /obj/machinery/atmospherics/pipe/simple/hidden was unable to be GC'd --
## TESTING: GC: -- [0x203347e] | /obj/machinery/atmospherics/pipe/simple/hidden/scrubbers was unable to be GC'd --
## TESTING: GC: -- [0x20334a9] | /obj/machinery/atmospherics/pipe/simple/hidden/supply was unable to be GC'd --
## TESTING: GC: -- [0x203349e] | /obj/machinery/atmospherics/pipe/simple/hidden/scrubbers was unable to be GC'd --
## TESTING: GC: -- [0x203349f] | /obj/machinery/atmospherics/pipe/simple/hidden/supply was unable to be GC'd --
## TESTING: GC: -- [0x2033494] | /obj/machinery/atmospherics/pipe/simple/hidden/scrubbers was unable to be GC'd --
## TESTING: GC: -- [0x2033492] | /obj/machinery/atmospherics/pipe/simple/hidden/supply was unable to be GC'd --
## TESTING: GC: -- [0x2105f929] | /datum/radio_frequency was unable to be GC'd --
## TESTING: GC: -- [0x2006b8c] | /obj/machinery/atmospherics/pipe/manifold/hidden/scrubbers was unable to be GC'd --
## TESTING: GC: -- [0x2007c48] | /obj/machinery/atmospherics/pipe/manifold/hidden/supply was unable to be GC'd --
## TESTING: GC: -- [0x2009a7d] | /obj/machinery/atmospherics/pipe/manifold/hidden/supply was unable to be GC'd --
## TESTING: GC: -- [0x2036c80] | /obj/item/tank/oxygen was unable to be GC'd --
## TESTING: GC: -- [0x20149f5] | /obj/effect/decal/cleanable/greenglow was unable to be GC'd --
## TESTING: GC: -- [0x2014b95] | /obj/effect/decal/cleanable/greenglow was unable to be GC'd --
## TESTING: GC: -- [0x20150b0] | /obj/effect/decal/cleanable/greenglow was unable to be GC'd --
## TESTING: GC: -- [0x2084b57] | /obj/machinery/atmospherics/pipe/simple/visible/yellow was unable to be GC'd --
## TESTING: GC: -- [0x2084b6e] | /obj/machinery/atmospherics/pipe/simple/visible/yellow was unable to be GC'd --
## TESTING: GC: -- [0x2084b80] | /obj/machinery/atmospherics/pipe/simple/visible/yellow was unable to be GC'd --
## TESTING: GC: -- [0x2084b91] | /obj/machinery/atmospherics/pipe/simple/visible/yellow was unable to be GC'd --
## TESTING: GC: -- [0x2084ba5] | /obj/machinery/atmospherics/pipe/simple/visible/yellow was unable to be GC'd --
## TESTING: GC: -- [0x2084bb6] | /obj/machinery/atmospherics/pipe/simple/visible/yellow was unable to be GC'd --
## TESTING: GC: -- [0x2084bcb] | /obj/machinery/atmospherics/pipe/simple/visible/yellow was unable to be GC'd --
## TESTING: GC: -- [0x2084bdb] | /obj/machinery/atmospherics/pipe/simple/visible/yellow was unable to be GC'd --
## TESTING: GC: -- [0x2084bed] | /obj/machinery/atmospherics/pipe/simple/visible/yellow was unable to be GC'd --
## TESTING: GC: -- [0x2084c04] | /obj/machinery/atmospherics/pipe/simple/visible/yellow was unable to be GC'd --
## TESTING: GC: -- [0x2084c11] | /obj/machinery/atmospherics/pipe/simple/visible/yellow was unable to be GC'd --
## TESTING: GC: -- [0x2084b4e] | /obj/machinery/atmospherics/pipe/simple/visible/yellow was unable to be GC'd --
## TESTING: GC: -- [0x2084b5d] | /obj/machinery/atmospherics/pipe/simple/visible/yellow was unable to be GC'd --
## TESTING: GC: -- [0x2084b73] | /obj/machinery/atmospherics/pipe/simple/visible/yellow was unable to be GC'd --
## TESTING: GC: -- [0x2084b85] | /obj/machinery/atmospherics/pipe/simple/visible/yellow was unable to be GC'd --
## TESTING: GC: -- [0x2084b95] | /obj/machinery/atmospherics/pipe/simple/visible/yellow was unable to be GC'd --
## TESTING: GC: -- [0x2084baa] | /obj/machinery/atmospherics/pipe/simple/visible/yellow was unable to be GC'd --
## TESTING: GC: -- [0x2084bba] | /obj/machinery/atmospherics/pipe/simple/visible/yellow was unable to be GC'd --
## TESTING: GC: -- [0x2084bcf] | /obj/machinery/atmospherics/pipe/simple/visible/yellow was unable to be GC'd --
## TESTING: GC: -- [0x2084be0] | /obj/machinery/atmospherics/pipe/simple/visible/yellow was unable to be GC'd --
## TESTING: GC: -- [0x2084bf4] | /obj/machinery/atmospherics/pipe/simple/visible/yellow was unable to be GC'd --
## TESTING: GC: -- [0x2084c08] | /obj/machinery/atmospherics/pipe/simple/visible/yellow was unable to be GC'd --
## TESTING: GC: -- [0x2084c08] | /obj/item/device/geiger was unable to be GC'd --
## TESTING: GC: -- [0x2083c2c] | /obj/item/device/geiger was unable to be GC'd --
## TESTING: GC: -- [0x2082e05] | /obj/item/device/geiger was unable to be GC'd --
## TESTING: GC: -- [0x2082e64] | /obj/item/device/geiger was unable to be GC'd --
## TESTING: GC: -- [0x208346c] | /obj/item/device/geiger was unable to be GC'd --
## TESTING: GC: -- [0x2082db9] | /obj/item/device/geiger was unable to be GC'd --
## TESTING: GC: -- [0x2082c5a] | /obj/item/device/geiger was unable to be GC'd --
## TESTING: GC: -- [0x2083ec1] | /obj/item/device/geiger was unable to be GC'd --
## TESTING: GC: -- [0x2083ec1] | /obj/item/device/geiger was unable to be GC'd --
## TESTING: GC: -- [0x2082f1d] | /obj/item/device/geiger was unable to be GC'd --
## TESTING: GC: -- [0x2083506] | /obj/item/device/geiger was unable to be GC'd --
## TESTING: GC: -- [0x2083506] | /obj/item/device/geiger was unable to be GC'd --
## TESTING: GC: -- [0x2082d9d] | /obj/item/device/geiger was unable to be GC'd --
## TESTING: GC: -- [0x208431e] | /obj/item/device/geiger was unable to be GC'd --
## TESTING: GC: -- [0x2083a2e] | /obj/item/device/geiger was unable to be GC'd --
## TESTING: GC: -- [0x2084313] | /obj/item/device/geiger was unable to be GC'd --
## TESTING: GC: -- [0x20834ec] | /obj/item/device/geiger was unable to be GC'd --
## MYSQL ERROR: The operation completed successfully.

## MYSQL ERROR: The operation completed successfully.

## MYSQL ERROR: The operation completed successfully.

## MYSQL ERROR: The operation completed successfully.

