## ERROR: File not found (config/dbconfig.txt)
## ERROR: Failed to load config/mods.txt
## ERROR: Failed to load config/mentors.txt
## MYSQL ERROR: The specified module could not be found.

Your server failed to establish a connection with the feedback database.
## WARNING: File not found: config/jukebox.json
## ERROR: Failed to load config/mods.txt
##MAP_ERROR: Multiple stairs at (10,18,7)
##MAP_ERROR: Multiple stairs at (13,18,7)
Initialized Jobs subsystem within 0 seconds!
Initialized Ticker subsystem within 0.01 seconds!
Initialized Mapping subsystem within 143.51 seconds!
Initialized Inventory subsystem within 143.55 seconds!
Initialized Character Setup subsystem within 143.57 seconds!
[20:38:43] Runtime in beaker.dm,28: Cannot read null.total_volume
  proc name: update icon (/obj/item/reagent_containers/glass/beaker/update_icon)
  src: the old cryostasis beaker (/obj/item/reagent_containers/glass/beaker/noreact)
  src.loc: the worn abandoned crate (/obj/structure/closet/crate/secure/loot)
  call stack:
  the old cryostasis beaker (/obj/item/reagent_containers/glass/beaker/noreact): update icon()
  the old cryostasis beaker (/obj/item/reagent_containers/glass/beaker/noreact): make old()
  the old cryostasis beaker (/obj/item/reagent_containers/glass/beaker/noreact): make old()
  the old cryostasis beaker (/obj/item/reagent_containers/glass/beaker/noreact): make old()
  the worn abandoned crate (/obj/structure/closet/crate/secure/loot): make old()
  the worn abandoned crate (/obj/structure/closet/crate/secure/loot): Initialize(1)
  Atoms (/datum/controller/subsystem/atoms): InitAtom(the worn abandoned crate (/obj/structure/closet/crate/secure/loot), 0, /list (/list))
  Atoms (/datum/controller/subsystem/atoms): InitializeAtoms(null, null)
  Atoms (/datum/controller/subsystem/atoms): Initialize(23204)
  Master (/datum/controller/master): Initialize(10, 0, null)
[20:38:43] Runtime in beaker.dm,28: Cannot read null.total_volume
  proc name: update icon (/obj/item/reagent_containers/glass/beaker/update_icon)
  src: the tarnished cryostasis beake... (/obj/item/reagent_containers/glass/beaker/noreact)
  src.loc: the worn abandoned crate (/obj/structure/closet/crate/secure/loot)
  call stack:
  the tarnished cryostasis beake... (/obj/item/reagent_containers/glass/beaker/noreact): update icon()
  the tarnished cryostasis beake... (/obj/item/reagent_containers/glass/beaker/noreact): make old()
  the tarnished cryostasis beake... (/obj/item/reagent_containers/glass/beaker/noreact): make old()
  the tarnished cryostasis beake... (/obj/item/reagent_containers/glass/beaker/noreact): make old()
  the worn abandoned crate (/obj/structure/closet/crate/secure/loot): make old()
  the worn abandoned crate (/obj/structure/closet/crate/secure/loot): Initialize(1)
  Atoms (/datum/controller/subsystem/atoms): InitAtom(the worn abandoned crate (/obj/structure/closet/crate/secure/loot), 0, /list (/list))
  Atoms (/datum/controller/subsystem/atoms): InitializeAtoms(null, null)
  Atoms (/datum/controller/subsystem/atoms): Initialize(23204)
  Master (/datum/controller/master): Initialize(10, 0, null)
[20:38:43] Runtime in beaker.dm,28: Cannot read null.total_volume
  proc name: update icon (/obj/item/reagent_containers/glass/beaker/update_icon)
  src: the old cryostasis beaker (/obj/item/reagent_containers/glass/beaker/noreact)
  src.loc: the worn abandoned crate (/obj/structure/closet/crate/secure/loot)
  call stack:
  the old cryostasis beaker (/obj/item/reagent_containers/glass/beaker/noreact): update icon()
  the old cryostasis beaker (/obj/item/reagent_containers/glass/beaker/noreact): make old()
  the old cryostasis beaker (/obj/item/reagent_containers/glass/beaker/noreact): make old()
  the old cryostasis beaker (/obj/item/reagent_containers/glass/beaker/noreact): make old()
  the worn abandoned crate (/obj/structure/closet/crate/secure/loot): make old()
  the worn abandoned crate (/obj/structure/closet/crate/secure/loot): Initialize(1)
  Atoms (/datum/controller/subsystem/atoms): InitAtom(the worn abandoned crate (/obj/structure/closet/crate/secure/loot), 0, /list (/list))
  Atoms (/datum/controller/subsystem/atoms): InitializeAtoms(null, null)
  Atoms (/datum/controller/subsystem/atoms): Initialize(23204)
  Master (/datum/controller/master): Initialize(10, 0, null)
## MYSQL ERROR: Cannot create a file when that file already exists.

## MYSQL ERROR: The operation completed successfully.

Initialized Atoms subsystem within 358.39 seconds!
Initialized Machines subsystem within 362.47 seconds!
Initialized Circuit subsystem within 362.55 seconds!
Initialized Chemistry subsystem within 362.56 seconds!
Initialized Evacuation subsystem within 362.57 seconds!
Initialized Event Manager subsystem within 362.58 seconds!
Initialized Inactivity subsystem within 362.59 seconds!
Generating Asteroid Belt: 1 - Affinity: Greyson
Junk Field build starting at zlevel 19.
Junk field portal placed at (28, 103, 19)
Generating edges of junk field at zlevel 19.
Junk Field build complete at zlevel 19.
Initialized Misc subsystem within 372.83 seconds!
Initialized Research subsystem within 388 seconds!
Initialized Tips and Tricks subsystem within 388.02 seconds!
Initialized Trade subsystem within 390.19 seconds!
Initialized Voting subsystem within 390.23 seconds!
Initialized Weather subsystem within 390.23 seconds!
Initialized Turbolift controller subsystem within 390.24 seconds!
Initialized Air subsystem within 423.94 seconds!
Initialized Alarm subsystem within 423.95 seconds!
Initialized Craft subsystem within 423.99 seconds!
Initialized Assets subsystem within 553.96 seconds!
## MYSQL ERROR: The operation completed successfully.

## MYSQL ERROR: The operation completed successfully.

Initialized Overlay subsystem within 558.07 seconds!
Initialized Admin Tickets subsystem within 558.08 seconds!
Initialized Mentor Tickets subsystem within 558.09 seconds!
Initialized Lighting subsystem within 581.91 seconds!
Initialized Shuttle subsystem within 581.92 seconds!
Initialized Pathfinder subsystem within 581.95 seconds!
Initialized Xenoarch subsystem within 583.87 seconds!
Initialized Economy subsystem within 583.88 seconds!
Initialized Migration subsystem within 583.89 seconds!
Initialized Radiation subsystem within 584.07 seconds!
Initialized Chat subsystem within 584.08 seconds!
Initializations complete within 584.3 seconds!
## WARNING: Timer buckets has been reset, this may cause timer to lag in code/controllers/subsystems/timer.dm at line 237 src: Timer usr: .
## TESTING: GC: -- [0x20162be] | /obj/effect/decal/cleanable/blood/gibs was unable to be GC'd --
## TESTING: GC: -- [0x2016372] | /obj/effect/decal/cleanable/blood/gibs was unable to be GC'd --
## TESTING: GC: -- [0x20163a0] | /obj/effect/decal/cleanable/blood/gibs was unable to be GC'd --
## TESTING: GC: -- [0x20163a3] | /obj/effect/decal/cleanable/blood/gibs was unable to be GC'd --
## TESTING: GC: -- [0x20164ce] | /obj/effect/decal/cleanable/blood/gibs was unable to be GC'd --
## TESTING: GC: -- [0x20164d1] | /obj/effect/decal/cleanable/blood/gibs was unable to be GC'd --
## TESTING: GC: -- [0x201652a] | /obj/effect/decal/cleanable/blood/gibs was unable to be GC'd --
## TESTING: GC: -- [0x20165e6] | /obj/effect/decal/cleanable/blood/gibs was unable to be GC'd --
## TESTING: GC: -- [0x2016622] | /obj/effect/decal/cleanable/blood/gibs was unable to be GC'd --
## TESTING: GC: -- [0x2016654] | /obj/effect/decal/cleanable/blood/gibs was unable to be GC'd --
## TESTING: GC: -- [0x2016655] | /obj/effect/decal/cleanable/blood/gibs was unable to be GC'd --
## TESTING: GC: -- [0x201668d] | /obj/effect/decal/cleanable/blood/gibs was unable to be GC'd --
## TESTING: GC: -- [0x20168be] | /obj/effect/decal/cleanable/blood/gibs was unable to be GC'd --
## TESTING: GC: -- [0x20168f9] | /obj/effect/decal/cleanable/blood/gibs was unable to be GC'd --
## TESTING: GC: -- [0x2016934] | /obj/effect/decal/cleanable/blood/gibs was unable to be GC'd --
## TESTING: GC: -- [0x2016a6d] | /obj/effect/decal/cleanable/blood/gibs was unable to be GC'd --
## TESTING: GC: -- [0x2016acf] | /obj/effect/decal/cleanable/blood/gibs was unable to be GC'd --
## TESTING: GC: -- [0x2016b61] | /obj/effect/decal/cleanable/blood/gibs was unable to be GC'd --
## TESTING: GC: -- [0x2016bb8] | /obj/effect/decal/cleanable/blood/gibs was unable to be GC'd --
## TESTING: GC: -- [0x2016be6] | /obj/effect/decal/cleanable/blood/gibs was unable to be GC'd --
## TESTING: GC: -- [0x2016bfb] | /obj/effect/decal/cleanable/blood/gibs was unable to be GC'd --
## TESTING: GC: -- [0x2033487] | /obj/machinery/atmospherics/pipe/simple/hidden/scrubbers was unable to be GC'd --
## TESTING: GC: -- [0x2033469] | /obj/machinery/atmospherics/pipe/simple/hidden/supply was unable to be GC'd --
## TESTING: GC: -- [0x203337a] | /obj/machinery/atmospherics/pipe/simple/hidden/scrubbers was unable to be GC'd --
## TESTING: GC: -- [0x2033488] | /obj/machinery/atmospherics/pipe/simple/hidden/supply was unable to be GC'd --
## TESTING: GC: -- [0x203345f] | /obj/machinery/atmospherics/pipe/simple/hidden/scrubbers was unable to be GC'd --
## TESTING: GC: -- [0x20334c4] | /obj/machinery/atmospherics/pipe/simple/hidden/supply was unable to be GC'd --
## TESTING: GC: -- [0x2033658] | /obj/machinery/atmospherics/pipe/simple/hidden/scrubbers was unable to be GC'd --
## TESTING: GC: -- [0x2033659] | /obj/machinery/atmospherics/pipe/simple/hidden/supply was unable to be GC'd --
## TESTING: GC: -- [0x2033662] | /obj/machinery/atmospherics/pipe/simple/hidden/scrubbers was unable to be GC'd --
## TESTING: GC: -- [0x2033663] | /obj/machinery/atmospherics/pipe/simple/hidden/supply was unable to be GC'd --
## TESTING: GC: -- [0x203366b] | /obj/machinery/atmospherics/pipe/simple/hidden/scrubbers was unable to be GC'd --
## TESTING: GC: -- [0x203366c] | /obj/machinery/atmospherics/pipe/simple/hidden/supply was unable to be GC'd --
## TESTING: GC: -- [0x203365c] | /obj/machinery/atmospherics/pipe/simple/hidden/red was unable to be GC'd --
## TESTING: GC: -- [0x20336ec] | /obj/machinery/atmospherics/pipe/simple/hidden/red was unable to be GC'd --
## TESTING: GC: -- [0x20336e9] | /obj/machinery/atmospherics/pipe/simple/hidden/scrubbers was unable to be GC'd --
## TESTING: GC: -- [0x203368c] | /obj/machinery/atmospherics/pipe/simple/hidden/supply was unable to be GC'd --
## TESTING: GC: -- [0x203367e] | /obj/machinery/atmospherics/pipe/simple/hidden/scrubbers was unable to be GC'd --
## TESTING: GC: -- [0x20336e8] | /obj/machinery/atmospherics/pipe/simple/hidden/supply was unable to be GC'd --
## TESTING: GC: -- [0x203371b] | /obj/machinery/atmospherics/pipe/simple/hidden/scrubbers was unable to be GC'd --
## TESTING: GC: -- [0x203371c] | /obj/machinery/atmospherics/pipe/simple/hidden/supply was unable to be GC'd --
## TESTING: GC: -- [0x203371a] | /obj/machinery/atmospherics/pipe/simple/hidden/supply was unable to be GC'd --
## TESTING: GC: -- [0x2033686] | /obj/machinery/atmospherics/pipe/simple/hidden/scrubbers was unable to be GC'd --
## TESTING: GC: -- [0x2033750] | /obj/machinery/atmospherics/pipe/simple/hidden/supply was unable to be GC'd --
## TESTING: GC: -- [0x2033751] | /obj/machinery/atmospherics/pipe/simple/hidden/scrubbers was unable to be GC'd --
## TESTING: GC: -- [0x203375b] | /obj/machinery/atmospherics/pipe/simple/hidden/supply was unable to be GC'd --
## TESTING: GC: -- [0x203375c] | /obj/machinery/atmospherics/pipe/simple/hidden/scrubbers was unable to be GC'd --
## TESTING: GC: -- [0x203376d] | /obj/machinery/atmospherics/pipe/simple/hidden/supply was unable to be GC'd --
## TESTING: GC: -- [0x203376e] | /obj/machinery/atmospherics/pipe/simple/hidden/scrubbers was unable to be GC'd --
## TESTING: GC: -- [0x2033778] | /obj/machinery/atmospherics/pipe/simple/hidden/supply was unable to be GC'd --
## TESTING: GC: -- [0x2033779] | /obj/machinery/atmospherics/pipe/simple/hidden/scrubbers was unable to be GC'd --
## TESTING: GC: -- [0x2033780] | /obj/machinery/atmospherics/pipe/simple/hidden/supply was unable to be GC'd --
## TESTING: GC: -- [0x2033781] | /obj/machinery/atmospherics/pipe/simple/hidden/scrubbers was unable to be GC'd --
## TESTING: GC: -- [0x20337eb] | /obj/machinery/atmospherics/pipe/simple/hidden was unable to be GC'd --
## TESTING: GC: -- [0x20337da] | /obj/machinery/atmospherics/pipe/simple/hidden was unable to be GC'd --
## TESTING: GC: -- [0x2033820] | /obj/machinery/atmospherics/pipe/simple/hidden/scrubbers was unable to be GC'd --
## TESTING: GC: -- [0x20337fd] | /obj/machinery/atmospherics/pipe/simple/hidden/supply was unable to be GC'd --
## TESTING: GC: -- [0x203387a] | /obj/machinery/atmospherics/pipe/simple/hidden/scrubbers was unable to be GC'd --
## TESTING: GC: -- [0x203387b] | /obj/machinery/atmospherics/pipe/simple/hidden/supply was unable to be GC'd --
## TESTING: GC: -- [0x2033873] | /obj/machinery/atmospherics/pipe/simple/hidden/scrubbers was unable to be GC'd --
## TESTING: GC: -- [0x203386e] | /obj/machinery/atmospherics/pipe/simple/hidden/supply was unable to be GC'd --
## TESTING: GC: -- [0x20338c0] | /obj/machinery/atmospherics/pipe/simple/hidden/supply was unable to be GC'd --
## TESTING: GC: -- [0x20338c1] | /obj/machinery/atmospherics/pipe/simple/hidden/scrubbers was unable to be GC'd --
## TESTING: GC: -- [0x20338d5] | /obj/machinery/atmospherics/pipe/simple/hidden/supply was unable to be GC'd --
## TESTING: GC: -- [0x20338d6] | /obj/machinery/atmospherics/pipe/simple/hidden/scrubbers was unable to be GC'd --
## TESTING: GC: -- [0x2033871] | /obj/machinery/atmospherics/pipe/simple/hidden/supply was unable to be GC'd --
## TESTING: GC: -- [0x203389e] | /obj/machinery/atmospherics/pipe/simple/hidden/scrubbers was unable to be GC'd --
## TESTING: GC: -- [0x20338f2] | /obj/machinery/atmospherics/pipe/simple/hidden was unable to be GC'd --
## TESTING: GC: -- [0x20338f3] | /obj/machinery/atmospherics/pipe/simple/hidden was unable to be GC'd --
## TESTING: GC: -- [0x2033909] | /obj/machinery/atmospherics/pipe/simple/hidden/supply was unable to be GC'd --
## TESTING: GC: -- [0x203390a] | /obj/machinery/atmospherics/pipe/simple/hidden/scrubbers was unable to be GC'd --
## TESTING: GC: -- [0x203391e] | /obj/machinery/atmospherics/pipe/simple/hidden/supply was unable to be GC'd --
## TESTING: GC: -- [0x203391f] | /obj/machinery/atmospherics/pipe/simple/hidden/scrubbers was unable to be GC'd --
## TESTING: GC: -- [0x2033929] | /obj/machinery/atmospherics/pipe/simple/hidden/supply was unable to be GC'd --
## TESTING: GC: -- [0x203392a] | /obj/machinery/atmospherics/pipe/simple/hidden/scrubbers was unable to be GC'd --
## TESTING: GC: -- [0x2105f935] | /datum/radio_frequency was unable to be GC'd --
## TESTING: GC: -- [0x2006b90] | /obj/machinery/atmospherics/pipe/manifold/hidden/scrubbers was unable to be GC'd --
## TESTING: GC: -- [0x2007c4a] | /obj/machinery/atmospherics/pipe/manifold/hidden/supply was unable to be GC'd --
## TESTING: GC: -- [0x2009a7f] | /obj/machinery/atmospherics/pipe/manifold/hidden/supply was unable to be GC'd --
## TESTING: GC: -- [0x20370b2] | /obj/item/tank/oxygen was unable to be GC'd --
## TESTING: GC: -- [0x20149f6] | /obj/effect/decal/cleanable/greenglow was unable to be GC'd --
## TESTING: GC: -- [0x2014b96] | /obj/effect/decal/cleanable/greenglow was unable to be GC'd --
## TESTING: GC: -- [0x20150b1] | /obj/effect/decal/cleanable/greenglow was unable to be GC'd --
## TESTING: GC: -- [0x2082523] | /obj/machinery/atmospherics/pipe/manifold4w/hidden was unable to be GC'd --
## TESTING: GC: -- [0x20822f3] | /obj/machinery/atmospherics/pipe/manifold4w/hidden was unable to be GC'd --
## TESTING: GC: -- [0x2085001] | /obj/machinery/atmospherics/pipe/simple/visible/yellow was unable to be GC'd --
## TESTING: GC: -- [0x2083f65] | /obj/machinery/atmospherics/pipe/simple/visible/yellow was unable to be GC'd --
## TESTING: GC: -- [0x2083e21] | /obj/machinery/atmospherics/pipe/simple/visible/yellow was unable to be GC'd --
## TESTING: GC: -- [0x2084fc0] | /obj/machinery/atmospherics/pipe/simple/visible/yellow was unable to be GC'd --
## TESTING: GC: -- [0x2083edf] | /obj/machinery/atmospherics/pipe/simple/visible/yellow was unable to be GC'd --
## TESTING: GC: -- [0x2083e42] | /obj/machinery/atmospherics/pipe/simple/visible/yellow was unable to be GC'd --
## TESTING: GC: -- [0x2084aeb] | /obj/machinery/atmospherics/pipe/simple/visible/yellow was unable to be GC'd --
## TESTING: GC: -- [0x2083ea3] | /obj/machinery/atmospherics/pipe/simple/visible/yellow was unable to be GC'd --
## TESTING: GC: -- [0x2083de8] | /obj/machinery/atmospherics/pipe/simple/visible/yellow was unable to be GC'd --
## TESTING: GC: -- [0x2083ddf] | /obj/machinery/atmospherics/pipe/simple/visible/yellow was unable to be GC'd --
## TESTING: GC: -- [0x2083eb2] | /obj/machinery/atmospherics/pipe/simple/visible/yellow was unable to be GC'd --
## TESTING: GC: -- [0x2083fc9] | /obj/machinery/atmospherics/pipe/simple/visible/yellow was unable to be GC'd --
## TESTING: GC: -- [0x2083db5] | /obj/machinery/atmospherics/pipe/simple/visible/yellow was unable to be GC'd --
## TESTING: GC: -- [0x2084ffd] | /obj/machinery/atmospherics/pipe/simple/visible/yellow was unable to be GC'd --
## TESTING: GC: -- [0x2083e4a] | /obj/machinery/atmospherics/pipe/simple/visible/yellow was unable to be GC'd --
## TESTING: GC: -- [0x208500c] | /obj/machinery/atmospherics/pipe/simple/visible/yellow was unable to be GC'd --
## TESTING: GC: -- [0x208500b] | /obj/machinery/atmospherics/pipe/simple/visible/yellow was unable to be GC'd --
## TESTING: GC: -- [0x2083e8f] | /obj/machinery/atmospherics/pipe/simple/visible/yellow was unable to be GC'd --
## TESTING: GC: -- [0x2083e04] | /obj/machinery/atmospherics/pipe/simple/visible/yellow was unable to be GC'd --
## TESTING: GC: -- [0x2084fcc] | /obj/machinery/atmospherics/pipe/simple/visible/yellow was unable to be GC'd --
## TESTING: GC: -- [0x2083ece] | /obj/machinery/atmospherics/pipe/simple/visible/yellow was unable to be GC'd --
## TESTING: GC: -- [0x2083e6d] | /obj/machinery/atmospherics/pipe/simple/visible/yellow was unable to be GC'd --
## TESTING: GC: -- [0x20833df] | /obj/machinery/atmospherics/pipe/simple/visible/yellow was unable to be GC'd --
## TESTING: GC: -- [0x2084496] | /obj/machinery/atmospherics/pipe/simple/visible/yellow was unable to be GC'd --
## TESTING: GC: -- [0x20832f7] | /obj/machinery/atmospherics/pipe/simple/visible/yellow was unable to be GC'd --
## TESTING: GC: -- [0x2083301] | /obj/machinery/atmospherics/pipe/simple/visible/yellow was unable to be GC'd --
## TESTING: GC: -- [0x2084462] | /obj/machinery/atmospherics/pipe/simple/visible/yellow was unable to be GC'd --
## TESTING: GC: -- [0x20832da] | /obj/machinery/atmospherics/pipe/simple/visible/yellow was unable to be GC'd --
## TESTING: GC: -- [0x2084424] | /obj/machinery/atmospherics/pipe/simple/visible/yellow was unable to be GC'd --
## TESTING: GC: -- [0x208441e] | /obj/machinery/atmospherics/pipe/simple/visible/yellow was unable to be GC'd --
## TESTING: GC: -- [0x2083249] | /obj/machinery/atmospherics/pipe/simple/visible/yellow was unable to be GC'd --
## TESTING: GC: -- [0x2082488] | /obj/machinery/atmospherics/pipe/simple/visible/yellow was unable to be GC'd --
## TESTING: GC: -- [0x208438d] | /obj/machinery/atmospherics/pipe/simple/visible/yellow was unable to be GC'd --
## TESTING: GC: -- [0x208343b] | /obj/machinery/atmospherics/pipe/simple/visible/yellow was unable to be GC'd --
## TESTING: GC: -- [0x20833fb] | /obj/machinery/atmospherics/pipe/simple/visible/yellow was unable to be GC'd --
## TESTING: GC: -- [0x20844ad] | /obj/machinery/atmospherics/pipe/simple/visible/yellow was unable to be GC'd --
## TESTING: GC: -- [0x2084431] | /obj/machinery/atmospherics/pipe/simple/visible/yellow was unable to be GC'd --
## TESTING: GC: -- [0x208443c] | /obj/machinery/atmospherics/pipe/simple/visible/yellow was unable to be GC'd --
## TESTING: GC: -- [0x2082395] | /obj/machinery/atmospherics/pipe/simple/visible/yellow was unable to be GC'd --
## TESTING: GC: -- [0x208330c] | /obj/machinery/atmospherics/pipe/simple/visible/yellow was unable to be GC'd --
## TESTING: GC: -- [0x2084450] | /obj/machinery/atmospherics/pipe/simple/visible/yellow was unable to be GC'd --
## TESTING: GC: -- [0x208444d] | /obj/machinery/atmospherics/pipe/simple/visible/yellow was unable to be GC'd --
## TESTING: GC: -- [0x20832fb] | /obj/machinery/atmospherics/pipe/simple/visible/yellow was unable to be GC'd --
## TESTING: GC: -- [0x2084a63] | /obj/machinery/atmospherics/pipe/simple/visible/yellow was unable to be GC'd --
