## ERROR: File not found (config/dbconfig.txt)
## ERROR: Failed to load config/mods.txt
## ERROR: Failed to load config/mentors.txt
## MYSQL ERROR: The specified module could not be found.

Your server failed to establish a connection with the feedback database.
## WARNING: File not found: config/jukebox.json
## ERROR: Failed to load config/mods.txt
##MAP_ERROR: Multiple stairs at (10,18,7)
##MAP_ERROR: Multiple stairs at (13,18,7)
Initialized Jobs subsystem within 0 seconds!
Initialized Ticker subsystem within 0.01 seconds!
## MYSQL ERROR: The operation completed successfully.

## MYSQL ERROR: The operation completed successfully.

Initialized Mapping subsystem within 122.7 seconds!
Initialized Inventory subsystem within 122.77 seconds!
## MYSQL ERROR: The operation completed successfully.

Initialized Character Setup subsystem within 122.96 seconds!
## MYSQL ERROR: The operation completed successfully.

## MYSQL ERROR: The operation completed successfully.

Initialized Atoms subsystem within 287.33 seconds!
Initialized Machines subsystem within 290.69 seconds!
Initialized Circuit subsystem within 290.75 seconds!
Initialized Chemistry subsystem within 290.76 seconds!
Initialized Evacuation subsystem within 290.77 seconds!
Initialized Event Manager subsystem within 290.78 seconds!
Initialized Inactivity subsystem within 290.78 seconds!
Generating Asteroid Belt: 0 - Affinity: Void Wolf
Junk Field build starting at zlevel 19.
Junk field portal placed at (83, 108, 19)
Generating edges of junk field at zlevel 19.
Junk Field build complete at zlevel 19.
Initialized Misc subsystem within 302.68 seconds!
Initialized Research subsystem within 315.08 seconds!
Initialized Tips and Tricks subsystem within 315.1 seconds!
Initialized Trade subsystem within 317.01 seconds!
Initialized Voting subsystem within 317.04 seconds!
Initialized Weather subsystem within 317.05 seconds!
Initialized Turbolift controller subsystem within 317.06 seconds!
Initialized Air subsystem within 344.35 seconds!
Initialized Alarm subsystem within 344.36 seconds!
Initialized Craft subsystem within 344.4 seconds!
Initialized Assets subsystem within 410.48 seconds!
Initialized Overlay subsystem within 412.31 seconds!
Initialized Admin Tickets subsystem within 412.33 seconds!
Initialized Mentor Tickets subsystem within 412.33 seconds!
Initialized Lighting subsystem within 431.03 seconds!
Initialized Shuttle subsystem within 431.04 seconds!
Initialized Pathfinder subsystem within 431.05 seconds!
Initialized Xenoarch subsystem within 432.66 seconds!
Initialized Economy subsystem within 432.67 seconds!
Initialized Migration subsystem within 432.68 seconds!
Initialized Radiation subsystem within 432.91 seconds!
Initialized Chat subsystem within 432.92 seconds!
Initializations complete within 432.9 seconds!
## WARNING: Timer buckets has been reset, this may cause timer to lag in code/controllers/subsystems/timer.dm at line 237 src: Timer usr: .
Game start took 6.8s
## TESTING: GC: -- [0x20162ac] | /obj/effect/decal/cleanable/blood/gibs was unable to be GC'd --
## TESTING: GC: -- [0x2016360] | /obj/effect/decal/cleanable/blood/gibs was unable to be GC'd --
## TESTING: GC: -- [0x201638e] | /obj/effect/decal/cleanable/blood/gibs was unable to be GC'd --
## TESTING: GC: -- [0x2016391] | /obj/effect/decal/cleanable/blood/gibs was unable to be GC'd --
## TESTING: GC: -- [0x20164bc] | /obj/effect/decal/cleanable/blood/gibs was unable to be GC'd --
## TESTING: GC: -- [0x20164bf] | /obj/effect/decal/cleanable/blood/gibs was unable to be GC'd --
## TESTING: GC: -- [0x2016518] | /obj/effect/decal/cleanable/blood/gibs was unable to be GC'd --
## TESTING: GC: -- [0x20165d3] | /obj/effect/decal/cleanable/blood/gibs was unable to be GC'd --
## TESTING: GC: -- [0x2016610] | /obj/effect/decal/cleanable/blood/gibs was unable to be GC'd --
## TESTING: GC: -- [0x2016641] | /obj/effect/decal/cleanable/blood/gibs was unable to be GC'd --
## TESTING: GC: -- [0x2016642] | /obj/effect/decal/cleanable/blood/gibs was unable to be GC'd --
## TESTING: GC: -- [0x201667a] | /obj/effect/decal/cleanable/blood/gibs was unable to be GC'd --
## TESTING: GC: -- [0x20168ab] | /obj/effect/decal/cleanable/blood/gibs was unable to be GC'd --
## TESTING: GC: -- [0x20168e6] | /obj/effect/decal/cleanable/blood/gibs was unable to be GC'd --
## TESTING: GC: -- [0x2016921] | /obj/effect/decal/cleanable/blood/gibs was unable to be GC'd --
## TESTING: GC: -- [0x2016a5a] | /obj/effect/decal/cleanable/blood/gibs was unable to be GC'd --
## TESTING: GC: -- [0x2016abc] | /obj/effect/decal/cleanable/blood/gibs was unable to be GC'd --
## TESTING: GC: -- [0x2016b4e] | /obj/effect/decal/cleanable/blood/gibs was unable to be GC'd --
## TESTING: GC: -- [0x2016ba5] | /obj/effect/decal/cleanable/blood/gibs was unable to be GC'd --
## TESTING: GC: -- [0x2016bd3] | /obj/effect/decal/cleanable/blood/gibs was unable to be GC'd --
## TESTING: GC: -- [0x2016be8] | /obj/effect/decal/cleanable/blood/gibs was unable to be GC'd --
## TESTING: GC: -- [0x3000754] | /mob/new_player was unable to be GC'd --
## TESTING: GC: -- [0x2034279] | /obj/machinery/atmospherics/pipe/simple/hidden was unable to be GC'd --
## TESTING: GC: -- [0x203428c] | /obj/machinery/atmospherics/pipe/simple/hidden was unable to be GC'd --
## TESTING: GC: -- [0x203374f] | /obj/machinery/atmospherics/pipe/simple/hidden/red was unable to be GC'd --
## TESTING: GC: -- [0x2034322] | /obj/machinery/atmospherics/pipe/simple/hidden/red was unable to be GC'd --
## TESTING: GC: -- [0x20343a1] | /obj/machinery/atmospherics/pipe/simple/hidden/supply was unable to be GC'd --
## TESTING: GC: -- [0x20343a2] | /obj/machinery/atmospherics/pipe/simple/hidden/scrubbers was unable to be GC'd --
## TESTING: GC: -- [0x20343ae] | /obj/machinery/atmospherics/pipe/simple/hidden/supply was unable to be GC'd --
## TESTING: GC: -- [0x20343b2] | /obj/machinery/atmospherics/pipe/simple/hidden/scrubbers was unable to be GC'd --
## TESTING: GC: -- [0x2033a3f] | /obj/machinery/atmospherics/pipe/simple/hidden/supply was unable to be GC'd --
## TESTING: GC: -- [0x203438a] | /obj/machinery/atmospherics/pipe/simple/hidden/scrubbers was unable to be GC'd --
## TESTING: GC: -- [0x2034441] | /obj/machinery/atmospherics/pipe/simple/hidden was unable to be GC'd --
## TESTING: GC: -- [0x2034460] | /obj/machinery/atmospherics/pipe/simple/hidden was unable to be GC'd --
## TESTING: GC: -- [0x2033a12] | /obj/machinery/atmospherics/pipe/simple/hidden was unable to be GC'd --
## TESTING: GC: -- [0x2033d04] | /obj/machinery/atmospherics/pipe/simple/hidden was unable to be GC'd --
## TESTING: GC: -- [0x2034557] | /obj/machinery/atmospherics/pipe/simple/hidden was unable to be GC'd --
## TESTING: GC: -- [0x2034558] | /obj/machinery/atmospherics/pipe/simple/hidden was unable to be GC'd --
## TESTING: GC: -- [0x2033c42] | /obj/machinery/atmospherics/pipe/simple/hidden/supply was unable to be GC'd --
## TESTING: GC: -- [0x2033a0f] | /obj/machinery/atmospherics/pipe/simple/hidden/scrubbers was unable to be GC'd --
## TESTING: GC: -- [0x203455c] | /obj/machinery/atmospherics/pipe/simple/hidden/supply was unable to be GC'd --
## TESTING: GC: -- [0x203455a] | /obj/machinery/atmospherics/pipe/simple/hidden/scrubbers was unable to be GC'd --
## TESTING: GC: -- [0x2034563] | /obj/machinery/atmospherics/pipe/simple/hidden/supply was unable to be GC'd --
## TESTING: GC: -- [0x2034564] | /obj/machinery/atmospherics/pipe/simple/hidden/scrubbers was unable to be GC'd --
## TESTING: GC: -- [0x2034577] | /obj/machinery/atmospherics/pipe/simple/hidden/red was unable to be GC'd --
## TESTING: GC: -- [0x2034517] | /obj/machinery/atmospherics/pipe/simple/hidden/red was unable to be GC'd --
## TESTING: GC: -- [0x20345d5] | /obj/machinery/atmospherics/pipe/simple/hidden/red was unable to be GC'd --
## TESTING: GC: -- [0x20345fa] | /obj/machinery/atmospherics/pipe/simple/hidden/red was unable to be GC'd --
## TESTING: GC: -- [0x20345f2] | /obj/machinery/atmospherics/pipe/simple/hidden/supply was unable to be GC'd --
## TESTING: GC: -- [0x20345fc] | /obj/machinery/atmospherics/pipe/simple/hidden/scrubbers was unable to be GC'd --
## TESTING: GC: -- [0x20345f6] | /obj/machinery/atmospherics/pipe/simple/hidden/supply was unable to be GC'd --
## TESTING: GC: -- [0x2034604] | /obj/machinery/atmospherics/pipe/simple/hidden/scrubbers was unable to be GC'd --
## TESTING: GC: -- [0x20345a1] | /obj/machinery/atmospherics/pipe/simple/hidden/supply was unable to be GC'd --
## TESTING: GC: -- [0x203458f] | /obj/machinery/atmospherics/pipe/simple/hidden/scrubbers was unable to be GC'd --
## TESTING: GC: -- [0x2034628] | /obj/machinery/atmospherics/pipe/simple/hidden/scrubbers was unable to be GC'd --
## TESTING: GC: -- [0x2034629] | /obj/machinery/atmospherics/pipe/simple/hidden/supply was unable to be GC'd --
## TESTING: GC: -- [0x203462f] | /obj/machinery/atmospherics/pipe/simple/hidden/scrubbers was unable to be GC'd --
## TESTING: GC: -- [0x2034630] | /obj/machinery/atmospherics/pipe/simple/hidden/supply was unable to be GC'd --
## TESTING: GC: -- [0x2034637] | /obj/machinery/atmospherics/pipe/simple/hidden/scrubbers was unable to be GC'd --
## TESTING: GC: -- [0x2034638] | /obj/machinery/atmospherics/pipe/simple/hidden/supply was unable to be GC'd --
## TESTING: GC: -- [0x2034652] | /obj/machinery/atmospherics/pipe/simple/visible/yellow was unable to be GC'd --
## TESTING: GC: -- [0x2034643] | /obj/machinery/atmospherics/pipe/simple/visible/yellow was unable to be GC'd --
## TESTING: GC: -- [0x203411c] | /obj/machinery/atmospherics/pipe/simple/hidden/supply was unable to be GC'd --
## TESTING: GC: -- [0x2034110] | /obj/machinery/atmospherics/pipe/simple/hidden/scrubbers was unable to be GC'd --
## TESTING: GC: -- [0x2105e581] | /datum/radio_frequency was unable to be GC'd --
## TESTING: GC: -- [0x2037d55] | /obj/item/tank/oxygen was unable to be GC'd --
## TESTING: GC: -- [0x20836b5] | /obj/machinery/atmospherics/pipe/manifold4w/hidden was unable to be GC'd --
## TESTING: GC: -- [0x208549b] | /obj/machinery/atmospherics/pipe/simple/visible/yellow was unable to be GC'd --
## TESTING: GC: -- [0x20854b2] | /obj/machinery/atmospherics/pipe/simple/visible/yellow was unable to be GC'd --
## TESTING: GC: -- [0x20854c4] | /obj/machinery/atmospherics/pipe/simple/visible/yellow was unable to be GC'd --
## TESTING: GC: -- [0x20854d5] | /obj/machinery/atmospherics/pipe/simple/visible/yellow was unable to be GC'd --
## TESTING: GC: -- [0x20854e9] | /obj/machinery/atmospherics/pipe/simple/visible/yellow was unable to be GC'd --
## TESTING: GC: -- [0x20854fa] | /obj/machinery/atmospherics/pipe/simple/visible/yellow was unable to be GC'd --
## TESTING: GC: -- [0x208550f] | /obj/machinery/atmospherics/pipe/simple/visible/yellow was unable to be GC'd --
## TESTING: GC: -- [0x208551f] | /obj/machinery/atmospherics/pipe/simple/visible/yellow was unable to be GC'd --
## TESTING: GC: -- [0x2085531] | /obj/machinery/atmospherics/pipe/simple/visible/yellow was unable to be GC'd --
## TESTING: GC: -- [0x2085548] | /obj/machinery/atmospherics/pipe/simple/visible/yellow was unable to be GC'd --
## TESTING: GC: -- [0x2085555] | /obj/machinery/atmospherics/pipe/simple/visible/yellow was unable to be GC'd --
## TESTING: GC: -- [0x2085492] | /obj/machinery/atmospherics/pipe/simple/visible/yellow was unable to be GC'd --
## TESTING: GC: -- [0x20854a1] | /obj/machinery/atmospherics/pipe/simple/visible/yellow was unable to be GC'd --
## TESTING: GC: -- [0x20854b7] | /obj/machinery/atmospherics/pipe/simple/visible/yellow was unable to be GC'd --
## TESTING: GC: -- [0x20854c9] | /obj/machinery/atmospherics/pipe/simple/visible/yellow was unable to be GC'd --
## TESTING: GC: -- [0x20854d9] | /obj/machinery/atmospherics/pipe/simple/visible/yellow was unable to be GC'd --
## TESTING: GC: -- [0x20854ee] | /obj/machinery/atmospherics/pipe/simple/visible/yellow was unable to be GC'd --
## TESTING: GC: -- [0x20854fe] | /obj/machinery/atmospherics/pipe/simple/visible/yellow was unable to be GC'd --
## TESTING: GC: -- [0x2085513] | /obj/machinery/atmospherics/pipe/simple/visible/yellow was unable to be GC'd --
## TESTING: GC: -- [0x2085524] | /obj/machinery/atmospherics/pipe/simple/visible/yellow was unable to be GC'd --
## TESTING: GC: -- [0x2085538] | /obj/machinery/atmospherics/pipe/simple/visible/yellow was unable to be GC'd --
## TESTING: GC: -- [0x208554c] | /obj/machinery/atmospherics/pipe/simple/visible/yellow was unable to be GC'd --
[20:28:01] Runtime in unsorted.dm,1381: addtimer called with a callback assigned to a qdeleted object. In the future such timers will not be supported and may refuse to run or run with a 0 wait
  proc name: stack trace (/proc/stack_trace)
  src: null
  call stack:
  stack trace("addtimer called with a callbac...")
   addtimer(/datum/callback (/datum/callback), 15, 0, null, "code/modules/mob/living/carbon...", 471)
  Greyson Positronic RMB-A unit (/mob/living/carbon/superior_animal/robot/greyson/roomba/gun_ba): handle attacking stance(Harden panther (/mob/living/carbon/superior_animal/xenomorph/runner/panther), 0, 1, 1)
  Greyson Positronic RMB-A unit (/mob/living/carbon/superior_animal/robot/greyson/roomba/gun_ba): handle ai()
  Greyson Positronic RMB-A unit (/mob/living/carbon/superior_animal/robot/greyson/roomba/gun_ba): Life(2)
  Mobs (/datum/controller/subsystem/processing/mobs): fire(1)
  Mobs (/datum/controller/subsystem/processing/mobs): fire(1)
  Mobs (/datum/controller/subsystem/processing/mobs): ignite(1)
## TESTING: GC: -- [0x3000db5] | /mob/living/carbon/superior_animal/xenomorph/runner was unable to be GC'd --
## TESTING: GC: -- [0x3000dcc] | /mob/living/carbon/superior_animal/xenomorph/sentinel was unable to be GC'd --
## TESTING: GC: -- [0x30010f1] | /mob/new_player was unable to be GC'd --
## TESTING: GC: -- [0x3001102] | /mob/living/simple_animal/hostile/hivebot/range was unable to be GC'd --
## ERROR: Greyson Field Offices is an area and is trying to make the sound: sound/weapons/shield/shieldpen.ogg
## TESTING: GC: -- [0x3001260] | /mob/living/carbon/superior_animal/psi_monster/ponderous was unable to be GC'd --
## ERROR: Greyson Field Offices is an area and is trying to make the sound: sound/weapons/shield/shieldpen.ogg
## ERROR: Greyson Field Offices is an area and is trying to make the sound: sound/weapons/shield/shieldpen.ogg
## TESTING: GC: -- [0x3000dd7] | /mob/living/carbon/superior_animal/xenomorph/runner was unable to be GC'd --
## ERROR: Greyson Field Offices is an area and is trying to make the sound: sound/weapons/shield/shieldpen.ogg
## ERROR: Greyson Field Offices is an area and is trying to make the sound: sound/weapons/shield/shieldpen.ogg
## TESTING: GC: -- [0x3001108] | /mob/living/simple_animal/hostile/hivebot/range was unable to be GC'd --
## TESTING: GC: -- [0x300126d] | /mob/living/carbon/superior_animal/psi_monster/hovering_nightmare was unable to be GC'd --
## TESTING: GC: -- [0x3000b7b] | /mob/living/carbon/superior_animal/roach/hunter was unable to be GC'd --
## TESTING: GC: -- [0x3001104] | /mob/living/simple_animal/hostile/retaliate/malf_drone was unable to be GC'd --
## TESTING: GC: -- [0x300110a] | /mob/living/simple_animal/hostile/hivebot was unable to be GC'd --
## TESTING: GC: -- [0x3001240] | /mob/living/carbon/superior_animal/psi_monster/pus_maggot was unable to be GC'd --
## TESTING: GC: -- [0x3001107] | /mob/living/simple_animal/hostile/hivebot was unable to be GC'd --
## TESTING: GC: -- [0x3001105] | /mob/living/simple_animal/hostile/hivebot/range was unable to be GC'd --
## TESTING: GC: -- [0x3000617] | /mob/living/carbon/superior_animal/roach/nanite was unable to be GC'd --
## TESTING: GC: -- [0x3001106] | /mob/living/simple_animal/hostile/hivebot was unable to be GC'd --
[20:36:05] Runtime in job.dm,21: Cannot modify null.associated_email_login.
  proc name: equip id (/decl/hierarchy/outfit/job/equip_id)
  usr: The new player () (/mob/new_player)
  src: Job - Outsider (/decl/hierarchy/outfit/job/outsider)
  call stack:
  Job - Outsider (/decl/hierarchy/outfit/job/outsider): equip id( (/mob/living/carbon/human), "Outsider", "Outsider", null)
  Job - Outsider (/decl/hierarchy/outfit/job/outsider): equip( (/mob/living/carbon/human), "Outsider", "Outsider", null)
  /datum/job/outsider (/datum/job/outsider): equip( (/mob/living/carbon/human), null)
  Jobs (/datum/controller/subsystem/job): EquipRank( (/mob/living/carbon/human), "Outsider")
  the new player (/mob/new_player): AttemptLateSpawn("Outsider", "Cryogenic Storage")
  the new player (/mob/new_player): Topic("src=\[0x3000442];SelectedJob=O...", /list (/list))
  Dexxiol (/client):  Topic(the new player (/mob/new_player), "src=\[0x3000442];SelectedJob=O...", /list (/list))
  /datum/callback/verb_callback (/datum/callback/verb_callback): Invoke()
  world: PushUsr(the new player (/mob/new_player), /datum/callback/verb_callback (/datum/callback/verb_callback))
  /datum/callback/verb_callback (/datum/callback/verb_callback): InvokeAsync()
  Verb Manager (/datum/controller/subsystem/verb_manager): run verb queue()
  Verb Manager (/datum/controller/subsystem/verb_manager): fire(0)
  Verb Manager (/datum/controller/subsystem/verb_manager): ignite(0)
  Master (/datum/controller/master): RunQueue()
  Master (/datum/controller/master): Loop()
  Master (/datum/controller/master): StartProcessing(0)
## TESTING: GC: -- [0x3000b98] | /mob/living/carbon/superior_animal/roach/toxic was unable to be GC'd --
## TESTING: GC: -- [0x3000837] | /mob/living/carbon/superior_animal/roach was unable to be GC'd --
## TESTING: GC: -- [0x210f24be] | /datum/radial_menu was unable to be GC'd --
## TESTING: GC: -- [0x2015085] | /obj/structure/boulder was unable to be GC'd --
## TESTING: GC: -- [0x210f2532] | /datum/radial_menu was unable to be GC'd --
## TESTING: GC: -- [0x2015088] | /obj/structure/boulder was unable to be GC'd --
## TESTING: GC: -- [0x210f24cc] | /datum/radial_menu was unable to be GC'd --
## TESTING: GC: -- [0x201508a] | /obj/structure/boulder was unable to be GC'd --
## TESTING: GC: -- [0x208a10c] | /obj/effect/effect/light was unable to be GC'd --
## TESTING: GC: -- [0x210f24cd] | /datum/radial_menu was unable to be GC'd --
## TESTING: GC: -- [0x20151b7] | /obj/structure/boulder was unable to be GC'd --
## TESTING: GC: -- [0x210f24f3] | /datum/radial_menu was unable to be GC'd --
## TESTING: GC: -- [0x20151e9] | /obj/structure/boulder was unable to be GC'd --
## TESTING: GC: -- [0x3000785] | /mob/living/carbon/superior_animal/roach/nanite was unable to be GC'd --
## TESTING: GC: -- [0x21058ec8] | /datum/radial_menu was unable to be GC'd --
## TESTING: GC: -- [0x2015286] | /obj/structure/boulder was unable to be GC'd --
## TESTING: GC: -- [0x210140e1] | /datum/radial_menu was unable to be GC'd --
## TESTING: GC: -- [0x2015288] | /obj/structure/boulder was unable to be GC'd --
## TESTING: GC: -- [0x210f2dd6] | /datum/radial_menu was unable to be GC'd --
## TESTING: GC: -- [0x2015213] | /obj/structure/boulder was unable to be GC'd --
## TESTING: GC: -- [0x210f2b34] | /datum/radial_menu was unable to be GC'd --
## TESTING: GC: -- [0x2015214] | /obj/structure/boulder was unable to be GC'd --
## TESTING: GC: -- [0x210f2ce3] | /datum/radial_menu was unable to be GC'd --
## TESTING: GC: -- [0x20152b3] | /obj/structure/boulder was unable to be GC'd --
## TESTING: GC: -- [0x210f2fda] | /datum/radial_menu was unable to be GC'd --
## TESTING: GC: -- [0x20152c1] | /obj/structure/boulder was unable to be GC'd --
## TESTING: GC: -- [0x208a46a] | /obj/effect/effect/light was unable to be GC'd --
## TESTING: GC: -- [0x210f064a] | /datum/radial_menu was unable to be GC'd --
## TESTING: GC: -- [0x210f311f] | /datum/radial_menu was unable to be GC'd --
## TESTING: GC: -- [0x201531d] | /obj/structure/boulder was unable to be GC'd --
## TESTING: GC: -- [0x210f119f] | /datum/radial_menu was unable to be GC'd --
## TESTING: GC: -- [0x2015321] | /obj/structure/boulder was unable to be GC'd --
## TESTING: GC: -- [0x21013524] | /datum/radial_menu was unable to be GC'd --
## TESTING: GC: -- [0x2015323] | /obj/structure/boulder was unable to be GC'd --
## TESTING: GC: -- [0x210f324f] | /datum/radial_menu was unable to be GC'd --
## TESTING: GC: -- [0x210f325a] | /datum/radial_menu was unable to be GC'd --
## TESTING: GC: -- [0x30000a1] | /mob/living/simple_animal/hostile/retaliate/malf_drone was unable to be GC'd --
## TESTING: GC: -- [0x2015340] | /obj/structure/boulder was unable to be GC'd --
## TESTING: GC: -- [0x300009a] | /mob/living/simple_animal/hostile/retaliate/malf_drone was unable to be GC'd --
## TESTING: GC: -- [0x210f1ff2] | /datum/radial_menu was unable to be GC'd --
## TESTING: GC: -- [0x2100849b] | /datum/radial_menu was unable to be GC'd --
## TESTING: GC: -- [0x2015336] | /obj/structure/boulder was unable to be GC'd --
## TESTING: GC: -- [0x210f3592] | /datum/radial_menu was unable to be GC'd --
## TESTING: GC: -- [0x2015338] | /obj/structure/boulder was unable to be GC'd --
## TESTING: GC: -- [0x210f2c40] | /datum/radial_menu was unable to be GC'd --
## TESTING: GC: -- [0x201532d] | /obj/structure/boulder was unable to be GC'd --
## TESTING: GC: -- [0x3000f18] | /mob/living/carbon/superior_animal/roach/toxic was unable to be GC'd --
## TESTING: GC: -- [0x30005d1] | /mob/living/carbon/superior_animal/roach/support was unable to be GC'd --
## TESTING: GC: -- [0x210f35ba] | /datum/radial_menu was unable to be GC'd --
## TESTING: GC: -- [0x201538e] | /obj/structure/boulder was unable to be GC'd --
## TESTING: GC: -- [0x300058b] | /mob/living/carbon/superior_animal/roach/tank was unable to be GC'd --
## TESTING: GC: -- [0x3000f14] | /mob/living/carbon/superior_animal/roach was unable to be GC'd --
## TESTING: GC: -- [0x3001260] | /mob/living/carbon/superior_animal/roach was unable to be GC'd --
## TESTING: GC: -- [0x30005e4] | /mob/living/carbon/superior_animal/termite_no_despawn/iron was unable to be GC'd --
## TESTING: GC: -- [0x3000099] | /mob/living/simple_animal/hostile/retaliate/malf_drone was unable to be GC'd --
## TESTING: GC: -- [0x300058c] | /mob/living/carbon/superior_animal/roach was unable to be GC'd --
## TESTING: GC: -- [0x300058a] | /mob/living/carbon/superior_animal/roach/tank was unable to be GC'd --
## TESTING: GC: -- [0x3000587] | /mob/living/carbon/superior_animal/roach was unable to be GC'd --
## TESTING: GC: -- [0x300056c] | /mob/living/carbon/superior_animal/roach was unable to be GC'd --
## TESTING: GC: -- [0x300056d] | /mob/living/carbon/superior_animal/roach/toxic was unable to be GC'd --
## TESTING: GC: -- [0x3000588] | /mob/living/carbon/superior_animal/roach/toxic was unable to be GC'd --
## TESTING: GC: -- [0x3000567] | /mob/living/carbon/superior_animal/roach/support was unable to be GC'd --
## TESTING: GC: -- [0x3000589] | /mob/living/carbon/superior_animal/roach was unable to be GC'd --
## TESTING: GC: -- [0x3000562] | /mob/living/carbon/superior_animal/roach/toxic was unable to be GC'd --
## TESTING: GC: -- [0x30006ea] | /mob/living/simple_animal/hostile/naniteswarm was unable to be GC'd --
## TESTING: GC: -- [0x3000625] | /mob/living/simple_animal/hostile/naniteswarm was unable to be GC'd --
## TESTING: GC: -- [0x30005cc] | /mob/living/carbon/superior_animal/roach/nanite was unable to be GC'd --
## TESTING: GC: -- [0x300056e] | /mob/living/carbon/superior_animal/roach was unable to be GC'd --
## TESTING: GC: -- [0x3000565] | /mob/living/carbon/superior_animal/roach was unable to be GC'd --
## TESTING: GC: -- [0x3000592] | /mob/living/carbon/superior_animal/roach/support was unable to be GC'd --
## TESTING: GC: -- [0x3000719] | /mob/living/carbon/superior_animal/termite_no_despawn/iron was unable to be GC'd --
## TESTING: GC: -- [0x300070c] | /mob/living/carbon/superior_animal/termite_no_despawn/uranium was unable to be GC'd --
## TESTING: GC: -- [0x30007d1] | /mob/living/carbon/superior_animal/giant_spider/hunter/viper was unable to be GC'd --
## TESTING: GC: -- [0x3000616] | /mob/living/carbon/superior_animal/giant_spider/hunter/cloaker was unable to be GC'd --
## TESTING: GC: -- [0x30005b7] | /mob/living/carbon/superior_animal/giant_spider/hunter/viper was unable to be GC'd --
## TESTING: GC: -- [0x30007ce] | /mob/living/carbon/superior_animal/roach/toxic was unable to be GC'd --
## TESTING: GC: -- [0x30007e8] | /mob/living/carbon/superior_animal/termite_no_despawn/silver was unable to be GC'd --
## TESTING: GC: -- [0x300072b] | /mob/living/carbon/superior_animal/roach/glowing was unable to be GC'd --
## TESTING: GC: -- [0x30007d6] | /mob/living/carbon/superior_animal/giant_spider/hunter/cloaker was unable to be GC'd --
## TESTING: GC: -- [0x30007ea] | /mob/living/carbon/superior_animal/giant_spider/nurse/queen was unable to be GC'd --
## TESTING: GC: -- [0x3000586] | /mob/living/carbon/superior_animal/roach/nanite was unable to be GC'd --
## TESTING: GC: -- [0x30007cc] | /mob/living/carbon/superior_animal/giant_spider/nurse/carrier was unable to be GC'd --
## TESTING: GC: -- [0x300001a] | /mob/living/carbon/superior_animal/giant_spider/nurse was unable to be GC'd --
## TESTING: GC: -- [0x208a6e6] | /obj/effect/spider/spiderling was unable to be GC'd --
## TESTING: GC: -- [0x30007c1] | /mob/living/carbon/superior_animal/giant_spider was unable to be GC'd --
## TESTING: GC: -- [0x30007df] | /mob/living/carbon/superior_animal/giant_spider/hunter/cloaker was unable to be GC'd --
## TESTING: GC: -- [0x3001472] | /mob/living/carbon/superior_animal/giant_spider/tarantula/burrowing was unable to be GC'd --
## TESTING: GC: -- [0x3000a9b] | /mob/living/carbon/superior_animal/giant_spider/nurse/orb_weaver was unable to be GC'd --
## TESTING: GC: -- [0x3000729] | /mob/living/carbon/superior_animal/roach/tank was unable to be GC'd --
## TESTING: GC: -- [0x300060c] | /mob/living/carbon/superior_animal/termite_no_despawn/osmium was unable to be GC'd --
[21:49:47] Runtime in preferences_setup.dm,254: Cannot execute null.attach accessory().
  proc name: dress preview mob (/datum/preferences/proc/dress_preview_mob)
  usr: SandPoot (sandpoot) (/mob/new_player)
  src: /datum/preferences (/datum/preferences)
  call stack:
  /datum/preferences (/datum/preferences): dress preview mob(Alissa Smith (mannequin) (/mob/living/carbon/human/dummy/mannequin), 0)
  /datum/preferences (/datum/preferences): update preview icon(0)
  Loadout (/datum/category_item/player_setup_item/loadout): content(SandPoot (/mob/new_player))
  Loadout (/datum/category_group/player_setup_category/loadout_preferences): content(SandPoot (/mob/new_player))
  /datum/category_collection/pla... (/datum/category_collection/player_setup_collection): content(SandPoot (/mob/new_player))
  /datum/preferences (/datum/preferences): ShowChoices(SandPoot (/mob/new_player))
  Loadout (/datum/category_item/player_setup_item/loadout): Topic("src=\[0x210f506f];toggle_gear=...", /list (/list))
  SandPoot (/client):  Topic(Loadout (/datum/category_item/player_setup_item/loadout), "src=\[0x210f506f];toggle_gear=...", /list (/list))
  /datum/callback/verb_callback (/datum/callback/verb_callback): Invoke()
  world: PushUsr(SandPoot (/mob/new_player), /datum/callback/verb_callback (/datum/callback/verb_callback))
  /datum/callback/verb_callback (/datum/callback/verb_callback): InvokeAsync()
  Verb Manager (/datum/controller/subsystem/verb_manager): run verb queue()
  Verb Manager (/datum/controller/subsystem/verb_manager): fire(0)
  Verb Manager (/datum/controller/subsystem/verb_manager): ignite(0)
  Master (/datum/controller/master): RunQueue()
  Master (/datum/controller/master): Loop()
  Master (/datum/controller/master): StartProcessing(0)
[21:50:33] Runtime in preferences_setup.dm,254: Cannot execute null.attach accessory().
  proc name: dress preview mob (/datum/preferences/proc/dress_preview_mob)
  usr: SandPoot (sandpoot) (/mob/new_player)
  src: /datum/preferences (/datum/preferences)
  call stack:
  /datum/preferences (/datum/preferences): dress preview mob(Alissa Smith (mannequin) (/mob/living/carbon/human/dummy/mannequin), 0)
  /datum/preferences (/datum/preferences): update preview icon(0)
  Loadout (/datum/category_item/player_setup_item/loadout): content(SandPoot (/mob/new_player))
  Loadout (/datum/category_group/player_setup_category/loadout_preferences): content(SandPoot (/mob/new_player))
  /datum/category_collection/pla... (/datum/category_collection/player_setup_collection): content(SandPoot (/mob/new_player))
  /datum/preferences (/datum/preferences): ShowChoices(SandPoot (/mob/new_player))
  Loadout (/datum/category_item/player_setup_item/loadout): Topic("src=\[0x210f506f];toggle_gear=...", /list (/list))
  SandPoot (/client):  Topic(Loadout (/datum/category_item/player_setup_item/loadout), "src=\[0x210f506f];toggle_gear=...", /list (/list))
  /datum/callback/verb_callback (/datum/callback/verb_callback): Invoke()
  world: PushUsr(SandPoot (/mob/new_player), /datum/callback/verb_callback (/datum/callback/verb_callback))
  /datum/callback/verb_callback (/datum/callback/verb_callback): InvokeAsync()
  Verb Manager (/datum/controller/subsystem/verb_manager): run verb queue()
  Verb Manager (/datum/controller/subsystem/verb_manager): fire(0)
  Verb Manager (/datum/controller/subsystem/verb_manager): ignite(0)
  Master (/datum/controller/master): RunQueue()
  Master (/datum/controller/master): Loop()
  Master (/datum/controller/master): StartProcessing(0)
[21:50:53] Runtime in preferences_setup.dm,254: Cannot execute null.attach accessory().
  proc name: dress preview mob (/datum/preferences/proc/dress_preview_mob)
  usr: SandPoot (sandpoot) (/mob/new_player)
  src: /datum/preferences (/datum/preferences)
  call stack:
  /datum/preferences (/datum/preferences): dress preview mob(Alissa Smith (mannequin) (/mob/living/carbon/human/dummy/mannequin), 0)
  /datum/preferences (/datum/preferences): update preview icon(0)
  Loadout (/datum/category_item/player_setup_item/loadout): content(SandPoot (/mob/new_player))
  Loadout (/datum/category_group/player_setup_category/loadout_preferences): content(SandPoot (/mob/new_player))
  /datum/category_collection/pla... (/datum/category_collection/player_setup_collection): content(SandPoot (/mob/new_player))
  /datum/preferences (/datum/preferences): ShowChoices(SandPoot (/mob/new_player))
  Loadout (/datum/category_item/player_setup_item/loadout): Topic("src=\[0x210f506f];toggle_gear=...", /list (/list))
  SandPoot (/client):  Topic(Loadout (/datum/category_item/player_setup_item/loadout), "src=\[0x210f506f];toggle_gear=...", /list (/list))
  /datum/callback/verb_callback (/datum/callback/verb_callback): Invoke()
  world: PushUsr(SandPoot (/mob/new_player), /datum/callback/verb_callback (/datum/callback/verb_callback))
  /datum/callback/verb_callback (/datum/callback/verb_callback): InvokeAsync()
  Verb Manager (/datum/controller/subsystem/verb_manager): run verb queue()
  Verb Manager (/datum/controller/subsystem/verb_manager): fire(0)
  Verb Manager (/datum/controller/subsystem/verb_manager): ignite(0)
  Master (/datum/controller/master): RunQueue()
  Master (/datum/controller/master): Loop()
  Master (/datum/controller/master): StartProcessing(0)
## TESTING: GC: -- [0x3000580] | /mob/living/carbon/superior_animal/giant_spider/tarantula/ogre was unable to be GC'd --
[21:51:25] Runtime in preferences_setup.dm,254: Cannot execute null.attach accessory().
  proc name: dress preview mob (/datum/preferences/proc/dress_preview_mob)
  usr: SandPoot (sandpoot) (/mob/new_player)
  src: /datum/preferences (/datum/preferences)
  call stack:
  /datum/preferences (/datum/preferences): dress preview mob(Alissa Smith (mannequin) (/mob/living/carbon/human/dummy/mannequin), 0)
  /datum/preferences (/datum/preferences): update preview icon(0)
  Loadout (/datum/category_item/player_setup_item/loadout): content(SandPoot (/mob/new_player))
  Loadout (/datum/category_group/player_setup_category/loadout_preferences): content(SandPoot (/mob/new_player))
  /datum/category_collection/pla... (/datum/category_collection/player_setup_collection): content(SandPoot (/mob/new_player))
  /datum/preferences (/datum/preferences): ShowChoices(SandPoot (/mob/new_player))
  Loadout (/datum/category_item/player_setup_item/loadout): Topic("src=\[0x210f506f];toggle_gear=...", /list (/list))
  SandPoot (/client):  Topic(Loadout (/datum/category_item/player_setup_item/loadout), "src=\[0x210f506f];toggle_gear=...", /list (/list))
  /datum/callback/verb_callback (/datum/callback/verb_callback): Invoke()
  world: PushUsr(SandPoot (/mob/new_player), /datum/callback/verb_callback (/datum/callback/verb_callback))
  /datum/callback/verb_callback (/datum/callback/verb_callback): InvokeAsync()
  Verb Manager (/datum/controller/subsystem/verb_manager): run verb queue()
  Verb Manager (/datum/controller/subsystem/verb_manager): fire(0)
  Verb Manager (/datum/controller/subsystem/verb_manager): ignite(0)
  Master (/datum/controller/master): RunQueue()
  Master (/datum/controller/master): Loop()
  Master (/datum/controller/master): StartProcessing(0)
[21:51:30] Runtime in preferences_setup.dm,254: Cannot execute null.attach accessory().
  proc name: dress preview mob (/datum/preferences/proc/dress_preview_mob)
  usr: SandPoot (sandpoot) (/mob/new_player)
  src: /datum/preferences (/datum/preferences)
  call stack:
  /datum/preferences (/datum/preferences): dress preview mob(Alissa Smith (mannequin) (/mob/living/carbon/human/dummy/mannequin), 0)
  /datum/preferences (/datum/preferences): update preview icon(0)
  Loadout (/datum/category_item/player_setup_item/loadout): content(SandPoot (/mob/new_player))
  Loadout (/datum/category_group/player_setup_category/loadout_preferences): content(SandPoot (/mob/new_player))
  /datum/category_collection/pla... (/datum/category_collection/player_setup_collection): content(SandPoot (/mob/new_player))
  /datum/preferences (/datum/preferences): ShowChoices(SandPoot (/mob/new_player))
  Loadout (/datum/category_item/player_setup_item/loadout): Topic("src=\[0x210f506f];gear=sunglas...", /list (/list))
  SandPoot (/client):  Topic(Loadout (/datum/category_item/player_setup_item/loadout), "src=\[0x210f506f];gear=sunglas...", /list (/list))
  /datum/callback/verb_callback (/datum/callback/verb_callback): Invoke()
  world: PushUsr(SandPoot (/mob/new_player), /datum/callback/verb_callback (/datum/callback/verb_callback))
  /datum/callback/verb_callback (/datum/callback/verb_callback): InvokeAsync()
[21:51:56] Runtime in preferences_setup.dm,254: Cannot execute null.attach accessory().
  proc name: dress preview mob (/datum/preferences/proc/dress_preview_mob)
  usr: SandPoot (sandpoot) (/mob/new_player)
  src: /datum/preferences (/datum/preferences)
  call stack:
  /datum/preferences (/datum/preferences): dress preview mob(Alissa Smith (mannequin) (/mob/living/carbon/human/dummy/mannequin), 0)
  /datum/preferences (/datum/preferences): update preview icon(0)
  Loadout (/datum/category_item/player_setup_item/loadout): content(SandPoot (/mob/new_player))
  Loadout (/datum/category_group/player_setup_category/loadout_preferences): content(SandPoot (/mob/new_player))
  /datum/category_collection/pla... (/datum/category_collection/player_setup_collection): content(SandPoot (/mob/new_player))
  /datum/preferences (/datum/preferences): ShowChoices(SandPoot (/mob/new_player))
  Loadout (/datum/category_item/player_setup_item/loadout): Topic("src=\[0x210f506f];toggle_gear=...", /list (/list))
  SandPoot (/client):  Topic(Loadout (/datum/category_item/player_setup_item/loadout), "src=\[0x210f506f];toggle_gear=...", /list (/list))
  /datum/callback/verb_callback (/datum/callback/verb_callback): Invoke()
  world: PushUsr(SandPoot (/mob/new_player), /datum/callback/verb_callback (/datum/callback/verb_callback))
  /datum/callback/verb_callback (/datum/callback/verb_callback): InvokeAsync()
  Verb Manager (/datum/controller/subsystem/verb_manager): run verb queue()
  Verb Manager (/datum/controller/subsystem/verb_manager): fire(0)
  Verb Manager (/datum/controller/subsystem/verb_manager): ignite(0)
  Master (/datum/controller/master): RunQueue()
  Master (/datum/controller/master): Loop()
  Master (/datum/controller/master): StartProcessing(0)
[21:52:04] Runtime in preferences_setup.dm,254: Cannot execute null.attach accessory().
  proc name: dress preview mob (/datum/preferences/proc/dress_preview_mob)
  usr: SandPoot (sandpoot) (/mob/new_player)
  src: /datum/preferences (/datum/preferences)
  call stack:
  /datum/preferences (/datum/preferences): dress preview mob(Alissa Smith (mannequin) (/mob/living/carbon/human/dummy/mannequin), 0)
  /datum/preferences (/datum/preferences): update preview icon(0)
  Loadout (/datum/category_item/player_setup_item/loadout): content(SandPoot (/mob/new_player))
  Loadout (/datum/category_group/player_setup_category/loadout_preferences): content(SandPoot (/mob/new_player))
  /datum/category_collection/pla... (/datum/category_collection/player_setup_collection): content(SandPoot (/mob/new_player))
  /datum/preferences (/datum/preferences): ShowChoices(SandPoot (/mob/new_player))
  Loadout (/datum/category_item/player_setup_item/loadout): Topic("src=\[0x210f506f];toggle_gear=...", /list (/list))
  SandPoot (/client):  Topic(Loadout (/datum/category_item/player_setup_item/loadout), "src=\[0x210f506f];toggle_gear=...", /list (/list))
  /datum/callback/verb_callback (/datum/callback/verb_callback): Invoke()
  world: PushUsr(SandPoot (/mob/new_player), /datum/callback/verb_callback (/datum/callback/verb_callback))
  /datum/callback/verb_callback (/datum/callback/verb_callback): InvokeAsync()
  Verb Manager (/datum/controller/subsystem/verb_manager): run verb queue()
  Verb Manager (/datum/controller/subsystem/verb_manager): fire(0)
  Verb Manager (/datum/controller/subsystem/verb_manager): ignite(0)
  Master (/datum/controller/master): RunQueue()
  Master (/datum/controller/master): Loop()
  Master (/datum/controller/master): StartProcessing(0)
[21:52:32] Runtime in preferences_setup.dm,254: Cannot execute null.attach accessory().
  proc name: dress preview mob (/datum/preferences/proc/dress_preview_mob)
  usr: SandPoot (sandpoot) (/mob/new_player)
  src: /datum/preferences (/datum/preferences)
  call stack:
  /datum/preferences (/datum/preferences): dress preview mob(Alissa Smith (mannequin) (/mob/living/carbon/human/dummy/mannequin), 0)
  /datum/preferences (/datum/preferences): update preview icon(0)
  Loadout (/datum/category_item/player_setup_item/loadout): content(SandPoot (/mob/new_player))
  Loadout (/datum/category_group/player_setup_category/loadout_preferences): content(SandPoot (/mob/new_player))
  /datum/category_collection/pla... (/datum/category_collection/player_setup_collection): content(SandPoot (/mob/new_player))
  /datum/preferences (/datum/preferences): ShowChoices(SandPoot (/mob/new_player))
  Loadout (/datum/category_item/player_setup_item/loadout): Topic("src=\[0x210f506f];toggle_gear=...", /list (/list))
  SandPoot (/client): Topic("src=\[0x210f506f];toggle_gear=...", /list (/list), Loadout (/datum/category_item/player_setup_item/loadout))
  SandPoot (/client): Topic("src=\[0x210f506f];toggle_gear=...", /list (/list), Loadout (/datum/category_item/player_setup_item/loadout))
[21:52:50] Runtime in preferences_setup.dm,254: Cannot execute null.attach accessory().
  proc name: dress preview mob (/datum/preferences/proc/dress_preview_mob)
  usr: SandPoot (sandpoot) (/mob/new_player)
  src: /datum/preferences (/datum/preferences)
  call stack:
  /datum/preferences (/datum/preferences): dress preview mob(Alissa Smith (mannequin) (/mob/living/carbon/human/dummy/mannequin), 0)
  /datum/preferences (/datum/preferences): update preview icon(0)
  Loadout (/datum/category_item/player_setup_item/loadout): content(SandPoot (/mob/new_player))
  Loadout (/datum/category_group/player_setup_category/loadout_preferences): content(SandPoot (/mob/new_player))
  /datum/category_collection/pla... (/datum/category_collection/player_setup_collection): content(SandPoot (/mob/new_player))
  /datum/preferences (/datum/preferences): ShowChoices(SandPoot (/mob/new_player))
  Loadout (/datum/category_item/player_setup_item/loadout): Topic("src=\[0x210f506f];toggle_gear=...", /list (/list))
  SandPoot (/client):  Topic(Loadout (/datum/category_item/player_setup_item/loadout), "src=\[0x210f506f];toggle_gear=...", /list (/list))
  /datum/callback/verb_callback (/datum/callback/verb_callback): Invoke()
  world: PushUsr(SandPoot (/mob/new_player), /datum/callback/verb_callback (/datum/callback/verb_callback))
  /datum/callback/verb_callback (/datum/callback/verb_callback): InvokeAsync()
  Verb Manager (/datum/controller/subsystem/verb_manager): run verb queue()
  Verb Manager (/datum/controller/subsystem/verb_manager): fire(0)
  Verb Manager (/datum/controller/subsystem/verb_manager): ignite(0)
  Master (/datum/controller/master): RunQueue()
  Master (/datum/controller/master): Loop()
  Master (/datum/controller/master): StartProcessing(0)
[21:52:53] Runtime in preferences_setup.dm,254: Cannot execute null.attach accessory().
  proc name: dress preview mob (/datum/preferences/proc/dress_preview_mob)
  usr: SandPoot (sandpoot) (/mob/new_player)
  src: /datum/preferences (/datum/preferences)
  call stack:
  /datum/preferences (/datum/preferences): dress preview mob(Alissa Smith (mannequin) (/mob/living/carbon/human/dummy/mannequin), 0)
  /datum/preferences (/datum/preferences): update preview icon(0)
  Loadout (/datum/category_item/player_setup_item/loadout): content(SandPoot (/mob/new_player))
  Loadout (/datum/category_group/player_setup_category/loadout_preferences): content(SandPoot (/mob/new_player))
  /datum/category_collection/pla... (/datum/category_collection/player_setup_collection): content(SandPoot (/mob/new_player))
  /datum/preferences (/datum/preferences): ShowChoices(SandPoot (/mob/new_player))
  Loadout (/datum/category_item/player_setup_item/loadout): Topic("src=\[0x210f506f];toggle_gear=...", /list (/list))
  SandPoot (/client):  Topic(Loadout (/datum/category_item/player_setup_item/loadout), "src=\[0x210f506f];toggle_gear=...", /list (/list))
  /datum/callback/verb_callback (/datum/callback/verb_callback): Invoke()
  world: PushUsr(SandPoot (/mob/new_player), /datum/callback/verb_callback (/datum/callback/verb_callback))
  /datum/callback/verb_callback (/datum/callback/verb_callback): InvokeAsync()
  Verb Manager (/datum/controller/subsystem/verb_manager): run verb queue()
  Verb Manager (/datum/controller/subsystem/verb_manager): fire(0)
  Verb Manager (/datum/controller/subsystem/verb_manager): ignite(0)
  Master (/datum/controller/master): RunQueue()
  Master (/datum/controller/master): Loop()
  Master (/datum/controller/master): StartProcessing(0)
[21:52:57] Runtime in preferences_setup.dm,254: Cannot execute null.attach accessory().
  proc name: dress preview mob (/datum/preferences/proc/dress_preview_mob)
  usr: SandPoot (sandpoot) (/mob/new_player)
  src: /datum/preferences (/datum/preferences)
  call stack:
  /datum/preferences (/datum/preferences): dress preview mob(Alissa Smith (mannequin) (/mob/living/carbon/human/dummy/mannequin), 0)
  /datum/preferences (/datum/preferences): update preview icon(0)
  Loadout (/datum/category_item/player_setup_item/loadout): content(SandPoot (/mob/new_player))
  Loadout (/datum/category_group/player_setup_category/loadout_preferences): content(SandPoot (/mob/new_player))
  /datum/category_collection/pla... (/datum/category_collection/player_setup_collection): content(SandPoot (/mob/new_player))
  /datum/preferences (/datum/preferences): ShowChoices(SandPoot (/mob/new_player))
  Loadout (/datum/category_item/player_setup_item/loadout): Topic("src=\[0x210f506f];toggle_gear=...", /list (/list))
  SandPoot (/client):  Topic(Loadout (/datum/category_item/player_setup_item/loadout), "src=\[0x210f506f];toggle_gear=...", /list (/list))
  /datum/callback/verb_callback (/datum/callback/verb_callback): Invoke()
  world: PushUsr(SandPoot (/mob/new_player), /datum/callback/verb_callback (/datum/callback/verb_callback))
  /datum/callback/verb_callback (/datum/callback/verb_callback): InvokeAsync()
  Verb Manager (/datum/controller/subsystem/verb_manager): run verb queue()
  Verb Manager (/datum/controller/subsystem/verb_manager): fire(0)
  Verb Manager (/datum/controller/subsystem/verb_manager): ignite(0)
  Master (/datum/controller/master): RunQueue()
  Master (/datum/controller/master): Loop()
  Master (/datum/controller/master): StartProcessing(0)
[21:53:00] Runtime in preferences_setup.dm,254: Cannot execute null.attach accessory().
  proc name: dress preview mob (/datum/preferences/proc/dress_preview_mob)
  usr: SandPoot (sandpoot) (/mob/new_player)
  src: /datum/preferences (/datum/preferences)
  call stack:
  /datum/preferences (/datum/preferences): dress preview mob(Alissa Smith (mannequin) (/mob/living/carbon/human/dummy/mannequin), 0)
  /datum/preferences (/datum/preferences): update preview icon(0)
  Loadout (/datum/category_item/player_setup_item/loadout): content(SandPoot (/mob/new_player))
  Loadout (/datum/category_group/player_setup_category/loadout_preferences): content(SandPoot (/mob/new_player))
  /datum/category_collection/pla... (/datum/category_collection/player_setup_collection): content(SandPoot (/mob/new_player))
  /datum/preferences (/datum/preferences): ShowChoices(SandPoot (/mob/new_player))
  Loadout (/datum/category_item/player_setup_item/loadout): Topic("src=\[0x210f506f];toggle_gear=...", /list (/list))
  SandPoot (/client):  Topic(Loadout (/datum/category_item/player_setup_item/loadout), "src=\[0x210f506f];toggle_gear=...", /list (/list))
  /datum/callback/verb_callback (/datum/callback/verb_callback): Invoke()
  world: PushUsr(SandPoot (/mob/new_player), /datum/callback/verb_callback (/datum/callback/verb_callback))
  /datum/callback/verb_callback (/datum/callback/verb_callback): InvokeAsync()
  Verb Manager (/datum/controller/subsystem/verb_manager): run verb queue()
  Verb Manager (/datum/controller/subsystem/verb_manager): fire(0)
  Verb Manager (/datum/controller/subsystem/verb_manager): ignite(0)
  Master (/datum/controller/master): RunQueue()
  Master (/datum/controller/master): Loop()
  Master (/datum/controller/master): StartProcessing(0)
[21:53:04] Runtime in preferences_setup.dm,254: Cannot execute null.attach accessory().
  proc name: dress preview mob (/datum/preferences/proc/dress_preview_mob)
  usr: SandPoot (sandpoot) (/mob/new_player)
  src: /datum/preferences (/datum/preferences)
  call stack:
  /datum/preferences (/datum/preferences): dress preview mob(Alissa Smith (mannequin) (/mob/living/carbon/human/dummy/mannequin), 0)
  /datum/preferences (/datum/preferences): update preview icon(0)
  Loadout (/datum/category_item/player_setup_item/loadout): content(SandPoot (/mob/new_player))
  Loadout (/datum/category_group/player_setup_category/loadout_preferences): content(SandPoot (/mob/new_player))
  /datum/category_collection/pla... (/datum/category_collection/player_setup_collection): content(SandPoot (/mob/new_player))
  /datum/preferences (/datum/preferences): ShowChoices(SandPoot (/mob/new_player))
  Loadout (/datum/category_item/player_setup_item/loadout): Topic("src=\[0x210f506f];toggle_gear=...", /list (/list))
  SandPoot (/client): Topic("src=\[0x210f506f];toggle_gear=...", /list (/list), Loadout (/datum/category_item/player_setup_item/loadout))
  SandPoot (/client): Topic("src=\[0x210f506f];toggle_gear=...", /list (/list), Loadout (/datum/category_item/player_setup_item/loadout))
  (This error will now be item_flags & SILENT for 10 minutes)
## TESTING: GC: -- [0x20233e5] | /obj/item/mine/improvised/armed was unable to be GC'd --
[21:53:28] Runtime in clothing_accessories.dm,43: undefined proc or verb /obj/item/storage/wallet/on attached().

  proc name: attach accessory (/obj/item/clothing/proc/attach_accessory)
  usr: SandPoot (sandpoot) (/mob/new_player)
  src: the yellow jumpskirt (/obj/item/clothing/under/colorskirt)
  src.loc: Alissa Smith (mannequin) (/mob/living/carbon/human/dummy/mannequin)
  call stack:
  the yellow jumpskirt (/obj/item/clothing/under/colorskirt): attach accessory(null, the wallet (/obj/item/storage/wallet))
  /datum/preferences (/datum/preferences): dress preview mob(Alissa Smith (mannequin) (/mob/living/carbon/human/dummy/mannequin), 0)
  /datum/preferences (/datum/preferences): update preview icon(0)
  Loadout (/datum/category_item/player_setup_item/loadout): content(SandPoot (/mob/new_player))
  Loadout (/datum/category_group/player_setup_category/loadout_preferences): content(SandPoot (/mob/new_player))
  /datum/category_collection/pla... (/datum/category_collection/player_setup_collection): content(SandPoot (/mob/new_player))
  /datum/preferences (/datum/preferences): ShowChoices(SandPoot (/mob/new_player))
  Loadout (/datum/category_item/player_setup_item/loadout): Topic("src=\[0x210f506f];toggle_gear=...", /list (/list))
  SandPoot (/client):  Topic(Loadout (/datum/category_item/player_setup_item/loadout), "src=\[0x210f506f];toggle_gear=...", /list (/list))
  /datum/callback/verb_callback (/datum/callback/verb_callback): Invoke()
  world: PushUsr(SandPoot (/mob/new_player), /datum/callback/verb_callback (/datum/callback/verb_callback))
  /datum/callback/verb_callback (/datum/callback/verb_callback): InvokeAsync()
  Verb Manager (/datum/controller/subsystem/verb_manager): run verb queue()
  Verb Manager (/datum/controller/subsystem/verb_manager): fire(0)
  Verb Manager (/datum/controller/subsystem/verb_manager): ignite(0)
  Master (/datum/controller/master): RunQueue()
  Master (/datum/controller/master): Loop()
  Master (/datum/controller/master): StartProcessing(0)
[21:53:49] Runtime in clothing_accessories.dm,43: undefined proc or verb /obj/item/storage/wallet/on attached().

  proc name: attach accessory (/obj/item/clothing/proc/attach_accessory)
  usr: SandPoot (sandpoot) (/mob/new_player)
[21:54:09] Runtime in clothing_accessories.dm,43: undefined proc or verb /obj/item/storage/wallet/on attached().

  proc name: attach accessory (/obj/item/clothing/proc/attach_accessory)
  usr: SandPoot (sandpoot) (/mob/new_player)
[21:54:23] Runtime in clothing_accessories.dm,43: undefined proc or verb /obj/item/storage/wallet/on attached().

  proc name: attach accessory (/obj/item/clothing/proc/attach_accessory)
  usr: SandPoot (sandpoot) (/mob/new_player)
[21:54:35] Runtime in clothing_accessories.dm,43: undefined proc or verb /obj/item/storage/wallet/on attached().

  proc name: attach accessory (/obj/item/clothing/proc/attach_accessory)
  usr: SandPoot (sandpoot) (/mob/new_player)
[21:54:37] Runtime in clothing_accessories.dm,43: undefined proc or verb /obj/item/storage/wallet/on attached().

  proc name: attach accessory (/obj/item/clothing/proc/attach_accessory)
  usr: SandPoot (sandpoot) (/mob/new_player)
[21:54:39] Runtime in clothing_accessories.dm,43: undefined proc or verb /obj/item/storage/wallet/on attached().

  proc name: attach accessory (/obj/item/clothing/proc/attach_accessory)
  usr: SandPoot (sandpoot) (/mob/new_player)
[21:54:41] Runtime in clothing_accessories.dm,43: undefined proc or verb /obj/item/storage/wallet/on attached().

  proc name: attach accessory (/obj/item/clothing/proc/attach_accessory)
  usr: SandPoot (sandpoot) (/mob/new_player)
[21:54:54] Runtime in clothing_accessories.dm,43: undefined proc or verb /obj/item/storage/wallet/on attached().

  proc name: attach accessory (/obj/item/clothing/proc/attach_accessory)
  usr: SandPoot (sandpoot) (/mob/new_player)
[21:55:04] Runtime in clothing_accessories.dm,43: undefined proc or verb /obj/item/storage/wallet/on attached().

  proc name: attach accessory (/obj/item/clothing/proc/attach_accessory)
  usr: SandPoot (sandpoot) (/mob/new_player)
[21:55:11] Runtime in clothing_accessories.dm,43: undefined proc or verb /obj/item/storage/wallet/on attached().

  proc name: attach accessory (/obj/item/clothing/proc/attach_accessory)
  usr: SandPoot (sandpoot) (/mob/new_player)
  (This error will now be item_flags & SILENT for 10 minutes)
## TESTING: GC: -- [0x30005f2] | /mob/living/carbon/superior_animal/roach/tank was unable to be GC'd --
## TESTING: GC: -- [0x3000020] | /mob/living/carbon/superior_animal/giant_spider/nurse was unable to be GC'd --
## TESTING: GC: -- [0x300062a] | /mob/living/carbon/superior_animal/roach was unable to be GC'd --
## TESTING: GC: -- [0x3000623] | /mob/living/carbon/superior_animal/roach was unable to be GC'd --
## TESTING: GC: -- [0x3000585] | /mob/living/carbon/superior_animal/roach was unable to be GC'd --
[22:03:31] Skipped 3 runtimes in preferences_setup.dm,254.
[22:05:27] Skipped 5 runtimes in clothing_accessories.dm,43.
## TESTING: GC: -- [0x30013c2] | /mob/living/carbon/superior_animal/roach/support was unable to be GC'd --
## TESTING: GC: -- [0x30007a8] | /mob/living/carbon/superior_animal/termite_no_despawn/plasma was unable to be GC'd --
## TESTING: GC: -- [0x208ac86] | /obj/effect/spider/spiderling was unable to be GC'd --
## TESTING: GC: -- [0x30007b0] | /mob/living/carbon/superior_animal/termite_no_despawn/plasma was unable to be GC'd --
## TESTING: GC: -- [0x30007c7] | /mob/living/carbon/superior_animal/termite_no_despawn/iron was unable to be GC'd --
## TESTING: GC: -- [0x208b6d9] | /obj/effect/effect/light was unable to be GC'd --
[22:22:25] Runtime in advanced_food.dm,58: Cannot execute null.add reagent().
  proc name: heat (/obj/item/reagent_containers/food/snacks/openable/proc/heat)
  usr: Johnathan Grey (tristain01) (/mob/living/carbon/human)
  usr.loc: The floor (99,100,4) (/turf/simulated/floor/tiled/dark/cargo)
## TESTING: GC: -- [0x300056d] | /mob/living/carbon/superior_animal/roach/nanite was unable to be GC'd --
## TESTING: GC: -- [0x208b0f2] | /HUD_element was unable to be GC'd --
## ERROR: Campground is an area and is trying to make the sound: sound/weapons/shield/shieldpen.ogg
## ERROR: Campground is an area and is trying to make the sound: sound/weapons/shield/shieldpen.ogg
[22:30:40] Runtime in projectile.dm,998: Cannot read null.y
  proc name: setup trajectory (/obj/item/projectile/proc/setup_trajectory)
  usr: Alissa Smith (sandpoot) (/mob/living/carbon/human)
  usr.loc: The dirt (22,13,4) (/turf/simulated/floor/asteroid/dirt)
## TESTING: GC: -- [0x30007f2] | /mob/living/carbon/superior_animal/termite_no_despawn/silver was unable to be GC'd --
## TESTING: GC: -- [0x3000fdf] | /mob/observer/ghost was unable to be GC'd --
## TESTING: GC: -- [0x300062c] | /mob/new_player was unable to be GC'd --
## TESTING: GC: -- [0x30007b4] | /mob/living/carbon/superior_animal/termite_no_despawn/uranium was unable to be GC'd --
## TESTING: GC: -- [0x3000667] | /mob/living/carbon/superior_animal/giant_spider/nurse was unable to be GC'd --
## TESTING: GC: -- [0x3000719] | /mob/living/carbon/superior_animal/giant_spider/hunter/cloaker was unable to be GC'd --
## TESTING: GC: -- [0x30013dd] | /mob/living/carbon/superior_animal/giant_spider/tarantula/burrowing was unable to be GC'd --
## TESTING: GC: -- [0x30005da] | /mob/living/carbon/superior_animal/roach was unable to be GC'd --
## TESTING: GC: -- [0x30005e9] | /mob/living/carbon/superior_animal/roach was unable to be GC'd --
## TESTING: GC: -- [0x30007e4] | /mob/living/carbon/superior_animal/giant_spider/nurse/queen was unable to be GC'd --
## TESTING: GC: -- [0x210f833d] | /datum/radial_menu was unable to be GC'd --
## TESTING: GC: -- [0x300083d] | /mob/living/carbon/superior_animal/roach/hunter was unable to be GC'd --
[23:13:24] Runtime in _internal.dm,52: Cannot read null.internal_organs_by_efficiency
  proc name: removed mob (/obj/item/organ/internal/removed_mob)
[23:13:24] Runtime in _internal.dm,52: Cannot read null.internal_organs_by_efficiency
  proc name: removed mob (/obj/item/organ/internal/removed_mob)
## WARNING: Asking for null setup_option Gifted in Upbringing.
## WARNING: Asking for null setup_option Gifted in Upbringing.
## WARNING: Asking for null setup_option Gifted in Upbringing.
## WARNING: Asking for null setup_option Gifted in Upbringing.
## WARNING: Asking for null setup_option Gifted in Upbringing.
## WARNING: Asking for null setup_option Gifted in Upbringing.
## WARNING: Asking for null setup_option Gifted in Upbringing.
## WARNING: Asking for null setup_option Gifted in Upbringing.
## WARNING: Asking for null setup_option Gifted in Upbringing.
## WARNING: Asking for null setup_option Gifted in Upbringing.
## WARNING: Asking for null setup_option Gifted in Upbringing.
## WARNING: Asking for null setup_option Gifted in Upbringing.
## WARNING: Asking for null setup_option Gifted in Upbringing.
## WARNING: Asking for null setup_option Gifted in Upbringing.
## WARNING: Asking for null setup_option Gifted in Upbringing.
## WARNING: Asking for null setup_option Gifted in Upbringing.
## WARNING: Asking for null setup_option Gifted in Upbringing.
## WARNING: Asking for null setup_option Gifted in Upbringing.
## WARNING: Asking for null setup_option Gifted in Upbringing.
## WARNING: Asking for null setup_option Gifted in Upbringing.
## WARNING: Asking for null setup_option Gifted in Upbringing.
## WARNING: Asking for null setup_option Gifted in Upbringing.
## WARNING: Asking for null setup_option Gifted in Upbringing.
## WARNING: Asking for null setup_option Gifted in Upbringing.
## WARNING: Asking for null setup_option Gifted in Upbringing.
## WARNING: Asking for null setup_option Gifted in Upbringing.
## WARNING: Asking for null setup_option Gifted in Upbringing.
## WARNING: Asking for null setup_option Gifted in Upbringing.
## WARNING: Asking for null setup_option Gifted in Upbringing.
## WARNING: Asking for null setup_option Gifted in Upbringing.
## WARNING: Asking for null setup_option Gifted in Upbringing.
## TESTING: GC: -- [0x300006c] | /mob/living/carbon/superior_animal/roach/elektromagnetisch was unable to be GC'd --
## WARNING: Asking for null setup_option Gifted in Upbringing.
## WARNING: Asking for null setup_option Gifted in Upbringing.
## WARNING: Asking for null setup_option Gifted in Upbringing.
## WARNING: Asking for null setup_option Gifted in Upbringing.
## WARNING: Asking for null setup_option Gifted in Upbringing.
## WARNING: Asking for null setup_option Gifted in Upbringing.
## WARNING: Asking for null setup_option Gifted in Upbringing.
## WARNING: Asking for null setup_option Gifted in Upbringing.
## WARNING: Asking for null setup_option Gifted in Upbringing.
## WARNING: Asking for null setup_option Gifted in Upbringing.
## WARNING: Asking for null setup_option Gifted in Upbringing.
## WARNING: Asking for null setup_option Gifted in Upbringing.
## WARNING: Asking for null setup_option Gifted in Upbringing.
## WARNING: Asking for null setup_option Gifted in Upbringing.
## WARNING: Asking for null setup_option Gifted in Upbringing.
## WARNING: Asking for null setup_option Gifted in Upbringing.
## WARNING: Asking for null setup_option Gifted in Upbringing.
## WARNING: Asking for null setup_option Gifted in Upbringing.
## WARNING: Asking for null setup_option Gifted in Upbringing.
## WARNING: Asking for null setup_option Gifted in Upbringing.
## WARNING: Asking for null setup_option Gifted in Upbringing.
## WARNING: Asking for null setup_option Gifted in Upbringing.
## WARNING: Asking for null setup_option Gifted in Upbringing.
## WARNING: Asking for null setup_option Gifted in Upbringing.
## WARNING: Asking for null setup_option Gifted in Upbringing.
## WARNING: Asking for null setup_option Gifted in Upbringing.
## WARNING: Asking for null setup_option Gifted in Upbringing.
## WARNING: Asking for null setup_option Gifted in Upbringing.
## WARNING: Asking for null setup_option Gifted in Upbringing.
## WARNING: Asking for null setup_option Gifted in Upbringing.
## WARNING: Asking for null setup_option Gifted in Upbringing.
## WARNING: Asking for null setup_option Gifted in Upbringing.
## WARNING: Asking for null setup_option Gifted in Upbringing.
## TESTING: GC: -- [0x30013af] | /mob/living/carbon/human was unable to be GC'd --
## TESTING: GC: -- [0x3000730] | /mob/living/carbon/superior_animal/roach/tank was unable to be GC'd --
## TESTING: GC: -- [0x3000746] | /mob/living/carbon/superior_animal/roach/glowing was unable to be GC'd --
## TESTING: GC: -- [0x2100d88e] | /datum/antagonist/contractor was unable to be GC'd --
## TESTING: GC: -- [0x208b50e] | /obj/item/storage/wallet was unable to be GC'd --
## TESTING: GC: -- [0x208b506] | /obj/item/flame/lighter/zippo/engraved was unable to be GC'd --
## TESTING: GC: -- [0x208b51c] | /obj/item/card/id/visitor was unable to be GC'd --
## TESTING: GC: -- [0x208b648] | /obj/item/ammo_casing/rifle_75 was unable to be GC'd --
## TESTING: GC: -- [0x208b6a3] | /obj/item/ammo_magazine/rifle_75 was unable to be GC'd --
## TESTING: GC: -- [0x3000585] | /mob/living/carbon/human was unable to be GC'd --
[23:32:31] Runtime in _component.dm,115: cloths_missing overridden. Use override = TRUE to suppress this warning
  proc name: RegisterSignal (/datum/proc/RegisterSignal)
  usr: Officer Scot (theblackflag) (/mob/living/carbon/human)
  usr.loc: The floor (87,131,3) (/turf/simulated/floor/tiled/white)
## TESTING: GC: -- [0x30007bf] | /mob/living/carbon/superior_animal/roach/tank was unable to be GC'd --
[23:38:54] Runtime in _projectile.dm,254: Cannot read null.stored_ammo
  proc name: load ammo (/obj/item/gun/projectile/proc/load_ammo)
  usr: Johnathan Grey (tristain01) (/mob/living/carbon/human)
  usr.loc: The floor (63,175,4) (/turf/simulated/floor/tiled/dark/bluecorner)
## TESTING: GC: -- [0x300001e] | /mob/living/carbon/superior_animal/giant_spider/nurse was unable to be GC'd --
## TESTING: GC: -- [0x208ac35] | /obj/effect/spider/spiderling was unable to be GC'd --
## TESTING: GC: -- [0x208c7da] | /obj/effect/effect/light was unable to be GC'd --
## TESTING: GC: -- [0x300056b] | /mob/living/carbon/superior_animal/roach/support was unable to be GC'd --
## TESTING: GC: -- [0x30007af] | /mob/living/carbon/superior_animal/termite_no_despawn/silver was unable to be GC'd --
## TESTING: GC: -- [0x3000590] | /mob/living/carbon/superior_animal/roach/support was unable to be GC'd --
## TESTING: GC: -- [0x300065a] | /mob/living/carbon/superior_animal/giant_spider was unable to be GC'd --
## TESTING: GC: -- [0x208c1ae] | /obj/effect/effect/light was unable to be GC'd --
## TESTING: GC: -- [0x208b09e] | /obj/effect/spider/spiderling was unable to be GC'd --
## TESTING: GC: -- [0x30006fe] | /mob/living/carbon/superior_animal/roach/hunter was unable to be GC'd --
## TESTING: GC: -- [0x2003395] | /obj/effect/effect/light was unable to be GC'd --
[00:03:32] Runtime in animations.dm,319: Cannot modify null.eye.
  proc name: shake camera (/proc/shake_camera)
  usr: Johnathan Grey (tristain01) (/mob/living/carbon/human)
  usr.loc: The floor (113,80,2) (/turf/simulated/floor/beach/water/jungledeep)
## TESTING: GC: -- [0x3000591] | /mob/living/carbon/superior_animal/roach/fuhrer was unable to be GC'd --
[00:06:27] Runtime in folders.dm,61: list index out of bounds
  proc name: examine (/obj/item/folder/examine)
  usr: Robin Blessig (athirson) (/mob/observer/ghost)
  usr.loc: The steel wall (114,75,2) (/turf/simulated/wall)
## TESTING: GC: -- [0x30005c9] | /mob/living/carbon/superior_animal/roach was unable to be GC'd --
## TESTING: GC: -- [0x3000786] | /mob/living/carbon/superior_animal/roach/support was unable to be GC'd --
