## ERROR: File not found (config/dbconfig.txt)
## ERROR: Failed to load config/mods.txt
## ERROR: Failed to load config/mentors.txt
## MYSQL ERROR: The specified module could not be found.

Your server failed to establish a connection with the feedback database.
## WARNING: File not found: config/jukebox.json
## ERROR: Failed to load config/mods.txt
##MAP_ERROR: Multiple stairs at (10,18,7)
##MAP_ERROR: Multiple stairs at (13,18,7)
Initialized Jobs subsystem within 0 seconds!
Initialized Ticker subsystem within 0.02 seconds!
Initialized Mapping subsystem within 113.86 seconds!
Initialized Inventory subsystem within 113.95 seconds!
Initialized Character Setup subsystem within 113.97 seconds!
## MYSQL ERROR: The operation completed successfully.

## MYSQL ERROR: The operation completed successfully.

Initialized Atoms subsystem within 310.82 seconds!
Initialized Machines subsystem within 314.22 seconds!
Initialized Circuit subsystem within 314.28 seconds!
Initialized Chemistry subsystem within 314.3 seconds!
Initialized Evacuation subsystem within 314.31 seconds!
Initialized Event Manager subsystem within 314.31 seconds!
Initialized Inactivity subsystem within 314.32 seconds!
Generating Asteroid Belt: 1 - Affinity: Neutral
Junk Field build starting at zlevel 19.
Junk field portal placed at (83, 58, 19)
Generating edges of junk field at zlevel 19.
Junk Field build complete at zlevel 19.
Initialized Misc subsystem within 321.3 seconds!
Initialized Research subsystem within 334.34 seconds!
Initialized Tips and Tricks subsystem within 334.36 seconds!
Initialized Trade subsystem within 336.3 seconds!
Initialized Voting subsystem within 336.32 seconds!
Initialized Weather subsystem within 336.33 seconds!
Initialized Turbolift controller subsystem within 336.34 seconds!
Initialized Air subsystem within 365.6 seconds!
Initialized Alarm subsystem within 365.61 seconds!
Initialized Craft subsystem within 365.65 seconds!
Initialized Assets subsystem within 486.65 seconds!
Initialized Overlay subsystem within 488.49 seconds!
Initialized Admin Tickets subsystem within 488.5 seconds!
Initialized Mentor Tickets subsystem within 488.5 seconds!
Initialized Lighting subsystem within 512.1 seconds!
Initialized Shuttle subsystem within 512.15 seconds!
Initialized Pathfinder subsystem within 512.16 seconds!
Initialized Xenoarch subsystem within 514.04 seconds!
Initialized Economy subsystem within 514.05 seconds!
Initialized Migration subsystem within 514.06 seconds!
Initialized Radiation subsystem within 514.37 seconds!
Initialized Chat subsystem within 514.38 seconds!
Initializations complete within 514.5 seconds!
## WARNING: Timer buckets has been reset, this may cause timer to lag in code/controllers/subsystems/timer.dm at line 237 src: Timer usr: .
[17:49:22] Runtime in folders.dm,61: list index out of bounds
  proc name: examine (/obj/item/folder/examine)
  usr: Amaya Paynter (riotscopez) (/mob/observer/ghost)
  usr.loc: The reinforced plasteel wall (127,89,3) (/turf/simulated/wall/r_wall)
  src: The Space Cola Recipe (Top sec... (/obj/item/folder/black)
  src.loc: the reinforced floor (125,84,3) (/turf/simulated/floor/reinforced)
  call stack:
  The Space Cola Recipe (Top sec... (/obj/item/folder/black): examine(Amaya Paynter (/mob/observer/ghost))
  Amaya Paynter (/mob/observer/ghost): run examinate(The Space Cola Recipe (Top sec... (/obj/item/folder/black))
  /datum/callback/verb_callback (/datum/callback/verb_callback): InvokeAsync()
  Amaya Paynter (/mob/observer/ghost): Examine(The Space Cola Recipe (Top sec... (/obj/item/folder/black))
  Amaya Paynter (/mob/observer/ghost): Examine(The Space Cola Recipe (Top sec... (/obj/item/folder/black))
## TESTING: GC: -- [0x20162b2] | /obj/effect/decal/cleanable/blood/gibs was unable to be GC'd --
## TESTING: GC: -- [0x2016366] | /obj/effect/decal/cleanable/blood/gibs was unable to be GC'd --
## TESTING: GC: -- [0x2016394] | /obj/effect/decal/cleanable/blood/gibs was unable to be GC'd --
## TESTING: GC: -- [0x2016397] | /obj/effect/decal/cleanable/blood/gibs was unable to be GC'd --
## TESTING: GC: -- [0x20164c3] | /obj/effect/decal/cleanable/blood/gibs was unable to be GC'd --
## TESTING: GC: -- [0x20164c6] | /obj/effect/decal/cleanable/blood/gibs was unable to be GC'd --
## TESTING: GC: -- [0x201651f] | /obj/effect/decal/cleanable/blood/gibs was unable to be GC'd --
## TESTING: GC: -- [0x20165d9] | /obj/effect/decal/cleanable/blood/gibs was unable to be GC'd --
## TESTING: GC: -- [0x2016615] | /obj/effect/decal/cleanable/blood/gibs was unable to be GC'd --
## TESTING: GC: -- [0x2016646] | /obj/effect/decal/cleanable/blood/gibs was unable to be GC'd --
## TESTING: GC: -- [0x2016647] | /obj/effect/decal/cleanable/blood/gibs was unable to be GC'd --
## TESTING: GC: -- [0x201667f] | /obj/effect/decal/cleanable/blood/gibs was unable to be GC'd --
## TESTING: GC: -- [0x20168b0] | /obj/effect/decal/cleanable/blood/gibs was unable to be GC'd --
## TESTING: GC: -- [0x20168eb] | /obj/effect/decal/cleanable/blood/gibs was unable to be GC'd --
## TESTING: GC: -- [0x2016926] | /obj/effect/decal/cleanable/blood/gibs was unable to be GC'd --
## TESTING: GC: -- [0x2016a5f] | /obj/effect/decal/cleanable/blood/gibs was unable to be GC'd --
## TESTING: GC: -- [0x2016ac1] | /obj/effect/decal/cleanable/blood/gibs was unable to be GC'd --
## TESTING: GC: -- [0x2016b53] | /obj/effect/decal/cleanable/blood/gibs was unable to be GC'd --
## TESTING: GC: -- [0x2016baa] | /obj/effect/decal/cleanable/blood/gibs was unable to be GC'd --
## TESTING: GC: -- [0x2016bd8] | /obj/effect/decal/cleanable/blood/gibs was unable to be GC'd --
## TESTING: GC: -- [0x2016bed] | /obj/effect/decal/cleanable/blood/gibs was unable to be GC'd --
## TESTING: GC: -- [0x2032b0c] | /obj/machinery/atmospherics/pipe/simple/hidden/supply was unable to be GC'd --
## TESTING: GC: -- [0x2032b09] | /obj/machinery/atmospherics/pipe/simple/hidden/scrubbers was unable to be GC'd --
## TESTING: GC: -- [0x2032b17] | /obj/machinery/atmospherics/pipe/simple/hidden/scrubbers was unable to be GC'd --
## TESTING: GC: -- [0x2032b32] | /obj/machinery/atmospherics/pipe/simple/hidden/scrubbers was unable to be GC'd --
## TESTING: GC: -- [0x2032b33] | /obj/machinery/atmospherics/pipe/simple/hidden/supply was unable to be GC'd --
## TESTING: GC: -- [0x2032b44] | /obj/machinery/atmospherics/pipe/simple/hidden/scrubbers was unable to be GC'd --
## TESTING: GC: -- [0x2032b45] | /obj/machinery/atmospherics/pipe/simple/hidden/supply was unable to be GC'd --
## TESTING: GC: -- [0x2032b51] | /obj/machinery/atmospherics/pipe/simple/hidden/scrubbers was unable to be GC'd --
## TESTING: GC: -- [0x2032b52] | /obj/machinery/atmospherics/pipe/simple/hidden/supply was unable to be GC'd --
## TESTING: GC: -- [0x2032b6a] | /obj/machinery/atmospherics/pipe/simple/hidden/scrubbers was unable to be GC'd --
## TESTING: GC: -- [0x2032b6b] | /obj/machinery/atmospherics/pipe/simple/hidden/supply was unable to be GC'd --
## TESTING: GC: -- [0x2032b87] | /obj/machinery/atmospherics/pipe/simple/hidden/scrubbers was unable to be GC'd --
## TESTING: GC: -- [0x2032b88] | /obj/machinery/atmospherics/pipe/simple/hidden/supply was unable to be GC'd --
## TESTING: GC: -- [0x2032ba3] | /obj/machinery/atmospherics/pipe/simple/hidden/scrubbers was unable to be GC'd --
## TESTING: GC: -- [0x2032ba4] | /obj/machinery/atmospherics/pipe/simple/hidden/supply was unable to be GC'd --
## TESTING: GC: -- [0x2032bb9] | /obj/machinery/atmospherics/pipe/simple/hidden/scrubbers was unable to be GC'd --
## TESTING: GC: -- [0x2032bba] | /obj/machinery/atmospherics/pipe/simple/hidden/supply was unable to be GC'd --
## TESTING: GC: -- [0x2032bd3] | /obj/machinery/atmospherics/pipe/simple/hidden/scrubbers was unable to be GC'd --
## TESTING: GC: -- [0x2032bd4] | /obj/machinery/atmospherics/pipe/simple/hidden/supply was unable to be GC'd --
## TESTING: GC: -- [0x2032be5] | /obj/machinery/atmospherics/pipe/simple/hidden/scrubbers was unable to be GC'd --
## TESTING: GC: -- [0x2032be6] | /obj/machinery/atmospherics/pipe/simple/hidden/supply was unable to be GC'd --
## TESTING: GC: -- [0x2032c04] | /obj/machinery/atmospherics/pipe/simple/hidden/scrubbers was unable to be GC'd --
## TESTING: GC: -- [0x2032c05] | /obj/machinery/atmospherics/pipe/simple/hidden/supply was unable to be GC'd --
## TESTING: GC: -- [0x2032c1c] | /obj/machinery/atmospherics/pipe/simple/hidden/scrubbers was unable to be GC'd --
## TESTING: GC: -- [0x2032c1d] | /obj/machinery/atmospherics/pipe/simple/hidden/supply was unable to be GC'd --
## TESTING: GC: -- [0x2032c32] | /obj/machinery/atmospherics/pipe/simple/hidden/supply was unable to be GC'd --
## TESTING: GC: -- [0x2032c48] | /obj/machinery/atmospherics/pipe/simple/hidden/scrubbers was unable to be GC'd --
## TESTING: GC: -- [0x2032c68] | /obj/machinery/atmospherics/pipe/simple/hidden/scrubbers was unable to be GC'd --
## TESTING: GC: -- [0x2032c69] | /obj/machinery/atmospherics/pipe/simple/hidden/supply was unable to be GC'd --
## TESTING: GC: -- [0x2032c83] | /obj/machinery/atmospherics/pipe/simple/hidden/scrubbers was unable to be GC'd --
## TESTING: GC: -- [0x2032c84] | /obj/machinery/atmospherics/pipe/simple/hidden/supply was unable to be GC'd --
## TESTING: GC: -- [0x2032ca0] | /obj/machinery/atmospherics/pipe/simple/hidden/scrubbers was unable to be GC'd --
## TESTING: GC: -- [0x2032ca1] | /obj/machinery/atmospherics/pipe/simple/hidden/supply was unable to be GC'd --
## TESTING: GC: -- [0x2032cb3] | /obj/machinery/atmospherics/pipe/simple/hidden/scrubbers was unable to be GC'd --
## TESTING: GC: -- [0x2032cb4] | /obj/machinery/atmospherics/pipe/simple/hidden/supply was unable to be GC'd --
## TESTING: GC: -- [0x2032c99] | /obj/machinery/atmospherics/pipe/simple/hidden/supply was unable to be GC'd --
## TESTING: GC: -- [0x2032cae] | /obj/machinery/atmospherics/pipe/simple/hidden/supply was unable to be GC'd --
## TESTING: GC: -- [0x2032be0] | /obj/machinery/atmospherics/pipe/simple/visible/yellow was unable to be GC'd --
## TESTING: GC: -- [0x2032b92] | /obj/machinery/atmospherics/pipe/simple/visible/yellow was unable to be GC'd --
## TESTING: GC: -- [0x2032b90] | /obj/machinery/atmospherics/pipe/manifold/visible/yellow was unable to be GC'd --
## TESTING: GC: -- [0x2032bdb] | /obj/machinery/atmospherics/pipe/simple/visible/yellow was unable to be GC'd --
## TESTING: GC: -- [0x2032bee] | /obj/machinery/atmospherics/pipe/simple/visible/yellow was unable to be GC'd --
## TESTING: GC: -- [0x2032c0e] | /obj/machinery/atmospherics/pipe/simple/visible/yellow was unable to be GC'd --
## TESTING: GC: -- [0x20330f4] | /obj/machinery/atmospherics/pipe/simple/hidden/scrubbers was unable to be GC'd --
## TESTING: GC: -- [0x20330f3] | /obj/machinery/atmospherics/pipe/simple/hidden/supply was unable to be GC'd --
## TESTING: GC: -- [0x20330ed] | /obj/machinery/atmospherics/pipe/simple/hidden/scrubbers was unable to be GC'd --
## TESTING: GC: -- [0x20330ec] | /obj/machinery/atmospherics/pipe/simple/hidden/supply was unable to be GC'd --
## TESTING: GC: -- [0x20330ce] | /obj/machinery/atmospherics/pipe/simple/hidden/scrubbers was unable to be GC'd --
## TESTING: GC: -- [0x20330c7] | /obj/machinery/atmospherics/pipe/simple/hidden/supply was unable to be GC'd --
## TESTING: GC: -- [0x2033108] | /obj/machinery/atmospherics/pipe/simple/hidden/supply was unable to be GC'd --
## TESTING: GC: -- [0x20330f0] | /obj/machinery/atmospherics/pipe/simple/hidden/scrubbers was unable to be GC'd --
## TESTING: GC: -- [0x203307d] | /obj/machinery/atmospherics/pipe/simple/hidden/supply was unable to be GC'd --
## TESTING: GC: -- [0x2033182] | /obj/machinery/atmospherics/pipe/simple/hidden/scrubbers was unable to be GC'd --
## TESTING: GC: -- [0x203308a] | /obj/machinery/atmospherics/pipe/simple/hidden/supply was unable to be GC'd --
## TESTING: GC: -- [0x2033073] | /obj/machinery/atmospherics/pipe/simple/hidden/scrubbers was unable to be GC'd --
## TESTING: GC: -- [0x203331f] | /obj/machinery/atmospherics/pipe/simple/hidden/red was unable to be GC'd --
## TESTING: GC: -- [0x2033374] | /obj/machinery/atmospherics/pipe/simple/hidden/red was unable to be GC'd --
## TESTING: GC: -- [0x2033387] | /obj/machinery/atmospherics/pipe/simple/visible/yellow was unable to be GC'd --
## TESTING: GC: -- [0x203338d] | /obj/machinery/atmospherics/pipe/simple/visible/yellow was unable to be GC'd --
## TESTING: GC: -- [0x2033390] | /obj/machinery/atmospherics/pipe/simple/hidden/supply was unable to be GC'd --
## TESTING: GC: -- [0x2033391] | /obj/machinery/atmospherics/pipe/simple/hidden/scrubbers was unable to be GC'd --
## TESTING: GC: -- [0x20333df] | /obj/machinery/atmospherics/pipe/simple/hidden/scrubbers was unable to be GC'd --
## TESTING: GC: -- [0x20333e0] | /obj/machinery/atmospherics/pipe/simple/hidden/supply was unable to be GC'd --
## TESTING: GC: -- [0x20333e6] | /obj/machinery/atmospherics/pipe/simple/hidden/scrubbers was unable to be GC'd --
## TESTING: GC: -- [0x20333e7] | /obj/machinery/atmospherics/pipe/simple/hidden/supply was unable to be GC'd --
## TESTING: GC: -- [0x20333ee] | /obj/machinery/atmospherics/pipe/simple/hidden/scrubbers was unable to be GC'd --
## TESTING: GC: -- [0x20333ef] | /obj/machinery/atmospherics/pipe/simple/hidden/supply was unable to be GC'd --
## TESTING: GC: -- [0x2033480] | /obj/machinery/atmospherics/pipe/simple/hidden/scrubbers was unable to be GC'd --
## TESTING: GC: -- [0x2033481] | /obj/machinery/atmospherics/pipe/simple/hidden/supply was unable to be GC'd --
## TESTING: GC: -- [0x203348a] | /obj/machinery/atmospherics/pipe/simple/hidden/scrubbers was unable to be GC'd --
## TESTING: GC: -- [0x203348b] | /obj/machinery/atmospherics/pipe/simple/hidden/supply was unable to be GC'd --
## TESTING: GC: -- [0x2033493] | /obj/machinery/atmospherics/pipe/simple/hidden/scrubbers was unable to be GC'd --
## TESTING: GC: -- [0x2033494] | /obj/machinery/atmospherics/pipe/simple/hidden/supply was unable to be GC'd --
## TESTING: GC: -- [0x20334c4] | /obj/machinery/atmospherics/pipe/simple/hidden was unable to be GC'd --
## TESTING: GC: -- [0x20334c5] | /obj/machinery/atmospherics/pipe/simple/hidden was unable to be GC'd --
## TESTING: GC: -- [0x2033506] | /obj/machinery/atmospherics/pipe/simple/hidden/red was unable to be GC'd --
## TESTING: GC: -- [0x20334a6] | /obj/machinery/atmospherics/pipe/simple/hidden/red was unable to be GC'd --
## TESTING: GC: -- [0x2105f748] | /datum/radio_frequency was unable to be GC'd --
## TESTING: GC: -- [0x200303d] | /obj/machinery/atmospherics/pipe/simple/hidden/scrubbers was unable to be GC'd --
## TESTING: GC: -- [0x2006b90] | /obj/machinery/atmospherics/pipe/manifold/hidden/scrubbers was unable to be GC'd --
## TESTING: GC: -- [0x2007c4b] | /obj/machinery/atmospherics/pipe/manifold/hidden/supply was unable to be GC'd --
## TESTING: GC: -- [0x2009a7d] | /obj/machinery/atmospherics/pipe/manifold/hidden/supply was unable to be GC'd --
## TESTING: GC: -- [0x2036c40] | /obj/item/tank/oxygen was unable to be GC'd --
## TESTING: GC: -- [0x20149ed] | /obj/effect/decal/cleanable/greenglow was unable to be GC'd --
## TESTING: GC: -- [0x2014b8d] | /obj/effect/decal/cleanable/greenglow was unable to be GC'd --
## TESTING: GC: -- [0x20150a8] | /obj/effect/decal/cleanable/greenglow was unable to be GC'd --
## TESTING: GC: -- [0x20843f0] | /obj/machinery/atmospherics/pipe/simple/visible/yellow was unable to be GC'd --
## TESTING: GC: -- [0x2084407] | /obj/machinery/atmospherics/pipe/simple/visible/yellow was unable to be GC'd --
## TESTING: GC: -- [0x2084419] | /obj/machinery/atmospherics/pipe/simple/visible/yellow was unable to be GC'd --
## TESTING: GC: -- [0x208442a] | /obj/machinery/atmospherics/pipe/simple/visible/yellow was unable to be GC'd --
## TESTING: GC: -- [0x208443e] | /obj/machinery/atmospherics/pipe/simple/visible/yellow was unable to be GC'd --
## TESTING: GC: -- [0x208444f] | /obj/machinery/atmospherics/pipe/simple/visible/yellow was unable to be GC'd --
## TESTING: GC: -- [0x2084464] | /obj/machinery/atmospherics/pipe/simple/visible/yellow was unable to be GC'd --
## TESTING: GC: -- [0x2084474] | /obj/machinery/atmospherics/pipe/simple/visible/yellow was unable to be GC'd --
## TESTING: GC: -- [0x2084486] | /obj/machinery/atmospherics/pipe/simple/visible/yellow was unable to be GC'd --
## TESTING: GC: -- [0x208449d] | /obj/machinery/atmospherics/pipe/simple/visible/yellow was unable to be GC'd --
## TESTING: GC: -- [0x20844aa] | /obj/machinery/atmospherics/pipe/simple/visible/yellow was unable to be GC'd --
## TESTING: GC: -- [0x20843e7] | /obj/machinery/atmospherics/pipe/simple/visible/yellow was unable to be GC'd --
## TESTING: GC: -- [0x20843f6] | /obj/machinery/atmospherics/pipe/simple/visible/yellow was unable to be GC'd --
## TESTING: GC: -- [0x208440c] | /obj/machinery/atmospherics/pipe/simple/visible/yellow was unable to be GC'd --
## TESTING: GC: -- [0x208441e] | /obj/machinery/atmospherics/pipe/simple/visible/yellow was unable to be GC'd --
## TESTING: GC: -- [0x208442e] | /obj/machinery/atmospherics/pipe/simple/visible/yellow was unable to be GC'd --
## TESTING: GC: -- [0x2084443] | /obj/machinery/atmospherics/pipe/simple/visible/yellow was unable to be GC'd --
## TESTING: GC: -- [0x2084453] | /obj/machinery/atmospherics/pipe/simple/visible/yellow was unable to be GC'd --
## TESTING: GC: -- [0x2084468] | /obj/machinery/atmospherics/pipe/simple/visible/yellow was unable to be GC'd --
## TESTING: GC: -- [0x2084479] | /obj/machinery/atmospherics/pipe/simple/visible/yellow was unable to be GC'd --
## TESTING: GC: -- [0x208448d] | /obj/machinery/atmospherics/pipe/simple/visible/yellow was unable to be GC'd --
## TESTING: GC: -- [0x20844a1] | /obj/machinery/atmospherics/pipe/simple/visible/yellow was unable to be GC'd --
## TESTING: GC: -- [0x3000fb7] | /mob/new_player was unable to be GC'd --
[18:12:57] Runtime in structures.dm,200: Cannot execute null.getMult().
  proc name: climb (/obj/structure/multiz/ladder/proc/climb)
  usr: Amaya Paynter (riotscopez) (/mob/observer/ghost)
  usr.loc: The open space (22,102,9) (/turf/simulated/open)
  src: the ladder (/obj/structure/multiz/ladder)
  src.loc: the wooden floor (21,101,9) (/turf/simulated/floor/wood/wild4)
  call stack:
  the ladder (/obj/structure/multiz/ladder): climb(Amaya Paynter (/mob/observer/ghost), 30)
  the ladder (/obj/structure/multiz/ladder): attack hand(Amaya Paynter (/mob/observer/ghost))
  the ladder (/obj/structure/multiz/ladder): attack ai(Amaya Paynter (/mob/observer/ghost))
  the ladder (/obj/structure/multiz/ladder): attack ghost(Amaya Paynter (/mob/observer/ghost))
  the ladder (/obj/structure/multiz/ladder): attack ghost(Amaya Paynter (/mob/observer/ghost))
  the ladder (/obj/structure/multiz/ladder): attack ghost(Amaya Paynter (/mob/observer/ghost))
  Amaya Paynter (/mob/observer/ghost): ClickOn(the ladder (/obj/structure/multiz/ladder), "icon-x=15;icon-y=22;left=1;scr...")
  RiotScopez (/client): Click(the ladder (/obj/structure/multiz/ladder), the wooden floor (21,101,9) (/turf/simulated/floor/wood/wild4), "mapwindow.map", "icon-x=15;icon-y=22;left=1;scr...")
## MYSQL ERROR: The operation completed successfully.

## TESTING: GC: -- [0x30013d7] | /mob/observer/ghost was unable to be GC'd --
## TESTING: GC: -- [0x2085eaf] | /obj/item/device/geiger was unable to be GC'd --
## TESTING: GC: -- [0x2083ad5] | /obj/item/device/geiger was unable to be GC'd --
## MYSQL ERROR: The operation completed successfully.

[19:41:26] Runtime in mob_stats.dm,275: Cannot execute null.getStat().
  proc name: stat check (/mob/proc/stat_check)
  usr: Amaya Paynter (riotscopez) (/mob/observer/ghost)
  usr.loc: The floor (77,132,3) (/turf/simulated/floor/tiled/white/monofloor)
  src: Amaya Paynter (/mob/observer/ghost)
  src.loc: the floor (77,132,3) (/turf/simulated/floor/tiled/white/monofloor)
  call stack:
  Amaya Paynter (/mob/observer/ghost): stat check("Biology", 15)
  the chemical heater (/obj/machinery/chem_heater): attack hand(Amaya Paynter (/mob/observer/ghost))
  the chemical heater (/obj/machinery/chem_heater): attack ai(Amaya Paynter (/mob/observer/ghost))
  the chemical heater (/obj/machinery/chem_heater): attack ghost(Amaya Paynter (/mob/observer/ghost))
  the chemical heater (/obj/machinery/chem_heater): attack ghost(Amaya Paynter (/mob/observer/ghost))
  Amaya Paynter (/mob/observer/ghost): ClickOn(the chemical heater (/obj/machinery/chem_heater), "icon-x=15;icon-y=14;left=1;scr...")
  RiotScopez (/client): Click(the chemical heater (/obj/machinery/chem_heater), the floor (81,130,3) (/turf/simulated/floor/tiled/white/brown_perforated), "mapwindow.map", "icon-x=15;icon-y=14;left=1;scr...")
[19:41:26] Runtime in mob_stats.dm,275: Cannot execute null.getStat().
  proc name: stat check (/mob/proc/stat_check)
  usr: Amaya Paynter (riotscopez) (/mob/observer/ghost)
  usr.loc: The floor (77,132,3) (/turf/simulated/floor/tiled/white/monofloor)
  src: Amaya Paynter (/mob/observer/ghost)
  src.loc: the floor (77,132,3) (/turf/simulated/floor/tiled/white/monofloor)
  call stack:
  Amaya Paynter (/mob/observer/ghost): stat check("Cognition", 30)
  the chemical heater (/obj/machinery/chem_heater): attack hand(Amaya Paynter (/mob/observer/ghost))
  the chemical heater (/obj/machinery/chem_heater): attack ai(Amaya Paynter (/mob/observer/ghost))
  the chemical heater (/obj/machinery/chem_heater): attack ghost(Amaya Paynter (/mob/observer/ghost))
  the chemical heater (/obj/machinery/chem_heater): attack ghost(Amaya Paynter (/mob/observer/ghost))
  Amaya Paynter (/mob/observer/ghost): ClickOn(the chemical heater (/obj/machinery/chem_heater), "icon-x=15;icon-y=14;left=1;scr...")
  RiotScopez (/client): Click(the chemical heater (/obj/machinery/chem_heater), the floor (81,130,3) (/turf/simulated/floor/tiled/white/brown_perforated), "mapwindow.map", "icon-x=15;icon-y=14;left=1;scr...")
## TESTING: GC: -- [0x3000fb7] | /mob/new_player was unable to be GC'd --
## MYSQL ERROR: The operation completed successfully.

## TESTING: GC: -- [0x20839dd] | /obj/item/device/geiger was unable to be GC'd --
## TESTING: GC: -- [0x20839dd] | /obj/item/device/geiger was unable to be GC'd --
## TESTING: GC: -- [0x2083aef] | /obj/item/storage/pouch/medium_generic/opifex was unable to be GC'd --
## TESTING: GC: -- [0x2083be0] | /obj/item/organ_module/active/simple/opifex_pouch was unable to be GC'd --
## TESTING: GC: -- [0x2083e2c] | /obj/item/organ/external was unable to be GC'd --
## TESTING: GC: -- [0x2083c81] | /obj/item/storage/pouch/medium_generic/opifex was unable to be GC'd --
## TESTING: GC: -- [0x2083e13] | /obj/item/organ_module/active/simple/opifex_pouch was unable to be GC'd --
## TESTING: GC: -- [0x2083c52] | /obj/item/organ/external was unable to be GC'd --
Game start took 17.7s
## TESTING: GC: -- [0x2083a1c] | /obj/item/storage/pouch/medium_generic/opifex was unable to be GC'd --
## TESTING: GC: -- [0x2085bc9] | /obj/item/organ_module/active/simple/opifex_pouch was unable to be GC'd --
## TESTING: GC: -- [0x2085c96] | /obj/item/organ/external was unable to be GC'd --
## TESTING: GC: -- [0x20330f3] | /obj/item/storage/pouch/medium_generic/opifex was unable to be GC'd --
## TESTING: GC: -- [0x2083a89] | /obj/item/organ_module/active/simple/opifex_pouch was unable to be GC'd --
## TESTING: GC: -- [0x2085f71] | /obj/item/organ/external was unable to be GC'd --
## TESTING: GC: -- [0x2083bf3] | /obj/item/storage/pouch/medium_generic/opifex was unable to be GC'd --
## TESTING: GC: -- [0x2083b7f] | /obj/item/organ_module/active/simple/opifex_pouch was unable to be GC'd --
## TESTING: GC: -- [0x2083c31] | /obj/item/organ/external was unable to be GC'd --
[20:11:12] Runtime in unsorted.dm,1381: addtimer called with a callback assigned to a qdeleted object. In the future such timers will not be supported and may refuse to run or run with a 0 wait
  proc name: stack trace (/proc/stack_trace)
  src: null
  call stack:
  stack trace("addtimer called with a callbac...")
   addtimer(/datum/callback (/datum/callback), 15, 0, null, "code/modules/mob/living/carbon...", 471)
  Greyson Positronic RMB-A unit (/mob/living/carbon/superior_animal/robot/greyson/roomba/gun_ba): handle attacking stance(Hatchling screecher (/mob/living/carbon/superior_animal/xenomorph/warrior/shrike/screecher), 0, 1, 1)
  Greyson Positronic RMB-A unit (/mob/living/carbon/superior_animal/robot/greyson/roomba/gun_ba): handle ai()
  Greyson Positronic RMB-A unit (/mob/living/carbon/superior_animal/robot/greyson/roomba/gun_ba): Life(2)
  Mobs (/datum/controller/subsystem/processing/mobs): fire(1)
  Mobs (/datum/controller/subsystem/processing/mobs): fire(1)
  Mobs (/datum/controller/subsystem/processing/mobs): ignite(1)
## TESTING: GC: -- [0x300081b] | /mob/living/carbon/superior_animal/giant_spider/hunter/pepper was unable to be GC'd --
## TESTING: GC: -- [0x3000bcc] | /mob/living/carbon/superior_animal/roach/support was unable to be GC'd --
## TESTING: GC: -- [0x3000592] | /mob/living/carbon/superior_animal/giant_spider/hunter was unable to be GC'd --
## TESTING: GC: -- [0x3000bb7] | /mob/living/carbon/superior_animal/roach was unable to be GC'd --
## TESTING: GC: -- [0x30010d5] | /mob/living/simple_animal/hostile/hivebot/range was unable to be GC'd --
## TESTING: GC: -- [0x30010c6] | /mob/living/simple_animal/hostile/retaliate/malf_drone was unable to be GC'd --
## TESTING: GC: -- [0x30010d4] | /mob/living/simple_animal/hostile/retaliate/malf_drone was unable to be GC'd --
## TESTING: GC: -- [0x30010d8] | /mob/living/simple_animal/hostile/hivebot/range was unable to be GC'd --
## TESTING: GC: -- [0x3000714] | /mob/living/carbon/superior_animal/termite_no_despawn/plasma was unable to be GC'd --
## TESTING: GC: -- [0x3001231] | /mob/living/carbon/superior_animal/psi_monster/licker was unable to be GC'd --
## TESTING: GC: -- [0x30010d7] | /mob/living/simple_animal/hostile/hivebot was unable to be GC'd --
## TESTING: GC: -- [0x3000641] | /mob/living/carbon/superior_animal/roach/support was unable to be GC'd --
## TESTING: GC: -- [0x3000580] | /mob/living/carbon/superior_animal/roach/tank was unable to be GC'd --
## TESTING: GC: -- [0x30010da] | /mob/living/simple_animal/hostile/hivebot was unable to be GC'd --
## TESTING: GC: -- [0x30010d6] | /mob/living/simple_animal/hostile/hivebot was unable to be GC'd --
## TESTING: GC: -- [0x3000bf6] | /mob/living/carbon/superior_animal/roach was unable to be GC'd --
## TESTING: GC: -- [0x30010db] | /mob/living/simple_animal/hostile/hivebot/range was unable to be GC'd --
## TESTING: GC: -- [0x3000bca] | /mob/living/carbon/superior_animal/roach/tank was unable to be GC'd --
## TESTING: GC: -- [0x3000c0a] | /mob/living/carbon/superior_animal/roach/nanite was unable to be GC'd --
## TESTING: GC: -- [0x3000bac] | /mob/living/carbon/superior_animal/roach/nanite was unable to be GC'd --
## TESTING: GC: -- [0x30005bb] | /mob/living/carbon/superior_animal/roach/toxic was unable to be GC'd --
## TESTING: GC: -- [0x30006d4] | /mob/living/carbon/superior_animal/roach/hunter was unable to be GC'd --
## TESTING: GC: -- [0x3000bcf] | /mob/living/carbon/superior_animal/roach/toxic was unable to be GC'd --
## TESTING: GC: -- [0x3000575] | /mob/living/carbon/superior_animal/roach/hunter was unable to be GC'd --
## TESTING: GC: -- [0x30005ca] | /mob/living/carbon/superior_animal/roach/toxic was unable to be GC'd --
## TESTING: GC: -- [0x3000beb] | /mob/living/carbon/superior_animal/roach/tank was unable to be GC'd --
## TESTING: GC: -- [0x30006be] | /mob/living/carbon/superior_animal/termite_no_despawn/silver was unable to be GC'd --
## TESTING: GC: -- [0x3000577] | /mob/living/carbon/superior_animal/roach was unable to be GC'd --
## TESTING: GC: -- [0x2089bec] | /obj/effect/effect/light was unable to be GC'd --
## TESTING: GC: -- [0x300057b] | /mob/living/carbon/superior_animal/roach was unable to be GC'd --
## TESTING: GC: -- [0x30007a7] | /mob/living/carbon/superior_animal/roach was unable to be GC'd --
## TESTING: GC: -- [0x30000a1] | /mob/living/simple_animal/hostile/retaliate/malf_drone was unable to be GC'd --
## TESTING: GC: -- [0x30006d4] | /mob/living/carbon/superior_animal/roach/support was unable to be GC'd --
## TESTING: GC: -- [0x300009a] | /mob/living/simple_animal/hostile/retaliate/malf_drone was unable to be GC'd --
## TESTING: GC: -- [0x3000570] | /mob/living/carbon/superior_animal/roach/support was unable to be GC'd --
## TESTING: GC: -- [0x30006eb] | /mob/living/carbon/human was unable to be GC'd --
[20:39:38] Runtime in reagents.dm,252: undefined variable /mob/living/carbon/slime/var/sanity
  proc name: addiction act stage3 (/datum/reagent/proc/addiction_act_stage3)
  src: MENACE (/datum/reagent/stim/menace)
  call stack:
  MENACE (/datum/reagent/stim/menace): addiction act stage3(the grey adult slime (998) (/mob/living/carbon/slime))
  /datum/metabolism_effects (/datum/metabolism_effects): process addictions()
  /datum/metabolism_effects (/datum/metabolism_effects): process()
  the grey adult slime (998) (/mob/living/carbon/slime): handle chemicals in body()
  the grey adult slime (998) (/mob/living/carbon/slime): Life Check()
  the grey adult slime (998) (/mob/living/carbon/slime): Life(2)
  the grey adult slime (998) (/mob/living/carbon/slime): Life(2)
  the grey adult slime (998) (/mob/living/carbon/slime): Life(2)
  Mobs (/datum/controller/subsystem/processing/mobs): fire(1)
  Mobs (/datum/controller/subsystem/processing/mobs): fire(1)
  Mobs (/datum/controller/subsystem/processing/mobs): ignite(1)
  Master (/datum/controller/master): RunQueue()
  Master (/datum/controller/master): Loop()
  Master (/datum/controller/master): StartProcessing(0)
[20:40:04] Runtime in reagents.dm,252: undefined variable /mob/living/carbon/slime/var/sanity
  proc name: addiction act stage3 (/datum/reagent/proc/addiction_act_stage3)
  src: MENACE (/datum/reagent/stim/menace)
  call stack:
  MENACE (/datum/reagent/stim/menace): addiction act stage3(the grey adult slime (998) (/mob/living/carbon/slime))
  /datum/metabolism_effects (/datum/metabolism_effects): process addictions()
  /datum/metabolism_effects (/datum/metabolism_effects): process()
  the grey adult slime (998) (/mob/living/carbon/slime): handle chemicals in body()
  the grey adult slime (998) (/mob/living/carbon/slime): Life Check()
  the grey adult slime (998) (/mob/living/carbon/slime): Life(2)
  the grey adult slime (998) (/mob/living/carbon/slime): Life(2)
  the grey adult slime (998) (/mob/living/carbon/slime): Life(2)
  Mobs (/datum/controller/subsystem/processing/mobs): fire(1)
  Mobs (/datum/controller/subsystem/processing/mobs): fire(1)
  Mobs (/datum/controller/subsystem/processing/mobs): ignite(1)
  Master (/datum/controller/master): RunQueue()
  Master (/datum/controller/master): Loop()
  Master (/datum/controller/master): StartProcessing(0)
[20:40:28] Runtime in reagents.dm,252: undefined variable /mob/living/carbon/slime/var/sanity
  proc name: addiction act stage3 (/datum/reagent/proc/addiction_act_stage3)
  src: MENACE (/datum/reagent/stim/menace)
  call stack:
  MENACE (/datum/reagent/stim/menace): addiction act stage3(the grey adult slime (998) (/mob/living/carbon/slime))
  /datum/metabolism_effects (/datum/metabolism_effects): process addictions()
  /datum/metabolism_effects (/datum/metabolism_effects): process()
  the grey adult slime (998) (/mob/living/carbon/slime): handle chemicals in body()
  the grey adult slime (998) (/mob/living/carbon/slime): Life Check()
  the grey adult slime (998) (/mob/living/carbon/slime): Life(2)
  the grey adult slime (998) (/mob/living/carbon/slime): Life(2)
  the grey adult slime (998) (/mob/living/carbon/slime): Life(2)
  Mobs (/datum/controller/subsystem/processing/mobs): fire(1)
  Mobs (/datum/controller/subsystem/processing/mobs): fire(1)
  Mobs (/datum/controller/subsystem/processing/mobs): ignite(1)
  Master (/datum/controller/master): RunQueue()
  Master (/datum/controller/master): Loop()
  Master (/datum/controller/master): StartProcessing(0)
## TESTING: GC: -- [0x300056f] | /mob/living/carbon/superior_animal/roach/toxic was unable to be GC'd --
[20:42:03] Runtime in reagents.dm,257: undefined variable /mob/living/carbon/slime/var/sanity
  proc name: addiction act stage4 (/datum/reagent/proc/addiction_act_stage4)
  src: MENACE (/datum/reagent/stim/menace)
  call stack:
  MENACE (/datum/reagent/stim/menace): addiction act stage4(the grey adult slime (998) (/mob/living/carbon/slime))
  /datum/metabolism_effects (/datum/metabolism_effects): process addictions()
  /datum/metabolism_effects (/datum/metabolism_effects): process()
  the grey adult slime (998) (/mob/living/carbon/slime): handle chemicals in body()
  the grey adult slime (998) (/mob/living/carbon/slime): Life Check()
  the grey adult slime (998) (/mob/living/carbon/slime): Life(2)
  the grey adult slime (998) (/mob/living/carbon/slime): Life(2)
  the grey adult slime (998) (/mob/living/carbon/slime): Life(2)
  Mobs (/datum/controller/subsystem/processing/mobs): fire(1)
  Mobs (/datum/controller/subsystem/processing/mobs): fire(1)
  Mobs (/datum/controller/subsystem/processing/mobs): ignite(1)
  Master (/datum/controller/master): RunQueue()
  Master (/datum/controller/master): Loop()
  Master (/datum/controller/master): StartProcessing(0)
[20:42:36] Runtime in reagents.dm,257: undefined variable /mob/living/carbon/slime/var/sanity
  proc name: addiction act stage4 (/datum/reagent/proc/addiction_act_stage4)
  src: MENACE (/datum/reagent/stim/menace)
  call stack:
  MENACE (/datum/reagent/stim/menace): addiction act stage4(the grey adult slime (998) (/mob/living/carbon/slime))
  /datum/metabolism_effects (/datum/metabolism_effects): process addictions()
  /datum/metabolism_effects (/datum/metabolism_effects): process()
  the grey adult slime (998) (/mob/living/carbon/slime): handle chemicals in body()
  the grey adult slime (998) (/mob/living/carbon/slime): Life Check()
  the grey adult slime (998) (/mob/living/carbon/slime): Life(2)
  the grey adult slime (998) (/mob/living/carbon/slime): Life(2)
  the grey adult slime (998) (/mob/living/carbon/slime): Life(2)
  Mobs (/datum/controller/subsystem/processing/mobs): fire(1)
  Mobs (/datum/controller/subsystem/processing/mobs): fire(1)
  Mobs (/datum/controller/subsystem/processing/mobs): ignite(1)
  Master (/datum/controller/master): RunQueue()
  Master (/datum/controller/master): Loop()
  Master (/datum/controller/master): StartProcessing(0)
[20:42:58] Runtime in reagents.dm,261: undefined variable /mob/living/carbon/slime/var/sanity
  proc name: addiction end (/datum/reagent/proc/addiction_end)
  src: MENACE (/datum/reagent/stim/menace)
  call stack:
  MENACE (/datum/reagent/stim/menace): addiction end(the grey adult slime (998) (/mob/living/carbon/slime))
  /datum/metabolism_effects (/datum/metabolism_effects): process addictions()
  /datum/metabolism_effects (/datum/metabolism_effects): process()
  the grey adult slime (998) (/mob/living/carbon/slime): handle chemicals in body()
  the grey adult slime (998) (/mob/living/carbon/slime): Life Check()
  the grey adult slime (998) (/mob/living/carbon/slime): Life(2)
  the grey adult slime (998) (/mob/living/carbon/slime): Life(2)
  the grey adult slime (998) (/mob/living/carbon/slime): Life(2)
  Mobs (/datum/controller/subsystem/processing/mobs): fire(1)
  Mobs (/datum/controller/subsystem/processing/mobs): fire(1)
  Mobs (/datum/controller/subsystem/processing/mobs): ignite(1)
  Master (/datum/controller/master): RunQueue()
  Master (/datum/controller/master): Loop()
  Master (/datum/controller/master): StartProcessing(0)
## TESTING: GC: -- [0x300056e] | /mob/living/carbon/superior_animal/roach was unable to be GC'd --
## TESTING: GC: -- [0x3000647] | /mob/living/carbon/superior_animal/roach/tank was unable to be GC'd --
## TESTING: GC: -- [0x30007d2] | /mob/living/carbon/superior_animal/termite_no_despawn/osmium was unable to be GC'd --
## TESTING: GC: -- [0x30007e2] | /mob/living/carbon/superior_animal/giant_spider/hunter was unable to be GC'd --
## TESTING: GC: -- [0x30007f0] | /mob/living/carbon/superior_animal/termite_no_despawn/iron was unable to be GC'd --
## TESTING: GC: -- [0x3000699] | /mob/living/carbon/superior_animal/roach was unable to be GC'd --
## TESTING: GC: -- [0x300066d] | /mob/living/carbon/superior_animal/giant_spider/tarantula/burrowing was unable to be GC'd --
## TESTING: GC: -- [0x3000637] | /mob/living/carbon/superior_animal/giant_spider/nurse/queen was unable to be GC'd --
## TESTING: GC: -- [0x30006d5] | /mob/living/carbon/human was unable to be GC'd --
## TESTING: GC: -- [0x30007e4] | /mob/living/carbon/superior_animal/giant_spider/tarantula was unable to be GC'd --
## TESTING: GC: -- [0x3000745] | /mob/living/carbon/superior_animal/roach/hunter was unable to be GC'd --
## TESTING: GC: -- [0x3000744] | /mob/living/carbon/superior_animal/roach/nanite was unable to be GC'd --
## TESTING: GC: -- [0x300062e] | /mob/living/carbon/superior_animal/roach/toxic was unable to be GC'd --
## TESTING: GC: -- [0x300084a] | /mob/living/carbon/superior_animal/giant_spider/nurse/midwife was unable to be GC'd --
## TESTING: GC: -- [0x3000772] | /mob/living/carbon/superior_animal/roach was unable to be GC'd --
## TESTING: GC: -- [0x30005d3] | /mob/living/carbon/superior_animal/giant_spider/nurse/midwife was unable to be GC'd --
## TESTING: GC: -- [0x30005c2] | /mob/living/carbon/superior_animal/roach was unable to be GC'd --
## TESTING: GC: -- [0x3000675] | /mob/living/carbon/superior_animal/giant_spider/nurse/cave_spider was unable to be GC'd --
## TESTING: GC: -- [0x300148c] | /mob/living/carbon/superior_animal/giant_spider/nurse/cave_spider was unable to be GC'd --
## TESTING: GC: -- [0x3001050] | /mob/living/carbon/superior_animal/roach/support was unable to be GC'd --
## TESTING: GC: -- [0x30010d1] | /mob/living/carbon/superior_animal/giant_spider/nurse was unable to be GC'd --
## TESTING: GC: -- [0x300077a] | /mob/living/carbon/superior_animal/roach/glowing was unable to be GC'd --
## TESTING: GC: -- [0x30005bf] | /mob/living/carbon/superior_animal/roach was unable to be GC'd --
## TESTING: GC: -- [0x30010cf] | /mob/living/carbon/superior_animal/giant_spider was unable to be GC'd --
## TESTING: GC: -- [0x300105c] | /mob/living/carbon/superior_animal/roach was unable to be GC'd --
## TESTING: GC: -- [0x300076c] | /mob/living/carbon/superior_animal/termite_no_despawn/silver was unable to be GC'd --
## TESTING: GC: -- [0x3001488] | /mob/living/carbon/superior_animal/giant_spider/nurse was unable to be GC'd --
## TESTING: GC: -- [0x30005c0] | /mob/living/carbon/superior_animal/roach/toxic was unable to be GC'd --
## TESTING: GC: -- [0x3000780] | /mob/living/carbon/superior_animal/roach/toxic was unable to be GC'd --
## TESTING: GC: -- [0x208a859] | /HUD_element was unable to be GC'd --
## TESTING: GC: -- [0x30005cb] | /mob/living/carbon/superior_animal/roach/fuhrer was unable to be GC'd --
## TESTING: GC: -- [0x300078f] | /mob/living/carbon/superior_animal/termite_no_despawn/silver was unable to be GC'd --
## TESTING: GC: -- [0x2089cd5] | /obj/effect/spider/spiderling was unable to be GC'd --
## TESTING: GC: -- [0x30005d2] | /mob/living/carbon/superior_animal/giant_spider was unable to be GC'd --
## TESTING: GC: -- [0x30013cf] | /mob/living/carbon/superior_animal/giant_spider/hunter was unable to be GC'd --
[22:04:17] Runtime in inspiration_component.dm,29: undefined variable /obj/item/material/butterfly/switchblade/var/perk
  proc name: Initialize (/datum/component/inspiration/Initialize)
  usr: The new player (riotscopez) (/mob/new_player)
  src: /datum/component/inspiration (/datum/component/inspiration)
  call stack:
  /datum/component/inspiration (/datum/component/inspiration): Initialize(/list (/list), /datum/perk/oddity/balls_of_pl... (/datum/perk/oddity/balls_of_plasteel))
  /datum/component/inspiration (/datum/component/inspiration): New(The steel switchblade of Katha... (/obj/item/material/butterfly/switchblade), /list (/list), /datum/perk/oddity/balls_of_pl... (/datum/perk/oddity/balls_of_plasteel))
  The steel switchblade of Katha... (/obj/item/material/butterfly/switchblade): AddComponent(The steel switchblade of Katha... (/obj/item/material/butterfly/switchblade), /list (/list), /datum/perk/oddity/balls_of_pl... (/datum/perk/oddity/balls_of_plasteel))
  Wealthy Upbringing (/datum/perk/noble): assign(Katharine Griffiths (mannequin... (/mob/living/carbon/human/dummy/mannequin))
  /datum/stat_holder (/datum/stat_holder): addPerk(/datum/perk/noble (/datum/perk/noble))
  Wealthy Upbringing (/datum/category_item/setup_option/background/bckgrnd/wealthy): apply(Katharine Griffiths (mannequin... (/mob/living/carbon/human/dummy/mannequin))
  /datum/preferences (/datum/preferences): copy to(Katharine Griffiths (mannequin... (/mob/living/carbon/human/dummy/mannequin), 1)
  /datum/preferences (/datum/preferences): dress preview mob(Katharine Griffiths (mannequin... (/mob/living/carbon/human/dummy/mannequin), 0)
  /datum/preferences (/datum/preferences): update preview icon(0)
  Body (/datum/category_item/player_setup_item/physical/body): content(the new player (/mob/new_player))
  General (/datum/category_group/player_setup_category/physical_preferences): content(the new player (/mob/new_player))
  /datum/category_collection/pla... (/datum/category_collection/player_setup_collection): content(the new player (/mob/new_player))
  /datum/preferences (/datum/preferences): ShowChoices(the new player (/mob/new_player))
  /datum/preferences (/datum/preferences): Topic("src=\[0x210559a4];changeslot=1...", /list (/list))
  RiotScopez (/client): Topic("src=\[0x210559a4];changeslot=1...", /list (/list), /datum/preferences (/datum/preferences))
  RiotScopez (/client): Topic("src=\[0x210559a4];changeslot=1...", /list (/list), /datum/preferences (/datum/preferences))
[22:04:28] Runtime in inspiration_component.dm,29: undefined variable /obj/item/material/butterfly/switchblade/var/perk
  proc name: Initialize (/datum/component/inspiration/Initialize)
  usr: The new player (riotscopez) (/mob/new_player)
  src: /datum/component/inspiration (/datum/component/inspiration)
  call stack:
  /datum/component/inspiration (/datum/component/inspiration): Initialize(/list (/list), /datum/perk/oddity/survivor (/datum/perk/oddity/survivor))
  /datum/component/inspiration (/datum/component/inspiration): New(The steel switchblade of Katha... (/obj/item/material/butterfly/switchblade), /list (/list), /datum/perk/oddity/survivor (/datum/perk/oddity/survivor))
  The steel switchblade of Katha... (/obj/item/material/butterfly/switchblade): AddComponent(The steel switchblade of Katha... (/obj/item/material/butterfly/switchblade), /list (/list), /datum/perk/oddity/survivor (/datum/perk/oddity/survivor))
  Wealthy Upbringing (/datum/perk/noble): assign(Katharine Griffiths (/mob/living/carbon/human))
  /datum/stat_holder (/datum/stat_holder): addPerk(/datum/perk/noble (/datum/perk/noble))
  Wealthy Upbringing (/datum/category_item/setup_option/background/bckgrnd/wealthy): apply(Katharine Griffiths (/mob/living/carbon/human))
  /datum/preferences (/datum/preferences): copy to(Katharine Griffiths (/mob/living/carbon/human), 0)
  the new player (/mob/new_player): create character()
  the new player (/mob/new_player): AttemptLateSpawn("Premier", "Cryogenic Storage")
  the new player (/mob/new_player): Topic("src=\[0x3000714];SelectedJob=P...", /list (/list))
  RiotScopez (/client): Topic("src=\[0x3000714];SelectedJob=P...", /list (/list), the new player (/mob/new_player))
  RiotScopez (/client): Topic("src=\[0x3000714];SelectedJob=P...", /list (/list), the new player (/mob/new_player))
[22:04:33] Runtime in recycle_vendor.dm,187: Cannot read null.name
  proc name: recycle and pay (/obj/machinery/recycle_vendor/proc/recycle_and_pay)
  usr: Robin Blessig (athirson) (/mob/living/carbon/human)
  usr.loc: The floor (128,117,3) (/turf/simulated/floor/tiled/steel)
  src: the recycling vendor (/obj/machinery/recycle_vendor)
  src.loc: the floor (127,116,3) (/turf/simulated/floor/tiled/steel)
  call stack:
  the recycling vendor (/obj/machinery/recycle_vendor): recycle and pay()
  the recycling vendor (/obj/machinery/recycle_vendor): Topic("src=\[0x210eb12a];recycle_item...", /list (/list), /datum/nano_topic_state/defaul... (/datum/nano_topic_state/default))
  /datum/nanoui (/datum/nanoui): Topic("src=\[0x210eb12a];recycle_item...", /list (/list))
  Athirson (/client):  Topic(/datum/nanoui (/datum/nanoui), "src=\[0x210eb12a];recycle_item...", /list (/list))
  /datum/callback/verb_callback (/datum/callback/verb_callback): Invoke()
  world: PushUsr(Robin Blessig (/mob/living/carbon/human), /datum/callback/verb_callback (/datum/callback/verb_callback))
  /datum/callback/verb_callback (/datum/callback/verb_callback): InvokeAsync()
  Verb Manager (/datum/controller/subsystem/verb_manager): run verb queue()
  Verb Manager (/datum/controller/subsystem/verb_manager): fire(0)
  Verb Manager (/datum/controller/subsystem/verb_manager): ignite(0)
  Master (/datum/controller/master): RunQueue()
  Master (/datum/controller/master): Loop()
  Master (/datum/controller/master): StartProcessing(0)
## TESTING: GC: -- [0x30005c4] | /mob/living/carbon/superior_animal/roach/hunter was unable to be GC'd --
## TESTING: GC: -- [0x3001284] | /mob/living/carbon/superior_animal/giant_spider was unable to be GC'd --
## TESTING: GC: -- [0x30005b6] | /mob/living/carbon/superior_animal/roach/support was unable to be GC'd --
## TESTING: GC: -- [0x300076e] | /mob/living/carbon/superior_animal/termite_no_despawn/iron was unable to be GC'd --
## TESTING: GC: -- [0x30013cf] | /mob/observer/ghost was unable to be GC'd --
## TESTING: GC: -- [0x208402c] | /obj/item/modular_computer/pda/heads/hos was unable to be GC'd --
## TESTING: GC: -- [0x2085a49] | /obj/item/clothing/accessory/badge/holo/co was unable to be GC'd --
## TESTING: GC: -- [0x2085c9a] | /obj/item/organ/external/head was unable to be GC'd --
## TESTING: GC: -- [0x30013dc] | /mob/living/carbon/human was unable to be GC'd --
[22:10:27] Runtime in folders.dm,61: list index out of bounds
  proc name: examine (/obj/item/folder/examine)
  usr: Robin Blessig (athirson) (/mob/living/carbon/human)
  usr.loc: The wooden floor (98,88,3) (/turf/simulated/floor/wood)
  src: the weathered folder (/obj/item/folder/red)
  src.loc: Robin Blessig (/mob/living/carbon/human)
  call stack:
  the weathered folder (/obj/item/folder/red): examine(Robin Blessig (/mob/living/carbon/human))
  Robin Blessig (/mob/living/carbon/human): run examinate(the weathered folder (/obj/item/folder/red))
  /datum/callback/verb_callback (/datum/callback/verb_callback): Invoke()
  world: PushUsr(Robin Blessig (/mob/living/carbon/human), /datum/callback/verb_callback (/datum/callback/verb_callback))
  /datum/callback/verb_callback (/datum/callback/verb_callback): InvokeAsync()
  Verb Manager (/datum/controller/subsystem/verb_manager): run verb queue()
  Verb Manager (/datum/controller/subsystem/verb_manager): fire(0)
  Verb Manager (/datum/controller/subsystem/verb_manager): ignite(0)
  Master (/datum/controller/master): RunQueue()
  Master (/datum/controller/master): Loop()
  Master (/datum/controller/master): StartProcessing(0)
## TESTING: GC: -- [0x3000764] | /mob/living/carbon/superior_animal/giant_spider/tarantula was unable to be GC'd --
## TESTING: GC: -- [0x30006c4] | /mob/living/carbon/superior_animal/termite_no_despawn/iron was unable to be GC'd --
## TESTING: GC: -- [0x30010ce] | /mob/living/carbon/superior_animal/giant_spider was unable to be GC'd --
## TESTING: GC: -- [0x20089de] | /obj/effect/decal/cleanable/rubble was unable to be GC'd --
## TESTING: GC: -- [0x30007da] | /mob/living/carbon/superior_animal/termite_no_despawn/uranium was unable to be GC'd --
## TESTING: GC: -- [0x3000763] | /mob/living/carbon/superior_animal/giant_spider/nurse was unable to be GC'd --
## TESTING: GC: -- [0x2002010] | /obj/structure/burrow was unable to be GC'd --
## TESTING: GC: -- [0x300061a] | /mob/living/carbon/superior_animal/giant_spider/nurse/cave_spider was unable to be GC'd --
## TESTING: GC: -- [0x300113b] | /mob/living/carbon/superior_animal/giant_spider/hunter was unable to be GC'd --
## TESTING: GC: -- [0x300087d] | /mob/living/carbon/superior_animal/giant_spider/nurse was unable to be GC'd --
## TESTING: GC: -- [0x3000687] | /mob/living/carbon/superior_animal/giant_spider/hunter was unable to be GC'd --
## TESTING: GC: -- [0x3000765] | /mob/living/carbon/superior_animal/giant_spider/nurse was unable to be GC'd --
## TESTING: GC: -- [0x300084a] | /mob/living/carbon/superior_animal/giant_spider/hunter/shocker was unable to be GC'd --
## TESTING: GC: -- [0x3000028] | /mob/living/carbon/superior_animal/giant_spider/nurse was unable to be GC'd --
## TESTING: GC: -- [0x3000564] | /mob/living/carbon/superior_animal/giant_spider/nurse was unable to be GC'd --
## TESTING: GC: -- [0x2007144] | /obj/effect/spider/spiderling was unable to be GC'd --
## TESTING: GC: -- [0x30006fd] | /mob/living/carbon/superior_animal/termite_no_despawn/iron was unable to be GC'd --
## TESTING: GC: -- [0x3000701] | /mob/living/carbon/superior_animal/termite_no_despawn/plasma was unable to be GC'd --
## TESTING: GC: -- [0x30005d1] | /mob/living/carbon/superior_animal/roach was unable to be GC'd --
## TESTING: GC: -- [0x208af28] | /obj/random/mob/carp was unable to be GC'd --
## TESTING: GC: -- [0x208af31] | /obj/random/mob/carp was unable to be GC'd --
## TESTING: GC: -- [0x208af1a] | /obj/random/mob/carp was unable to be GC'd --
## TESTING: GC: -- [0x208af2d] | /obj/random/mob/carp was unable to be GC'd --
## TESTING: GC: -- [0x208af3c] | /obj/random/mob/carp was unable to be GC'd --
## TESTING: GC: -- [0x208af19] | /obj/random/mob/carp was unable to be GC'd --
## TESTING: GC: -- [0x208af37] | /obj/random/mob/carp was unable to be GC'd --
## TESTING: GC: -- [0x208af25] | /obj/random/mob/carp was unable to be GC'd --
## TESTING: GC: -- [0x208af1d] | /obj/random/mob/carp was unable to be GC'd --
## TESTING: GC: -- [0x208af39] | /obj/random/mob/carp was unable to be GC'd --
## TESTING: GC: -- [0x208af20] | /obj/random/mob/carp was unable to be GC'd --
## TESTING: GC: -- [0x208af23] | /obj/random/mob/carp was unable to be GC'd --
## TESTING: GC: -- [0x208af2a] | /obj/random/mob/carp was unable to be GC'd --
## TESTING: GC: -- [0x208af35] | /obj/random/mob/carp was unable to be GC'd --
## TESTING: GC: -- [0x208af3b] | /obj/random/mob/carp was unable to be GC'd --
## TESTING: GC: -- [0x208af2e] | /obj/random/mob/carp was unable to be GC'd --
## TESTING: GC: -- [0x208af17] | /obj/random/mob/carp was unable to be GC'd --
## TESTING: GC: -- [0x208aeba] | /obj/random/mob/carp was unable to be GC'd --
## TESTING: GC: -- [0x208af3a] | /obj/random/mob/carp was unable to be GC'd --
## TESTING: GC: -- [0x208af21] | /obj/random/mob/carp was unable to be GC'd --
## TESTING: GC: -- [0x208af27] | /obj/random/mob/carp was unable to be GC'd --
## TESTING: GC: -- [0x208af1c] | /obj/random/mob/carp was unable to be GC'd --
## TESTING: GC: -- [0x208af3d] | /obj/random/mob/carp was unable to be GC'd --
## TESTING: GC: -- [0x208af3e] | /obj/random/mob/carp was unable to be GC'd --
## TESTING: GC: -- [0x208af3f] | /obj/random/mob/carp was unable to be GC'd --
## TESTING: GC: -- [0x208af40] | /obj/random/mob/carp was unable to be GC'd --
## TESTING: GC: -- [0x208af41] | /obj/random/mob/carp was unable to be GC'd --
## TESTING: GC: -- [0x208af42] | /obj/random/mob/carp was unable to be GC'd --
## TESTING: GC: -- [0x208af43] | /obj/random/mob/carp was unable to be GC'd --
## TESTING: GC: -- [0x208af44] | /obj/random/mob/carp was unable to be GC'd --
## TESTING: GC: -- [0x208af45] | /obj/random/mob/carp was unable to be GC'd --
## TESTING: GC: -- [0x208af46] | /obj/random/mob/carp was unable to be GC'd --
## TESTING: GC: -- [0x208af47] | /obj/random/mob/carp was unable to be GC'd --
## TESTING: GC: -- [0x208af48] | /obj/random/mob/carp was unable to be GC'd --
## TESTING: GC: -- [0x208af49] | /obj/random/mob/carp was unable to be GC'd --
## TESTING: GC: -- [0x208af4a] | /obj/random/mob/carp was unable to be GC'd --
## TESTING: GC: -- [0x208af4b] | /obj/random/mob/carp was unable to be GC'd --
## TESTING: GC: -- [0x208af4c] | /obj/random/mob/carp was unable to be GC'd --
## TESTING: GC: -- [0x208af4d] | /obj/random/mob/carp was unable to be GC'd --
## TESTING: GC: -- [0x208af4e] | /obj/random/mob/carp was unable to be GC'd --
## TESTING: GC: -- [0x208af4f] | /obj/random/mob/carp was unable to be GC'd --
## TESTING: GC: -- [0x208af50] | /obj/random/mob/carp was unable to be GC'd --
## TESTING: GC: -- [0x208af51] | /obj/random/mob/carp was unable to be GC'd --
## TESTING: GC: -- [0x208af52] | /obj/random/mob/carp was unable to be GC'd --
## TESTING: GC: -- [0x208af53] | /obj/random/mob/carp was unable to be GC'd --
## TESTING: GC: -- [0x208af54] | /obj/random/mob/carp was unable to be GC'd --
## TESTING: GC: -- [0x208af55] | /obj/random/mob/carp was unable to be GC'd --
## TESTING: GC: -- [0x208af56] | /obj/random/mob/carp was unable to be GC'd --
## TESTING: GC: -- [0x208af57] | /obj/random/mob/carp was unable to be GC'd --
## TESTING: GC: -- [0x208af58] | /obj/random/mob/carp was unable to be GC'd --
[23:01:20] Runtime in _trade_station.dm,246: list index out of bounds
  proc name: get good amount (/datum/trade_station/proc/get_good_amount)
  usr: Premier Griffiths (riotscopez) (/mob/living/carbon/human)
  usr.loc: The floor (124,101,3) (/turf/simulated/floor/tiled/dark/cargo)
  src: MAV \'Caduceus\' (/datum/trade_station/caduceus)
  call stack:
  MAV \'Caduceus\' (/datum/trade_station/caduceus): get good amount("First Aid", 17)
  Trading Program (/datum/nano_module/program/trade): nano ui data()
  Trading Program (/datum/nano_module/program/trade): nano ui interact(Premier Griffiths (/mob/living/carbon/human), "main", /datum/nanoui (/datum/nanoui), 0, /datum/nano_topic_state/defaul... (/datum/nano_topic_state/default), /datum/nano_topic_state/defaul... (/datum/nano_topic_state/default))
  /datum/nanoui (/datum/nanoui): update(0)
  /datum/nanoui (/datum/nanoui): try update(1)
  NanoUI (/datum/controller/subsystem/processing/nano): update uis(Trading Program (/datum/nano_module/program/trade))
  /datum/nanoui (/datum/nanoui): Topic("src=\[0x210f9ba9];PRG_goods_ca...", /list (/list))
  RiotScopez (/client): Topic("src=\[0x210f9ba9];PRG_goods_ca...", /list (/list), /datum/nanoui (/datum/nanoui))
  RiotScopez (/client): Topic("src=\[0x210f9ba9];PRG_goods_ca...", /list (/list), /datum/nanoui (/datum/nanoui))
[23:01:20] Runtime in _trade_station.dm,246: list index out of bounds
  proc name: get good amount (/datum/trade_station/proc/get_good_amount)
  usr: Premier Griffiths (riotscopez) (/mob/living/carbon/human)
  usr.loc: The floor (124,101,3) (/turf/simulated/floor/tiled/dark/cargo)
  src: MAV \'Caduceus\' (/datum/trade_station/caduceus)
  call stack:
  MAV \'Caduceus\' (/datum/trade_station/caduceus): get good amount("First Aid", 18)
  Trading Program (/datum/nano_module/program/trade): nano ui data()
  Trading Program (/datum/nano_module/program/trade): nano ui interact(Premier Griffiths (/mob/living/carbon/human), "main", /datum/nanoui (/datum/nanoui), 0, /datum/nano_topic_state/defaul... (/datum/nano_topic_state/default), /datum/nano_topic_state/defaul... (/datum/nano_topic_state/default))
  /datum/nanoui (/datum/nanoui): update(0)
  /datum/nanoui (/datum/nanoui): try update(1)
  NanoUI (/datum/controller/subsystem/processing/nano): update uis(Trading Program (/datum/nano_module/program/trade))
  /datum/nanoui (/datum/nanoui): Topic("src=\[0x210f9ba9];PRG_goods_ca...", /list (/list))
  RiotScopez (/client): Topic("src=\[0x210f9ba9];PRG_goods_ca...", /list (/list), /datum/nanoui (/datum/nanoui))
  RiotScopez (/client): Topic("src=\[0x210f9ba9];PRG_goods_ca...", /list (/list), /datum/nanoui (/datum/nanoui))
[23:01:21] Runtime in _trade_station.dm,246: list index out of bounds
  proc name: get good amount (/datum/trade_station/proc/get_good_amount)
  src: MAV \'Caduceus\' (/datum/trade_station/caduceus)
  call stack:
  MAV \'Caduceus\' (/datum/trade_station/caduceus): get good amount("First Aid", 17)
  Trading Program (/datum/nano_module/program/trade): nano ui data()
  Trading Program (/datum/nano_module/program/trade): nano ui interact(Premier Griffiths (/mob/living/carbon/human), "main", /datum/nanoui (/datum/nanoui), 0, /datum/nano_topic_state/defaul... (/datum/nano_topic_state/default), /datum/nano_topic_state/defaul... (/datum/nano_topic_state/default))
  /datum/nanoui (/datum/nanoui): update(0)
  /datum/nanoui (/datum/nanoui): try update(0)
  /datum/nanoui (/datum/nanoui): Process(2)
[23:01:21] Runtime in _trade_station.dm,246: list index out of bounds
  proc name: get good amount (/datum/trade_station/proc/get_good_amount)
  src: MAV \'Caduceus\' (/datum/trade_station/caduceus)
  call stack:
  MAV \'Caduceus\' (/datum/trade_station/caduceus): get good amount("First Aid", 18)
  Trading Program (/datum/nano_module/program/trade): nano ui data()
  Trading Program (/datum/nano_module/program/trade): nano ui interact(Premier Griffiths (/mob/living/carbon/human), "main", /datum/nanoui (/datum/nanoui), 0, /datum/nano_topic_state/defaul... (/datum/nano_topic_state/default), /datum/nano_topic_state/defaul... (/datum/nano_topic_state/default))
  /datum/nanoui (/datum/nanoui): update(0)
  /datum/nanoui (/datum/nanoui): try update(0)
  /datum/nanoui (/datum/nanoui): Process(2)
[23:01:21] Runtime in _trade_station.dm,246: list index out of bounds
  proc name: get good amount (/datum/trade_station/proc/get_good_amount)
  usr: Premier Griffiths (riotscopez) (/mob/living/carbon/human)
  usr.loc: The floor (124,101,3) (/turf/simulated/floor/tiled/dark/cargo)
[23:01:21] Runtime in _trade_station.dm,246: list index out of bounds
  proc name: get good amount (/datum/trade_station/proc/get_good_amount)
  usr: Premier Griffiths (riotscopez) (/mob/living/carbon/human)
  usr.loc: The floor (124,101,3) (/turf/simulated/floor/tiled/dark/cargo)
## TESTING: GC: -- [0x3001031] | /mob/living/carbon/superior_animal/giant_spider was unable to be GC'd --
## TESTING: GC: -- [0x3000daa] | /mob/living/carbon/superior_animal/giant_spider/hunter/shocker was unable to be GC'd --
## TESTING: GC: -- [0x208b4b7] | /obj/effect/effect/light was unable to be GC'd --
## TESTING: GC: -- [0x208b3fd] | /obj/effect/effect/light was unable to be GC'd --
## TESTING: GC: -- [0x208b39d] | /obj/effect/effect/light was unable to be GC'd --
## TESTING: GC: -- [0x208b3ae] | /obj/effect/effect/light was unable to be GC'd --
## TESTING: GC: -- [0x2083996] | /obj/item/modular_computer/pda/captain was unable to be GC'd --
## TESTING: GC: -- [0x2085ebe] | /obj/item/storage/backpack/satchel was unable to be GC'd --
## TESTING: GC: -- [0x20839a2] | /obj/item/storage/box/survival was unable to be GC'd --
## TESTING: GC: -- [0x2085abb] | /obj/item/storage/hcases/preimer was unable to be GC'd --
## TESTING: GC: -- [0x2085f6d] | /obj/item/device/synthesized_instrument/synthesizer was unable to be GC'd --
## TESTING: GC: -- [0x2033493] | /obj/item/material/butterfly/switchblade was unable to be GC'd --
## TESTING: GC: -- [0x2083e10] | /obj/item/organ/external/head was unable to be GC'd --
## TESTING: GC: -- [0x30005c0] | /mob/living/carbon/human was unable to be GC'd --
## TESTING: GC: -- [0x2085e95] | /obj/item/modular_computer/pda was unable to be GC'd --
## TESTING: GC: -- [0x2085ece] | /obj/item/storage/backpack/satchel was unable to be GC'd --
## TESTING: GC: -- [0x2085ecd] | /obj/item/storage/box/survival was unable to be GC'd --
## TESTING: GC: -- [0x20070ea] | /obj/item/device/lightreplacer was unable to be GC'd --
## TESTING: GC: -- [0x2085e4c] | /obj/item/storage/lunchbox/rainbow was unable to be GC'd --
## TESTING: GC: -- [0x2007086] | /obj/item/storage/pill_bottle/antitox was unable to be GC'd --
## TESTING: GC: -- [0x2006c73] | /obj/item/storage/bag/trash was unable to be GC'd --
## TESTING: GC: -- [0x2085e0d] | /obj/item/organ/external/head was unable to be GC'd --
## TESTING: GC: -- [0x2085d6c] | /obj/item/storage/pouch/medium_generic/opifex was unable to be GC'd --
## TESTING: GC: -- [0x2085d6d] | /obj/item/organ_module/active/simple/opifex_pouch was unable to be GC'd --
## TESTING: GC: -- [0x2085dc3] | /obj/item/organ/external was unable to be GC'd --
## TESTING: GC: -- [0x30013dd] | /mob/living/carbon/human was unable to be GC'd --
[23:37:50] Runtime in portals.dm,65: Cannot read null.icon_state
  proc name: blend icon (/obj/effect/portal/proc/blend_icon)
[23:37:50] Runtime in portals.dm,65: Cannot read null.icon_state
  proc name: blend icon (/obj/effect/portal/proc/blend_icon)
## TESTING: GC: -- [0x3000c01] | /mob/living/carbon/superior_animal/roach/tank was unable to be GC'd --
## TESTING: GC: -- [0x30006fe] | /mob/living/carbon/superior_animal/termite_no_despawn/silver was unable to be GC'd --
Shutting down Chat subsystem...
Shutting down Radiation subsystem...
Shutting down Migration subsystem...
Shutting down Economy subsystem...
Shutting down Xenoarch subsystem...
Shutting down Pathfinder subsystem...
Shutting down Shuttle subsystem...
Shutting down Lighting subsystem...
Shutting down Mentor Tickets subsystem...
Shutting down Admin Tickets subsystem...
Shutting down Overlay subsystem...
Shutting down Assets subsystem...
Shutting down Craft subsystem...
Shutting down Alarm subsystem...
Shutting down Air subsystem...
Shutting down Wireless subsystem...
Shutting down Weather subsystem...
Shutting down Voting subsystem...
Shutting down Verb Manager subsystem...
Shutting down Turfs subsystem...
Shutting down Turbolift controller subsystem...
Shutting down Trade subsystem...
Shutting down Tips and Tricks subsystem...
Shutting down tgui subsystem...
Shutting down Sun subsystem...
Shutting down statverbs subsystem...
Shutting down Research subsystem...
Shutting down Radio subsystem...
Shutting down Processing subsystem...
Shutting down Ping subsystem...
Shutting down pAI subsystem...
Shutting down Objects subsystem...
Shutting down NanoUI subsystem...
Shutting down Movement Loops subsystem...
Shutting down Movement Handler subsystem...
Shutting down Mobs subsystem...
Shutting down Misc subsystem...
Shutting down Internal Wounds subsystem...
Shutting down Inactivity subsystem...
Shutting down Fast Processing subsystem...
Shutting down Event Manager subsystem...
Shutting down Evacuation subsystem...
Shutting down Datum Component System subsystem...
Shutting down Circuit Components subsystem...
Shutting down Chemistry subsystem...
Shutting down Airflow subsystem...
Shutting down Timer subsystem...
Shutting down Circuit subsystem...
Shutting down Machines subsystem...
Shutting down Atoms subsystem...
Shutting down Character Setup subsystem...
Shutting down Inventory subsystem...
Shutting down Mapping subsystem...
Shutting down Ticker subsystem...
Shutting down Jobs subsystem...
Shutting down Garbage subsystem...
Shutdown complete
## DEBUG: Sat Jul 06 23:49:14 2024 MC restarted. Reports:
	 gc_destroyed = 
	 is_processing = 0
	 processing = 0
	 iteration = 859549
	 stack_end_detector = /datum/stack_end_detector(/datum/stack_end_detector)
	 last_run = 217373
	 subsystems = /list
	 init_timeofday = 782414
	 init_time = 2237
	 tickdrift = 0
	 sleep_delta = 1
	 skip_ticks = 0
	 make_runtime = 0
	 initializations_finished_with_no_players_logged_in = 0
	 last_type_processed = Ticker(/datum/controller/subsystem/ticker)
	 queue_head = Ticker(/datum/controller/subsystem/ticker)
	 queue_tail = Movement Loops(/datum/controller/subsystem/movement)
	 queue_priority_count = 300
	 queue_priority_count_bg = 50
	 map_loading = 0
	 current_runlevel = 3
	 sleep_offline_after_initializations = 1
	 restart_clear = 217473
	 restart_timeout = 217423
	 restart_count = 1
	 random_seed = 8.18754e+008
	 current_ticklimit = 85
	 tgui_shared_states = 
	 active_timers = 
	 datum_components = 
	 comp_lookup = /list
	 signal_procs = 
	 signal_enabled = 0
	 datum_flags = 0
	 weak_reference = 
	 extensions = 

## ERROR: File not found (config/dbconfig.txt)
## ERROR: Failed to load config/mods.txt
## ERROR: Failed to load config/mentors.txt
## MYSQL ERROR: The operation completed successfully.

Your server failed to establish a connection with the feedback database.
## WARNING: File not found: config/jukebox.json
## ERROR: Failed to load config/mods.txt
##MAP_ERROR: Multiple stairs at (10,18,7)
##MAP_ERROR: Multiple stairs at (13,18,7)
Initialized Jobs subsystem within 0 seconds!
Initialized Ticker subsystem within 0.01 seconds!
Initialized Mapping subsystem within 108.58 seconds!
Initialized Inventory subsystem within 108.6 seconds!
Initialized Character Setup subsystem within 108.61 seconds!
Initialized Atoms subsystem within 263.02 seconds!
Initialized Machines subsystem within 266.11 seconds!
Initialized Circuit subsystem within 266.16 seconds!
Initialized Chemistry subsystem within 266.16 seconds!
Initialized Evacuation subsystem within 266.16 seconds!
Initialized Event Manager subsystem within 266.17 seconds!
Initialized Inactivity subsystem within 266.17 seconds!
Generating Asteroid Belt: 0 - Affinity: Military
Junk Field build starting at zlevel 19.
Junk field portal placed at (108, 63, 19)
Generating edges of junk field at zlevel 19.
Junk Field build complete at zlevel 19.
Initialized Misc subsystem within 276.11 seconds!
Initialized Research subsystem within 288.1 seconds!
Initialized Tips and Tricks subsystem within 288.11 seconds!
Initialized Trade subsystem within 289.93 seconds!
Initialized Voting subsystem within 289.95 seconds!
Initialized Weather subsystem within 289.98 seconds!
Initialized Turbolift controller subsystem within 289.98 seconds!
Initialized Air subsystem within 317.12 seconds!
Initialized Alarm subsystem within 317.13 seconds!
Initialized Craft subsystem within 317.16 seconds!
Initialized Assets subsystem within 385.47 seconds!
Initialized Overlay subsystem within 387.17 seconds!
Initialized Admin Tickets subsystem within 387.18 seconds!
Initialized Mentor Tickets subsystem within 387.18 seconds!
Initialized Lighting subsystem within 405.49 seconds!
Initialized Shuttle subsystem within 405.49 seconds!
Initialized Pathfinder subsystem within 405.53 seconds!
Initialized Xenoarch subsystem within 407.01 seconds!
Initialized Economy subsystem within 407.02 seconds!
Initialized Migration subsystem within 407.02 seconds!
Initialized Radiation subsystem within 407.13 seconds!
Initialized Chat subsystem within 407.14 seconds!
Initializations complete within 407.2 seconds!
## WARNING: Timer buckets has been reset, this may cause timer to lag in code/controllers/subsystems/timer.dm at line 237 src: Timer usr: .
## TESTING: GC: -- [0x20162af] | /obj/effect/decal/cleanable/blood/gibs was unable to be GC'd --
## TESTING: GC: -- [0x2016363] | /obj/effect/decal/cleanable/blood/gibs was unable to be GC'd --
## TESTING: GC: -- [0x2016391] | /obj/effect/decal/cleanable/blood/gibs was unable to be GC'd --
## TESTING: GC: -- [0x2016394] | /obj/effect/decal/cleanable/blood/gibs was unable to be GC'd --
## TESTING: GC: -- [0x20164bf] | /obj/effect/decal/cleanable/blood/gibs was unable to be GC'd --
## TESTING: GC: -- [0x20164c2] | /obj/effect/decal/cleanable/blood/gibs was unable to be GC'd --
## TESTING: GC: -- [0x201651b] | /obj/effect/decal/cleanable/blood/gibs was unable to be GC'd --
## TESTING: GC: -- [0x20165d6] | /obj/effect/decal/cleanable/blood/gibs was unable to be GC'd --
## TESTING: GC: -- [0x2016612] | /obj/effect/decal/cleanable/blood/gibs was unable to be GC'd --
## TESTING: GC: -- [0x2016643] | /obj/effect/decal/cleanable/blood/gibs was unable to be GC'd --
## TESTING: GC: -- [0x2016644] | /obj/effect/decal/cleanable/blood/gibs was unable to be GC'd --
## TESTING: GC: -- [0x201667c] | /obj/effect/decal/cleanable/blood/gibs was unable to be GC'd --
## TESTING: GC: -- [0x20168ad] | /obj/effect/decal/cleanable/blood/gibs was unable to be GC'd --
## TESTING: GC: -- [0x20168e8] | /obj/effect/decal/cleanable/blood/gibs was unable to be GC'd --
## TESTING: GC: -- [0x2016923] | /obj/effect/decal/cleanable/blood/gibs was unable to be GC'd --
## TESTING: GC: -- [0x2016a5c] | /obj/effect/decal/cleanable/blood/gibs was unable to be GC'd --
## TESTING: GC: -- [0x2016abe] | /obj/effect/decal/cleanable/blood/gibs was unable to be GC'd --
## TESTING: GC: -- [0x2016b50] | /obj/effect/decal/cleanable/blood/gibs was unable to be GC'd --
## TESTING: GC: -- [0x2016ba7] | /obj/effect/decal/cleanable/blood/gibs was unable to be GC'd --
## TESTING: GC: -- [0x2016bd5] | /obj/effect/decal/cleanable/blood/gibs was unable to be GC'd --
## TESTING: GC: -- [0x2016bea] | /obj/effect/decal/cleanable/blood/gibs was unable to be GC'd --
## TESTING: GC: -- [0x20336d6] | /obj/machinery/atmospherics/pipe/simple/hidden/supply was unable to be GC'd --
## TESTING: GC: -- [0x203347c] | /obj/machinery/atmospherics/pipe/simple/hidden/scrubbers was unable to be GC'd --
## TESTING: GC: -- [0x20332c9] | /obj/machinery/atmospherics/pipe/simple/hidden/supply was unable to be GC'd --
## TESTING: GC: -- [0x203348b] | /obj/machinery/atmospherics/pipe/simple/hidden/scrubbers was unable to be GC'd --
## TESTING: GC: -- [0x203351d] | /obj/machinery/atmospherics/pipe/simple/hidden/supply was unable to be GC'd --
## TESTING: GC: -- [0x20337f6] | /obj/machinery/atmospherics/pipe/simple/hidden/scrubbers was unable to be GC'd --
## TESTING: GC: -- [0x203394f] | /obj/machinery/atmospherics/pipe/simple/hidden/scrubbers was unable to be GC'd --
## TESTING: GC: -- [0x2033a4a] | /obj/machinery/atmospherics/pipe/simple/hidden/supply was unable to be GC'd --
## TESTING: GC: -- [0x20339e1] | /obj/machinery/atmospherics/pipe/simple/hidden/scrubbers was unable to be GC'd --
## TESTING: GC: -- [0x203374a] | /obj/machinery/atmospherics/pipe/simple/hidden/supply was unable to be GC'd --
## TESTING: GC: -- [0x2033a97] | /obj/machinery/atmospherics/pipe/simple/hidden/scrubbers was unable to be GC'd --
## TESTING: GC: -- [0x2033a98] | /obj/machinery/atmospherics/pipe/simple/hidden/supply was unable to be GC'd --
## TESTING: GC: -- [0x2033ab6] | /obj/machinery/atmospherics/pipe/simple/hidden/scrubbers was unable to be GC'd --
## TESTING: GC: -- [0x2033ab9] | /obj/machinery/atmospherics/pipe/simple/hidden/supply was unable to be GC'd --
## TESTING: GC: -- [0x2033ac5] | /obj/machinery/atmospherics/pipe/simple/hidden/scrubbers was unable to be GC'd --
## TESTING: GC: -- [0x2033ab5] | /obj/machinery/atmospherics/pipe/simple/hidden/supply was unable to be GC'd --
## TESTING: GC: -- [0x2033a7b] | /obj/machinery/atmospherics/pipe/simple/hidden/scrubbers was unable to be GC'd --
## TESTING: GC: -- [0x2033a6f] | /obj/machinery/atmospherics/pipe/simple/hidden/supply was unable to be GC'd --
## TESTING: GC: -- [0x2033b65] | /obj/machinery/atmospherics/pipe/simple/hidden/supply was unable to be GC'd --
## TESTING: GC: -- [0x2033b66] | /obj/machinery/atmospherics/pipe/simple/hidden/scrubbers was unable to be GC'd --
## TESTING: GC: -- [0x2033b45] | /obj/machinery/atmospherics/pipe/simple/hidden/supply was unable to be GC'd --
## TESTING: GC: -- [0x2033b49] | /obj/machinery/atmospherics/pipe/simple/hidden/scrubbers was unable to be GC'd --
## TESTING: GC: -- [0x2033b70] | /obj/machinery/atmospherics/pipe/simple/hidden/supply was unable to be GC'd --
## TESTING: GC: -- [0x2033b71] | /obj/machinery/atmospherics/pipe/simple/hidden/scrubbers was unable to be GC'd --
## TESTING: GC: -- [0x2033c20] | /obj/machinery/atmospherics/pipe/simple/hidden/supply was unable to be GC'd --
## TESTING: GC: -- [0x2033c1f] | /obj/machinery/atmospherics/pipe/simple/hidden/scrubbers was unable to be GC'd --
## TESTING: GC: -- [0x2033bec] | /obj/machinery/atmospherics/pipe/simple/hidden/supply was unable to be GC'd --
## TESTING: GC: -- [0x2033bf2] | /obj/machinery/atmospherics/pipe/simple/hidden/scrubbers was unable to be GC'd --
## TESTING: GC: -- [0x2033c08] | /obj/machinery/atmospherics/pipe/simple/hidden/supply was unable to be GC'd --
## TESTING: GC: -- [0x2033c00] | /obj/machinery/atmospherics/pipe/simple/hidden/scrubbers was unable to be GC'd --
## TESTING: GC: -- [0x2033c69] | /obj/machinery/atmospherics/pipe/simple/hidden/supply was unable to be GC'd --
## TESTING: GC: -- [0x2033c6a] | /obj/machinery/atmospherics/pipe/simple/hidden/scrubbers was unable to be GC'd --
## TESTING: GC: -- [0x2033c70] | /obj/machinery/atmospherics/pipe/simple/hidden/supply was unable to be GC'd --
## TESTING: GC: -- [0x2033c71] | /obj/machinery/atmospherics/pipe/simple/hidden/scrubbers was unable to be GC'd --
## TESTING: GC: -- [0x2033c2f] | /obj/machinery/atmospherics/pipe/simple/hidden/supply was unable to be GC'd --
## TESTING: GC: -- [0x2033c0a] | /obj/machinery/atmospherics/pipe/simple/hidden/scrubbers was unable to be GC'd --
## TESTING: GC: -- [0x2033c87] | /obj/machinery/atmospherics/pipe/simple/hidden was unable to be GC'd --
## TESTING: GC: -- [0x2033c88] | /obj/machinery/atmospherics/pipe/simple/hidden was unable to be GC'd --
## TESTING: GC: -- [0x2033c74] | /obj/machinery/atmospherics/pipe/simple/hidden was unable to be GC'd --
## TESTING: GC: -- [0x2033c1a] | /obj/machinery/atmospherics/pipe/simple/hidden was unable to be GC'd --
## TESTING: GC: -- [0x2033cd7] | /obj/machinery/atmospherics/pipe/simple/hidden/supply was unable to be GC'd --
## TESTING: GC: -- [0x2033cd8] | /obj/machinery/atmospherics/pipe/simple/hidden/scrubbers was unable to be GC'd --
## TESTING: GC: -- [0x2033cde] | /obj/machinery/atmospherics/pipe/simple/hidden/supply was unable to be GC'd --
## TESTING: GC: -- [0x2033cdf] | /obj/machinery/atmospherics/pipe/simple/hidden/scrubbers was unable to be GC'd --
## TESTING: GC: -- [0x2033ce9] | /obj/machinery/atmospherics/pipe/simple/hidden/supply was unable to be GC'd --
## TESTING: GC: -- [0x2033cea] | /obj/machinery/atmospherics/pipe/simple/hidden/scrubbers was unable to be GC'd --
## TESTING: GC: -- [0x2033cba] | /obj/machinery/atmospherics/pipe/simple/hidden/red was unable to be GC'd --
## TESTING: GC: -- [0x2033d13] | /obj/machinery/atmospherics/pipe/simple/hidden/red was unable to be GC'd --
## TESTING: GC: -- [0x2033d2c] | /obj/machinery/atmospherics/pipe/simple/hidden/red was unable to be GC'd --
## TESTING: GC: -- [0x2033cf1] | /obj/machinery/atmospherics/pipe/simple/hidden/red was unable to be GC'd --
## TESTING: GC: -- [0x2033dbb] | /obj/machinery/atmospherics/pipe/simple/visible/yellow was unable to be GC'd --
## TESTING: GC: -- [0x2033dbe] | /obj/machinery/atmospherics/pipe/simple/hidden/supply was unable to be GC'd --
## TESTING: GC: -- [0x2033dbf] | /obj/machinery/atmospherics/pipe/simple/hidden/scrubbers was unable to be GC'd --
## TESTING: GC: -- [0x2033d62] | /obj/machinery/atmospherics/pipe/simple/visible/yellow was unable to be GC'd --
## TESTING: GC: -- [0x2105e96f] | /datum/radio_frequency was unable to be GC'd --
## TESTING: GC: -- [0x2006b84] | /obj/machinery/atmospherics/pipe/manifold/hidden/scrubbers was unable to be GC'd --
## TESTING: GC: -- [0x2007c41] | /obj/machinery/atmospherics/pipe/manifold/hidden/supply was unable to be GC'd --
## TESTING: GC: -- [0x2009a78] | /obj/machinery/atmospherics/pipe/manifold/hidden/supply was unable to be GC'd --
## TESTING: GC: -- [0x2037604] | /obj/item/tank/oxygen was unable to be GC'd --
## TESTING: GC: -- [0x2082b98] | /obj/machinery/atmospherics/pipe/manifold4w/hidden was unable to be GC'd --
## TESTING: GC: -- [0x20829f1] | /obj/machinery/atmospherics/pipe/manifold4w/hidden was unable to be GC'd --
## TESTING: GC: -- [0x20149e9] | /obj/effect/decal/cleanable/greenglow was unable to be GC'd --
## TESTING: GC: -- [0x2014b89] | /obj/effect/decal/cleanable/greenglow was unable to be GC'd --
## TESTING: GC: -- [0x20150a4] | /obj/effect/decal/cleanable/greenglow was unable to be GC'd --
## TESTING: GC: -- [0x2084ac1] | /obj/machinery/atmospherics/pipe/simple/visible/yellow was unable to be GC'd --
## TESTING: GC: -- [0x2084ad8] | /obj/machinery/atmospherics/pipe/simple/visible/yellow was unable to be GC'd --
## TESTING: GC: -- [0x2084aea] | /obj/machinery/atmospherics/pipe/simple/visible/yellow was unable to be GC'd --
## TESTING: GC: -- [0x2084afb] | /obj/machinery/atmospherics/pipe/simple/visible/yellow was unable to be GC'd --
## TESTING: GC: -- [0x2084b0f] | /obj/machinery/atmospherics/pipe/simple/visible/yellow was unable to be GC'd --
## TESTING: GC: -- [0x2084b20] | /obj/machinery/atmospherics/pipe/simple/visible/yellow was unable to be GC'd --
## TESTING: GC: -- [0x2084b35] | /obj/machinery/atmospherics/pipe/simple/visible/yellow was unable to be GC'd --
## TESTING: GC: -- [0x2084b45] | /obj/machinery/atmospherics/pipe/simple/visible/yellow was unable to be GC'd --
## TESTING: GC: -- [0x2084b57] | /obj/machinery/atmospherics/pipe/simple/visible/yellow was unable to be GC'd --
## TESTING: GC: -- [0x2084b6e] | /obj/machinery/atmospherics/pipe/simple/visible/yellow was unable to be GC'd --
## TESTING: GC: -- [0x2084b7b] | /obj/machinery/atmospherics/pipe/simple/visible/yellow was unable to be GC'd --
## TESTING: GC: -- [0x2084ab8] | /obj/machinery/atmospherics/pipe/simple/visible/yellow was unable to be GC'd --
## TESTING: GC: -- [0x2084ac7] | /obj/machinery/atmospherics/pipe/simple/visible/yellow was unable to be GC'd --
## TESTING: GC: -- [0x2084add] | /obj/machinery/atmospherics/pipe/simple/visible/yellow was unable to be GC'd --
## TESTING: GC: -- [0x2084aef] | /obj/machinery/atmospherics/pipe/simple/visible/yellow was unable to be GC'd --
## TESTING: GC: -- [0x2084aff] | /obj/machinery/atmospherics/pipe/simple/visible/yellow was unable to be GC'd --
## TESTING: GC: -- [0x2084b14] | /obj/machinery/atmospherics/pipe/simple/visible/yellow was unable to be GC'd --
## TESTING: GC: -- [0x2084b24] | /obj/machinery/atmospherics/pipe/simple/visible/yellow was unable to be GC'd --
## TESTING: GC: -- [0x2084b39] | /obj/machinery/atmospherics/pipe/simple/visible/yellow was unable to be GC'd --
## TESTING: GC: -- [0x2084b4a] | /obj/machinery/atmospherics/pipe/simple/visible/yellow was unable to be GC'd --
## TESTING: GC: -- [0x2084b5e] | /obj/machinery/atmospherics/pipe/simple/visible/yellow was unable to be GC'd --
## TESTING: GC: -- [0x2084b72] | /obj/machinery/atmospherics/pipe/simple/visible/yellow was unable to be GC'd --
## TESTING: GC: -- [0x2084777] | /obj/machinery/atmospherics/pipe/simple/visible/yellow was unable to be GC'd --
## TESTING: GC: -- [0x208478e] | /obj/machinery/atmospherics/pipe/simple/visible/yellow was unable to be GC'd --
## TESTING: GC: -- [0x20847a0] | /obj/machinery/atmospherics/pipe/simple/visible/yellow was unable to be GC'd --
## TESTING: GC: -- [0x20847b1] | /obj/machinery/atmospherics/pipe/simple/visible/yellow was unable to be GC'd --
## TESTING: GC: -- [0x20847c5] | /obj/machinery/atmospherics/pipe/simple/visible/yellow was unable to be GC'd --
## TESTING: GC: -- [0x20847d6] | /obj/machinery/atmospherics/pipe/simple/visible/yellow was unable to be GC'd --
## TESTING: GC: -- [0x20847eb] | /obj/machinery/atmospherics/pipe/simple/visible/yellow was unable to be GC'd --
## TESTING: GC: -- [0x20847fb] | /obj/machinery/atmospherics/pipe/simple/visible/yellow was unable to be GC'd --
## TESTING: GC: -- [0x208480d] | /obj/machinery/atmospherics/pipe/simple/visible/yellow was unable to be GC'd --
## TESTING: GC: -- [0x2084824] | /obj/machinery/atmospherics/pipe/simple/visible/yellow was unable to be GC'd --
## TESTING: GC: -- [0x2084831] | /obj/machinery/atmospherics/pipe/simple/visible/yellow was unable to be GC'd --
## TESTING: GC: -- [0x208476e] | /obj/machinery/atmospherics/pipe/simple/visible/yellow was unable to be GC'd --
## TESTING: GC: -- [0x208477d] | /obj/machinery/atmospherics/pipe/simple/visible/yellow was unable to be GC'd --
## TESTING: GC: -- [0x2084793] | /obj/machinery/atmospherics/pipe/simple/visible/yellow was unable to be GC'd --
## TESTING: GC: -- [0x20847a5] | /obj/machinery/atmospherics/pipe/simple/visible/yellow was unable to be GC'd --
## TESTING: GC: -- [0x20847b5] | /obj/machinery/atmospherics/pipe/simple/visible/yellow was unable to be GC'd --
## TESTING: GC: -- [0x20847ca] | /obj/machinery/atmospherics/pipe/simple/visible/yellow was unable to be GC'd --
## TESTING: GC: -- [0x20847da] | /obj/machinery/atmospherics/pipe/simple/visible/yellow was unable to be GC'd --
## TESTING: GC: -- [0x20847ef] | /obj/machinery/atmospherics/pipe/simple/visible/yellow was unable to be GC'd --
## TESTING: GC: -- [0x2084800] | /obj/machinery/atmospherics/pipe/simple/visible/yellow was unable to be GC'd --
## TESTING: GC: -- [0x2084814] | /obj/machinery/atmospherics/pipe/simple/visible/yellow was unable to be GC'd --
## TESTING: GC: -- [0x2084828] | /obj/machinery/atmospherics/pipe/simple/visible/yellow was unable to be GC'd --
## TESTING: GC: -- [0x20846b0] | /obj/machinery/atmospherics/pipe/simple/visible/yellow was unable to be GC'd --
## TESTING: GC: -- [0x20846c7] | /obj/machinery/atmospherics/pipe/simple/visible/yellow was unable to be GC'd --
## TESTING: GC: -- [0x20846d9] | /obj/machinery/atmospherics/pipe/simple/visible/yellow was unable to be GC'd --
## TESTING: GC: -- [0x20846ea] | /obj/machinery/atmospherics/pipe/simple/visible/yellow was unable to be GC'd --
## TESTING: GC: -- [0x20846fe] | /obj/machinery/atmospherics/pipe/simple/visible/yellow was unable to be GC'd --
## TESTING: GC: -- [0x208470f] | /obj/machinery/atmospherics/pipe/simple/visible/yellow was unable to be GC'd --
## TESTING: GC: -- [0x2084724] | /obj/machinery/atmospherics/pipe/simple/visible/yellow was unable to be GC'd --
## TESTING: GC: -- [0x2084734] | /obj/machinery/atmospherics/pipe/simple/visible/yellow was unable to be GC'd --
## TESTING: GC: -- [0x2084746] | /obj/machinery/atmospherics/pipe/simple/visible/yellow was unable to be GC'd --
## TESTING: GC: -- [0x208475d] | /obj/machinery/atmospherics/pipe/simple/visible/yellow was unable to be GC'd --
## TESTING: GC: -- [0x208476a] | /obj/machinery/atmospherics/pipe/simple/visible/yellow was unable to be GC'd --
## TESTING: GC: -- [0x20846a7] | /obj/machinery/atmospherics/pipe/simple/visible/yellow was unable to be GC'd --
## TESTING: GC: -- [0x20846b6] | /obj/machinery/atmospherics/pipe/simple/visible/yellow was unable to be GC'd --
## TESTING: GC: -- [0x20846cc] | /obj/machinery/atmospherics/pipe/simple/visible/yellow was unable to be GC'd --
## TESTING: GC: -- [0x20846de] | /obj/machinery/atmospherics/pipe/simple/visible/yellow was unable to be GC'd --
## TESTING: GC: -- [0x20846ee] | /obj/machinery/atmospherics/pipe/simple/visible/yellow was unable to be GC'd --
## TESTING: GC: -- [0x2084703] | /obj/machinery/atmospherics/pipe/simple/visible/yellow was unable to be GC'd --
## TESTING: GC: -- [0x2084713] | /obj/machinery/atmospherics/pipe/simple/visible/yellow was unable to be GC'd --
## TESTING: GC: -- [0x2084728] | /obj/machinery/atmospherics/pipe/simple/visible/yellow was unable to be GC'd --
## TESTING: GC: -- [0x2084739] | /obj/machinery/atmospherics/pipe/simple/visible/yellow was unable to be GC'd --
## TESTING: GC: -- [0x208474d] | /obj/machinery/atmospherics/pipe/simple/visible/yellow was unable to be GC'd --
## TESTING: GC: -- [0x2084761] | /obj/machinery/atmospherics/pipe/simple/visible/yellow was unable to be GC'd --
## TESTING: GC: -- [0x2084247] | /obj/item/device/geiger was unable to be GC'd --
## TESTING: GC: -- [0x208431b] | /obj/item/device/geiger was unable to be GC'd --
