## ERROR: File not found (config/dbconfig.txt)
## ERROR: Failed to load config/mods.txt
## ERROR: Failed to load config/mentors.txt
## MYSQL ERROR: The operation completed successfully.

Your server failed to establish a connection with the feedback database.
## WARNING: File not found: config/jukebox.json
## ERROR: Failed to load config/mods.txt
##MAP_ERROR: Multiple stairs at (10,18,7)
##MAP_ERROR: Multiple stairs at (13,18,7)
Initialized Jobs subsystem within 0 seconds!
Initialized Ticker subsystem within 0.01 seconds!
Initialized Mapping subsystem within 100.97 seconds!
Initialized Inventory subsystem within 101.01 seconds!
Initialized Character Setup subsystem within 101.02 seconds!
Initialized Atoms subsystem within 244.41 seconds!
Initialized Machines subsystem within 247.27 seconds!
Initialized Circuit subsystem within 247.31 seconds!
Initialized Chemistry subsystem within 247.31 seconds!
Initialized Evacuation subsystem within 247.32 seconds!
Initialized Event Manager subsystem within 247.32 seconds!
Initialized Inactivity subsystem within 247.32 seconds!
Generating Asteroid Belt: 1 - Affinity: Neutral
Junk Field build starting at zlevel 19.
Junk field portal placed at (103, 93, 19)
Generating edges of junk field at zlevel 19.
Junk Field build complete at zlevel 19.
Initialized Misc subsystem within 252.43 seconds!
Initialized Research subsystem within 263.05 seconds!
Initialized Tips and Tricks subsystem within 263.06 seconds!
Initialized Trade subsystem within 264.84 seconds!
Initialized Voting subsystem within 264.86 seconds!
Initialized Weather subsystem within 264.87 seconds!
Initialized Turbolift controller subsystem within 264.87 seconds!
Initialized Air subsystem within 290.1 seconds!
Initialized Alarm subsystem within 290.11 seconds!
Initialized Craft subsystem within 290.14 seconds!
Initialized Assets subsystem within 346.66 seconds!
Initialized Overlay subsystem within 348.21 seconds!
Initialized Admin Tickets subsystem within 348.22 seconds!
Initialized Mentor Tickets subsystem within 348.22 seconds!
Initialized Lighting subsystem within 365.33 seconds!
Initialized Shuttle subsystem within 365.33 seconds!
Initialized Pathfinder subsystem within 365.34 seconds!
Initialized Xenoarch subsystem within 366.76 seconds!
Initialized Economy subsystem within 366.77 seconds!
Initialized Migration subsystem within 366.77 seconds!
Initialized Radiation subsystem within 366.88 seconds!
Initialized Chat subsystem within 366.88 seconds!
Initializations complete within 366.9 seconds!
## WARNING: Timer buckets has been reset, this may cause timer to lag in code/controllers/subsystems/timer.dm at line 237 src: Timer usr: .
## TESTING: GC: -- [0x20162b0] | /obj/effect/decal/cleanable/blood/gibs was unable to be GC'd --
## TESTING: GC: -- [0x2016364] | /obj/effect/decal/cleanable/blood/gibs was unable to be GC'd --
## TESTING: GC: -- [0x2016392] | /obj/effect/decal/cleanable/blood/gibs was unable to be GC'd --
## TESTING: GC: -- [0x2016395] | /obj/effect/decal/cleanable/blood/gibs was unable to be GC'd --
## TESTING: GC: -- [0x20164c3] | /obj/effect/decal/cleanable/blood/gibs was unable to be GC'd --
## TESTING: GC: -- [0x20164c6] | /obj/effect/decal/cleanable/blood/gibs was unable to be GC'd --
## TESTING: GC: -- [0x201651f] | /obj/effect/decal/cleanable/blood/gibs was unable to be GC'd --
## TESTING: GC: -- [0x20165d9] | /obj/effect/decal/cleanable/blood/gibs was unable to be GC'd --
## TESTING: GC: -- [0x2016616] | /obj/effect/decal/cleanable/blood/gibs was unable to be GC'd --
## TESTING: GC: -- [0x2016647] | /obj/effect/decal/cleanable/blood/gibs was unable to be GC'd --
## TESTING: GC: -- [0x2016648] | /obj/effect/decal/cleanable/blood/gibs was unable to be GC'd --
## TESTING: GC: -- [0x2016680] | /obj/effect/decal/cleanable/blood/gibs was unable to be GC'd --
## TESTING: GC: -- [0x20168b1] | /obj/effect/decal/cleanable/blood/gibs was unable to be GC'd --
## TESTING: GC: -- [0x20168ec] | /obj/effect/decal/cleanable/blood/gibs was unable to be GC'd --
## TESTING: GC: -- [0x2016927] | /obj/effect/decal/cleanable/blood/gibs was unable to be GC'd --
## TESTING: GC: -- [0x2016a60] | /obj/effect/decal/cleanable/blood/gibs was unable to be GC'd --
## TESTING: GC: -- [0x2016ac2] | /obj/effect/decal/cleanable/blood/gibs was unable to be GC'd --
## TESTING: GC: -- [0x2016b54] | /obj/effect/decal/cleanable/blood/gibs was unable to be GC'd --
## TESTING: GC: -- [0x2016bab] | /obj/effect/decal/cleanable/blood/gibs was unable to be GC'd --
## TESTING: GC: -- [0x2016bd9] | /obj/effect/decal/cleanable/blood/gibs was unable to be GC'd --
## TESTING: GC: -- [0x2016bee] | /obj/effect/decal/cleanable/blood/gibs was unable to be GC'd --
## TESTING: GC: -- [0x2032d22] | /obj/machinery/atmospherics/pipe/simple/hidden/supply was unable to be GC'd --
## TESTING: GC: -- [0x2032d1f] | /obj/machinery/atmospherics/pipe/simple/hidden/scrubbers was unable to be GC'd --
## TESTING: GC: -- [0x2032d2d] | /obj/machinery/atmospherics/pipe/simple/hidden/scrubbers was unable to be GC'd --
## TESTING: GC: -- [0x2032d48] | /obj/machinery/atmospherics/pipe/simple/hidden/scrubbers was unable to be GC'd --
## TESTING: GC: -- [0x2032d49] | /obj/machinery/atmospherics/pipe/simple/hidden/supply was unable to be GC'd --
## TESTING: GC: -- [0x2032d5a] | /obj/machinery/atmospherics/pipe/simple/hidden/scrubbers was unable to be GC'd --
## TESTING: GC: -- [0x2032d5b] | /obj/machinery/atmospherics/pipe/simple/hidden/supply was unable to be GC'd --
## TESTING: GC: -- [0x2032d67] | /obj/machinery/atmospherics/pipe/simple/hidden/scrubbers was unable to be GC'd --
## TESTING: GC: -- [0x2032d68] | /obj/machinery/atmospherics/pipe/simple/hidden/supply was unable to be GC'd --
## TESTING: GC: -- [0x2032d80] | /obj/machinery/atmospherics/pipe/simple/hidden/scrubbers was unable to be GC'd --
## TESTING: GC: -- [0x2032d81] | /obj/machinery/atmospherics/pipe/simple/hidden/supply was unable to be GC'd --
## TESTING: GC: -- [0x2032d9d] | /obj/machinery/atmospherics/pipe/simple/hidden/scrubbers was unable to be GC'd --
## TESTING: GC: -- [0x2032d9e] | /obj/machinery/atmospherics/pipe/simple/hidden/supply was unable to be GC'd --
## TESTING: GC: -- [0x2032db9] | /obj/machinery/atmospherics/pipe/simple/hidden/scrubbers was unable to be GC'd --
## TESTING: GC: -- [0x2032dba] | /obj/machinery/atmospherics/pipe/simple/hidden/supply was unable to be GC'd --
## TESTING: GC: -- [0x2032dcf] | /obj/machinery/atmospherics/pipe/simple/hidden/scrubbers was unable to be GC'd --
## TESTING: GC: -- [0x2032dd0] | /obj/machinery/atmospherics/pipe/simple/hidden/supply was unable to be GC'd --
## TESTING: GC: -- [0x2032de9] | /obj/machinery/atmospherics/pipe/simple/hidden/scrubbers was unable to be GC'd --
## TESTING: GC: -- [0x2032dea] | /obj/machinery/atmospherics/pipe/simple/hidden/supply was unable to be GC'd --
## TESTING: GC: -- [0x2032dfb] | /obj/machinery/atmospherics/pipe/simple/hidden/scrubbers was unable to be GC'd --
## TESTING: GC: -- [0x2032dfc] | /obj/machinery/atmospherics/pipe/simple/hidden/supply was unable to be GC'd --
## TESTING: GC: -- [0x2032e1a] | /obj/machinery/atmospherics/pipe/simple/hidden/scrubbers was unable to be GC'd --
## TESTING: GC: -- [0x2032e1b] | /obj/machinery/atmospherics/pipe/simple/hidden/supply was unable to be GC'd --
## TESTING: GC: -- [0x2032e32] | /obj/machinery/atmospherics/pipe/simple/hidden/scrubbers was unable to be GC'd --
## TESTING: GC: -- [0x2032e33] | /obj/machinery/atmospherics/pipe/simple/hidden/supply was unable to be GC'd --
## TESTING: GC: -- [0x2032e48] | /obj/machinery/atmospherics/pipe/simple/hidden/supply was unable to be GC'd --
## TESTING: GC: -- [0x2032e5e] | /obj/machinery/atmospherics/pipe/simple/hidden/scrubbers was unable to be GC'd --
## TESTING: GC: -- [0x2032e7e] | /obj/machinery/atmospherics/pipe/simple/hidden/scrubbers was unable to be GC'd --
## TESTING: GC: -- [0x2032e7f] | /obj/machinery/atmospherics/pipe/simple/hidden/supply was unable to be GC'd --
## TESTING: GC: -- [0x2032e99] | /obj/machinery/atmospherics/pipe/simple/hidden/scrubbers was unable to be GC'd --
## TESTING: GC: -- [0x2032e9a] | /obj/machinery/atmospherics/pipe/simple/hidden/supply was unable to be GC'd --
## TESTING: GC: -- [0x2032eb6] | /obj/machinery/atmospherics/pipe/simple/hidden/scrubbers was unable to be GC'd --
## TESTING: GC: -- [0x2032eb7] | /obj/machinery/atmospherics/pipe/simple/hidden/supply was unable to be GC'd --
## TESTING: GC: -- [0x2032ec9] | /obj/machinery/atmospherics/pipe/simple/hidden/scrubbers was unable to be GC'd --
## TESTING: GC: -- [0x2032eca] | /obj/machinery/atmospherics/pipe/simple/hidden/supply was unable to be GC'd --
## TESTING: GC: -- [0x2032eaf] | /obj/machinery/atmospherics/pipe/simple/hidden/supply was unable to be GC'd --
## TESTING: GC: -- [0x2032ec4] | /obj/machinery/atmospherics/pipe/simple/hidden/supply was unable to be GC'd --
## TESTING: GC: -- [0x2032df6] | /obj/machinery/atmospherics/pipe/simple/visible/yellow was unable to be GC'd --
## TESTING: GC: -- [0x2032da8] | /obj/machinery/atmospherics/pipe/simple/visible/yellow was unable to be GC'd --
## TESTING: GC: -- [0x2032da6] | /obj/machinery/atmospherics/pipe/manifold/visible/yellow was unable to be GC'd --
## TESTING: GC: -- [0x2032df1] | /obj/machinery/atmospherics/pipe/simple/visible/yellow was unable to be GC'd --
## TESTING: GC: -- [0x2032e04] | /obj/machinery/atmospherics/pipe/simple/visible/yellow was unable to be GC'd --
## TESTING: GC: -- [0x2032e24] | /obj/machinery/atmospherics/pipe/simple/visible/yellow was unable to be GC'd --
## TESTING: GC: -- [0x20330d8] | /obj/machinery/atmospherics/pipe/simple/hidden/scrubbers was unable to be GC'd --
## TESTING: GC: -- [0x2032d54] | /obj/machinery/atmospherics/pipe/simple/hidden/supply was unable to be GC'd --
## TESTING: GC: -- [0x203330b] | /obj/machinery/atmospherics/pipe/simple/hidden/scrubbers was unable to be GC'd --
## TESTING: GC: -- [0x2033249] | /obj/machinery/atmospherics/pipe/simple/hidden/supply was unable to be GC'd --
## TESTING: GC: -- [0x2033131] | /obj/machinery/atmospherics/pipe/simple/hidden/scrubbers was unable to be GC'd --
## TESTING: GC: -- [0x203300d] | /obj/machinery/atmospherics/pipe/simple/hidden/supply was unable to be GC'd --
## TESTING: GC: -- [0x2033333] | /obj/machinery/atmospherics/pipe/simple/hidden/scrubbers was unable to be GC'd --
## TESTING: GC: -- [0x2033159] | /obj/machinery/atmospherics/pipe/simple/hidden/supply was unable to be GC'd --
## TESTING: GC: -- [0x2033310] | /obj/machinery/atmospherics/pipe/simple/hidden/scrubbers was unable to be GC'd --
## TESTING: GC: -- [0x2033311] | /obj/machinery/atmospherics/pipe/simple/hidden/supply was unable to be GC'd --
## TESTING: GC: -- [0x2032e1e] | /obj/machinery/atmospherics/pipe/simple/hidden/scrubbers was unable to be GC'd --
## TESTING: GC: -- [0x203329a] | /obj/machinery/atmospherics/pipe/simple/hidden/supply was unable to be GC'd --
## TESTING: GC: -- [0x20332d3] | /obj/machinery/atmospherics/pipe/simple/visible/yellow was unable to be GC'd --
## TESTING: GC: -- [0x203315c] | /obj/machinery/atmospherics/pipe/simple/hidden/supply was unable to be GC'd --
## TESTING: GC: -- [0x2033202] | /obj/machinery/atmospherics/pipe/simple/hidden/scrubbers was unable to be GC'd --
## TESTING: GC: -- [0x2033181] | /obj/machinery/atmospherics/pipe/simple/visible/yellow was unable to be GC'd --
## TESTING: GC: -- [0x2033483] | /obj/machinery/atmospherics/pipe/simple/hidden/supply was unable to be GC'd --
## TESTING: GC: -- [0x2033484] | /obj/machinery/atmospherics/pipe/simple/hidden/scrubbers was unable to be GC'd --
## TESTING: GC: -- [0x203348a] | /obj/machinery/atmospherics/pipe/simple/hidden/supply was unable to be GC'd --
## TESTING: GC: -- [0x203348b] | /obj/machinery/atmospherics/pipe/simple/hidden/scrubbers was unable to be GC'd --
## TESTING: GC: -- [0x203301a] | /obj/machinery/atmospherics/pipe/simple/hidden/supply was unable to be GC'd --
## TESTING: GC: -- [0x2033298] | /obj/machinery/atmospherics/pipe/simple/hidden/scrubbers was unable to be GC'd --
## TESTING: GC: -- [0x203343e] | /obj/machinery/atmospherics/pipe/simple/hidden/supply was unable to be GC'd --
## TESTING: GC: -- [0x2033431] | /obj/machinery/atmospherics/pipe/simple/hidden/scrubbers was unable to be GC'd --
## TESTING: GC: -- [0x203347e] | /obj/machinery/atmospherics/pipe/simple/hidden/supply was unable to be GC'd --
## TESTING: GC: -- [0x2033480] | /obj/machinery/atmospherics/pipe/simple/hidden/scrubbers was unable to be GC'd --
## TESTING: GC: -- [0x20334b2] | /obj/machinery/atmospherics/pipe/simple/hidden/supply was unable to be GC'd --
## TESTING: GC: -- [0x20334b3] | /obj/machinery/atmospherics/pipe/simple/hidden/scrubbers was unable to be GC'd --
## TESTING: GC: -- [0x2033528] | /obj/machinery/atmospherics/pipe/simple/hidden/supply was unable to be GC'd --
## TESTING: GC: -- [0x2033531] | /obj/machinery/atmospherics/pipe/simple/hidden/scrubbers was unable to be GC'd --
## TESTING: GC: -- [0x20334fd] | /obj/machinery/atmospherics/pipe/simple/hidden/supply was unable to be GC'd --
## TESTING: GC: -- [0x20334f6] | /obj/machinery/atmospherics/pipe/simple/hidden/scrubbers was unable to be GC'd --
## TESTING: GC: -- [0x20334ff] | /obj/machinery/atmospherics/pipe/simple/hidden/supply was unable to be GC'd --
## TESTING: GC: -- [0x20334c7] | /obj/machinery/atmospherics/pipe/simple/hidden/scrubbers was unable to be GC'd --
## TESTING: GC: -- [0x2033520] | /obj/machinery/atmospherics/pipe/simple/hidden/red was unable to be GC'd --
## TESTING: GC: -- [0x203358c] | /obj/machinery/atmospherics/pipe/simple/hidden/red was unable to be GC'd --
## TESTING: GC: -- [0x20335bd] | /obj/machinery/atmospherics/pipe/simple/hidden/supply was unable to be GC'd --
## TESTING: GC: -- [0x20335be] | /obj/machinery/atmospherics/pipe/simple/hidden/scrubbers was unable to be GC'd --
## TESTING: GC: -- [0x20335c4] | /obj/machinery/atmospherics/pipe/simple/hidden/supply was unable to be GC'd --
## TESTING: GC: -- [0x20335c5] | /obj/machinery/atmospherics/pipe/simple/hidden/scrubbers was unable to be GC'd --
## TESTING: GC: -- [0x20335cf] | /obj/machinery/atmospherics/pipe/simple/hidden/supply was unable to be GC'd --
## TESTING: GC: -- [0x20335d0] | /obj/machinery/atmospherics/pipe/simple/hidden/scrubbers was unable to be GC'd --
## TESTING: GC: -- [0x20336b0] | /obj/machinery/atmospherics/pipe/simple/hidden/red was unable to be GC'd --
## TESTING: GC: -- [0x20336d5] | /obj/machinery/atmospherics/pipe/simple/hidden/red was unable to be GC'd --
## TESTING: GC: -- [0x2105fb4f] | /datum/radio_frequency was unable to be GC'd --
## TESTING: GC: -- [0x2006b8b] | /obj/machinery/atmospherics/pipe/manifold/hidden/scrubbers was unable to be GC'd --
## TESTING: GC: -- [0x2007c45] | /obj/machinery/atmospherics/pipe/manifold/hidden/supply was unable to be GC'd --
## TESTING: GC: -- [0x2009a79] | /obj/machinery/atmospherics/pipe/manifold/hidden/supply was unable to be GC'd --
## TESTING: GC: -- [0x2036e05] | /obj/item/tank/oxygen was unable to be GC'd --
## TESTING: GC: -- [0x20149ea] | /obj/effect/decal/cleanable/greenglow was unable to be GC'd --
## TESTING: GC: -- [0x2014b8a] | /obj/effect/decal/cleanable/greenglow was unable to be GC'd --
## TESTING: GC: -- [0x20150a5] | /obj/effect/decal/cleanable/greenglow was unable to be GC'd --
## TESTING: GC: -- [0x208449a] | /obj/machinery/atmospherics/pipe/simple/visible/yellow was unable to be GC'd --
## TESTING: GC: -- [0x2082908] | /obj/machinery/atmospherics/pipe/simple/visible/yellow was unable to be GC'd --
## TESTING: GC: -- [0x2084708] | /obj/machinery/atmospherics/pipe/simple/visible/yellow was unable to be GC'd --
## TESTING: GC: -- [0x2082baf] | /obj/machinery/atmospherics/pipe/simple/visible/yellow was unable to be GC'd --
## TESTING: GC: -- [0x2082c5a] | /obj/machinery/atmospherics/pipe/simple/visible/yellow was unable to be GC'd --
## TESTING: GC: -- [0x2082805] | /obj/machinery/atmospherics/pipe/simple/visible/yellow was unable to be GC'd --
## TESTING: GC: -- [0x2082a18] | /obj/machinery/atmospherics/pipe/simple/visible/yellow was unable to be GC'd --
## TESTING: GC: -- [0x2082b11] | /obj/machinery/atmospherics/pipe/simple/visible/yellow was unable to be GC'd --
## TESTING: GC: -- [0x208265a] | /obj/machinery/atmospherics/pipe/simple/visible/yellow was unable to be GC'd --
## TESTING: GC: -- [0x2082704] | /obj/machinery/atmospherics/pipe/simple/visible/yellow was unable to be GC'd --
## TESTING: GC: -- [0x20827c5] | /obj/machinery/atmospherics/pipe/simple/visible/yellow was unable to be GC'd --
## TESTING: GC: -- [0x20844a3] | /obj/machinery/atmospherics/pipe/simple/visible/yellow was unable to be GC'd --
## TESTING: GC: -- [0x2082e2f] | /obj/machinery/atmospherics/pipe/simple/visible/yellow was unable to be GC'd --
## TESTING: GC: -- [0x20829bb] | /obj/machinery/atmospherics/pipe/simple/visible/yellow was unable to be GC'd --
## TESTING: GC: -- [0x2082c0a] | /obj/machinery/atmospherics/pipe/simple/visible/yellow was unable to be GC'd --
## TESTING: GC: -- [0x20826f6] | /obj/machinery/atmospherics/pipe/simple/visible/yellow was unable to be GC'd --
## TESTING: GC: -- [0x2082bbb] | /obj/machinery/atmospherics/pipe/simple/visible/yellow was unable to be GC'd --
## TESTING: GC: -- [0x2083084] | /obj/machinery/atmospherics/pipe/simple/visible/yellow was unable to be GC'd --
## TESTING: GC: -- [0x208470f] | /obj/machinery/atmospherics/pipe/simple/visible/yellow was unable to be GC'd --
## TESTING: GC: -- [0x2082cc8] | /obj/machinery/atmospherics/pipe/simple/visible/yellow was unable to be GC'd --
## TESTING: GC: -- [0x2082666] | /obj/machinery/atmospherics/pipe/simple/visible/yellow was unable to be GC'd --
## TESTING: GC: -- [0x20826e0] | /obj/machinery/atmospherics/pipe/simple/visible/yellow was unable to be GC'd --
## TESTING: GC: -- [0x2086a81] | /obj/machinery/atmospherics/pipe/simple/visible/yellow was unable to be GC'd --
## TESTING: GC: -- [0x2086a98] | /obj/machinery/atmospherics/pipe/simple/visible/yellow was unable to be GC'd --
## TESTING: GC: -- [0x2086aaa] | /obj/machinery/atmospherics/pipe/simple/visible/yellow was unable to be GC'd --
## TESTING: GC: -- [0x2086abb] | /obj/machinery/atmospherics/pipe/simple/visible/yellow was unable to be GC'd --
## TESTING: GC: -- [0x2086acf] | /obj/machinery/atmospherics/pipe/simple/visible/yellow was unable to be GC'd --
## TESTING: GC: -- [0x2086ae0] | /obj/machinery/atmospherics/pipe/simple/visible/yellow was unable to be GC'd --
## TESTING: GC: -- [0x2086af5] | /obj/machinery/atmospherics/pipe/simple/visible/yellow was unable to be GC'd --
## TESTING: GC: -- [0x2086b05] | /obj/machinery/atmospherics/pipe/simple/visible/yellow was unable to be GC'd --
## TESTING: GC: -- [0x2086b17] | /obj/machinery/atmospherics/pipe/simple/visible/yellow was unable to be GC'd --
## TESTING: GC: -- [0x2086b2e] | /obj/machinery/atmospherics/pipe/simple/visible/yellow was unable to be GC'd --
## TESTING: GC: -- [0x2086b3b] | /obj/machinery/atmospherics/pipe/simple/visible/yellow was unable to be GC'd --
## TESTING: GC: -- [0x2086a78] | /obj/machinery/atmospherics/pipe/simple/visible/yellow was unable to be GC'd --
## TESTING: GC: -- [0x2086a87] | /obj/machinery/atmospherics/pipe/simple/visible/yellow was unable to be GC'd --
## TESTING: GC: -- [0x2086a9d] | /obj/machinery/atmospherics/pipe/simple/visible/yellow was unable to be GC'd --
## TESTING: GC: -- [0x2086aaf] | /obj/machinery/atmospherics/pipe/simple/visible/yellow was unable to be GC'd --
## TESTING: GC: -- [0x2086abf] | /obj/machinery/atmospherics/pipe/simple/visible/yellow was unable to be GC'd --
## TESTING: GC: -- [0x2086ad4] | /obj/machinery/atmospherics/pipe/simple/visible/yellow was unable to be GC'd --
## TESTING: GC: -- [0x2086ae4] | /obj/machinery/atmospherics/pipe/simple/visible/yellow was unable to be GC'd --
## TESTING: GC: -- [0x2086af9] | /obj/machinery/atmospherics/pipe/simple/visible/yellow was unable to be GC'd --
## TESTING: GC: -- [0x2086b0a] | /obj/machinery/atmospherics/pipe/simple/visible/yellow was unable to be GC'd --
## TESTING: GC: -- [0x2086b1e] | /obj/machinery/atmospherics/pipe/simple/visible/yellow was unable to be GC'd --
## TESTING: GC: -- [0x2086b32] | /obj/machinery/atmospherics/pipe/simple/visible/yellow was unable to be GC'd --
## TESTING: GC: -- [0x2083a0d] | /obj/machinery/atmospherics/pipe/simple/visible/yellow was unable to be GC'd --
## TESTING: GC: -- [0x2083844] | /obj/machinery/atmospherics/pipe/simple/visible/yellow was unable to be GC'd --
## TESTING: GC: -- [0x20839ce] | /obj/machinery/atmospherics/pipe/simple/visible/yellow was unable to be GC'd --
## TESTING: GC: -- [0x2083604] | /obj/machinery/atmospherics/pipe/simple/visible/yellow was unable to be GC'd --
## TESTING: GC: -- [0x2083848] | /obj/machinery/atmospherics/pipe/simple/visible/yellow was unable to be GC'd --
## TESTING: GC: -- [0x208327d] | /obj/machinery/atmospherics/pipe/simple/visible/yellow was unable to be GC'd --
## TESTING: GC: -- [0x20845cc] | /obj/machinery/atmospherics/pipe/simple/visible/yellow was unable to be GC'd --
## TESTING: GC: -- [0x20845dc] | /obj/machinery/atmospherics/pipe/simple/visible/yellow was unable to be GC'd --
## TESTING: GC: -- [0x2084611] | /obj/machinery/atmospherics/pipe/simple/visible/yellow was unable to be GC'd --
## TESTING: GC: -- [0x2084649] | /obj/machinery/atmospherics/pipe/simple/visible/yellow was unable to be GC'd --
## TESTING: GC: -- [0x2084684] | /obj/machinery/atmospherics/pipe/simple/visible/yellow was unable to be GC'd --
## TESTING: GC: -- [0x2082752] | /obj/machinery/atmospherics/pipe/simple/visible/yellow was unable to be GC'd --
## TESTING: GC: -- [0x2083856] | /obj/machinery/atmospherics/pipe/simple/visible/yellow was unable to be GC'd --
## TESTING: GC: -- [0x2083a2e] | /obj/machinery/atmospherics/pipe/simple/visible/yellow was unable to be GC'd --
## TESTING: GC: -- [0x2083a2c] | /obj/machinery/atmospherics/pipe/simple/visible/yellow was unable to be GC'd --
## TESTING: GC: -- [0x208361d] | /obj/machinery/atmospherics/pipe/simple/visible/yellow was unable to be GC'd --
## TESTING: GC: -- [0x2083a05] | /obj/machinery/atmospherics/pipe/simple/visible/yellow was unable to be GC'd --
## TESTING: GC: -- [0x208316b] | /obj/machinery/atmospherics/pipe/simple/visible/yellow was unable to be GC'd --
## TESTING: GC: -- [0x20845d0] | /obj/machinery/atmospherics/pipe/simple/visible/yellow was unable to be GC'd --
## TESTING: GC: -- [0x2084604] | /obj/machinery/atmospherics/pipe/simple/visible/yellow was unable to be GC'd --
## TESTING: GC: -- [0x2084624] | /obj/machinery/atmospherics/pipe/simple/visible/yellow was unable to be GC'd --
## TESTING: GC: -- [0x208464d] | /obj/machinery/atmospherics/pipe/simple/visible/yellow was unable to be GC'd --
## TESTING: GC: -- [0x2084691] | /obj/machinery/atmospherics/pipe/simple/visible/yellow was unable to be GC'd --
## TESTING: GC: -- [0x20846c6] | /obj/machinery/atmospherics/pipe/simple/visible/yellow was unable to be GC'd --
## TESTING: GC: -- [0x208256d] | /obj/machinery/atmospherics/pipe/simple/visible/yellow was unable to be GC'd --
## TESTING: GC: -- [0x20845c0] | /obj/machinery/atmospherics/pipe/simple/visible/yellow was unable to be GC'd --
## TESTING: GC: -- [0x20845f5] | /obj/machinery/atmospherics/pipe/simple/visible/yellow was unable to be GC'd --
## TESTING: GC: -- [0x208466e] | /obj/machinery/atmospherics/pipe/simple/visible/yellow was unable to be GC'd --
## TESTING: GC: -- [0x20846a1] | /obj/machinery/atmospherics/pipe/simple/visible/yellow was unable to be GC'd --
## TESTING: GC: -- [0x20846b1] | /obj/machinery/atmospherics/pipe/simple/visible/yellow was unable to be GC'd --
## TESTING: GC: -- [0x2082598] | /obj/machinery/atmospherics/pipe/simple/visible/yellow was unable to be GC'd --
## TESTING: GC: -- [0x208461e] | /obj/machinery/atmospherics/pipe/simple/visible/yellow was unable to be GC'd --
## TESTING: GC: -- [0x208469e] | /obj/machinery/atmospherics/pipe/simple/visible/yellow was unable to be GC'd --
## TESTING: GC: -- [0x2083dfe] | /obj/machinery/atmospherics/pipe/simple/visible/yellow was unable to be GC'd --
## TESTING: GC: -- [0x2083e13] | /obj/machinery/atmospherics/pipe/simple/visible/yellow was unable to be GC'd --
## TESTING: GC: -- [0x2083dfd] | /obj/machinery/atmospherics/pipe/simple/visible/yellow was unable to be GC'd --
## TESTING: GC: -- [0x2083d45] | /obj/machinery/atmospherics/pipe/simple/visible/yellow was unable to be GC'd --
## TESTING: GC: -- [0x2083d70] | /obj/machinery/atmospherics/pipe/simple/visible/yellow was unable to be GC'd --
## TESTING: GC: -- [0x2083b84] | /obj/machinery/atmospherics/pipe/simple/visible/yellow was unable to be GC'd --
## TESTING: GC: -- [0x2083d04] | /obj/machinery/atmospherics/pipe/simple/visible/yellow was unable to be GC'd --
## TESTING: GC: -- [0x2083a91] | /obj/machinery/atmospherics/pipe/simple/visible/yellow was unable to be GC'd --
## TESTING: GC: -- [0x2083d69] | /obj/machinery/atmospherics/pipe/simple/visible/yellow was unable to be GC'd --
## TESTING: GC: -- [0x2083d0f] | /obj/machinery/atmospherics/pipe/simple/visible/yellow was unable to be GC'd --
## TESTING: GC: -- [0x2083b3e] | /obj/machinery/atmospherics/pipe/simple/visible/yellow was unable to be GC'd --
## TESTING: GC: -- [0x2084688] | /obj/machinery/atmospherics/pipe/simple/visible/yellow was unable to be GC'd --
## TESTING: GC: -- [0x2084697] | /obj/machinery/atmospherics/pipe/simple/visible/yellow was unable to be GC'd --
## TESTING: GC: -- [0x20846cb] | /obj/machinery/atmospherics/pipe/simple/visible/yellow was unable to be GC'd --
## TESTING: GC: -- [0x20845b4] | /obj/machinery/atmospherics/pipe/simple/visible/yellow was unable to be GC'd --
## TESTING: GC: -- [0x20845c4] | /obj/machinery/atmospherics/pipe/simple/visible/yellow was unable to be GC'd --
## TESTING: GC: -- [0x20845fa] | /obj/machinery/atmospherics/pipe/simple/visible/yellow was unable to be GC'd --
## TESTING: GC: -- [0x2084672] | /obj/machinery/atmospherics/pipe/simple/visible/yellow was unable to be GC'd --
## TESTING: GC: -- [0x20846a5] | /obj/machinery/atmospherics/pipe/simple/visible/yellow was unable to be GC'd --
## TESTING: GC: -- [0x20846b6] | /obj/machinery/atmospherics/pipe/simple/visible/yellow was unable to be GC'd --
## TESTING: GC: -- [0x2082619] | /obj/machinery/atmospherics/pipe/simple/visible/yellow was unable to be GC'd --
## TESTING: GC: -- [0x208465f] | /obj/machinery/atmospherics/pipe/simple/visible/yellow was unable to be GC'd --
## TESTING: GC: -- [0x2083f26] | /obj/machinery/atmospherics/pipe/simple/visible/yellow was unable to be GC'd --
## TESTING: GC: -- [0x2083e5d] | /obj/machinery/atmospherics/pipe/simple/visible/yellow was unable to be GC'd --
## TESTING: GC: -- [0x2083dba] | /obj/machinery/atmospherics/pipe/simple/visible/yellow was unable to be GC'd --
## TESTING: GC: -- [0x2083e17] | /obj/machinery/atmospherics/pipe/simple/visible/yellow was unable to be GC'd --
## TESTING: GC: -- [0x2083a86] | /obj/machinery/atmospherics/pipe/simple/visible/yellow was unable to be GC'd --
## TESTING: GC: -- [0x2083b36] | /obj/machinery/atmospherics/pipe/simple/visible/yellow was unable to be GC'd --
## TESTING: GC: -- [0x2083b92] | /obj/machinery/atmospherics/pipe/simple/visible/yellow was unable to be GC'd --
## TESTING: GC: -- [0x2083d14] | /obj/machinery/atmospherics/pipe/simple/visible/yellow was unable to be GC'd --
## TESTING: GC: -- [0x2083c35] | /obj/machinery/atmospherics/pipe/simple/visible/yellow was unable to be GC'd --
## TESTING: GC: -- [0x2083a84] | /obj/machinery/atmospherics/pipe/simple/visible/yellow was unable to be GC'd --
## TESTING: GC: -- [0x2083d74] | /obj/machinery/atmospherics/pipe/simple/visible/yellow was unable to be GC'd --
## TESTING: GC: -- [0x20889df] | /obj/item/device/geiger was unable to be GC'd --
## ERROR: File not found (config/dbconfig.txt)
## ERROR: Failed to load config/mods.txt
## ERROR: Failed to load config/mentors.txt
## MYSQL ERROR: The specified module could not be found.

Your server failed to establish a connection with the feedback database.
## WARNING: File not found: config/jukebox.json
## ERROR: Failed to load config/mods.txt
##MAP_ERROR: Multiple stairs at (10,18,7)
##MAP_ERROR: Multiple stairs at (13,18,7)
Initialized Jobs subsystem within 0 seconds!
Initialized Ticker subsystem within 0.01 seconds!
## MYSQL ERROR: The operation completed successfully.

## MYSQL ERROR: The operation completed successfully.

Initialized Mapping subsystem within 100.28 seconds!
Initialized Inventory subsystem within 100.3 seconds!
## MYSQL ERROR: The operation completed successfully.

Initialized Character Setup subsystem within 100.45 seconds!
[23:21:57] Runtime in beaker.dm,28: Cannot read null.total_volume
  proc name: update icon (/obj/item/reagent_containers/glass/beaker/update_icon)
  src: the old cryostasis beaker (/obj/item/reagent_containers/glass/beaker/noreact)
  src.loc: the old abandoned crate (/obj/structure/closet/crate/secure/loot)
  call stack:
  the old cryostasis beaker (/obj/item/reagent_containers/glass/beaker/noreact): update icon()
  the old cryostasis beaker (/obj/item/reagent_containers/glass/beaker/noreact): make old()
  the old cryostasis beaker (/obj/item/reagent_containers/glass/beaker/noreact): make old()
  the old cryostasis beaker (/obj/item/reagent_containers/glass/beaker/noreact): make old()
  the old abandoned crate (/obj/structure/closet/crate/secure/loot): make old()
  the old abandoned crate (/obj/structure/closet/crate/secure/loot): Initialize(1)
  Atoms (/datum/controller/subsystem/atoms): InitAtom(the old abandoned crate (/obj/structure/closet/crate/secure/loot), 0, /list (/list))
  Atoms (/datum/controller/subsystem/atoms): InitializeAtoms(null, null)
  Atoms (/datum/controller/subsystem/atoms): Initialize(121151)
  Master (/datum/controller/master): Initialize(10, 0, null)
[23:21:57] Runtime in beaker.dm,28: Cannot read null.total_volume
  proc name: update icon (/obj/item/reagent_containers/glass/beaker/update_icon)
  src: the old cryostasis beaker (/obj/item/reagent_containers/glass/beaker/noreact)
  src.loc: the old abandoned crate (/obj/structure/closet/crate/secure/loot)
  call stack:
  the old cryostasis beaker (/obj/item/reagent_containers/glass/beaker/noreact): update icon()
  the old cryostasis beaker (/obj/item/reagent_containers/glass/beaker/noreact): make old()
  the old cryostasis beaker (/obj/item/reagent_containers/glass/beaker/noreact): make old()
  the old cryostasis beaker (/obj/item/reagent_containers/glass/beaker/noreact): make old()
  the old abandoned crate (/obj/structure/closet/crate/secure/loot): make old()
  the old abandoned crate (/obj/structure/closet/crate/secure/loot): Initialize(1)
  Atoms (/datum/controller/subsystem/atoms): InitAtom(the old abandoned crate (/obj/structure/closet/crate/secure/loot), 0, /list (/list))
  Atoms (/datum/controller/subsystem/atoms): InitializeAtoms(null, null)
  Atoms (/datum/controller/subsystem/atoms): Initialize(121151)
  Master (/datum/controller/master): Initialize(10, 0, null)
## MYSQL ERROR: The operation completed successfully.

## MYSQL ERROR: The operation completed successfully.

Initialized Atoms subsystem within 246.23 seconds!
Initialized Machines subsystem within 249.27 seconds!
Initialized Circuit subsystem within 249.32 seconds!
Initialized Chemistry subsystem within 249.33 seconds!
Initialized Evacuation subsystem within 249.33 seconds!
Initialized Event Manager subsystem within 249.34 seconds!
Initialized Inactivity subsystem within 249.35 seconds!
Generating Asteroid Belt: 1 - Affinity: Neutral
Junk Field build starting at zlevel 19.
Junk field portal placed at (43, 93, 19)
Generating edges of junk field at zlevel 19.
Junk Field build complete at zlevel 19.
Initialized Misc subsystem within 254.94 seconds!
Initialized Research subsystem within 265.71 seconds!
Initialized Tips and Tricks subsystem within 265.73 seconds!
Initialized Trade subsystem within 267.61 seconds!
Initialized Voting subsystem within 267.64 seconds!
Initialized Weather subsystem within 267.64 seconds!
Initialized Turbolift controller subsystem within 267.65 seconds!
Initialized Air subsystem within 292.78 seconds!
Initialized Alarm subsystem within 292.79 seconds!
Initialized Craft subsystem within 292.83 seconds!
Initialized Assets subsystem within 355.07 seconds!
Initialized Overlay subsystem within 356.65 seconds!
Initialized Admin Tickets subsystem within 356.66 seconds!
Initialized Mentor Tickets subsystem within 356.67 seconds!
Initialized Lighting subsystem within 373.44 seconds!
Initialized Shuttle subsystem within 373.47 seconds!
Initialized Pathfinder subsystem within 373.47 seconds!
Initialized Xenoarch subsystem within 374.96 seconds!
Initialized Economy subsystem within 374.97 seconds!
Initialized Migration subsystem within 375.02 seconds!
Initialized Radiation subsystem within 375.19 seconds!
Initialized Chat subsystem within 375.19 seconds!
Initializations complete within 375.2 seconds!
## WARNING: Timer buckets has been reset, this may cause timer to lag in code/controllers/subsystems/timer.dm at line 237 src: Timer usr: .
## TESTING: GC: -- [0x20162b1] | /obj/effect/decal/cleanable/blood/gibs was unable to be GC'd --
## TESTING: GC: -- [0x2016365] | /obj/effect/decal/cleanable/blood/gibs was unable to be GC'd --
## TESTING: GC: -- [0x2016393] | /obj/effect/decal/cleanable/blood/gibs was unable to be GC'd --
## TESTING: GC: -- [0x2016396] | /obj/effect/decal/cleanable/blood/gibs was unable to be GC'd --
## TESTING: GC: -- [0x20164c4] | /obj/effect/decal/cleanable/blood/gibs was unable to be GC'd --
## TESTING: GC: -- [0x20164c7] | /obj/effect/decal/cleanable/blood/gibs was unable to be GC'd --
## TESTING: GC: -- [0x2016520] | /obj/effect/decal/cleanable/blood/gibs was unable to be GC'd --
## TESTING: GC: -- [0x20165db] | /obj/effect/decal/cleanable/blood/gibs was unable to be GC'd --
## TESTING: GC: -- [0x2016617] | /obj/effect/decal/cleanable/blood/gibs was unable to be GC'd --
## TESTING: GC: -- [0x2016648] | /obj/effect/decal/cleanable/blood/gibs was unable to be GC'd --
## TESTING: GC: -- [0x2016649] | /obj/effect/decal/cleanable/blood/gibs was unable to be GC'd --
## TESTING: GC: -- [0x2016681] | /obj/effect/decal/cleanable/blood/gibs was unable to be GC'd --
## TESTING: GC: -- [0x20168b2] | /obj/effect/decal/cleanable/blood/gibs was unable to be GC'd --
## TESTING: GC: -- [0x20168ed] | /obj/effect/decal/cleanable/blood/gibs was unable to be GC'd --
## TESTING: GC: -- [0x2016928] | /obj/effect/decal/cleanable/blood/gibs was unable to be GC'd --
## TESTING: GC: -- [0x2016a61] | /obj/effect/decal/cleanable/blood/gibs was unable to be GC'd --
## TESTING: GC: -- [0x2016ac3] | /obj/effect/decal/cleanable/blood/gibs was unable to be GC'd --
## TESTING: GC: -- [0x2016b55] | /obj/effect/decal/cleanable/blood/gibs was unable to be GC'd --
## TESTING: GC: -- [0x2016bac] | /obj/effect/decal/cleanable/blood/gibs was unable to be GC'd --
## TESTING: GC: -- [0x2016bda] | /obj/effect/decal/cleanable/blood/gibs was unable to be GC'd --
## TESTING: GC: -- [0x2016bef] | /obj/effect/decal/cleanable/blood/gibs was unable to be GC'd --
## TESTING: GC: -- [0x2032de3] | /obj/machinery/atmospherics/pipe/simple/hidden/supply was unable to be GC'd --
## TESTING: GC: -- [0x2032f7c] | /obj/machinery/atmospherics/pipe/simple/hidden/scrubbers was unable to be GC'd --
## TESTING: GC: -- [0x2032d5d] | /obj/machinery/atmospherics/pipe/simple/hidden/scrubbers was unable to be GC'd --
## TESTING: GC: -- [0x2032f0e] | /obj/machinery/atmospherics/pipe/simple/hidden/scrubbers was unable to be GC'd --
## TESTING: GC: -- [0x2032f59] | /obj/machinery/atmospherics/pipe/simple/hidden/supply was unable to be GC'd --
## TESTING: GC: -- [0x2033054] | /obj/machinery/atmospherics/pipe/simple/hidden/scrubbers was unable to be GC'd --
## TESTING: GC: -- [0x2033055] | /obj/machinery/atmospherics/pipe/simple/hidden/supply was unable to be GC'd --
## TESTING: GC: -- [0x2033061] | /obj/machinery/atmospherics/pipe/simple/hidden/scrubbers was unable to be GC'd --
## TESTING: GC: -- [0x2033062] | /obj/machinery/atmospherics/pipe/simple/hidden/supply was unable to be GC'd --
## TESTING: GC: -- [0x203307a] | /obj/machinery/atmospherics/pipe/simple/hidden/scrubbers was unable to be GC'd --
## TESTING: GC: -- [0x203307b] | /obj/machinery/atmospherics/pipe/simple/hidden/supply was unable to be GC'd --
## TESTING: GC: -- [0x2033097] | /obj/machinery/atmospherics/pipe/simple/hidden/scrubbers was unable to be GC'd --
## TESTING: GC: -- [0x2033098] | /obj/machinery/atmospherics/pipe/simple/hidden/supply was unable to be GC'd --
## TESTING: GC: -- [0x20330b3] | /obj/machinery/atmospherics/pipe/simple/hidden/scrubbers was unable to be GC'd --
## TESTING: GC: -- [0x20330b4] | /obj/machinery/atmospherics/pipe/simple/hidden/supply was unable to be GC'd --
## TESTING: GC: -- [0x20330c9] | /obj/machinery/atmospherics/pipe/simple/hidden/scrubbers was unable to be GC'd --
## TESTING: GC: -- [0x20330ca] | /obj/machinery/atmospherics/pipe/simple/hidden/supply was unable to be GC'd --
## TESTING: GC: -- [0x20330e3] | /obj/machinery/atmospherics/pipe/simple/hidden/scrubbers was unable to be GC'd --
## TESTING: GC: -- [0x20330e4] | /obj/machinery/atmospherics/pipe/simple/hidden/supply was unable to be GC'd --
## TESTING: GC: -- [0x20330f5] | /obj/machinery/atmospherics/pipe/simple/hidden/scrubbers was unable to be GC'd --
## TESTING: GC: -- [0x20330f6] | /obj/machinery/atmospherics/pipe/simple/hidden/supply was unable to be GC'd --
## TESTING: GC: -- [0x2033114] | /obj/machinery/atmospherics/pipe/simple/hidden/scrubbers was unable to be GC'd --
## TESTING: GC: -- [0x2033115] | /obj/machinery/atmospherics/pipe/simple/hidden/supply was unable to be GC'd --
## TESTING: GC: -- [0x203312c] | /obj/machinery/atmospherics/pipe/simple/hidden/scrubbers was unable to be GC'd --
## TESTING: GC: -- [0x203312d] | /obj/machinery/atmospherics/pipe/simple/hidden/supply was unable to be GC'd --
## TESTING: GC: -- [0x2033142] | /obj/machinery/atmospherics/pipe/simple/hidden/supply was unable to be GC'd --
## TESTING: GC: -- [0x2033158] | /obj/machinery/atmospherics/pipe/simple/hidden/scrubbers was unable to be GC'd --
## TESTING: GC: -- [0x2033178] | /obj/machinery/atmospherics/pipe/simple/hidden/scrubbers was unable to be GC'd --
## TESTING: GC: -- [0x2033179] | /obj/machinery/atmospherics/pipe/simple/hidden/supply was unable to be GC'd --
## TESTING: GC: -- [0x2033193] | /obj/machinery/atmospherics/pipe/simple/hidden/scrubbers was unable to be GC'd --
## TESTING: GC: -- [0x2033194] | /obj/machinery/atmospherics/pipe/simple/hidden/supply was unable to be GC'd --
## TESTING: GC: -- [0x20331b0] | /obj/machinery/atmospherics/pipe/simple/hidden/scrubbers was unable to be GC'd --
## TESTING: GC: -- [0x20331b1] | /obj/machinery/atmospherics/pipe/simple/hidden/supply was unable to be GC'd --
## TESTING: GC: -- [0x20331c3] | /obj/machinery/atmospherics/pipe/simple/hidden/scrubbers was unable to be GC'd --
## TESTING: GC: -- [0x20331c4] | /obj/machinery/atmospherics/pipe/simple/hidden/supply was unable to be GC'd --
## TESTING: GC: -- [0x20331a9] | /obj/machinery/atmospherics/pipe/simple/hidden/supply was unable to be GC'd --
## TESTING: GC: -- [0x20331be] | /obj/machinery/atmospherics/pipe/simple/hidden/supply was unable to be GC'd --
## TESTING: GC: -- [0x20330f0] | /obj/machinery/atmospherics/pipe/simple/visible/yellow was unable to be GC'd --
## TESTING: GC: -- [0x20330a2] | /obj/machinery/atmospherics/pipe/simple/visible/yellow was unable to be GC'd --
## TESTING: GC: -- [0x20330a0] | /obj/machinery/atmospherics/pipe/manifold/visible/yellow was unable to be GC'd --
## TESTING: GC: -- [0x20330eb] | /obj/machinery/atmospherics/pipe/simple/visible/yellow was unable to be GC'd --
## TESTING: GC: -- [0x20330fe] | /obj/machinery/atmospherics/pipe/simple/visible/yellow was unable to be GC'd --
## TESTING: GC: -- [0x203311e] | /obj/machinery/atmospherics/pipe/simple/visible/yellow was unable to be GC'd --
## TESTING: GC: -- [0x203342d] | /obj/machinery/atmospherics/pipe/simple/hidden/red was unable to be GC'd --
## TESTING: GC: -- [0x203333d] | /obj/machinery/atmospherics/pipe/simple/hidden/red was unable to be GC'd --
## TESTING: GC: -- [0x2033581] | /obj/machinery/atmospherics/pipe/simple/hidden/scrubbers was unable to be GC'd --
## TESTING: GC: -- [0x2033582] | /obj/machinery/atmospherics/pipe/simple/hidden/supply was unable to be GC'd --
## TESTING: GC: -- [0x2033569] | /obj/machinery/atmospherics/pipe/simple/hidden/scrubbers was unable to be GC'd --
## TESTING: GC: -- [0x2033567] | /obj/machinery/atmospherics/pipe/simple/hidden/supply was unable to be GC'd --
## TESTING: GC: -- [0x2033533] | /obj/machinery/atmospherics/pipe/simple/hidden/scrubbers was unable to be GC'd --
## TESTING: GC: -- [0x2033546] | /obj/machinery/atmospherics/pipe/simple/hidden/supply was unable to be GC'd --
## TESTING: GC: -- [0x20335c5] | /obj/machinery/atmospherics/pipe/simple/hidden/scrubbers was unable to be GC'd --
## TESTING: GC: -- [0x2033594] | /obj/machinery/atmospherics/pipe/simple/hidden/supply was unable to be GC'd --
## TESTING: GC: -- [0x203352f] | /obj/machinery/atmospherics/pipe/simple/hidden/scrubbers was unable to be GC'd --
## TESTING: GC: -- [0x203358e] | /obj/machinery/atmospherics/pipe/simple/hidden/supply was unable to be GC'd --
## TESTING: GC: -- [0x20335ba] | /obj/machinery/atmospherics/pipe/simple/hidden/scrubbers was unable to be GC'd --
## TESTING: GC: -- [0x20335b3] | /obj/machinery/atmospherics/pipe/simple/hidden/supply was unable to be GC'd --
## TESTING: GC: -- [0x2105f758] | /datum/radio_frequency was unable to be GC'd --
## TESTING: GC: -- [0x2006b8a] | /obj/machinery/atmospherics/pipe/manifold/hidden/scrubbers was unable to be GC'd --
## TESTING: GC: -- [0x2007c45] | /obj/machinery/atmospherics/pipe/manifold/hidden/supply was unable to be GC'd --
## TESTING: GC: -- [0x2009a79] | /obj/machinery/atmospherics/pipe/manifold/hidden/supply was unable to be GC'd --
## TESTING: GC: -- [0x2036e2f] | /obj/item/tank/oxygen was unable to be GC'd --
## TESTING: GC: -- [0x20149e9] | /obj/effect/decal/cleanable/greenglow was unable to be GC'd --
## TESTING: GC: -- [0x2014b89] | /obj/effect/decal/cleanable/greenglow was unable to be GC'd --
## TESTING: GC: -- [0x20150a4] | /obj/effect/decal/cleanable/greenglow was unable to be GC'd --
## TESTING: GC: -- [0x2084ddb] | /obj/machinery/atmospherics/pipe/simple/visible/yellow was unable to be GC'd --
## TESTING: GC: -- [0x2084df2] | /obj/machinery/atmospherics/pipe/simple/visible/yellow was unable to be GC'd --
## TESTING: GC: -- [0x2084e04] | /obj/machinery/atmospherics/pipe/simple/visible/yellow was unable to be GC'd --
## TESTING: GC: -- [0x2084e15] | /obj/machinery/atmospherics/pipe/simple/visible/yellow was unable to be GC'd --
## TESTING: GC: -- [0x2084e29] | /obj/machinery/atmospherics/pipe/simple/visible/yellow was unable to be GC'd --
## TESTING: GC: -- [0x2084e3a] | /obj/machinery/atmospherics/pipe/simple/visible/yellow was unable to be GC'd --
## TESTING: GC: -- [0x2084e4f] | /obj/machinery/atmospherics/pipe/simple/visible/yellow was unable to be GC'd --
## TESTING: GC: -- [0x2084e5f] | /obj/machinery/atmospherics/pipe/simple/visible/yellow was unable to be GC'd --
## TESTING: GC: -- [0x2084e71] | /obj/machinery/atmospherics/pipe/simple/visible/yellow was unable to be GC'd --
## TESTING: GC: -- [0x2084e88] | /obj/machinery/atmospherics/pipe/simple/visible/yellow was unable to be GC'd --
## TESTING: GC: -- [0x2084e95] | /obj/machinery/atmospherics/pipe/simple/visible/yellow was unable to be GC'd --
## TESTING: GC: -- [0x2084dd2] | /obj/machinery/atmospherics/pipe/simple/visible/yellow was unable to be GC'd --
## TESTING: GC: -- [0x2084de1] | /obj/machinery/atmospherics/pipe/simple/visible/yellow was unable to be GC'd --
## TESTING: GC: -- [0x2084df7] | /obj/machinery/atmospherics/pipe/simple/visible/yellow was unable to be GC'd --
## TESTING: GC: -- [0x2084e09] | /obj/machinery/atmospherics/pipe/simple/visible/yellow was unable to be GC'd --
## TESTING: GC: -- [0x2084e19] | /obj/machinery/atmospherics/pipe/simple/visible/yellow was unable to be GC'd --
## TESTING: GC: -- [0x2084e2e] | /obj/machinery/atmospherics/pipe/simple/visible/yellow was unable to be GC'd --
## TESTING: GC: -- [0x2084e3e] | /obj/machinery/atmospherics/pipe/simple/visible/yellow was unable to be GC'd --
## TESTING: GC: -- [0x2084e53] | /obj/machinery/atmospherics/pipe/simple/visible/yellow was unable to be GC'd --
## TESTING: GC: -- [0x2084e64] | /obj/machinery/atmospherics/pipe/simple/visible/yellow was unable to be GC'd --
## TESTING: GC: -- [0x2084e78] | /obj/machinery/atmospherics/pipe/simple/visible/yellow was unable to be GC'd --
## TESTING: GC: -- [0x2084e8c] | /obj/machinery/atmospherics/pipe/simple/visible/yellow was unable to be GC'd --
## TESTING: GC: -- [0x2084d14] | /obj/machinery/atmospherics/pipe/simple/visible/yellow was unable to be GC'd --
## TESTING: GC: -- [0x2084d2b] | /obj/machinery/atmospherics/pipe/simple/visible/yellow was unable to be GC'd --
## TESTING: GC: -- [0x2084d3d] | /obj/machinery/atmospherics/pipe/simple/visible/yellow was unable to be GC'd --
## TESTING: GC: -- [0x2084d4e] | /obj/machinery/atmospherics/pipe/simple/visible/yellow was unable to be GC'd --
## TESTING: GC: -- [0x2084d62] | /obj/machinery/atmospherics/pipe/simple/visible/yellow was unable to be GC'd --
## TESTING: GC: -- [0x2084d73] | /obj/machinery/atmospherics/pipe/simple/visible/yellow was unable to be GC'd --
## TESTING: GC: -- [0x2084d88] | /obj/machinery/atmospherics/pipe/simple/visible/yellow was unable to be GC'd --
## TESTING: GC: -- [0x2084d98] | /obj/machinery/atmospherics/pipe/simple/visible/yellow was unable to be GC'd --
## TESTING: GC: -- [0x2084daa] | /obj/machinery/atmospherics/pipe/simple/visible/yellow was unable to be GC'd --
## TESTING: GC: -- [0x2084dc1] | /obj/machinery/atmospherics/pipe/simple/visible/yellow was unable to be GC'd --
## TESTING: GC: -- [0x2084dce] | /obj/machinery/atmospherics/pipe/simple/visible/yellow was unable to be GC'd --
## TESTING: GC: -- [0x2084d0b] | /obj/machinery/atmospherics/pipe/simple/visible/yellow was unable to be GC'd --
## TESTING: GC: -- [0x2084d1a] | /obj/machinery/atmospherics/pipe/simple/visible/yellow was unable to be GC'd --
## TESTING: GC: -- [0x2084d30] | /obj/machinery/atmospherics/pipe/simple/visible/yellow was unable to be GC'd --
## TESTING: GC: -- [0x2084d42] | /obj/machinery/atmospherics/pipe/simple/visible/yellow was unable to be GC'd --
## TESTING: GC: -- [0x2084d52] | /obj/machinery/atmospherics/pipe/simple/visible/yellow was unable to be GC'd --
## TESTING: GC: -- [0x2084d67] | /obj/machinery/atmospherics/pipe/simple/visible/yellow was unable to be GC'd --
## TESTING: GC: -- [0x2084d77] | /obj/machinery/atmospherics/pipe/simple/visible/yellow was unable to be GC'd --
## TESTING: GC: -- [0x2084d8c] | /obj/machinery/atmospherics/pipe/simple/visible/yellow was unable to be GC'd --
## TESTING: GC: -- [0x2084d9d] | /obj/machinery/atmospherics/pipe/simple/visible/yellow was unable to be GC'd --
## TESTING: GC: -- [0x2084db1] | /obj/machinery/atmospherics/pipe/simple/visible/yellow was unable to be GC'd --
## TESTING: GC: -- [0x2084dc5] | /obj/machinery/atmospherics/pipe/simple/visible/yellow was unable to be GC'd --
## TESTING: GC: -- [0x2084adc] | /obj/machinery/atmospherics/pipe/simple/visible/yellow was unable to be GC'd --
## TESTING: GC: -- [0x2084af3] | /obj/machinery/atmospherics/pipe/simple/visible/yellow was unable to be GC'd --
## TESTING: GC: -- [0x2084b04] | /obj/machinery/atmospherics/pipe/simple/visible/yellow was unable to be GC'd --
## TESTING: GC: -- [0x2084b15] | /obj/machinery/atmospherics/pipe/simple/visible/yellow was unable to be GC'd --
## TESTING: GC: -- [0x2084b29] | /obj/machinery/atmospherics/pipe/simple/visible/yellow was unable to be GC'd --
## TESTING: GC: -- [0x2084b3a] | /obj/machinery/atmospherics/pipe/simple/visible/yellow was unable to be GC'd --
## TESTING: GC: -- [0x2084b4f] | /obj/machinery/atmospherics/pipe/simple/visible/yellow was unable to be GC'd --
## TESTING: GC: -- [0x2084b5f] | /obj/machinery/atmospherics/pipe/simple/visible/yellow was unable to be GC'd --
## TESTING: GC: -- [0x2084b71] | /obj/machinery/atmospherics/pipe/simple/visible/yellow was unable to be GC'd --
## TESTING: GC: -- [0x2084b88] | /obj/machinery/atmospherics/pipe/simple/visible/yellow was unable to be GC'd --
## TESTING: GC: -- [0x2084b95] | /obj/machinery/atmospherics/pipe/simple/visible/yellow was unable to be GC'd --
## TESTING: GC: -- [0x2084ad3] | /obj/machinery/atmospherics/pipe/simple/visible/yellow was unable to be GC'd --
## TESTING: GC: -- [0x2084ae2] | /obj/machinery/atmospherics/pipe/simple/visible/yellow was unable to be GC'd --
## TESTING: GC: -- [0x2084af8] | /obj/machinery/atmospherics/pipe/simple/visible/yellow was unable to be GC'd --
## TESTING: GC: -- [0x2084b09] | /obj/machinery/atmospherics/pipe/simple/visible/yellow was unable to be GC'd --
## TESTING: GC: -- [0x2084b19] | /obj/machinery/atmospherics/pipe/simple/visible/yellow was unable to be GC'd --
## TESTING: GC: -- [0x2084b2e] | /obj/machinery/atmospherics/pipe/simple/visible/yellow was unable to be GC'd --
## TESTING: GC: -- [0x2084b3e] | /obj/machinery/atmospherics/pipe/simple/visible/yellow was unable to be GC'd --
## TESTING: GC: -- [0x2084b53] | /obj/machinery/atmospherics/pipe/simple/visible/yellow was unable to be GC'd --
## TESTING: GC: -- [0x2084b64] | /obj/machinery/atmospherics/pipe/simple/visible/yellow was unable to be GC'd --
## TESTING: GC: -- [0x2084b78] | /obj/machinery/atmospherics/pipe/simple/visible/yellow was unable to be GC'd --
## TESTING: GC: -- [0x2084b8c] | /obj/machinery/atmospherics/pipe/simple/visible/yellow was unable to be GC'd --
## TESTING: GC: -- [0x20853b4] | /obj/machinery/atmospherics/pipe/simple/visible/yellow was unable to be GC'd --
## TESTING: GC: -- [0x20853cb] | /obj/machinery/atmospherics/pipe/simple/visible/yellow was unable to be GC'd --
## TESTING: GC: -- [0x20853dd] | /obj/machinery/atmospherics/pipe/simple/visible/yellow was unable to be GC'd --
## TESTING: GC: -- [0x20853ee] | /obj/machinery/atmospherics/pipe/simple/visible/yellow was unable to be GC'd --
## TESTING: GC: -- [0x2085402] | /obj/machinery/atmospherics/pipe/simple/visible/yellow was unable to be GC'd --
## TESTING: GC: -- [0x2085413] | /obj/machinery/atmospherics/pipe/simple/visible/yellow was unable to be GC'd --
## TESTING: GC: -- [0x2085428] | /obj/machinery/atmospherics/pipe/simple/visible/yellow was unable to be GC'd --
## TESTING: GC: -- [0x2085438] | /obj/machinery/atmospherics/pipe/simple/visible/yellow was unable to be GC'd --
## TESTING: GC: -- [0x208544a] | /obj/machinery/atmospherics/pipe/simple/visible/yellow was unable to be GC'd --
## TESTING: GC: -- [0x2085461] | /obj/machinery/atmospherics/pipe/simple/visible/yellow was unable to be GC'd --
## TESTING: GC: -- [0x208546e] | /obj/machinery/atmospherics/pipe/simple/visible/yellow was unable to be GC'd --
## TESTING: GC: -- [0x20853ab] | /obj/machinery/atmospherics/pipe/simple/visible/yellow was unable to be GC'd --
## TESTING: GC: -- [0x20853ba] | /obj/machinery/atmospherics/pipe/simple/visible/yellow was unable to be GC'd --
## TESTING: GC: -- [0x20853d0] | /obj/machinery/atmospherics/pipe/simple/visible/yellow was unable to be GC'd --
## TESTING: GC: -- [0x20853e2] | /obj/machinery/atmospherics/pipe/simple/visible/yellow was unable to be GC'd --
## TESTING: GC: -- [0x20853f2] | /obj/machinery/atmospherics/pipe/simple/visible/yellow was unable to be GC'd --
## TESTING: GC: -- [0x2085407] | /obj/machinery/atmospherics/pipe/simple/visible/yellow was unable to be GC'd --
## TESTING: GC: -- [0x2085417] | /obj/machinery/atmospherics/pipe/simple/visible/yellow was unable to be GC'd --
## TESTING: GC: -- [0x208542c] | /obj/machinery/atmospherics/pipe/simple/visible/yellow was unable to be GC'd --
## TESTING: GC: -- [0x208543d] | /obj/machinery/atmospherics/pipe/simple/visible/yellow was unable to be GC'd --
## TESTING: GC: -- [0x2085451] | /obj/machinery/atmospherics/pipe/simple/visible/yellow was unable to be GC'd --
## TESTING: GC: -- [0x2085465] | /obj/machinery/atmospherics/pipe/simple/visible/yellow was unable to be GC'd --
Game start took 3.9s
## TESTING: GC: -- [0x3000527] | /mob/new_player was unable to be GC'd --
## TESTING: GC: -- [0x3000b89] | /mob/living/carbon/superior_animal/roach was unable to be GC'd --
## TESTING: GC: -- [0x3000b74] | /mob/living/carbon/superior_animal/roach/nanite was unable to be GC'd --
## TESTING: GC: -- [0x30005a3] | /mob/living/carbon/superior_animal/giant_spider/hunter was unable to be GC'd --
## TESTING: GC: -- [0x300001a] | /mob/living/carbon/superior_animal/giant_spider/nurse was unable to be GC'd --
## TESTING: GC: -- [0x3001229] | /mob/living/carbon/superior_animal/psi_monster/licker was unable to be GC'd --
## TESTING: GC: -- [0x30005dd] | /mob/living/carbon/superior_animal/roach was unable to be GC'd --
## TESTING: GC: -- [0x30010de] | /mob/living/carbon/superior_animal/psi_monster/pus_maggot was unable to be GC'd --
## TESTING: GC: -- [0x3000f59] | /mob/living/carbon/superior_animal/roach/support was unable to be GC'd --
## TESTING: GC: -- [0x208347d] | /obj/effect/effect/light was unable to be GC'd --
[23:57:03] Runtime in asset_transport.dm,90: Invalid argument: client: ``
  proc name: send assets (/datum/asset_transport/proc/send_assets)
  usr: Amaya Paynter () (/mob/observer/ghost)
  usr.loc: The floor (130,152,3) (/turf/simulated/floor/tiled/steel/cyancorner)
  src: Simple browse_rsc asset transp... (/datum/asset_transport)
  call stack:
  Simple browse_rsc asset transp... (/datum/asset_transport): send assets(null, /list (/list))
  /datum/asset/simple/directorie... (/datum/asset/simple/directories/nanoui): send(null)
  /datum/nanoui (/datum/nanoui): New(Amaya Paynter (/mob/observer/ghost), PDA (/obj/item/modular_computer/pda/captain), "main", "mpc_mainscreen.tmpl", "NTOS Main Menu", 400, 500, null, null, /datum/nano_topic_state/defaul... (/datum/nano_topic_state/default))
  PDA (/obj/item/modular_computer/pda/captain): nano ui interact(Amaya Paynter (/mob/observer/ghost), "main", null, 2)
  PDA (/obj/item/modular_computer/pda/captain): kill program(1)
  PDA (/obj/item/modular_computer/pda/captain): Destroy(0)
  qdel(PDA (/obj/item/modular_computer/pda/captain), 0)
  Bluespace Technician (/mob/living/carbon/human/bst): equip to slot or del(PDA (/obj/item/modular_computer/pda/captain), 18)
  RiotScopez (/client): Spawn Bluespace Tech()
[00:01:39] Runtime in update_icons.dm,1103: undefined variable /obj/item/clothing/accessory/job/cape/service/var/blood_overlay_type
  proc name: update inv wear suit (/mob/living/carbon/human/update_inv_wear_suit)
  usr: Robin Blessig (athirson) (/mob/living/carbon/human)
  usr.loc: The floor (111,136,3) (/turf/simulated/floor/tiled/cafe)
  src: Robin Blessig (/mob/living/carbon/human)
  src.loc: the floor (111,136,3) (/turf/simulated/floor/tiled/cafe)
  call stack:
  Robin Blessig (/mob/living/carbon/human): update inv wear suit(0)
  Robin Blessig (/mob/living/carbon/human): bloody body(Bluespace Technician (/mob/living/carbon/human/bst))
  Bluespace Technician (/mob/living/carbon/human/bst): standard weapon hit effects(the dagger (/obj/item/tool/knife/dagger), Robin Blessig (/mob/living/carbon/human), 13, "torso")
  Bluespace Technician (/mob/living/carbon/human/bst): hit with weapon(the dagger (/obj/item/tool/knife/dagger), Robin Blessig (/mob/living/carbon/human), 13, "torso")
  the dagger (/obj/item/tool/knife/dagger): apply hit effect(Bluespace Technician (/mob/living/carbon/human/bst), Robin Blessig (/mob/living/carbon/human), "torso")
  the dagger (/obj/item/tool/knife/dagger): attack(Bluespace Technician (/mob/living/carbon/human/bst), Robin Blessig (/mob/living/carbon/human), "torso")
  the dagger (/obj/item/tool/knife/dagger): attack(Bluespace Technician (/mob/living/carbon/human/bst), Robin Blessig (/mob/living/carbon/human), "torso")
  Bluespace Technician (/mob/living/carbon/human/bst): attackby(the dagger (/obj/item/tool/knife/dagger), Robin Blessig (/mob/living/carbon/human), "icon-x=20;icon-y=20;left=1;but...")
  the dagger (/obj/item/tool/knife/dagger): resolve attackby(Bluespace Technician (/mob/living/carbon/human/bst), Robin Blessig (/mob/living/carbon/human), "icon-x=20;icon-y=20;left=1;but...")
  the dagger (/obj/item/tool/knife/dagger): resolve attackby(Bluespace Technician (/mob/living/carbon/human/bst), Robin Blessig (/mob/living/carbon/human), "icon-x=20;icon-y=20;left=1;but...")
  the dagger (/obj/item/tool/knife/dagger): resolve attackby(Bluespace Technician (/mob/living/carbon/human/bst), Robin Blessig (/mob/living/carbon/human), "icon-x=20;icon-y=20;left=1;but...")
  Robin Blessig (/mob/living/carbon/human): ClickOn(Bluespace Technician (/mob/living/carbon/human/bst), "icon-x=20;icon-y=20;left=1;but...")
  Athirson (/client): Click(Bluespace Technician (/mob/living/carbon/human/bst), the floor (110,136,3) (/turf/simulated/floor/tiled/cafe), "mapwindow.map", "icon-x=20;icon-y=20;left=1;but...")
[00:01:40] Runtime in update_icons.dm,1103: undefined variable /obj/item/clothing/accessory/job/cape/service/var/blood_overlay_type
  proc name: update inv wear suit (/mob/living/carbon/human/update_inv_wear_suit)
  usr: Robin Blessig (athirson) (/mob/living/carbon/human)
  usr.loc: The floor (111,136,3) (/turf/simulated/floor/tiled/cafe)
  src: Robin Blessig (/mob/living/carbon/human)
  src.loc: the floor (111,136,3) (/turf/simulated/floor/tiled/cafe)
  call stack:
  Robin Blessig (/mob/living/carbon/human): update inv wear suit(0)
  Robin Blessig (/mob/living/carbon/human): bloody body(Bluespace Technician (/mob/living/carbon/human/bst))
  Bluespace Technician (/mob/living/carbon/human/bst): standard weapon hit effects(the dagger (/obj/item/tool/knife/dagger), Robin Blessig (/mob/living/carbon/human), 13, "torso")
  Bluespace Technician (/mob/living/carbon/human/bst): hit with weapon(the dagger (/obj/item/tool/knife/dagger), Robin Blessig (/mob/living/carbon/human), 13, "torso")
  the dagger (/obj/item/tool/knife/dagger): apply hit effect(Bluespace Technician (/mob/living/carbon/human/bst), Robin Blessig (/mob/living/carbon/human), "torso")
  the dagger (/obj/item/tool/knife/dagger): attack(Bluespace Technician (/mob/living/carbon/human/bst), Robin Blessig (/mob/living/carbon/human), "torso")
  the dagger (/obj/item/tool/knife/dagger): attack(Bluespace Technician (/mob/living/carbon/human/bst), Robin Blessig (/mob/living/carbon/human), "torso")
  Bluespace Technician (/mob/living/carbon/human/bst): attackby(the dagger (/obj/item/tool/knife/dagger), Robin Blessig (/mob/living/carbon/human), "icon-x=18;icon-y=19;left=1;but...")
  the dagger (/obj/item/tool/knife/dagger): resolve attackby(Bluespace Technician (/mob/living/carbon/human/bst), Robin Blessig (/mob/living/carbon/human), "icon-x=18;icon-y=19;left=1;but...")
  the dagger (/obj/item/tool/knife/dagger): resolve attackby(Bluespace Technician (/mob/living/carbon/human/bst), Robin Blessig (/mob/living/carbon/human), "icon-x=18;icon-y=19;left=1;but...")
  the dagger (/obj/item/tool/knife/dagger): resolve attackby(Bluespace Technician (/mob/living/carbon/human/bst), Robin Blessig (/mob/living/carbon/human), "icon-x=18;icon-y=19;left=1;but...")
  Robin Blessig (/mob/living/carbon/human): ClickOn(Bluespace Technician (/mob/living/carbon/human/bst), "icon-x=18;icon-y=19;left=1;but...")
  Athirson (/client): Click(Bluespace Technician (/mob/living/carbon/human/bst), the floor (110,136,3) (/turf/simulated/floor/tiled/cafe), "mapwindow.map", "icon-x=18;icon-y=19;left=1;but...")
[00:01:51] Runtime in update_icons.dm,1103: undefined variable /obj/item/clothing/accessory/job/cape/service/var/blood_overlay_type
  proc name: update inv wear suit (/mob/living/carbon/human/update_inv_wear_suit)
  usr: Robin Blessig (athirson) (/mob/living/carbon/human)
  usr.loc: The wooden floor (122,137,3) (/turf/simulated/floor/wood/wild1)
  src: Robin Blessig (/mob/living/carbon/human)
  src.loc: the wooden floor (122,137,3) (/turf/simulated/floor/wood/wild1)
  call stack:
  Robin Blessig (/mob/living/carbon/human): update inv wear suit(0)
  Robin Blessig (/mob/living/carbon/human): bloody body(Bluespace Technician (/mob/living/carbon/human/bst))
  Bluespace Technician (/mob/living/carbon/human/bst): standard weapon hit effects(the dagger (/obj/item/tool/knife/dagger), Robin Blessig (/mob/living/carbon/human), 13, "torso")
  Bluespace Technician (/mob/living/carbon/human/bst): hit with weapon(the dagger (/obj/item/tool/knife/dagger), Robin Blessig (/mob/living/carbon/human), 13, "torso")
  the dagger (/obj/item/tool/knife/dagger): apply hit effect(Bluespace Technician (/mob/living/carbon/human/bst), Robin Blessig (/mob/living/carbon/human), "torso")
  the dagger (/obj/item/tool/knife/dagger): attack(Bluespace Technician (/mob/living/carbon/human/bst), Robin Blessig (/mob/living/carbon/human), "torso")
  the dagger (/obj/item/tool/knife/dagger): attack(Bluespace Technician (/mob/living/carbon/human/bst), Robin Blessig (/mob/living/carbon/human), "torso")
  Bluespace Technician (/mob/living/carbon/human/bst): attackby(the dagger (/obj/item/tool/knife/dagger), Robin Blessig (/mob/living/carbon/human), "icon-x=25;icon-y=15;left=1;but...")
  the dagger (/obj/item/tool/knife/dagger): resolve attackby(Bluespace Technician (/mob/living/carbon/human/bst), Robin Blessig (/mob/living/carbon/human), "icon-x=25;icon-y=15;left=1;but...")
  the dagger (/obj/item/tool/knife/dagger): resolve attackby(Bluespace Technician (/mob/living/carbon/human/bst), Robin Blessig (/mob/living/carbon/human), "icon-x=25;icon-y=15;left=1;but...")
  the dagger (/obj/item/tool/knife/dagger): resolve attackby(Bluespace Technician (/mob/living/carbon/human/bst), Robin Blessig (/mob/living/carbon/human), "icon-x=25;icon-y=15;left=1;but...")
  Robin Blessig (/mob/living/carbon/human): ClickOn(Bluespace Technician (/mob/living/carbon/human/bst), "icon-x=25;icon-y=15;left=1;but...")
  Athirson (/client): Click(Bluespace Technician (/mob/living/carbon/human/bst), the silver blue carpet (123,138,3) (/turf/simulated/floor/carpet/sblucarpet), "mapwindow.map", "icon-x=25;icon-y=15;left=1;but...")
[00:01:52] Runtime in update_icons.dm,1103: undefined variable /obj/item/clothing/accessory/job/cape/service/var/blood_overlay_type
  proc name: update inv wear suit (/mob/living/carbon/human/update_inv_wear_suit)
  usr: Robin Blessig (athirson) (/mob/living/carbon/human)
  usr.loc: The wooden floor (123,137,3) (/turf/simulated/floor/wood/wild1)
  src: Robin Blessig (/mob/living/carbon/human)
  src.loc: the wooden floor (123,137,3) (/turf/simulated/floor/wood/wild1)
  call stack:
  Robin Blessig (/mob/living/carbon/human): update inv wear suit(0)
  Robin Blessig (/mob/living/carbon/human): bloody body(Bluespace Technician (/mob/living/carbon/human/bst))
  Bluespace Technician (/mob/living/carbon/human/bst): standard weapon hit effects(the dagger (/obj/item/tool/knife/dagger), Robin Blessig (/mob/living/carbon/human), 13, "torso")
  Bluespace Technician (/mob/living/carbon/human/bst): hit with weapon(the dagger (/obj/item/tool/knife/dagger), Robin Blessig (/mob/living/carbon/human), 13, "torso")
  the dagger (/obj/item/tool/knife/dagger): apply hit effect(Bluespace Technician (/mob/living/carbon/human/bst), Robin Blessig (/mob/living/carbon/human), "torso")
  the dagger (/obj/item/tool/knife/dagger): attack(Bluespace Technician (/mob/living/carbon/human/bst), Robin Blessig (/mob/living/carbon/human), "torso")
  the dagger (/obj/item/tool/knife/dagger): attack(Bluespace Technician (/mob/living/carbon/human/bst), Robin Blessig (/mob/living/carbon/human), "torso")
  Bluespace Technician (/mob/living/carbon/human/bst): attackby(the dagger (/obj/item/tool/knife/dagger), Robin Blessig (/mob/living/carbon/human), "icon-x=21;icon-y=13;left=1;but...")
  the dagger (/obj/item/tool/knife/dagger): resolve attackby(Bluespace Technician (/mob/living/carbon/human/bst), Robin Blessig (/mob/living/carbon/human), "icon-x=21;icon-y=13;left=1;but...")
  the dagger (/obj/item/tool/knife/dagger): resolve attackby(Bluespace Technician (/mob/living/carbon/human/bst), Robin Blessig (/mob/living/carbon/human), "icon-x=21;icon-y=13;left=1;but...")
  the dagger (/obj/item/tool/knife/dagger): resolve attackby(Bluespace Technician (/mob/living/carbon/human/bst), Robin Blessig (/mob/living/carbon/human), "icon-x=21;icon-y=13;left=1;but...")
  Robin Blessig (/mob/living/carbon/human): ClickOn(Bluespace Technician (/mob/living/carbon/human/bst), "icon-x=21;icon-y=13;left=1;but...")
  Athirson (/client): Click(Bluespace Technician (/mob/living/carbon/human/bst), the silver blue carpet (123,138,3) (/turf/simulated/floor/carpet/sblucarpet), "mapwindow.map", "icon-x=21;icon-y=13;left=1;but...")
[00:01:54] Runtime in update_icons.dm,1103: undefined variable /obj/item/clothing/accessory/job/cape/service/var/blood_overlay_type
  proc name: update inv wear suit (/mob/living/carbon/human/update_inv_wear_suit)
  usr: Robin Blessig (athirson) (/mob/living/carbon/human)
  usr.loc: The wooden floor (123,137,3) (/turf/simulated/floor/wood/wild1)
  src: Robin Blessig (/mob/living/carbon/human)
  src.loc: the wooden floor (123,137,3) (/turf/simulated/floor/wood/wild1)
  call stack:
  Robin Blessig (/mob/living/carbon/human): update inv wear suit(0)
  Robin Blessig (/mob/living/carbon/human): bloody body(Bluespace Technician (/mob/living/carbon/human/bst))
  Bluespace Technician (/mob/living/carbon/human/bst): standard weapon hit effects(the dagger (/obj/item/tool/knife/dagger), Robin Blessig (/mob/living/carbon/human), 13, "torso")
  Bluespace Technician (/mob/living/carbon/human/bst): hit with weapon(the dagger (/obj/item/tool/knife/dagger), Robin Blessig (/mob/living/carbon/human), 13, "torso")
  the dagger (/obj/item/tool/knife/dagger): apply hit effect(Bluespace Technician (/mob/living/carbon/human/bst), Robin Blessig (/mob/living/carbon/human), "torso")
  the dagger (/obj/item/tool/knife/dagger): attack(Bluespace Technician (/mob/living/carbon/human/bst), Robin Blessig (/mob/living/carbon/human), "torso")
  the dagger (/obj/item/tool/knife/dagger): attack(Bluespace Technician (/mob/living/carbon/human/bst), Robin Blessig (/mob/living/carbon/human), "torso")
  Bluespace Technician (/mob/living/carbon/human/bst): attackby(the dagger (/obj/item/tool/knife/dagger), Robin Blessig (/mob/living/carbon/human), "icon-x=12;icon-y=16;left=1;but...")
  the dagger (/obj/item/tool/knife/dagger): resolve attackby(Bluespace Technician (/mob/living/carbon/human/bst), Robin Blessig (/mob/living/carbon/human), "icon-x=12;icon-y=16;left=1;but...")
  the dagger (/obj/item/tool/knife/dagger): resolve attackby(Bluespace Technician (/mob/living/carbon/human/bst), Robin Blessig (/mob/living/carbon/human), "icon-x=12;icon-y=16;left=1;but...")
  the dagger (/obj/item/tool/knife/dagger): resolve attackby(Bluespace Technician (/mob/living/carbon/human/bst), Robin Blessig (/mob/living/carbon/human), "icon-x=12;icon-y=16;left=1;but...")
  Robin Blessig (/mob/living/carbon/human): ClickOn(Bluespace Technician (/mob/living/carbon/human/bst), "icon-x=12;icon-y=16;left=1;but...")
  Athirson (/client): Click(Bluespace Technician (/mob/living/carbon/human/bst), the silver blue carpet (123,138,3) (/turf/simulated/floor/carpet/sblucarpet), "mapwindow.map", "icon-x=12;icon-y=16;left=1;but...")
[00:02:02] Runtime in update_icons.dm,1103: undefined variable /obj/item/clothing/accessory/job/cape/service/var/blood_overlay_type
  proc name: update inv wear suit (/mob/living/carbon/human/update_inv_wear_suit)
  usr: Robin Blessig (athirson) (/mob/living/carbon/human)
  usr.loc: The wooden floor (123,137,3) (/turf/simulated/floor/wood/wild1)
  src: Robin Blessig (/mob/living/carbon/human)
  src.loc: the wooden floor (123,137,3) (/turf/simulated/floor/wood/wild1)
  call stack:
  Robin Blessig (/mob/living/carbon/human): update inv wear suit(0)
  Robin Blessig (/mob/living/carbon/human): bloody body(Bluespace Technician (/mob/living/carbon/human/bst))
  Bluespace Technician (/mob/living/carbon/human/bst): standard weapon hit effects(the dagger (/obj/item/tool/knife/dagger), Robin Blessig (/mob/living/carbon/human), 13, "torso")
  Bluespace Technician (/mob/living/carbon/human/bst): hit with weapon(the dagger (/obj/item/tool/knife/dagger), Robin Blessig (/mob/living/carbon/human), 13, "torso")
  the dagger (/obj/item/tool/knife/dagger): apply hit effect(Bluespace Technician (/mob/living/carbon/human/bst), Robin Blessig (/mob/living/carbon/human), "torso")
  the dagger (/obj/item/tool/knife/dagger): attack(Bluespace Technician (/mob/living/carbon/human/bst), Robin Blessig (/mob/living/carbon/human), "torso")
  the dagger (/obj/item/tool/knife/dagger): attack(Bluespace Technician (/mob/living/carbon/human/bst), Robin Blessig (/mob/living/carbon/human), "torso")
  Bluespace Technician (/mob/living/carbon/human/bst): attackby(the dagger (/obj/item/tool/knife/dagger), Robin Blessig (/mob/living/carbon/human), "icon-x=20;icon-y=12;left=1;but...")
  the dagger (/obj/item/tool/knife/dagger): resolve attackby(Bluespace Technician (/mob/living/carbon/human/bst), Robin Blessig (/mob/living/carbon/human), "icon-x=20;icon-y=12;left=1;but...")
  the dagger (/obj/item/tool/knife/dagger): resolve attackby(Bluespace Technician (/mob/living/carbon/human/bst), Robin Blessig (/mob/living/carbon/human), "icon-x=20;icon-y=12;left=1;but...")
  the dagger (/obj/item/tool/knife/dagger): resolve attackby(Bluespace Technician (/mob/living/carbon/human/bst), Robin Blessig (/mob/living/carbon/human), "icon-x=20;icon-y=12;left=1;but...")
  Robin Blessig (/mob/living/carbon/human): ClickOn(Bluespace Technician (/mob/living/carbon/human/bst), "icon-x=20;icon-y=12;left=1;but...")
  Athirson (/client): Click(Bluespace Technician (/mob/living/carbon/human/bst), the silver blue carpet (123,138,3) (/turf/simulated/floor/carpet/sblucarpet), "mapwindow.map", "icon-x=20;icon-y=12;left=1;but...")
[00:02:03] Runtime in update_icons.dm,1103: undefined variable /obj/item/clothing/accessory/job/cape/service/var/blood_overlay_type
  proc name: update inv wear suit (/mob/living/carbon/human/update_inv_wear_suit)
  usr: Bluespace Technician (riotscopez) (/mob/living/carbon/human/bst)
  usr.loc: The silver blue carpet (123,138,3) (/turf/simulated/floor/carpet/sblucarpet)
  src: Robin Blessig (/mob/living/carbon/human)
  src.loc: the wooden floor (123,137,3) (/turf/simulated/floor/wood/wild1)
  call stack:
  Robin Blessig (/mob/living/carbon/human): update inv wear suit(0)
  Robin Blessig (/mob/living/carbon/human): bloody body(Robin Blessig (/mob/living/carbon/human))
  Robin Blessig (/mob/living/carbon/human): standard weapon hit effects(the shock maul (/obj/item/tool/baton/maul), Bluespace Technician (/mob/living/carbon/human/bst), 26, "torso")
  Robin Blessig (/mob/living/carbon/human): hit with weapon(the shock maul (/obj/item/tool/baton/maul), Bluespace Technician (/mob/living/carbon/human/bst), 26, "torso")
  the shock maul (/obj/item/tool/baton/maul): apply hit effect(Robin Blessig (/mob/living/carbon/human), Bluespace Technician (/mob/living/carbon/human/bst), "torso")
  the shock maul (/obj/item/tool/baton/maul): apply hit effect(Robin Blessig (/mob/living/carbon/human), Bluespace Technician (/mob/living/carbon/human/bst), "torso")
  the shock maul (/obj/item/tool/baton/maul): attack(Robin Blessig (/mob/living/carbon/human), Bluespace Technician (/mob/living/carbon/human/bst), "torso")
  the shock maul (/obj/item/tool/baton/maul): attack(Robin Blessig (/mob/living/carbon/human), Bluespace Technician (/mob/living/carbon/human/bst), "torso")
  the shock maul (/obj/item/tool/baton/maul): attack(Robin Blessig (/mob/living/carbon/human), Bluespace Technician (/mob/living/carbon/human/bst), "torso")
  the shock maul (/obj/item/tool/baton/maul): attack(Robin Blessig (/mob/living/carbon/human), Bluespace Technician (/mob/living/carbon/human/bst), "torso")
  Robin Blessig (/mob/living/carbon/human): attackby(the shock maul (/obj/item/tool/baton/maul), Bluespace Technician (/mob/living/carbon/human/bst), "icon-x=10;icon-y=18;vis-x=9;vi...")
  the shock maul (/obj/item/tool/baton/maul): resolve attackby(Robin Blessig (/mob/living/carbon/human), Bluespace Technician (/mob/living/carbon/human/bst), "icon-x=10;icon-y=18;vis-x=9;vi...")
  the shock maul (/obj/item/tool/baton/maul): resolve attackby(Robin Blessig (/mob/living/carbon/human), Bluespace Technician (/mob/living/carbon/human/bst), "icon-x=10;icon-y=18;vis-x=9;vi...")
  Bluespace Technician (/mob/living/carbon/human/bst): ClickOn(Robin Blessig (/mob/living/carbon/human), "icon-x=10;icon-y=18;vis-x=9;vi...")
  RiotScopez (/client): Click(Robin Blessig (/mob/living/carbon/human), the wooden floor (123,137,3) (/turf/simulated/floor/wood/wild1), "mapwindow.map", "icon-x=10;icon-y=18;vis-x=9;vi...")
[00:02:04] Runtime in update_icons.dm,1103: undefined variable /obj/item/clothing/accessory/job/cape/service/var/blood_overlay_type
  proc name: update inv wear suit (/mob/living/carbon/human/update_inv_wear_suit)
  usr: Robin Blessig (athirson) (/mob/living/carbon/human)
  usr.loc: The wooden floor (124,137,3) (/turf/simulated/floor/wood/wild1)
  src: Robin Blessig (/mob/living/carbon/human)
  src.loc: the wooden floor (124,137,3) (/turf/simulated/floor/wood/wild1)
  call stack:
  Robin Blessig (/mob/living/carbon/human): update inv wear suit(0)
  Robin Blessig (/mob/living/carbon/human): bloody body(Bluespace Technician (/mob/living/carbon/human/bst))
  Bluespace Technician (/mob/living/carbon/human/bst): standard weapon hit effects(the dagger (/obj/item/tool/knife/dagger), Robin Blessig (/mob/living/carbon/human), 13, "torso")
  Bluespace Technician (/mob/living/carbon/human/bst): hit with weapon(the dagger (/obj/item/tool/knife/dagger), Robin Blessig (/mob/living/carbon/human), 13, "torso")
  the dagger (/obj/item/tool/knife/dagger): apply hit effect(Bluespace Technician (/mob/living/carbon/human/bst), Robin Blessig (/mob/living/carbon/human), "torso")
  the dagger (/obj/item/tool/knife/dagger): attack(Bluespace Technician (/mob/living/carbon/human/bst), Robin Blessig (/mob/living/carbon/human), "torso")
  the dagger (/obj/item/tool/knife/dagger): attack(Bluespace Technician (/mob/living/carbon/human/bst), Robin Blessig (/mob/living/carbon/human), "torso")
  Bluespace Technician (/mob/living/carbon/human/bst): attackby(the dagger (/obj/item/tool/knife/dagger), Robin Blessig (/mob/living/carbon/human), "icon-x=12;icon-y=17;vis-x=12;v...")
  the dagger (/obj/item/tool/knife/dagger): resolve attackby(Bluespace Technician (/mob/living/carbon/human/bst), Robin Blessig (/mob/living/carbon/human), "icon-x=12;icon-y=17;vis-x=12;v...")
  the dagger (/obj/item/tool/knife/dagger): resolve attackby(Bluespace Technician (/mob/living/carbon/human/bst), Robin Blessig (/mob/living/carbon/human), "icon-x=12;icon-y=17;vis-x=12;v...")
  the dagger (/obj/item/tool/knife/dagger): resolve attackby(Bluespace Technician (/mob/living/carbon/human/bst), Robin Blessig (/mob/living/carbon/human), "icon-x=12;icon-y=17;vis-x=12;v...")
  Robin Blessig (/mob/living/carbon/human): ClickOn(Bluespace Technician (/mob/living/carbon/human/bst), "icon-x=12;icon-y=17;vis-x=12;v...")
  Athirson (/client): Click(Bluespace Technician (/mob/living/carbon/human/bst), the silver blue carpet (123,138,3) (/turf/simulated/floor/carpet/sblucarpet), "mapwindow.map", "icon-x=12;icon-y=17;vis-x=12;v...")
[00:02:05] Runtime in update_icons.dm,1103: undefined variable /obj/item/clothing/accessory/job/cape/service/var/blood_overlay_type
  proc name: update inv wear suit (/mob/living/carbon/human/update_inv_wear_suit)
  usr: Bluespace Technician (riotscopez) (/mob/living/carbon/human/bst)
  usr.loc: The silver blue carpet (123,138,3) (/turf/simulated/floor/carpet/sblucarpet)
  src: Robin Blessig (/mob/living/carbon/human)
  src.loc: the silver blue carpet (124,138,3) (/turf/simulated/floor/carpet/sblucarpet)
  call stack:
  Robin Blessig (/mob/living/carbon/human): update inv wear suit(0)
  Robin Blessig (/mob/living/carbon/human): bloody body(Robin Blessig (/mob/living/carbon/human))
  Robin Blessig (/mob/living/carbon/human): standard weapon hit effects(the shock maul (/obj/item/tool/baton/maul), Bluespace Technician (/mob/living/carbon/human/bst), 26, "torso")
  Robin Blessig (/mob/living/carbon/human): hit with weapon(the shock maul (/obj/item/tool/baton/maul), Bluespace Technician (/mob/living/carbon/human/bst), 26, "torso")
  the shock maul (/obj/item/tool/baton/maul): apply hit effect(Robin Blessig (/mob/living/carbon/human), Bluespace Technician (/mob/living/carbon/human/bst), "torso")
  the shock maul (/obj/item/tool/baton/maul): apply hit effect(Robin Blessig (/mob/living/carbon/human), Bluespace Technician (/mob/living/carbon/human/bst), "torso")
  the shock maul (/obj/item/tool/baton/maul): attack(Robin Blessig (/mob/living/carbon/human), Bluespace Technician (/mob/living/carbon/human/bst), "torso")
  the shock maul (/obj/item/tool/baton/maul): attack(Robin Blessig (/mob/living/carbon/human), Bluespace Technician (/mob/living/carbon/human/bst), "torso")
  the shock maul (/obj/item/tool/baton/maul): attack(Robin Blessig (/mob/living/carbon/human), Bluespace Technician (/mob/living/carbon/human/bst), "torso")
  the shock maul (/obj/item/tool/baton/maul): attack(Robin Blessig (/mob/living/carbon/human), Bluespace Technician (/mob/living/carbon/human/bst), "torso")
  Robin Blessig (/mob/living/carbon/human): attackby(the shock maul (/obj/item/tool/baton/maul), Bluespace Technician (/mob/living/carbon/human/bst), "icon-x=15;icon-y=10;vis-x=13;v...")
  the shock maul (/obj/item/tool/baton/maul): resolve attackby(Robin Blessig (/mob/living/carbon/human), Bluespace Technician (/mob/living/carbon/human/bst), "icon-x=15;icon-y=10;vis-x=13;v...")
  the shock maul (/obj/item/tool/baton/maul): resolve attackby(Robin Blessig (/mob/living/carbon/human), Bluespace Technician (/mob/living/carbon/human/bst), "icon-x=15;icon-y=10;vis-x=13;v...")
  Bluespace Technician (/mob/living/carbon/human/bst): ClickOn(Robin Blessig (/mob/living/carbon/human), "icon-x=15;icon-y=10;vis-x=13;v...")
  RiotScopez (/client): Click(Robin Blessig (/mob/living/carbon/human), the silver blue carpet (124,138,3) (/turf/simulated/floor/carpet/sblucarpet), "mapwindow.map", "icon-x=15;icon-y=10;vis-x=13;v...")
[00:02:05] Runtime in update_icons.dm,1103: undefined variable /obj/item/clothing/accessory/job/cape/service/var/blood_overlay_type
  proc name: update inv wear suit (/mob/living/carbon/human/update_inv_wear_suit)
  usr: Robin Blessig (athirson) (/mob/living/carbon/human)
  usr.loc: The silver blue carpet (124,138,3) (/turf/simulated/floor/carpet/sblucarpet)
  src: Robin Blessig (/mob/living/carbon/human)
  src.loc: the silver blue carpet (124,138,3) (/turf/simulated/floor/carpet/sblucarpet)
  call stack:
  Robin Blessig (/mob/living/carbon/human): update inv wear suit(0)
  Robin Blessig (/mob/living/carbon/human): bloody body(Bluespace Technician (/mob/living/carbon/human/bst))
  Bluespace Technician (/mob/living/carbon/human/bst): standard weapon hit effects(the dagger (/obj/item/tool/knife/dagger), Robin Blessig (/mob/living/carbon/human), 13, "r_arm")
  Bluespace Technician (/mob/living/carbon/human/bst): hit with weapon(the dagger (/obj/item/tool/knife/dagger), Robin Blessig (/mob/living/carbon/human), 13, "r_arm")
  the dagger (/obj/item/tool/knife/dagger): apply hit effect(Bluespace Technician (/mob/living/carbon/human/bst), Robin Blessig (/mob/living/carbon/human), "r_arm")
  the dagger (/obj/item/tool/knife/dagger): attack(Bluespace Technician (/mob/living/carbon/human/bst), Robin Blessig (/mob/living/carbon/human), "torso")
  the dagger (/obj/item/tool/knife/dagger): attack(Bluespace Technician (/mob/living/carbon/human/bst), Robin Blessig (/mob/living/carbon/human), "torso")
  Bluespace Technician (/mob/living/carbon/human/bst): attackby(the dagger (/obj/item/tool/knife/dagger), Robin Blessig (/mob/living/carbon/human), "icon-x=12;icon-y=17;left=1;but...")
  the dagger (/obj/item/tool/knife/dagger): resolve attackby(Bluespace Technician (/mob/living/carbon/human/bst), Robin Blessig (/mob/living/carbon/human), "icon-x=12;icon-y=17;left=1;but...")
  the dagger (/obj/item/tool/knife/dagger): resolve attackby(Bluespace Technician (/mob/living/carbon/human/bst), Robin Blessig (/mob/living/carbon/human), "icon-x=12;icon-y=17;left=1;but...")
  the dagger (/obj/item/tool/knife/dagger): resolve attackby(Bluespace Technician (/mob/living/carbon/human/bst), Robin Blessig (/mob/living/carbon/human), "icon-x=12;icon-y=17;left=1;but...")
  Robin Blessig (/mob/living/carbon/human): ClickOn(Bluespace Technician (/mob/living/carbon/human/bst), "icon-x=12;icon-y=17;left=1;but...")
  Athirson (/client): Click(Bluespace Technician (/mob/living/carbon/human/bst), the silver blue carpet (123,138,3) (/turf/simulated/floor/carpet/sblucarpet), "mapwindow.map", "icon-x=12;icon-y=17;left=1;but...")
  (This error will now be item_flags & SILENT for 10 minutes)
## TESTING: GC: -- [0x3001437] | /mob/observer/ghost was unable to be GC'd --
## TESTING: GC: -- [0x30007b6] | /mob/living/carbon/superior_animal/giant_spider/nurse was unable to be GC'd --
[00:06:02] Runtime in asset_transport.dm,90: Invalid argument: client: ``
  proc name: send assets (/datum/asset_transport/proc/send_assets)
  usr: The riotscopez BSTech () (/mob/observer/ghost)
  usr.loc: The wooden floor (124,150,4) (/turf/simulated/floor/wood)
  src: Simple browse_rsc asset transp... (/datum/asset_transport)
  call stack:
  Simple browse_rsc asset transp... (/datum/asset_transport): send assets(null, /list (/list))
  /datum/asset/simple/directorie... (/datum/asset/simple/directories/nanoui): send(null)
  /datum/nanoui (/datum/nanoui): New(the riotscopez BSTech (/mob/observer/ghost), PDA (/obj/item/modular_computer/pda/captain), "main", "mpc_mainscreen.tmpl", "NTOS Main Menu", 400, 500, null, null, /datum/nano_topic_state/defaul... (/datum/nano_topic_state/default))
  PDA (/obj/item/modular_computer/pda/captain): nano ui interact(the riotscopez BSTech (/mob/observer/ghost), "main", null, 2)
  PDA (/obj/item/modular_computer/pda/captain): kill program(1)
  PDA (/obj/item/modular_computer/pda/captain): Destroy(0)
  qdel(PDA (/obj/item/modular_computer/pda/captain), 0)
  Bluespace Technician (/mob/living/carbon/human/bst): equip to slot or del(PDA (/obj/item/modular_computer/pda/captain), 18)
  RiotScopez (/client): Spawn Bluespace Tech()
## TESTING: GC: -- [0x208421f] | /obj/item/cell/small was unable to be GC'd --
## TESTING: GC: -- [0x208421d] | /obj/item/tool/multitool/bs was unable to be GC'd --
## TESTING: GC: -- [0x20841d6] | /obj/item/storage/backpack/holding/bst was unable to be GC'd --
## TESTING: GC: -- [0x300073b] | /mob/living/carbon/human/bst was unable to be GC'd --
## TESTING: GC: -- [0x300073a] | /mob/living/carbon/superior_animal/roach/hunter was unable to be GC'd --
## TESTING: GC: -- [0x3000b5c] | /mob/living/carbon/superior_animal/roach was unable to be GC'd --
## TESTING: GC: -- [0x30007ba] | /mob/living/carbon/superior_animal/giant_spider/hunter was unable to be GC'd --
## TESTING: GC: -- [0x300009a] | /mob/living/simple_animal/hostile/retaliate/malf_drone was unable to be GC'd --
## TESTING: GC: -- [0x3000099] | /mob/living/simple_animal/hostile/retaliate/malf_drone was unable to be GC'd --
## TESTING: GC: -- [0x208c740] | /obj/item/organ/external was unable to be GC'd --
## TESTING: GC: -- [0x208c6c5] | /obj/item/organ/external was unable to be GC'd --
## TESTING: GC: -- [0x20856af] | /obj/item/organ/external/groin was unable to be GC'd --
## TESTING: GC: -- [0x2085540] | /obj/item/organ/external/head was unable to be GC'd --
## TESTING: GC: -- [0x2084192] | /obj/item/organ/external was unable to be GC'd --
## TESTING: GC: -- [0x208c7a3] | /obj/item/organ/external was unable to be GC'd --
## TESTING: GC: -- [0x30005f9] | /mob/living/carbon/brain was unable to be GC'd --
## TESTING: GC: -- [0x3000789] | /mob/living/carbon/human/bst was unable to be GC'd --
## TESTING: GC: -- [0x3000723] | /mob/living/carbon/superior_animal/roach was unable to be GC'd --
## TESTING: GC: -- [0x300063d] | /mob/living/carbon/superior_animal/roach/support was unable to be GC'd --
[00:11:56] Runtime in benzin.dm,43: Cannot execute null.get reagent amount().
  proc name: death (/mob/living/carbon/superior_animal/roach/benzin/death)
  src: Benzin Roach (/mob/living/carbon/superior_animal/roach/benzin)
  src.loc: null
  call stack:
  Benzin Roach (/mob/living/carbon/superior_animal/roach/benzin): death(1)
  Benzin Roach (/mob/living/carbon/superior_animal/roach/benzin): dust(0, /obj/effect/decal/cleanable/as... (/obj/effect/decal/cleanable/ash), 'icons/mob/mob.dmi')
  Benzin Roach (/mob/living/carbon/superior_animal/roach/benzin): dust(0, /obj/effect/decal/cleanable/as... (/obj/effect/decal/cleanable/ash))
  Benzin Roach (/mob/living/carbon/superior_animal/roach/benzin): adjustFireLoss(60)
  Benzin Roach (/mob/living/carbon/superior_animal/roach/benzin): ex act(2)
  explosion(the plating (30,146,2) (/turf/simulated/floor/tiled/white/gray_perforated), 0, 1, 2, null, 1, 48)
## TESTING: GC: -- [0x30005f1] | /mob/living/carbon/superior_animal/roach/hunter was unable to be GC'd --
### VarEdit by RiotScopez: /obj/item/card/id name=Karina Isaman&#39;s ID Card (Void Wolves Operator)
## TESTING: GC: -- [0x3000ff3] | /mob/living/simple_animal/mouse was unable to be GC'd --
## TESTING: GC: -- [0x300006b] | /mob/living/carbon/superior_animal/roach/benzin was unable to be GC'd --
## TESTING: GC: -- [0x300073d] | /mob/living/carbon/superior_animal/roach was unable to be GC'd --
## TESTING: GC: -- [0x208c8f8] | /obj/structure/c_tray was unable to be GC'd --
## TESTING: GC: -- [0x30007f0] | /mob/living/carbon/superior_animal/termite_no_despawn/uranium was unable to be GC'd --
## TESTING: GC: -- [0x30007ed] | /mob/living/carbon/superior_animal/termite_no_despawn/plasma was unable to be GC'd --
## TESTING: GC: -- [0x3000b5e] | /mob/living/carbon/superior_animal/roach was unable to be GC'd --
## TESTING: GC: -- [0x208cab7] | /obj/item/device/radio/headset was unable to be GC'd --
## TESTING: GC: -- [0x208cab2] | /obj/item/storage/box/survival was unable to be GC'd --
## TESTING: GC: -- [0x208cac9] | /obj/item/storage/backpack/satchel was unable to be GC'd --
## TESTING: GC: -- [0x3000099] | /mob/living/carbon/human was unable to be GC'd --
## TESTING: GC: -- [0x3001021] | /mob/living/carbon/superior_animal/roach was unable to be GC'd --
## TESTING: GC: -- [0x300076c] | /mob/living/carbon/superior_animal/roach/support was unable to be GC'd --
## TESTING: GC: -- [0x3000655] | /mob/living/carbon/superior_animal/giant_spider/hunter was unable to be GC'd --
## TESTING: GC: -- [0x300073a] | /mob/living/carbon/superior_animal/roach/hunter was unable to be GC'd --
## TESTING: GC: -- [0x3000806] | /mob/living/carbon/superior_animal/roach was unable to be GC'd --
## TESTING: GC: -- [0x3000570] | /mob/living/carbon/superior_animal/roach was unable to be GC'd --
## TESTING: GC: -- [0x300063f] | /mob/living/carbon/superior_animal/roach was unable to be GC'd --
## TESTING: GC: -- [0x300102e] | /mob/living/carbon/superior_animal/roach/roachling was unable to be GC'd --
## TESTING: GC: -- [0x30006b0] | /mob/living/carbon/superior_animal/termite_no_despawn/uranium was unable to be GC'd --
## TESTING: GC: -- [0x3000ce4] | /mob/living/carbon/superior_animal/roach/tank was unable to be GC'd --
## TESTING: GC: -- [0x3000731] | /mob/living/carbon/superior_animal/roach/glowing was unable to be GC'd --
## TESTING: GC: -- [0x3000cfe] | /mob/living/carbon/superior_animal/roach was unable to be GC'd --
## TESTING: GC: -- [0x3001137] | /mob/living/carbon/superior_animal/giant_spider/nurse was unable to be GC'd --
Shutting down Chat subsystem...
Shutting down Radiation subsystem...
Shutting down Migration subsystem...
Shutting down Economy subsystem...
Shutting down Xenoarch subsystem...
Shutting down Pathfinder subsystem...
Shutting down Shuttle subsystem...
Shutting down Lighting subsystem...
Shutting down Mentor Tickets subsystem...
Shutting down Admin Tickets subsystem...
Shutting down Overlay subsystem...
Shutting down Assets subsystem...
Shutting down Craft subsystem...
Shutting down Alarm subsystem...
Shutting down Air subsystem...
Shutting down Wireless subsystem...
Shutting down Weather subsystem...
Shutting down Voting subsystem...
Shutting down Verb Manager subsystem...
Shutting down Turfs subsystem...
Shutting down Turbolift controller subsystem...
Shutting down Trade subsystem...
Shutting down Tips and Tricks subsystem...
Shutting down tgui subsystem...
Shutting down Sun subsystem...
Shutting down statverbs subsystem...
Shutting down Research subsystem...
Shutting down Radio subsystem...
Shutting down Processing subsystem...
Shutting down Ping subsystem...
Shutting down pAI subsystem...
Shutting down Objects subsystem...
Shutting down NanoUI subsystem...
Shutting down Movement Loops subsystem...
Shutting down Movement Handler subsystem...
Shutting down Mobs subsystem...
Shutting down Misc subsystem...
Shutting down Internal Wounds subsystem...
Shutting down Inactivity subsystem...
Shutting down Fast Processing subsystem...
Shutting down Event Manager subsystem...
Shutting down Evacuation subsystem...
Shutting down Datum Component System subsystem...
Shutting down Circuit Components subsystem...
Shutting down Chemistry subsystem...
Shutting down Airflow subsystem...
Shutting down Timer subsystem...
Shutting down Circuit subsystem...
Shutting down Machines subsystem...
Shutting down Atoms subsystem...
Shutting down Character Setup subsystem...
Shutting down Inventory subsystem...
Shutting down Mapping subsystem...
Shutting down Ticker subsystem...
Shutting down Jobs subsystem...
Shutting down Garbage subsystem...
Shutdown complete
## DEBUG: Tue Oct 10 01:00:20 2023 MC restarted. Reports:
	 gc_destroyed = 
	 is_processing = 0
	 processing = 0
	 iteration = 219075
	 stack_end_detector = /datum/stack_end_detector(/datum/stack_end_detector)
	 last_run = 56839.8
	 subsystems = /list
	 init_timeofday = 123898
	 init_time = 1938
	 tickdrift = 5595.75
	 sleep_delta = 1
	 skip_ticks = 0
	 make_runtime = 0
	 initializations_finished_with_no_players_logged_in = 0
	 last_type_processed = Ticker(/datum/controller/subsystem/ticker)
	 queue_head = Ticker(/datum/controller/subsystem/ticker)
	 queue_tail = NanoUI(/datum/controller/subsystem/processing/nano)
	 queue_priority_count = 360
	 queue_priority_count_bg = 70
	 map_loading = 0
	 current_runlevel = 3
	 sleep_offline_after_initializations = 1
	 restart_clear = 56940
	 restart_timeout = 56890
	 restart_count = 1
	 random_seed = 7.55717e+008
	 current_ticklimit = 71
	 tgui_shared_states = 
	 active_timers = 
	 datum_components = 
	 comp_lookup = 
	 signal_procs = 
	 signal_enabled = 0
	 datum_flags = 0
	 weak_reference = 
	 extensions = 

