## ERROR: File not found (config/dbconfig.txt)
## ERROR: Failed to load config/mods.txt
## ERROR: Failed to load config/mentors.txt
## MYSQL ERROR: The operation completed successfully.

Your server failed to establish a connection with the feedback database.
## WARNING: File not found: config/jukebox.json
## ERROR: Failed to load config/mods.txt
##MAP_ERROR: Multiple stairs at (10,18,7)
##MAP_ERROR: Multiple stairs at (13,18,7)
Initialized Jobs subsystem within 28619.9 seconds!
Initialized Ticker subsystem within 28619.9 seconds!
Initialized Mapping subsystem within 28720.5 seconds!
Initialized Inventory subsystem within 28720.5 seconds!
Initialized Character Setup subsystem within 28720.5 seconds!
Initialized Atoms subsystem within 28870.4 seconds!
Initialized Machines subsystem within 28873.5 seconds!
Initialized Circuit subsystem within 28873.5 seconds!
Initialized Chemistry subsystem within 28873.5 seconds!
Initialized Evacuation subsystem within 28873.5 seconds!
Initialized Event Manager subsystem within 28873.5 seconds!
Initialized Inactivity subsystem within 28873.5 seconds!
Generating Asteroid Belt: 1 - Affinity: Neutral
Junk Field build starting at zlevel 19.
Junk field portal placed at (23, 53, 19)
Generating edges of junk field at zlevel 19.
Junk Field build complete at zlevel 19.
Initialized Misc subsystem within 28879.7 seconds!
Initialized Research subsystem within 28891.1 seconds!
Initialized Tips and Tricks subsystem within 28891.2 seconds!
Initialized Trade subsystem within 28893 seconds!
Initialized Voting subsystem within 28893 seconds!
Initialized Weather subsystem within 28893 seconds!
Initialized Turbolift controller subsystem within 28893 seconds!
Initialized Air subsystem within 28918.4 seconds!
Initialized Alarm subsystem within 28918.4 seconds!
Initialized Craft subsystem within 28918.4 seconds!
Initialized Assets subsystem within 28986 seconds!
Initialized Overlay subsystem within 28987.6 seconds!
Initialized Admin Tickets subsystem within 28987.6 seconds!
Initialized Mentor Tickets subsystem within 28987.6 seconds!
Initialized Lighting subsystem within 29005.4 seconds!
Initialized Shuttle subsystem within 29005.4 seconds!
Initialized Pathfinder subsystem within 29005.4 seconds!
Initialized Xenoarch subsystem within 29007 seconds!
Initialized Economy subsystem within 29007 seconds!
Initialized Migration subsystem within 29007 seconds!
Initialized Radiation subsystem within 29007.2 seconds!
Initialized Chat subsystem within 29007.2 seconds!
Initializations complete within 387.3 seconds!
## WARNING: Timer buckets has been reset, this may cause timer to lag in code/controllers/subsystems/timer.dm at line 237 src: Timer usr: .
## TESTING: GC: -- [0x20162aa] | /obj/effect/decal/cleanable/blood/gibs was unable to be GC'd --
## TESTING: GC: -- [0x201635e] | /obj/effect/decal/cleanable/blood/gibs was unable to be GC'd --
## TESTING: GC: -- [0x201638c] | /obj/effect/decal/cleanable/blood/gibs was unable to be GC'd --
## TESTING: GC: -- [0x201638f] | /obj/effect/decal/cleanable/blood/gibs was unable to be GC'd --
## TESTING: GC: -- [0x20164ba] | /obj/effect/decal/cleanable/blood/gibs was unable to be GC'd --
## TESTING: GC: -- [0x20164bd] | /obj/effect/decal/cleanable/blood/gibs was unable to be GC'd --
## TESTING: GC: -- [0x2016516] | /obj/effect/decal/cleanable/blood/gibs was unable to be GC'd --
## TESTING: GC: -- [0x20165d2] | /obj/effect/decal/cleanable/blood/gibs was unable to be GC'd --
## TESTING: GC: -- [0x201660e] | /obj/effect/decal/cleanable/blood/gibs was unable to be GC'd --
## TESTING: GC: -- [0x201663f] | /obj/effect/decal/cleanable/blood/gibs was unable to be GC'd --
## TESTING: GC: -- [0x2016640] | /obj/effect/decal/cleanable/blood/gibs was unable to be GC'd --
## TESTING: GC: -- [0x2016678] | /obj/effect/decal/cleanable/blood/gibs was unable to be GC'd --
## TESTING: GC: -- [0x20168a9] | /obj/effect/decal/cleanable/blood/gibs was unable to be GC'd --
## TESTING: GC: -- [0x20168e4] | /obj/effect/decal/cleanable/blood/gibs was unable to be GC'd --
## TESTING: GC: -- [0x201691f] | /obj/effect/decal/cleanable/blood/gibs was unable to be GC'd --
## TESTING: GC: -- [0x2016a58] | /obj/effect/decal/cleanable/blood/gibs was unable to be GC'd --
## TESTING: GC: -- [0x2016aba] | /obj/effect/decal/cleanable/blood/gibs was unable to be GC'd --
## TESTING: GC: -- [0x2016b4c] | /obj/effect/decal/cleanable/blood/gibs was unable to be GC'd --
## TESTING: GC: -- [0x2016ba3] | /obj/effect/decal/cleanable/blood/gibs was unable to be GC'd --
## TESTING: GC: -- [0x2016bd1] | /obj/effect/decal/cleanable/blood/gibs was unable to be GC'd --
## TESTING: GC: -- [0x2016be6] | /obj/effect/decal/cleanable/blood/gibs was unable to be GC'd --
## TESTING: GC: -- [0x20327d9] | /obj/machinery/atmospherics/pipe/simple/hidden/supply was unable to be GC'd --
## TESTING: GC: -- [0x2032788] | /obj/machinery/atmospherics/pipe/simple/hidden/scrubbers was unable to be GC'd --
## TESTING: GC: -- [0x203268a] | /obj/machinery/atmospherics/pipe/simple/hidden/scrubbers was unable to be GC'd --
## TESTING: GC: -- [0x2032801] | /obj/machinery/atmospherics/pipe/simple/hidden/scrubbers was unable to be GC'd --
## TESTING: GC: -- [0x2032845] | /obj/machinery/atmospherics/pipe/simple/hidden/supply was unable to be GC'd --
## TESTING: GC: -- [0x203292f] | /obj/machinery/atmospherics/pipe/simple/hidden/scrubbers was unable to be GC'd --
## TESTING: GC: -- [0x2032930] | /obj/machinery/atmospherics/pipe/simple/hidden/supply was unable to be GC'd --
## TESTING: GC: -- [0x203293c] | /obj/machinery/atmospherics/pipe/simple/hidden/scrubbers was unable to be GC'd --
## TESTING: GC: -- [0x203293d] | /obj/machinery/atmospherics/pipe/simple/hidden/supply was unable to be GC'd --
## TESTING: GC: -- [0x2032955] | /obj/machinery/atmospherics/pipe/simple/hidden/scrubbers was unable to be GC'd --
## TESTING: GC: -- [0x2032956] | /obj/machinery/atmospherics/pipe/simple/hidden/supply was unable to be GC'd --
## TESTING: GC: -- [0x2032972] | /obj/machinery/atmospherics/pipe/simple/hidden/scrubbers was unable to be GC'd --
## TESTING: GC: -- [0x2032973] | /obj/machinery/atmospherics/pipe/simple/hidden/supply was unable to be GC'd --
## TESTING: GC: -- [0x203298e] | /obj/machinery/atmospherics/pipe/simple/hidden/scrubbers was unable to be GC'd --
## TESTING: GC: -- [0x203298f] | /obj/machinery/atmospherics/pipe/simple/hidden/supply was unable to be GC'd --
## TESTING: GC: -- [0x20329a4] | /obj/machinery/atmospherics/pipe/simple/hidden/scrubbers was unable to be GC'd --
## TESTING: GC: -- [0x20329a5] | /obj/machinery/atmospherics/pipe/simple/hidden/supply was unable to be GC'd --
## TESTING: GC: -- [0x20329be] | /obj/machinery/atmospherics/pipe/simple/hidden/scrubbers was unable to be GC'd --
## TESTING: GC: -- [0x20329bf] | /obj/machinery/atmospherics/pipe/simple/hidden/supply was unable to be GC'd --
## TESTING: GC: -- [0x20329d0] | /obj/machinery/atmospherics/pipe/simple/hidden/scrubbers was unable to be GC'd --
## TESTING: GC: -- [0x20329d1] | /obj/machinery/atmospherics/pipe/simple/hidden/supply was unable to be GC'd --
## TESTING: GC: -- [0x20329ef] | /obj/machinery/atmospherics/pipe/simple/hidden/scrubbers was unable to be GC'd --
## TESTING: GC: -- [0x20329f0] | /obj/machinery/atmospherics/pipe/simple/hidden/supply was unable to be GC'd --
## TESTING: GC: -- [0x2032a07] | /obj/machinery/atmospherics/pipe/simple/hidden/scrubbers was unable to be GC'd --
## TESTING: GC: -- [0x2032a08] | /obj/machinery/atmospherics/pipe/simple/hidden/supply was unable to be GC'd --
## TESTING: GC: -- [0x2032a1d] | /obj/machinery/atmospherics/pipe/simple/hidden/supply was unable to be GC'd --
## TESTING: GC: -- [0x2032a33] | /obj/machinery/atmospherics/pipe/simple/hidden/scrubbers was unable to be GC'd --
## TESTING: GC: -- [0x2032a53] | /obj/machinery/atmospherics/pipe/simple/hidden/scrubbers was unable to be GC'd --
## TESTING: GC: -- [0x2032a54] | /obj/machinery/atmospherics/pipe/simple/hidden/supply was unable to be GC'd --
## TESTING: GC: -- [0x2032a6e] | /obj/machinery/atmospherics/pipe/simple/hidden/scrubbers was unable to be GC'd --
## TESTING: GC: -- [0x2032a6f] | /obj/machinery/atmospherics/pipe/simple/hidden/supply was unable to be GC'd --
## TESTING: GC: -- [0x2032a8b] | /obj/machinery/atmospherics/pipe/simple/hidden/scrubbers was unable to be GC'd --
## TESTING: GC: -- [0x2032a8c] | /obj/machinery/atmospherics/pipe/simple/hidden/supply was unable to be GC'd --
## TESTING: GC: -- [0x2032a9e] | /obj/machinery/atmospherics/pipe/simple/hidden/scrubbers was unable to be GC'd --
## TESTING: GC: -- [0x2032a9f] | /obj/machinery/atmospherics/pipe/simple/hidden/supply was unable to be GC'd --
## TESTING: GC: -- [0x2032a84] | /obj/machinery/atmospherics/pipe/simple/hidden/supply was unable to be GC'd --
## TESTING: GC: -- [0x2032a99] | /obj/machinery/atmospherics/pipe/simple/hidden/supply was unable to be GC'd --
## TESTING: GC: -- [0x20329cb] | /obj/machinery/atmospherics/pipe/simple/visible/yellow was unable to be GC'd --
## TESTING: GC: -- [0x203297d] | /obj/machinery/atmospherics/pipe/simple/visible/yellow was unable to be GC'd --
## TESTING: GC: -- [0x203297b] | /obj/machinery/atmospherics/pipe/manifold/visible/yellow was unable to be GC'd --
## TESTING: GC: -- [0x20329c6] | /obj/machinery/atmospherics/pipe/simple/visible/yellow was unable to be GC'd --
## TESTING: GC: -- [0x20329d9] | /obj/machinery/atmospherics/pipe/simple/visible/yellow was unable to be GC'd --
## TESTING: GC: -- [0x20329f9] | /obj/machinery/atmospherics/pipe/simple/visible/yellow was unable to be GC'd --
## TESTING: GC: -- [0x20329f6] | /obj/machinery/atmospherics/pipe/simple/hidden/supply was unable to be GC'd --
## TESTING: GC: -- [0x2032a90] | /obj/machinery/atmospherics/pipe/simple/hidden/scrubbers was unable to be GC'd --
## TESTING: GC: -- [0x20329c3] | /obj/machinery/atmospherics/pipe/simple/hidden/supply was unable to be GC'd --
## TESTING: GC: -- [0x2032a26] | /obj/machinery/atmospherics/pipe/simple/hidden/scrubbers was unable to be GC'd --
## TESTING: GC: -- [0x203249c] | /obj/machinery/atmospherics/pipe/simple/hidden/supply was unable to be GC'd --
## TESTING: GC: -- [0x2032879] | /obj/machinery/atmospherics/pipe/simple/hidden/scrubbers was unable to be GC'd --
## TESTING: GC: -- [0x2032839] | /obj/machinery/atmospherics/pipe/simple/hidden/red was unable to be GC'd --
## TESTING: GC: -- [0x2032a4d] | /obj/machinery/atmospherics/pipe/simple/hidden/red was unable to be GC'd --
## TESTING: GC: -- [0x2032bcb] | /obj/machinery/atmospherics/pipe/simple/hidden/scrubbers was unable to be GC'd --
## TESTING: GC: -- [0x2032bcc] | /obj/machinery/atmospherics/pipe/simple/hidden/supply was unable to be GC'd --
## TESTING: GC: -- [0x2032bd2] | /obj/machinery/atmospherics/pipe/simple/hidden/scrubbers was unable to be GC'd --
## TESTING: GC: -- [0x2032bd3] | /obj/machinery/atmospherics/pipe/simple/hidden/supply was unable to be GC'd --
## TESTING: GC: -- [0x2032bda] | /obj/machinery/atmospherics/pipe/simple/hidden/scrubbers was unable to be GC'd --
## TESTING: GC: -- [0x2032bdb] | /obj/machinery/atmospherics/pipe/simple/hidden/supply was unable to be GC'd --
## TESTING: GC: -- [0x20327f9] | /obj/machinery/atmospherics/pipe/simple/hidden/scrubbers was unable to be GC'd --
## TESTING: GC: -- [0x203278c] | /obj/machinery/atmospherics/pipe/simple/hidden/supply was unable to be GC'd --
## TESTING: GC: -- [0x20327c3] | /obj/machinery/atmospherics/pipe/simple/hidden/scrubbers was unable to be GC'd --
## TESTING: GC: -- [0x20329ad] | /obj/machinery/atmospherics/pipe/simple/hidden/supply was unable to be GC'd --
## TESTING: GC: -- [0x2032bf6] | /obj/machinery/atmospherics/pipe/simple/hidden/scrubbers was unable to be GC'd --
## TESTING: GC: -- [0x2032bf7] | /obj/machinery/atmospherics/pipe/simple/hidden/supply was unable to be GC'd --
## TESTING: GC: -- [0x2032c16] | /obj/machinery/atmospherics/pipe/simple/visible/yellow was unable to be GC'd --
## TESTING: GC: -- [0x2032bfb] | /obj/machinery/atmospherics/pipe/simple/hidden/supply was unable to be GC'd --
## TESTING: GC: -- [0x203296d] | /obj/machinery/atmospherics/pipe/simple/hidden/scrubbers was unable to be GC'd --
## TESTING: GC: -- [0x2032c14] | /obj/machinery/atmospherics/pipe/simple/visible/yellow was unable to be GC'd --
## TESTING: GC: -- [0x2032cc4] | /obj/machinery/atmospherics/pipe/simple/hidden/red was unable to be GC'd --
## TESTING: GC: -- [0x2032ce9] | /obj/machinery/atmospherics/pipe/simple/hidden/red was unable to be GC'd --
## TESTING: GC: -- [0x2032d5e] | /obj/machinery/atmospherics/pipe/simple/hidden/red was unable to be GC'd --
## TESTING: GC: -- [0x2032d83] | /obj/machinery/atmospherics/pipe/simple/hidden/red was unable to be GC'd --
## TESTING: GC: -- [0x2032dac] | /obj/machinery/atmospherics/pipe/simple/hidden/scrubbers was unable to be GC'd --
## TESTING: GC: -- [0x2032dad] | /obj/machinery/atmospherics/pipe/simple/hidden/supply was unable to be GC'd --
## TESTING: GC: -- [0x2032db3] | /obj/machinery/atmospherics/pipe/simple/hidden/scrubbers was unable to be GC'd --
## TESTING: GC: -- [0x2032db4] | /obj/machinery/atmospherics/pipe/simple/hidden/supply was unable to be GC'd --
## TESTING: GC: -- [0x2032dbb] | /obj/machinery/atmospherics/pipe/simple/hidden/scrubbers was unable to be GC'd --
## TESTING: GC: -- [0x2032dbc] | /obj/machinery/atmospherics/pipe/simple/hidden/supply was unable to be GC'd --
## TESTING: GC: -- [0x2032d97] | /obj/machinery/atmospherics/pipe/simple/hidden/scrubbers was unable to be GC'd --
## TESTING: GC: -- [0x2032d64] | /obj/machinery/atmospherics/pipe/simple/hidden/supply was unable to be GC'd --
## TESTING: GC: -- [0x2032dcf] | /obj/machinery/atmospherics/pipe/simple/hidden/scrubbers was unable to be GC'd --
## TESTING: GC: -- [0x2032dd0] | /obj/machinery/atmospherics/pipe/simple/hidden/supply was unable to be GC'd --
## TESTING: GC: -- [0x2032dd8] | /obj/machinery/atmospherics/pipe/simple/hidden/scrubbers was unable to be GC'd --
## TESTING: GC: -- [0x2032dd9] | /obj/machinery/atmospherics/pipe/simple/hidden/supply was unable to be GC'd --
## TESTING: GC: -- [0x2032e02] | /obj/machinery/atmospherics/pipe/simple/visible/yellow was unable to be GC'd --
## TESTING: GC: -- [0x2032e05] | /obj/machinery/atmospherics/pipe/simple/hidden/supply was unable to be GC'd --
## TESTING: GC: -- [0x2032e06] | /obj/machinery/atmospherics/pipe/simple/hidden/scrubbers was unable to be GC'd --
## TESTING: GC: -- [0x2032e08] | /obj/machinery/atmospherics/pipe/simple/visible/yellow was unable to be GC'd --
## TESTING: GC: -- [0x2032e18] | /obj/machinery/atmospherics/pipe/simple/hidden was unable to be GC'd --
## TESTING: GC: -- [0x2032dd2] | /obj/machinery/atmospherics/pipe/simple/hidden was unable to be GC'd --
## TESTING: GC: -- [0x2032e53] | /obj/machinery/atmospherics/pipe/simple/visible/yellow was unable to be GC'd --
## TESTING: GC: -- [0x2032e56] | /obj/machinery/atmospherics/pipe/simple/hidden/supply was unable to be GC'd --
## TESTING: GC: -- [0x2032e57] | /obj/machinery/atmospherics/pipe/simple/hidden/scrubbers was unable to be GC'd --
## TESTING: GC: -- [0x2032e59] | /obj/machinery/atmospherics/pipe/simple/visible/yellow was unable to be GC'd --
## TESTING: GC: -- [0x2105e8ad] | /datum/radio_frequency was unable to be GC'd --
## TESTING: GC: -- [0x2006b8a] | /obj/machinery/atmospherics/pipe/manifold/hidden/scrubbers was unable to be GC'd --
## TESTING: GC: -- [0x2007c43] | /obj/machinery/atmospherics/pipe/manifold/hidden/supply was unable to be GC'd --
## TESTING: GC: -- [0x2009a76] | /obj/machinery/atmospherics/pipe/manifold/hidden/supply was unable to be GC'd --
## TESTING: GC: -- [0x20365a2] | /obj/item/tank/oxygen was unable to be GC'd --
## TESTING: GC: -- [0x20149e5] | /obj/effect/decal/cleanable/greenglow was unable to be GC'd --
## TESTING: GC: -- [0x2014b85] | /obj/effect/decal/cleanable/greenglow was unable to be GC'd --
## TESTING: GC: -- [0x20150a0] | /obj/effect/decal/cleanable/greenglow was unable to be GC'd --
## TESTING: GC: -- [0x2082e69] | /obj/machinery/atmospherics/pipe/manifold4w/hidden was unable to be GC'd --
## TESTING: GC: -- [0x2082bea] | /obj/machinery/atmospherics/pipe/simple/visible/yellow was unable to be GC'd --
## TESTING: GC: -- [0x2082c48] | /obj/machinery/atmospherics/pipe/simple/visible/yellow was unable to be GC'd --
## TESTING: GC: -- [0x2082c78] | /obj/machinery/atmospherics/pipe/simple/visible/yellow was unable to be GC'd --
## TESTING: GC: -- [0x2082c07] | /obj/machinery/atmospherics/pipe/simple/visible/yellow was unable to be GC'd --
## TESTING: GC: -- [0x2082477] | /obj/machinery/atmospherics/pipe/simple/visible/yellow was unable to be GC'd --
## TESTING: GC: -- [0x2082be5] | /obj/machinery/atmospherics/pipe/simple/visible/yellow was unable to be GC'd --
## TESTING: GC: -- [0x20822da] | /obj/machinery/atmospherics/pipe/simple/visible/yellow was unable to be GC'd --
## TESTING: GC: -- [0x20822a6] | /obj/machinery/atmospherics/pipe/simple/visible/yellow was unable to be GC'd --
## TESTING: GC: -- [0x20822b4] | /obj/machinery/atmospherics/pipe/simple/visible/yellow was unable to be GC'd --
## TESTING: GC: -- [0x2082103] | /obj/machinery/atmospherics/pipe/simple/visible/yellow was unable to be GC'd --
## TESTING: GC: -- [0x2083f10] | /obj/machinery/atmospherics/pipe/simple/visible/yellow was unable to be GC'd --
## TESTING: GC: -- [0x2082bc0] | /obj/machinery/atmospherics/pipe/simple/visible/yellow was unable to be GC'd --
## TESTING: GC: -- [0x2082c37] | /obj/machinery/atmospherics/pipe/simple/visible/yellow was unable to be GC'd --
## TESTING: GC: -- [0x2082c6b] | /obj/machinery/atmospherics/pipe/simple/visible/yellow was unable to be GC'd --
## TESTING: GC: -- [0x2082c7d] | /obj/machinery/atmospherics/pipe/simple/visible/yellow was unable to be GC'd --
## TESTING: GC: -- [0x20822c8] | /obj/machinery/atmospherics/pipe/simple/visible/yellow was unable to be GC'd --
## TESTING: GC: -- [0x2082b78] | /obj/machinery/atmospherics/pipe/simple/visible/yellow was unable to be GC'd --
## TESTING: GC: -- [0x2082c0c] | /obj/machinery/atmospherics/pipe/simple/visible/yellow was unable to be GC'd --
## TESTING: GC: -- [0x20822fc] | /obj/machinery/atmospherics/pipe/simple/visible/yellow was unable to be GC'd --
## TESTING: GC: -- [0x2082375] | /obj/machinery/atmospherics/pipe/simple/visible/yellow was unable to be GC'd --
## TESTING: GC: -- [0x20822e9] | /obj/machinery/atmospherics/pipe/simple/visible/yellow was unable to be GC'd --
## TESTING: GC: -- [0x2082133] | /obj/machinery/atmospherics/pipe/simple/visible/yellow was unable to be GC'd --
## TESTING: GC: -- [0x2082b33] | /obj/machinery/atmospherics/pipe/simple/visible/yellow was unable to be GC'd --
## TESTING: GC: -- [0x2082b65] | /obj/machinery/atmospherics/pipe/simple/visible/yellow was unable to be GC'd --
## TESTING: GC: -- [0x2082b30] | /obj/machinery/atmospherics/pipe/simple/visible/yellow was unable to be GC'd --
## TESTING: GC: -- [0x2083f72] | /obj/machinery/atmospherics/pipe/simple/visible/yellow was unable to be GC'd --
## TESTING: GC: -- [0x2083fa9] | /obj/machinery/atmospherics/pipe/simple/visible/yellow was unable to be GC'd --
## TESTING: GC: -- [0x2083fba] | /obj/machinery/atmospherics/pipe/simple/visible/yellow was unable to be GC'd --
## TESTING: GC: -- [0x2083ff0] | /obj/machinery/atmospherics/pipe/simple/visible/yellow was unable to be GC'd --
## TESTING: GC: -- [0x208402e] | /obj/machinery/atmospherics/pipe/simple/visible/yellow was unable to be GC'd --
## TESTING: GC: -- [0x208405e] | /obj/machinery/atmospherics/pipe/simple/visible/yellow was unable to be GC'd --
## TESTING: GC: -- [0x2083fe9] | /obj/machinery/atmospherics/pipe/simple/visible/yellow was unable to be GC'd --
## TESTING: GC: -- [0x2083f5f] | /obj/machinery/atmospherics/pipe/simple/visible/yellow was unable to be GC'd --
## TESTING: GC: -- [0x20816af] | /obj/machinery/atmospherics/pipe/simple/visible/yellow was unable to be GC'd --
## TESTING: GC: -- [0x2082b42] | /obj/machinery/atmospherics/pipe/simple/visible/yellow was unable to be GC'd --
## TESTING: GC: -- [0x2082aff] | /obj/machinery/atmospherics/pipe/simple/visible/yellow was unable to be GC'd --
## TESTING: GC: -- [0x2082b5c] | /obj/machinery/atmospherics/pipe/simple/visible/yellow was unable to be GC'd --
## TESTING: GC: -- [0x2083f76] | /obj/machinery/atmospherics/pipe/simple/visible/yellow was unable to be GC'd --
## TESTING: GC: -- [0x2083fae] | /obj/machinery/atmospherics/pipe/simple/visible/yellow was unable to be GC'd --
## TESTING: GC: -- [0x2083fca] | /obj/machinery/atmospherics/pipe/simple/visible/yellow was unable to be GC'd --
## TESTING: GC: -- [0x2083ff9] | /obj/machinery/atmospherics/pipe/simple/visible/yellow was unable to be GC'd --
## TESTING: GC: -- [0x2084033] | /obj/machinery/atmospherics/pipe/simple/visible/yellow was unable to be GC'd --
## TESTING: GC: -- [0x2084065] | /obj/machinery/atmospherics/pipe/simple/visible/yellow was unable to be GC'd --
## TESTING: GC: -- [0x2082a9e] | /obj/machinery/atmospherics/pipe/simple/visible/yellow was unable to be GC'd --
## TESTING: GC: -- [0x2083220] | /obj/machinery/atmospherics/pipe/simple/visible/yellow was unable to be GC'd --
## TESTING: GC: -- [0x208201d] | /obj/machinery/atmospherics/pipe/simple/visible/yellow was unable to be GC'd --
## TESTING: GC: -- [0x208448b] | /obj/machinery/atmospherics/pipe/simple/visible/yellow was unable to be GC'd --
## TESTING: GC: -- [0x2082cb7] | /obj/machinery/atmospherics/pipe/simple/visible/yellow was unable to be GC'd --
## TESTING: GC: -- [0x2081ece] | /obj/machinery/atmospherics/pipe/simple/visible/yellow was unable to be GC'd --
## TESTING: GC: -- [0x2082cd6] | /obj/machinery/atmospherics/pipe/simple/visible/yellow was unable to be GC'd --
## TESTING: GC: -- [0x208449c] | /obj/machinery/atmospherics/pipe/simple/visible/yellow was unable to be GC'd --
## TESTING: GC: -- [0x2081f1f] | /obj/machinery/atmospherics/pipe/simple/visible/yellow was unable to be GC'd --
## TESTING: GC: -- [0x208415a] | /obj/machinery/atmospherics/pipe/simple/visible/yellow was unable to be GC'd --
## TESTING: GC: -- [0x2082ca0] | /obj/machinery/atmospherics/pipe/simple/visible/yellow was unable to be GC'd --
## TESTING: GC: -- [0x2084492] | /obj/machinery/atmospherics/pipe/simple/visible/yellow was unable to be GC'd --
## TESTING: GC: -- [0x2081ff5] | /obj/machinery/atmospherics/pipe/simple/visible/yellow was unable to be GC'd --
## TESTING: GC: -- [0x2083cc1] | /obj/machinery/atmospherics/pipe/simple/visible/yellow was unable to be GC'd --
## TESTING: GC: -- [0x2081ec5] | /obj/machinery/atmospherics/pipe/simple/visible/yellow was unable to be GC'd --
## TESTING: GC: -- [0x20844b6] | /obj/machinery/atmospherics/pipe/simple/visible/yellow was unable to be GC'd --
## TESTING: GC: -- [0x2082cd7] | /obj/machinery/atmospherics/pipe/simple/visible/yellow was unable to be GC'd --
## TESTING: GC: -- [0x2081f60] | /obj/machinery/atmospherics/pipe/simple/visible/yellow was unable to be GC'd --
## TESTING: GC: -- [0x2081e87] | /obj/machinery/atmospherics/pipe/simple/visible/yellow was unable to be GC'd --
## TESTING: GC: -- [0x2082cc9] | /obj/machinery/atmospherics/pipe/simple/visible/yellow was unable to be GC'd --
## TESTING: GC: -- [0x2081f66] | /obj/machinery/atmospherics/pipe/simple/visible/yellow was unable to be GC'd --
## TESTING: GC: -- [0x2081ee4] | /obj/machinery/atmospherics/pipe/simple/visible/yellow was unable to be GC'd --
## TESTING: GC: -- [0x2082cec] | /obj/machinery/atmospherics/pipe/simple/visible/yellow was unable to be GC'd --
