

Starting up. (ID: crE-aiJo) 19:55.15
---------------------
[19:55:15] crE-aiJo MISC: Saved storyteller is 'guide'
[19:55:15] crE-aiJo ADMIN: Loading jobban_rank
[19:55:15] crE-aiJo ADMIN: jobban_keylist was empty
[19:55:16] crE-aiJo ADMIN: Loading Banlist
[19:55:56] crE-aiJo ACCESS: Login: RiotScopez/() from 146.115.147.185-1871707424 || BYOND v514.1585
[19:55:56] crE-aiJo ACCESS: Login: RiotScopez/(/(RiotScopez)) from 146.115.147.185-1871707424 || BYOND v514
[19:55:57] crE-aiJo DEBUG: Could not find style "ErisStyle" for /mob/new_player.
[19:55:57] crE-aiJo ACCESS: Login: RiotScopez/(/(RiotScopez)) from 146.115.147.185-1871707424 || BYOND v514
[19:56:07] crE-aiJo ADMIN: RiotScopez/(/(RiotScopez)) delayed the game.
[19:57:03] crE-aiJo ADMIN: EVENT *null* has loaded a character.
[19:57:11] crE-aiJo ADMIN: Jaxson Clewett try find_inv_position a 14, but not have that slot!
[19:57:11] crE-aiJo ADMIN: Jaxson Clewett try find_inv_position a 11, but not have that slot!
[19:57:11] crE-aiJo ADMIN: Jaxson Clewett try find_inv_position a 13, but not have that slot!
[19:57:11] crE-aiJo ADMIN: Jaxson Clewett try find_inv_position a 12, but not have that slot!
[19:57:11] crE-aiJo ADMIN: Gunner Overstreet try find_inv_position a 14, but not have that slot!
[19:57:11] crE-aiJo ADMIN: Gunner Overstreet try find_inv_position a 11, but not have that slot!
[19:57:11] crE-aiJo ADMIN: Gunner Overstreet try find_inv_position a 13, but not have that slot!
[19:57:11] crE-aiJo ADMIN: Gunner Overstreet try find_inv_position a 12, but not have that slot!
[19:57:12] crE-aiJo ADMIN: Alan Byers try find_inv_position a 14, but not have that slot!
[19:57:12] crE-aiJo ADMIN: Alan Byers try find_inv_position a 11, but not have that slot!
[19:57:12] crE-aiJo ADMIN: Alan Byers try find_inv_position a 13, but not have that slot!
[19:57:12] crE-aiJo ADMIN: Alan Byers try find_inv_position a 12, but not have that slot!
[19:57:12] crE-aiJo ADMIN: Leland Stall try find_inv_position a 14, but not have that slot!
[19:57:12] crE-aiJo ADMIN: Leland Stall try find_inv_position a 11, but not have that slot!
[19:57:12] crE-aiJo ADMIN: Leland Stall try find_inv_position a 13, but not have that slot!
[19:57:12] crE-aiJo ADMIN: Leland Stall try find_inv_position a 12, but not have that slot!
[19:57:12] crE-aiJo ADMIN: Sawyer Simpson try find_inv_position a 14, but not have that slot!
[19:57:12] crE-aiJo ADMIN: Sawyer Simpson try find_inv_position a 11, but not have that slot!
[19:57:12] crE-aiJo ADMIN: Sawyer Simpson try find_inv_position a 13, but not have that slot!
[19:57:12] crE-aiJo ADMIN: Sawyer Simpson try find_inv_position a 12, but not have that slot!
[19:57:12] crE-aiJo ADMIN: Christopher Wheeler try find_inv_position a 14, but not have that slot!
[19:57:12] crE-aiJo ADMIN: Christopher Wheeler try find_inv_position a 11, but not have that slot!
[19:57:12] crE-aiJo ADMIN: Christopher Wheeler try find_inv_position a 13, but not have that slot!
[19:57:12] crE-aiJo ADMIN: Christopher Wheeler try find_inv_position a 12, but not have that slot!
[19:59:39] crE-aiJo GAME: neutral 2 loaded at at 51,36,19
[19:59:40] crE-aiJo GAME: neutral 2 loaded at at 76,66,19
[19:59:40] crE-aiJo GAME: neutral 2 loaded at at 16,81,19
[19:59:41] crE-aiJo GAME: neutral 2 loaded at at 41,76,19
[19:59:41] crE-aiJo GAME: neutral 4 loaded at at 106,46,19
[19:59:41] crE-aiJo GAME: neutral 11 loaded at at 51,96,19
[19:59:41] crE-aiJo GAME: neutral 7 loaded at at 106,71,19
[19:59:41] crE-aiJo GAME: neutral 2 loaded at at 21,106,19
[19:59:41] crE-aiJo GAME: neutral 7 loaded at at 81,106,19
[19:59:41] crE-aiJo GAME: neutral 2 loaded at at 66,61,19
[19:59:41] crE-aiJo GAME: neutral 7 loaded at at 51,16,19
[19:59:41] crE-aiJo GAME: neutral 7 loaded at at 81,46,19
[19:59:41] crE-aiJo GAME: neutral 2 loaded at at 21,16,19
[19:59:41] crE-aiJo GAME: neutral 7 loaded at at 81,96,19
[19:59:41] crE-aiJo GAME: neutral 7 loaded at at 101,86,19
[19:59:41] crE-aiJo GAME: neutral 1 loaded at at 11,41,19
[19:59:41] crE-aiJo GAME: neutral 6 loaded at at 11,76,19
[19:59:41] crE-aiJo GAME: neutral 9 loaded at at 71,71,19
[19:59:41] crE-aiJo GAME: neutral 5 loaded at at 101,81,19
[19:59:41] crE-aiJo GAME: neutral 10 loaded at at 91,101,19
[19:59:41] crE-aiJo GAME: neutral 6 loaded at at 11,61,19
[19:59:41] crE-aiJo GAME: neutral 6 loaded at at 11,81,19
[19:59:41] crE-aiJo GAME: neutral 2 loaded at at 36,46,19
[19:59:41] crE-aiJo GAME: neutral 7 loaded at at 11,16,19
[19:59:41] crE-aiJo GAME: neutral 7 loaded at at 51,101,19
[19:59:41] crE-aiJo GAME: neutral 8 loaded at at 61,16,19
[19:59:41] crE-aiJo GAME: neutral 3 loaded at at 76,16,19
[19:59:41] crE-aiJo GAME: neutral 2 loaded at at 96,101,19
[19:59:41] crE-aiJo GAME: neutral 2 loaded at at 101,76,19
[19:59:42] crE-aiJo GAME: neutral 4 loaded at at 56,96,19
[19:59:42] crE-aiJo GAME: neutral 8 loaded at at 66,11,19
[19:59:42] crE-aiJo GAME: neutral 1 loaded at at 26,21,19
[19:59:42] crE-aiJo GAME: neutral 7 loaded at at 61,61,19
[19:59:42] crE-aiJo GAME: neutral 1 loaded at at 41,66,19
[19:59:42] crE-aiJo GAME: neutral 7 loaded at at 96,101,19
[19:59:42] crE-aiJo GAME: neutral 4 loaded at at 106,86,19
[19:59:42] crE-aiJo GAME: neutral 11 loaded at at 21,11,19
[19:59:42] crE-aiJo GAME: neutral 7 loaded at at 71,26,19
[19:59:42] crE-aiJo GAME: neutral 10 loaded at at 41,76,19
[19:59:55] crE-aiJo GAME: Emitter deleted at (0,0,0)
[20:01:10] crE-aiJo ASSET: ERROR: Invalid asset: /datum/asset/simple/craft:obj_item_stack_cable_coil.png:1
[20:01:14] crE-aiJo ASSET: ERROR: Invalid asset: /datum/asset/simple/craft:obj_item_clothing_glasses_powered_meson.png:1
[20:01:15] crE-aiJo ASSET: ERROR: Invalid asset: /datum/asset/simple/craft:obj_item_gun_projectile_boltgun_lever.png:1
[20:01:15] crE-aiJo ASSET: ERROR: Invalid asset: /datum/asset/simple/craft:obj_item_gun_projectile_automatic_sts_rifle.png:1
[20:01:16] crE-aiJo ASSET: ERROR: Invalid asset: /datum/asset/simple/craft:obj_item_modular_computer_laptop.png:1
[20:02:02] crE-aiJo VOTE: Storyteller vote started by server.
[20:02:08] crE-aiJo ADMIN: RiotScopez/(/(RiotScopez)) RiotScopez/(/(RiotScopez)) has loaded a character.
[20:02:17] crE-aiJo GAME: Entrance - 1 loaded at at 145,137,20
[20:02:18] crE-aiJo GAME: garden loaded at at 145,128,20
[20:02:19] crE-aiJo GAME: Escape_Pod_West-East loaded at at 158,128,20
[20:02:19] crE-aiJo GAME: Hallway_4way loaded at at 171,128,20
[20:02:19] crE-aiJo GAME: hallwayatmos_west-east loaded at at 184,128,20
[20:02:20] crE-aiJo GAME: garden loaded at at 197,128,20
[20:02:20] crE-aiJo GAME: Hallway_4way loaded at at 197,119,20
[20:02:21] crE-aiJo GAME: crematorium loaded at at 184,119,20
[20:02:21] crE-aiJo GAME: garden loaded at at 171,119,20
[20:02:21] crE-aiJo GAME: crematorium loaded at at 158,119,20
[20:02:22] crE-aiJo GAME: crematorium loaded at at 145,119,20
[20:02:22] crE-aiJo GAME: garden loaded at at 132,119,20
[20:02:22] crE-aiJo GAME: hallwayatmos_west-east loaded at at 119,119,20
[20:02:23] crE-aiJo GAME: hallwayatmos_west-east loaded at at 106,119,20
[20:02:23] crE-aiJo GAME: crematorium loaded at at 93,119,20
[20:02:24] crE-aiJo GAME: hallway_storage loaded at at 93,110,20
[20:02:24] crE-aiJo GAME: Hallway_4way loaded at at 93,101,20
[20:02:25] crE-aiJo GAME: Escape_Pod_West-East loaded at at 106,101,20
[20:02:25] crE-aiJo GAME: Escape_Pod_West-East loaded at at 119,101,20
[20:02:26] crE-aiJo GAME: garden loaded at at 119,92,20
[20:02:26] crE-aiJo GAME: crematorium loaded at at 106,92,20
[20:02:26] crE-aiJo GAME: Escape_Pod_West-East loaded at at 93,92,20
[20:02:27] crE-aiJo GAME: garden loaded at at 80,92,20
[20:02:27] crE-aiJo GAME: crematorium loaded at at 67,92,20
[20:02:27] crE-aiJo GAME: penitentiary loaded at at 54,92,20
[20:02:28] crE-aiJo GAME: Escape_Pod_West-East loaded at at 41,92,20
[20:02:28] crE-aiJo GAME: garden loaded at at 28,92,20
[20:02:29] crE-aiJo GAME: crematorium loaded at at 15,92,20
[20:02:29] crE-aiJo GAME: Escape_Pod_West-East loaded at at 15,83,20
[20:02:30] crE-aiJo GAME: Hallway_4way loaded at at 28,83,20
[20:02:30] crE-aiJo GAME: Escape_Pod_West-East loaded at at 41,83,20
[20:02:31] crE-aiJo GAME: garden loaded at at 54,83,20
[20:02:31] crE-aiJo GAME: penitentiary loaded at at 67,83,20
[20:02:31] crE-aiJo GAME: secure_storage_horizontal loaded at at 80,83,20
[20:02:32] crE-aiJo GAME: garden loaded at at 93,83,20
[20:02:32] crE-aiJo GAME: garden loaded at at 106,83,20
[20:02:33] crE-aiJo GAME: Escape_Pod_West-East loaded at at 119,83,20
[20:02:33] crE-aiJo GAME: showers loaded at at 132,83,20
[20:02:33] crE-aiJo GAME: checkpoint_horizontal loaded at at 145,83,20
[20:02:34] crE-aiJo GAME: Escape_Pod_West-East loaded at at 158,83,20
[20:02:35] crE-aiJo GAME: Lab2 loaded at at 80,64,21
[20:02:35] crE-aiJo GAME: maintenance asteroid loaded at at 73,38,21
[20:02:35] crE-aiJo MISC: a the gibber didn't find an input plate.
[20:02:36] crE-aiJo GAME: xenostudy loaded at at 76,99,21
[20:02:36] crE-aiJo GAME: archive loaded at at 34,41,21
[20:02:37] crE-aiJo GAME: Lab loaded at at 43,100,21
[20:02:37] crE-aiJo GAME: archive loaded at at 108,55,21
[20:02:38] crE-aiJo GAME: crematorium loaded at at 171,83,20
[20:02:38] crE-aiJo GAME: Hallway_4way loaded at at 171,74,20
[20:02:38] crE-aiJo GAME: Escape_Pod_West-East loaded at at 184,74,20
[20:02:39] crE-aiJo GAME: garden loaded at at 197,74,20
[20:02:42] crE-aiJo GAME: garden loaded at at 197,65,20
[20:02:42] crE-aiJo GAME: autolathe_South-East loaded at at 184,65,20
[20:02:44] crE-aiJo GAME: Escape_Pod_West-East loaded at at 184,56,20
[20:02:44] crE-aiJo GAME: Hallway_4way loaded at at 171,56,20
[20:02:44] crE-aiJo GAME: garden loaded at at 158,56,20
[20:02:45] crE-aiJo GAME: garden loaded at at 158,47,20
[20:02:45] crE-aiJo GAME: showers loaded at at 145,47,20
[20:02:46] crE-aiJo GAME: penitentiary loaded at at 132,47,20
[20:02:46] crE-aiJo GAME: showers loaded at at 119,47,20
[20:02:46] crE-aiJo GAME: hallwayatmos_west-east loaded at at 106,47,20
[20:02:47] crE-aiJo GAME: Hallway_4way loaded at at 93,47,20
[20:02:47] crE-aiJo GAME: Escape_Pod_West-East loaded at at 80,47,20
[20:02:47] crE-aiJo GAME: hallwayatmos_west-east loaded at at 67,47,20
[20:02:48] crE-aiJo GAME: hallwayatmos_west-east loaded at at 54,47,20
[20:02:48] crE-aiJo GAME: Hallway_4way loaded at at 41,47,20
[20:02:48] crE-aiJo GAME: autolathe_South-East loaded at at 28,47,20
[20:02:49] crE-aiJo GAME: Escape_Pod_West-East loaded at at 28,38,20
[20:02:49] crE-aiJo GAME: garden loaded at at 41,38,20
[20:02:50] crE-aiJo GAME: crematorium loaded at at 54,38,20
[20:02:50] crE-aiJo GAME: hallwayatmos_west-east loaded at at 67,38,20
[20:02:51] crE-aiJo GAME: Escape_Pod_West-East loaded at at 80,38,20
[20:02:51] crE-aiJo GAME: Escape_Pod_West-East loaded at at 80,29,20
[20:02:53] crE-aiJo GAME: Escape_Pod_West-East loaded at at 80,20,20
[20:02:53] crE-aiJo GAME: penitentiary loaded at at 93,20,20
[20:02:55] crE-aiJo GAME: hallwayatmos_west-east loaded at at 106,20,20
[20:02:55] crE-aiJo GAME: hallwayatmos_west-east loaded at at 119,20,20
[20:02:56] crE-aiJo GAME: garden loaded at at 132,20,20
[20:02:57] crE-aiJo GAME: Escape_Pod_West-East loaded at at 145,20,20
[20:02:57] crE-aiJo GAME: hallwayatmos_west-east loaded at at 158,20,20
[20:02:58] crE-aiJo GAME: Hallway_4way loaded at at 171,20,20
[20:02:58] crE-aiJo GAME: garden loaded at at 171,11,20
[20:02:59] crE-aiJo GAME: crematorium loaded at at 184,11,20
[20:02:59] crE-aiJo GAME: crematorium loaded at at 197,11,20
[20:03:00] crE-aiJo GAME: Escape_Pod_West-East loaded at at 197,2,20
[20:03:00] crE-aiJo GAME: Exit - 1 loaded at at 184,2,20
[20:03:21] crE-aiJo GAME: office loaded at at 102,124,21
[20:03:21] crE-aiJo GAME: Medical supplies loaded at at 24,124,21
[20:03:22] crE-aiJo GAME: toilet loaded at at 143,128,21
[20:03:22] crE-aiJo GAME: catwalks loaded at at 128,150,21
[20:03:22] crE-aiJo GAME: catwalks loaded at at 104,145,21
[20:03:22] crE-aiJo GAME: Medical supplies loaded at at 152,62,21
[20:03:22] crE-aiJo GAME: sm_core loaded at at 17,61,21
[20:03:22] crE-aiJo GAME: office loaded at at 151,146,21
[20:03:22] crE-aiJo GAME: Trash loaded at at 121,83,21
[20:03:23] crE-aiJo GAME: cryo loaded at at 126,106,21
[20:03:23] crE-aiJo GAME: catwalks loaded at at 41,24,21
[20:03:23] crE-aiJo GAME: barricades loaded at at 110,26,21
[20:03:23] crE-aiJo GAME: mechbay loaded at at 53,140,21
[20:03:23] crE-aiJo GAME: toilet loaded at at 20,33,21
[20:03:23] crE-aiJo GAME: anomalysci loaded at at 151,107,21
[20:03:23] crE-aiJo GAME: morgue loaded at at 144,47,21
[20:03:23] crE-aiJo GAME: library loaded at at 37,84,21
[20:03:23] crE-aiJo GAME: toilet loaded at at 69,147,21
[20:03:24] crE-aiJo GAME: Medical supplies loaded at at 139,21,21
[20:03:24] crE-aiJo GAME: freezer loaded at at 120,138,21
[20:03:24] crE-aiJo GAME: anomalysci loaded at at 59,127,21
[20:03:24] crE-aiJo GAME: office loaded at at 19,138,21
[20:03:24] crE-aiJo GAME: hydro loaded at at 11,108,21
[20:03:24] crE-aiJo GAME: toilet loaded at at 44,153,21
[20:03:24] crE-aiJo GAME: anomalysci loaded at at 33,138,21
[20:03:25] crE-aiJo GAME: barricades loaded at at 68,26,21
[20:03:25] crE-aiJo GAME: mechbay loaded at at 17,86,21
[20:03:25] crE-aiJo GAME: Medical supplies loaded at at 87,127,21
[20:03:25] crE-aiJo GAME: sm_core loaded at at 114,115,21
[20:03:26] crE-aiJo GAME: library loaded at at 135,91,21
[20:03:26] crE-aiJo GAME: surgery loaded at at 184,83,20
[20:03:26] crE-aiJo GAME: surgery loaded at at 54,74,20
[20:03:27] crE-aiJo GAME: surgery loaded at at 15,74,20
[20:03:37] crE-aiJo GAME: mechbay loaded at at 67,29,20
[20:03:37] crE-aiJo GAME: shooting_range loaded at at 184,92,20
[20:03:37] crE-aiJo GAME: shooting_range loaded at at 119,74,20
[20:03:38] crE-aiJo GAME: armory_secure loaded at at 93,38,20
[20:03:38] crE-aiJo GAME: armory_secure loaded at at 132,92,20
[20:03:39] crE-aiJo GAME: armory loaded at at 28,74,20
[20:03:39] crE-aiJo GAME: commanderoffice loaded at at 106,74,20
[20:03:40] crE-aiJo GAME: surgery loaded at at 54,65,20
[20:03:41] crE-aiJo GAME: surgery loaded at at 132,128,20
[20:03:41] crE-aiJo GAME: surgery loaded at at 145,110,20
[20:03:42] crE-aiJo GAME: refinery loaded at at 2,92,20
[20:03:43] crE-aiJo GAME: refinery loaded at at 145,56,20
[20:03:44] crE-aiJo GAME: cargo_vertical loaded at at 106,110,20
[20:03:44] crE-aiJo GAME: blocker loaded at at 2,137,20
[20:03:44] crE-aiJo GAME: blocker loaded at at 15,137,20
[20:03:44] crE-aiJo GAME: blocker loaded at at 28,137,20
[20:03:44] crE-aiJo GAME: blocker loaded at at 41,137,20
[20:03:44] crE-aiJo GAME: blocker loaded at at 54,137,20
[20:03:44] crE-aiJo GAME: blocker loaded at at 67,137,20
[20:03:44] crE-aiJo GAME: blocker loaded at at 80,137,20
[20:03:44] crE-aiJo GAME: blocker loaded at at 93,137,20
[20:03:44] crE-aiJo GAME: blocker loaded at at 106,137,20
[20:03:44] crE-aiJo GAME: blocker loaded at at 119,137,20
[20:03:44] crE-aiJo GAME: blocker loaded at at 132,137,20
[20:03:44] crE-aiJo GAME: blocker loaded at at 158,137,20
[20:03:45] crE-aiJo GAME: blocker loaded at at 171,137,20
[20:03:45] crE-aiJo GAME: blocker loaded at at 184,137,20
[20:03:45] crE-aiJo GAME: blocker loaded at at 197,137,20
[20:03:45] crE-aiJo GAME: blocker loaded at at 2,128,20
[20:03:45] crE-aiJo GAME: blocker loaded at at 15,128,20
[20:03:45] crE-aiJo GAME: blocker loaded at at 28,128,20
[20:03:45] crE-aiJo GAME: blocker loaded at at 41,128,20
[20:03:45] crE-aiJo GAME: blocker loaded at at 54,128,20
[20:03:45] crE-aiJo GAME: blocker loaded at at 67,128,20
[20:03:45] crE-aiJo GAME: blocker loaded at at 80,128,20
[20:03:45] crE-aiJo GAME: blocker loaded at at 93,128,20
[20:03:45] crE-aiJo GAME: blocker loaded at at 106,128,20
[20:03:45] crE-aiJo GAME: blocker loaded at at 119,128,20
[20:03:45] crE-aiJo GAME: blocker loaded at at 2,119,20
[20:03:45] crE-aiJo GAME: blocker loaded at at 15,119,20
[20:03:45] crE-aiJo GAME: blocker loaded at at 28,119,20
[20:03:45] crE-aiJo GAME: blocker loaded at at 41,119,20
[20:03:45] crE-aiJo GAME: blocker loaded at at 54,119,20
[20:03:45] crE-aiJo GAME: blocker loaded at at 67,119,20
[20:03:46] crE-aiJo GAME: blocker loaded at at 80,119,20
[20:03:46] crE-aiJo GAME: blocker loaded at at 2,110,20
[20:03:46] crE-aiJo GAME: blocker loaded at at 15,110,20
[20:03:46] crE-aiJo GAME: blocker loaded at at 28,110,20
[20:03:46] crE-aiJo GAME: blocker loaded at at 41,110,20
[20:03:46] crE-aiJo GAME: blocker loaded at at 54,110,20
[20:03:46] crE-aiJo GAME: blocker loaded at at 67,110,20
[20:03:46] crE-aiJo GAME: blocker loaded at at 80,110,20
[20:03:46] crE-aiJo GAME: blocker loaded at at 119,110,20
[20:03:46] crE-aiJo GAME: blocker loaded at at 132,110,20
[20:03:46] crE-aiJo GAME: blocker loaded at at 158,110,20
[20:03:46] crE-aiJo GAME: blocker loaded at at 171,110,20
[20:03:46] crE-aiJo GAME: blocker loaded at at 184,110,20
[20:03:46] crE-aiJo GAME: blocker loaded at at 197,110,20
[20:03:46] crE-aiJo GAME: blocker loaded at at 2,101,20
[20:03:46] crE-aiJo GAME: blocker loaded at at 15,101,20
[20:03:46] crE-aiJo GAME: blocker loaded at at 28,101,20
[20:03:46] crE-aiJo GAME: blocker loaded at at 41,101,20
[20:03:47] crE-aiJo GAME: blocker loaded at at 54,101,20
[20:03:47] crE-aiJo GAME: blocker loaded at at 67,101,20
[20:03:47] crE-aiJo GAME: blocker loaded at at 80,101,20
[20:03:47] crE-aiJo GAME: blocker loaded at at 132,101,20
[20:03:47] crE-aiJo GAME: blocker loaded at at 145,101,20
[20:03:47] crE-aiJo GAME: blocker loaded at at 158,101,20
[20:03:47] crE-aiJo GAME: blocker loaded at at 171,101,20
[20:03:47] crE-aiJo GAME: blocker loaded at at 184,101,20
[20:03:47] crE-aiJo GAME: blocker loaded at at 197,101,20
[20:03:47] crE-aiJo GAME: blocker loaded at at 145,92,20
[20:03:47] crE-aiJo GAME: blocker loaded at at 158,92,20
[20:03:47] crE-aiJo GAME: blocker loaded at at 171,92,20
[20:03:47] crE-aiJo GAME: blocker loaded at at 197,92,20
[20:03:47] crE-aiJo GAME: blocker loaded at at 2,83,20
[20:03:47] crE-aiJo GAME: blocker loaded at at 197,83,20
[20:03:47] crE-aiJo GAME: blocker loaded at at 2,74,20
[20:03:48] crE-aiJo GAME: blocker loaded at at 41,74,20
[20:03:48] crE-aiJo GAME: blocker loaded at at 67,74,20
[20:03:48] crE-aiJo GAME: blocker loaded at at 80,74,20
[20:03:48] crE-aiJo GAME: blocker loaded at at 93,74,20
[20:03:48] crE-aiJo GAME: blocker loaded at at 132,74,20
[20:03:48] crE-aiJo GAME: blocker loaded at at 145,74,20
[20:03:48] crE-aiJo GAME: blocker loaded at at 158,74,20
[20:03:48] crE-aiJo GAME: blocker loaded at at 2,65,20
[20:03:48] crE-aiJo GAME: blocker loaded at at 15,65,20
[20:03:48] crE-aiJo GAME: blocker loaded at at 28,65,20
[20:03:48] crE-aiJo GAME: blocker loaded at at 41,65,20
[20:03:48] crE-aiJo GAME: blocker loaded at at 67,65,20
[20:03:48] crE-aiJo GAME: blocker loaded at at 80,65,20
[20:03:48] crE-aiJo GAME: blocker loaded at at 93,65,20
[20:03:48] crE-aiJo GAME: blocker loaded at at 106,65,20
[20:03:48] crE-aiJo GAME: blocker loaded at at 119,65,20
[20:03:48] crE-aiJo GAME: blocker loaded at at 132,65,20
[20:03:49] crE-aiJo GAME: blocker loaded at at 145,65,20
[20:03:49] crE-aiJo GAME: blocker loaded at at 158,65,20
[20:03:49] crE-aiJo GAME: blocker loaded at at 171,65,20
[20:03:49] crE-aiJo GAME: blocker loaded at at 2,56,20
[20:03:49] crE-aiJo GAME: blocker loaded at at 15,56,20
[20:03:49] crE-aiJo GAME: blocker loaded at at 28,56,20
[20:03:49] crE-aiJo GAME: blocker loaded at at 41,56,20
[20:03:49] crE-aiJo GAME: blocker loaded at at 54,56,20
[20:03:49] crE-aiJo GAME: blocker loaded at at 67,56,20
[20:03:49] crE-aiJo GAME: blocker loaded at at 80,56,20
[20:03:49] crE-aiJo GAME: blocker loaded at at 93,56,20
[20:03:49] crE-aiJo GAME: blocker loaded at at 106,56,20
[20:03:49] crE-aiJo GAME: blocker loaded at at 119,56,20
[20:03:49] crE-aiJo GAME: blocker loaded at at 132,56,20
[20:03:49] crE-aiJo GAME: blocker loaded at at 197,56,20
[20:03:49] crE-aiJo GAME: blocker loaded at at 2,47,20
[20:03:50] crE-aiJo GAME: blocker loaded at at 15,47,20
[20:03:50] crE-aiJo GAME: blocker loaded at at 171,47,20
[20:03:50] crE-aiJo GAME: blocker loaded at at 184,47,20
[20:03:50] crE-aiJo GAME: blocker loaded at at 197,47,20
[20:03:50] crE-aiJo GAME: blocker loaded at at 2,38,20
[20:03:50] crE-aiJo GAME: blocker loaded at at 15,38,20
[20:03:50] crE-aiJo GAME: blocker loaded at at 106,38,20
[20:03:50] crE-aiJo GAME: blocker loaded at at 119,38,20
[20:03:50] crE-aiJo GAME: blocker loaded at at 132,38,20
[20:03:50] crE-aiJo GAME: blocker loaded at at 145,38,20
[20:03:50] crE-aiJo GAME: blocker loaded at at 158,38,20
[20:03:50] crE-aiJo GAME: blocker loaded at at 171,38,20
[20:03:50] crE-aiJo GAME: blocker loaded at at 184,38,20
[20:03:50] crE-aiJo GAME: blocker loaded at at 197,38,20
[20:03:50] crE-aiJo GAME: blocker loaded at at 2,29,20
[20:03:50] crE-aiJo GAME: blocker loaded at at 15,29,20
[20:03:50] crE-aiJo GAME: blocker loaded at at 28,29,20
[20:03:50] crE-aiJo GAME: blocker loaded at at 41,29,20
[20:03:51] crE-aiJo GAME: blocker loaded at at 54,29,20
[20:03:51] crE-aiJo GAME: blocker loaded at at 93,29,20
[20:03:51] crE-aiJo GAME: blocker loaded at at 106,29,20
[20:03:51] crE-aiJo GAME: blocker loaded at at 119,29,20
[20:03:51] crE-aiJo GAME: blocker loaded at at 132,29,20
[20:03:51] crE-aiJo GAME: blocker loaded at at 145,29,20
[20:03:51] crE-aiJo GAME: blocker loaded at at 158,29,20
[20:03:51] crE-aiJo ADMIN: RiotScopez/(/(RiotScopez)) removed the delay.
[20:03:51] crE-aiJo GAME: blocker loaded at at 171,29,20
[20:03:51] crE-aiJo GAME: blocker loaded at at 184,29,20
[20:03:51] crE-aiJo GAME: blocker loaded at at 197,29,20
[20:03:51] crE-aiJo GAME: blocker loaded at at 2,20,20
[20:03:51] crE-aiJo GAME: blocker loaded at at 15,20,20
[20:03:51] crE-aiJo GAME: blocker loaded at at 28,20,20
[20:03:51] crE-aiJo GAME: blocker loaded at at 41,20,20
[20:03:51] crE-aiJo GAME: blocker loaded at at 54,20,20
[20:03:51] crE-aiJo GAME: blocker loaded at at 67,20,20
[20:03:51] crE-aiJo GAME: blocker loaded at at 184,20,20
[20:03:52] crE-aiJo GAME: blocker loaded at at 197,20,20
[20:03:52] crE-aiJo GAME: blocker loaded at at 2,11,20
[20:03:52] crE-aiJo GAME: blocker loaded at at 15,11,20
[20:03:52] crE-aiJo ADMIN: RiotScopez/(/(RiotScopez)) delayed the game.
[20:03:52] crE-aiJo GAME: blocker loaded at at 28,11,20
[20:03:52] crE-aiJo GAME: blocker loaded at at 41,11,20
[20:03:52] crE-aiJo GAME: blocker loaded at at 54,11,20
[20:03:52] crE-aiJo GAME: blocker loaded at at 67,11,20
[20:03:52] crE-aiJo GAME: blocker loaded at at 80,11,20
[20:03:52] crE-aiJo GAME: blocker loaded at at 93,11,20
[20:03:52] crE-aiJo GAME: blocker loaded at at 106,11,20
[20:03:52] crE-aiJo GAME: blocker loaded at at 119,11,20
[20:03:52] crE-aiJo GAME: blocker loaded at at 132,11,20
[20:03:52] crE-aiJo GAME: blocker loaded at at 145,11,20
[20:03:52] crE-aiJo GAME: blocker loaded at at 158,11,20
[20:03:52] crE-aiJo GAME: blocker loaded at at 2,2,20
[20:03:52] crE-aiJo GAME: blocker loaded at at 15,2,20
[20:03:52] crE-aiJo GAME: blocker loaded at at 28,2,20
[20:03:52] crE-aiJo GAME: blocker loaded at at 41,2,20
[20:03:52] crE-aiJo GAME: blocker loaded at at 54,2,20
[20:03:53] crE-aiJo GAME: blocker loaded at at 67,2,20
[20:03:53] crE-aiJo GAME: blocker loaded at at 80,2,20
[20:03:53] crE-aiJo GAME: blocker loaded at at 93,2,20
[20:03:53] crE-aiJo GAME: blocker loaded at at 106,2,20
[20:03:53] crE-aiJo GAME: blocker loaded at at 119,2,20
[20:03:53] crE-aiJo GAME: blocker loaded at at 132,2,20
[20:03:53] crE-aiJo GAME: blocker loaded at at 145,2,20
[20:03:53] crE-aiJo GAME: blocker loaded at at 158,2,20
[20:03:53] crE-aiJo GAME: blocker loaded at at 171,2,20
[20:04:35] crE-aiJo VOTE: <b>Votes:</b><br>	The Guide - 0 vote.<br>	The Jester - 0 vote.<br>	Ghost Town - 0 vote.<br>	The Sleeper - 0 vote.<br><b>	The Healer - 1 vote.<br></b>	The Mime - 0 vote.<br>	The Warrior - 0 vote.<br>	The Chronicler - 0 vote.<br>	Did not vote - 0<br>
[20:04:42] crE-aiJo ADMIN: RiotScopez/(/(RiotScopez)) delayed the game.
[20:06:00] crE-aiJo OOC: RiotScopez/RiotScopez : Yo
[20:08:06] crE-aiJo ACCESS: Login: Alistair Jaque/() from 89.19.79.7-2974936446 || BYOND v514.1589
[20:08:06] crE-aiJo ACCESS: Login: Alistair Jaque/(/(Alistair Jaque)) from 89.19.79.7-2974936446 || BYOND v514
[20:08:06] crE-aiJo DEBUG: Could not find style "ErisStyle" for /mob/new_player.
[20:08:06] crE-aiJo ACCESS: Login: Alistair Jaque/(/(Alistair Jaque)) from 89.19.79.7-2974936446 || BYOND v514
[20:08:58] crE-aiJo ACCESS: Logout: Alistair Jaque/(/(Alistair Jaque))
[20:08:58] crE-aiJo ACCESS: Logout: Alistair Jaque[DC]/(/(Alistair Jaque))
[20:09:24] crE-aiJo ACCESS: Logout: RiotScopez/(/(RiotScopez))
[20:09:24] crE-aiJo ACCESS: Logout: RiotScopez[DC]/(/(RiotScopez))
[19:55:20] crE-aiJo ACCESS: Logout: Dexxiol/()
