

Starting up. (ID: cs8-aTbp) 00:49.00
---------------------
[00:49:01] cs8-aTbp MISC: Saved storyteller is 'healer'
[00:49:03] cs8-aTbp ADMIN: Loading jobban_rank
[00:49:03] cs8-aTbp ADMIN: jobban_keylist was empty
[00:49:03] cs8-aTbp ADMIN: Loading Banlist
[00:50:38] cs8-aTbp ACCESS: Login: RiotScopez/() from 146.115.147.185-1871707424 || BYOND v514.1582
[00:50:49] cs8-aTbp ACCESS: Login: RiotScopez/(/(RiotScopez)) from 146.115.147.185-1871707424 || BYOND v514
[00:50:50] cs8-aTbp DEBUG: Could not find style "ErisStyle" for /mob/new_player.
[00:50:50] cs8-aTbp ACCESS: Login: RiotScopez/(/(RiotScopez)) from 146.115.147.185-1871707424 || BYOND v514
[00:51:35] cs8-aTbp ADMIN: EVENT *null* has loaded a character.
[00:51:46] cs8-aTbp ADMIN: Jonah Roberts try find_inv_position a 14, but not have that slot!
[00:51:46] cs8-aTbp ADMIN: Jonah Roberts try find_inv_position a 11, but not have that slot!
[00:51:46] cs8-aTbp ADMIN: Jonah Roberts try find_inv_position a 13, but not have that slot!
[00:51:46] cs8-aTbp ADMIN: Jonah Roberts try find_inv_position a 12, but not have that slot!
[00:51:52] cs8-aTbp ADMIN: Alfred Kiefer try find_inv_position a 14, but not have that slot!
[00:51:52] cs8-aTbp ADMIN: Alfred Kiefer try find_inv_position a 11, but not have that slot!
[00:51:52] cs8-aTbp ADMIN: Alfred Kiefer try find_inv_position a 13, but not have that slot!
[00:51:52] cs8-aTbp ADMIN: Alfred Kiefer try find_inv_position a 12, but not have that slot!
[00:51:52] cs8-aTbp ADMIN: Godwin Rowley try find_inv_position a 14, but not have that slot!
[00:51:52] cs8-aTbp ADMIN: Godwin Rowley try find_inv_position a 11, but not have that slot!
[00:51:52] cs8-aTbp ADMIN: Godwin Rowley try find_inv_position a 13, but not have that slot!
[00:51:52] cs8-aTbp ADMIN: Godwin Rowley try find_inv_position a 12, but not have that slot!
[00:51:52] cs8-aTbp ADMIN: Dalton Clewett try find_inv_position a 14, but not have that slot!
[00:51:52] cs8-aTbp ADMIN: Dalton Clewett try find_inv_position a 11, but not have that slot!
[00:51:52] cs8-aTbp ADMIN: Dalton Clewett try find_inv_position a 13, but not have that slot!
[00:51:52] cs8-aTbp ADMIN: Dalton Clewett try find_inv_position a 12, but not have that slot!
[00:51:52] cs8-aTbp EMOTE: Liam Hice/ : screams!
[00:51:52] cs8-aTbp EMOTE: Liam Hice/ : <B>Liam Hice</B> screams!
[00:51:52] cs8-aTbp ADMIN: Liam Hice try find_inv_position a 14, but not have that slot!
[00:51:52] cs8-aTbp ADMIN: Liam Hice try find_inv_position a 11, but not have that slot!
[00:51:52] cs8-aTbp ADMIN: Liam Hice try find_inv_position a 13, but not have that slot!
[00:51:52] cs8-aTbp ADMIN: Liam Hice try find_inv_position a 12, but not have that slot!
[00:51:53] cs8-aTbp ADMIN: Landyn Quirin try find_inv_position a 14, but not have that slot!
[00:51:53] cs8-aTbp ADMIN: Landyn Quirin try find_inv_position a 11, but not have that slot!
[00:51:53] cs8-aTbp ADMIN: Landyn Quirin try find_inv_position a 13, but not have that slot!
[00:51:53] cs8-aTbp ADMIN: Landyn Quirin try find_inv_position a 12, but not have that slot!
[00:54:58] cs8-aTbp GAME: neutral 2 loaded at at 76,51,19
[00:54:59] cs8-aTbp GAME: neutral 3 loaded at at 56,26,19
[00:55:00] cs8-aTbp GAME: neutral 3 loaded at at 26,26,19
[00:55:01] cs8-aTbp GAME: neutral 3 loaded at at 71,11,19
[00:55:01] cs8-aTbp GAME: neutral 3 loaded at at 106,56,19
[00:55:01] cs8-aTbp GAME: neutral 10 loaded at at 36,56,19
[00:55:01] cs8-aTbp GAME: neutral 11 loaded at at 21,11,19
[00:55:01] cs8-aTbp GAME: neutral 1 loaded at at 61,66,19
[00:55:01] cs8-aTbp GAME: neutral 3 loaded at at 41,56,19
[00:55:01] cs8-aTbp GAME: neutral 8 loaded at at 91,96,19
[00:55:01] cs8-aTbp GAME: neutral 6 loaded at at 36,11,19
[00:55:01] cs8-aTbp GAME: neutral 5 loaded at at 61,11,19
[00:55:01] cs8-aTbp GAME: neutral 1 loaded at at 61,106,19
[00:55:01] cs8-aTbp GAME: neutral 9 loaded at at 66,66,19
[00:55:01] cs8-aTbp GAME: neutral 2 loaded at at 91,41,19
[00:55:01] cs8-aTbp GAME: neutral 2 loaded at at 71,66,19
[00:55:01] cs8-aTbp GAME: neutral 3 loaded at at 66,71,19
[00:55:01] cs8-aTbp GAME: neutral 6 loaded at at 86,56,19
[00:55:01] cs8-aTbp GAME: neutral 8 loaded at at 51,56,19
[00:55:01] cs8-aTbp GAME: neutral 6 loaded at at 56,16,19
[00:55:01] cs8-aTbp GAME: neutral 9 loaded at at 76,61,19
[00:55:01] cs8-aTbp GAME: neutral 6 loaded at at 76,86,19
[00:55:01] cs8-aTbp GAME: neutral 1 loaded at at 91,41,19
[00:55:01] cs8-aTbp GAME: neutral 1 loaded at at 61,26,19
[00:55:02] cs8-aTbp GAME: neutral 5 loaded at at 61,51,19
[00:55:02] cs8-aTbp GAME: neutral 6 loaded at at 91,16,19
[00:55:02] cs8-aTbp GAME: neutral 2 loaded at at 11,46,19
[00:55:02] cs8-aTbp GAME: neutral 4 loaded at at 41,101,19
[00:55:02] cs8-aTbp GAME: neutral 10 loaded at at 101,51,19
[00:55:02] cs8-aTbp GAME: neutral 1 loaded at at 21,41,19
[00:55:02] cs8-aTbp GAME: neutral 5 loaded at at 56,101,19
[00:55:02] cs8-aTbp GAME: neutral 9 loaded at at 21,51,19
[00:55:02] cs8-aTbp GAME: neutral 7 loaded at at 91,81,19
[00:55:02] cs8-aTbp GAME: neutral 8 loaded at at 61,101,19
[00:55:02] cs8-aTbp GAME: neutral 4 loaded at at 101,46,19
[00:55:02] cs8-aTbp GAME: neutral 6 loaded at at 36,96,19
[00:55:02] cs8-aTbp GAME: neutral 8 loaded at at 66,41,19
[00:55:02] cs8-aTbp GAME: neutral 1 loaded at at 76,21,19
[00:55:02] cs8-aTbp GAME: neutral 4 loaded at at 46,96,19
[00:55:22] cs8-aTbp GAME: Emitter deleted at (0,0,0)
[00:58:35] cs8-aTbp ASSET: ERROR: Invalid asset: /datum/asset/simple/craft:obj_item_stack_cable_coil.png:1
[00:58:51] cs8-aTbp ASSET: ERROR: Invalid asset: /datum/asset/simple/craft:obj_item_clothing_glasses_powered_meson.png:1
[00:58:53] cs8-aTbp ASSET: ERROR: Invalid asset: /datum/asset/simple/craft:obj_item_gun_projectile_boltgun_lever.png:1
[00:58:53] cs8-aTbp ASSET: ERROR: Invalid asset: /datum/asset/simple/craft:obj_item_gun_projectile_automatic_sts_rifle.png:1
[00:58:58] cs8-aTbp ASSET: ERROR: Invalid asset: /datum/asset/simple/craft:obj_item_modular_computer_laptop.png:1
[01:01:40] cs8-aTbp VOTE: Storyteller vote started by server.
[01:02:01] cs8-aTbp GAME: Entrance - 1 loaded at at 41,137,20
[01:02:02] cs8-aTbp GAME: Escape_Pod_West-East loaded at at 41,128,20
[01:02:02] cs8-aTbp GAME: crematorium loaded at at 54,128,20
[01:02:03] cs8-aTbp GAME: Escape_Pod_West-East loaded at at 67,128,20
[01:02:03] cs8-aTbp GAME: garden loaded at at 80,128,20
[01:02:20] cs8-aTbp GAME: crematorium loaded at at 93,128,20
[01:02:21] cs8-aTbp GAME: garden loaded at at 106,128,20
[01:02:21] cs8-aTbp GAME: garden loaded at at 119,128,20
[01:02:24] cs8-aTbp GAME: Escape_Pod_West-East loaded at at 132,128,20
[01:02:25] cs8-aTbp GAME: Hallway_4way loaded at at 145,128,20
[01:02:26] cs8-aTbp GAME: Escape_Pod_West-East loaded at at 158,128,20
[01:02:26] cs8-aTbp GAME: penitentiary loaded at at 171,128,20
[01:02:27] cs8-aTbp GAME: secure_storage_horizontal loaded at at 184,128,20
[01:02:28] cs8-aTbp GAME: garden loaded at at 197,128,20
[01:02:31] cs8-aTbp GAME: medbay loaded at at 80,83,21
[01:02:33] cs8-aTbp GAME: vault loaded at at 63,112,21
[01:02:33] cs8-aTbp MISC: a the gibber didn't find an input plate.
[01:02:33] cs8-aTbp GAME: xenostudy loaded at at 32,76,21
[01:02:34] cs8-aTbp GAME: telecoms loaded at at 102,84,21
[01:02:35] cs8-aTbp GAME: telecoms loaded at at 67,42,21
[01:02:36] cs8-aTbp GAME: over run loaded at at 41,114,21
[01:02:36] cs8-aTbp GAME: Escape_Pod_West-East loaded at at 197,119,20
[01:02:37] cs8-aTbp GAME: crematorium loaded at at 184,119,20
[01:02:37] cs8-aTbp GAME: checkpoint_horizontal loaded at at 171,119,20
[01:02:38] cs8-aTbp GAME: garden loaded at at 158,119,20
[01:02:38] cs8-aTbp GAME: penitentiary loaded at at 145,119,20
[01:02:39] cs8-aTbp GAME: Hallway_4way loaded at at 132,119,20
[01:02:39] cs8-aTbp GAME: garden loaded at at 119,119,20
[01:02:40] cs8-aTbp GAME: garden loaded at at 106,119,20
[01:02:40] cs8-aTbp GAME: secure_storage_horizontal loaded at at 93,119,20
[01:02:43] cs8-aTbp GAME: garden loaded at at 80,119,20
[01:02:44] cs8-aTbp GAME: garden loaded at at 80,110,20
[01:02:44] cs8-aTbp GAME: Hallway_4way loaded at at 67,110,20
[01:02:45] cs8-aTbp GAME: Escape_Pod_West-East loaded at at 54,110,20
[01:02:45] cs8-aTbp GAME: crematorium loaded at at 41,110,20
[01:02:45] cs8-aTbp GAME: secure_storage_horizontal loaded at at 28,110,20
[01:02:46] cs8-aTbp GAME: penitentiary loaded at at 15,110,20
[01:02:47] cs8-aTbp GAME: crematorium loaded at at 2,110,20
[01:02:47] cs8-aTbp GAME: Escape_Pod_West-East loaded at at 2,101,20
[01:02:48] cs8-aTbp GAME: secure_storage_horizontal loaded at at 15,101,20
[01:02:48] cs8-aTbp GAME: secure_storage_horizontal loaded at at 28,101,20
[01:02:49] cs8-aTbp GAME: garden loaded at at 41,101,20
[01:02:50] cs8-aTbp GAME: garden loaded at at 54,101,20
[01:02:51] cs8-aTbp GAME: Escape_Pod_West-East loaded at at 54,92,20
[01:02:51] cs8-aTbp GAME: Hallway_4way loaded at at 41,92,20
[01:02:53] cs8-aTbp GAME: penitentiary loaded at at 28,92,20
[01:02:55] cs8-aTbp GAME: secure_storage_horizontal loaded at at 15,92,20
[01:02:58] cs8-aTbp GAME: garden loaded at at 2,92,20
[01:03:00] cs8-aTbp GAME: Escape_Pod_West-East loaded at at 2,83,20
[01:03:01] cs8-aTbp GAME: checkpoint_vertical loaded at at 2,74,20
[01:03:01] cs8-aTbp GAME: garden loaded at at 2,65,20
[01:03:02] cs8-aTbp GAME: checkpoint_horizontal loaded at at 15,65,20
[01:03:03] cs8-aTbp GAME: Escape_Pod_West-East loaded at at 28,65,20
[01:03:03] cs8-aTbp GAME: garden loaded at at 41,65,20
[01:03:04] cs8-aTbp GAME: hallwayatmos_west-east loaded at at 54,65,20
[01:03:05] cs8-aTbp GAME: Escape_Pod_West-East loaded at at 67,65,20
[01:03:08] cs8-aTbp GAME: garden loaded at at 67,56,20
[01:03:09] cs8-aTbp GAME: Hallway_4way loaded at at 54,56,20
[01:03:09] cs8-aTbp GAME: Hallway_4way loaded at at 41,56,20
[01:03:10] cs8-aTbp GAME: garden loaded at at 28,56,20
[01:03:10] cs8-aTbp GAME: crematorium loaded at at 15,56,20
[01:03:11] cs8-aTbp GAME: Hallway_4way loaded at at 2,56,20
[01:03:12] cs8-aTbp GAME: Escape_Pod_West-East loaded at at 2,47,20
[01:03:13] cs8-aTbp GAME: crematorium loaded at at 15,47,20
[01:03:13] cs8-aTbp GAME: Hallway_4way loaded at at 28,47,20
[01:03:14] cs8-aTbp GAME: crematorium loaded at at 41,47,20
[01:03:15] cs8-aTbp GAME: checkpoint_horizontal loaded at at 54,47,20
[01:03:15] cs8-aTbp GAME: crematorium loaded at at 67,47,20
[01:03:16] cs8-aTbp GAME: Hallway_4way loaded at at 80,47,20
[01:03:17] cs8-aTbp GAME: garden loaded at at 93,47,20
[01:03:18] cs8-aTbp GAME: crematorium loaded at at 106,47,20
[01:03:18] cs8-aTbp GAME: hallwayatmos_west-east loaded at at 119,47,20
[01:03:19] cs8-aTbp GAME: Hallway_4way loaded at at 132,47,20
[01:03:20] cs8-aTbp GAME: Escape_Pod_West-East loaded at at 145,47,20
[01:03:21] cs8-aTbp GAME: Hallway_4way loaded at at 145,38,20
[01:03:22] cs8-aTbp GAME: garden loaded at at 145,29,20
[01:03:22] cs8-aTbp GAME: checkpoint_horizontal loaded at at 132,29,20
[01:03:23] cs8-aTbp GAME: Escape_Pod_West-East loaded at at 119,29,20
[01:03:25] cs8-aTbp GAME: Hallway_4way loaded at at 119,20,20
[01:03:25] cs8-aTbp GAME: showers loaded at at 132,20,20
[01:03:26] cs8-aTbp GAME: Hallway_4way loaded at at 145,20,20
[01:03:28] cs8-aTbp GAME: Escape_Pod_West-East loaded at at 158,20,20
[01:03:30] cs8-aTbp GAME: Escape_Pod_West-East loaded at at 158,11,20
[01:03:30] cs8-aTbp GAME: Escape_Pod_West-East loaded at at 171,11,20
[01:03:31] cs8-aTbp GAME: showers loaded at at 184,11,20
[01:03:32] cs8-aTbp GAME: garden loaded at at 197,11,20
[01:03:33] cs8-aTbp GAME: Hallway_4way loaded at at 197,2,20
[01:03:33] cs8-aTbp GAME: garden loaded at at 184,2,20
[01:03:34] cs8-aTbp GAME: hallwayatmos_west-east loaded at at 171,2,20
[01:03:34] cs8-aTbp GAME: garden loaded at at 158,2,20
[01:03:35] cs8-aTbp GAME: Exit - 1 loaded at at 145,2,20
[01:03:59] cs8-aTbp GAME: office loaded at at 145,11,20
[01:04:02] cs8-aTbp GAME: shooting_range loaded at at 54,137,20
[01:04:02] cs8-aTbp GAME: shooting_range loaded at at 197,137,20
[01:04:06] cs8-aTbp GAME: anomaly loaded at at 132,38,20
[01:04:07] cs8-aTbp GAME: surgery loaded at at 158,137,20
[01:04:08] cs8-aTbp GAME: refinery loaded at at 67,119,20
[01:04:08] cs8-aTbp GAME: surgery loaded at at 93,56,20
[01:04:10] cs8-aTbp GAME: surgery loaded at at 80,101,20
[01:04:13] cs8-aTbp GAME: surgery loaded at at 197,20,20
[01:04:14] cs8-aTbp GAME: anomaly loaded at at 80,92,20
[01:04:16] cs8-aTbp GAME: armory_secure loaded at at 171,20,20
[01:04:16] cs8-aTbp GAME: armory_secure loaded at at 67,101,20
[01:04:17] cs8-aTbp GAME: armory loaded at at 67,38,20
[01:04:18] cs8-aTbp GAME: surgery loaded at at 197,29,20
[01:04:24] cs8-aTbp GAME: shooting_range loaded at at 93,110,20
[01:04:25] cs8-aTbp GAME: armory loaded at at 54,83,20
[01:04:25] cs8-aTbp GAME: shooting_range loaded at at 54,119,20
[01:04:27] cs8-aTbp GAME: surgery loaded at at 184,110,20
[01:04:31] cs8-aTbp GAME: commanderoffice loaded at at 106,20,20
[01:04:32] cs8-aTbp GAME: shooting_range loaded at at 28,74,20
[01:04:33] cs8-aTbp GAME: surgery loaded at at 106,137,20
[01:04:35] cs8-aTbp VOTE: <b>Votes:</b><br>	The Guide - 0 vote.<br>	The Mime - 0 vote.<br>	Ghost Town - 0 vote.<br>	The Sleeper - 0 vote.<br>	The Warrior - 0 vote.<br><b>	The Healer - 1 vote.<br></b>	The Jester - 0 vote.<br>	The Chronicler - 0 vote.<br>	Did not vote - 0<br>
[01:04:36] cs8-aTbp GAME: surgery loaded at at 184,101,20
[01:04:39] cs8-aTbp GAME: commanderoffice loaded at at 28,128,20
[01:04:40] cs8-aTbp ADMIN: RiotScopez/(/(RiotScopez)) delayed the game.
[01:04:41] cs8-aTbp GAME: blocker loaded at at 2,137,20
[01:04:41] cs8-aTbp GAME: blocker loaded at at 15,137,20
[01:04:41] cs8-aTbp GAME: blocker loaded at at 28,137,20
[01:04:41] cs8-aTbp GAME: blocker loaded at at 67,137,20
[01:04:41] cs8-aTbp GAME: blocker loaded at at 80,137,20
[01:04:41] cs8-aTbp GAME: blocker loaded at at 93,137,20
[01:04:41] cs8-aTbp GAME: blocker loaded at at 119,137,20
[01:04:41] cs8-aTbp GAME: blocker loaded at at 132,137,20
[01:04:41] cs8-aTbp GAME: blocker loaded at at 145,137,20
[01:04:41] cs8-aTbp GAME: blocker loaded at at 171,137,20
[01:04:41] cs8-aTbp GAME: blocker loaded at at 184,137,20
[01:04:41] cs8-aTbp GAME: blocker loaded at at 2,128,20
[01:04:42] cs8-aTbp GAME: blocker loaded at at 15,128,20
[01:04:42] cs8-aTbp GAME: blocker loaded at at 2,119,20
[01:04:42] cs8-aTbp GAME: blocker loaded at at 15,119,20
[01:04:42] cs8-aTbp GAME: blocker loaded at at 28,119,20
[01:04:42] cs8-aTbp GAME: blocker loaded at at 41,119,20
[01:04:42] cs8-aTbp GAME: blocker loaded at at 106,110,20
[01:04:42] cs8-aTbp GAME: blocker loaded at at 119,110,20
[01:04:42] cs8-aTbp GAME: blocker loaded at at 132,110,20
[01:04:42] cs8-aTbp GAME: blocker loaded at at 145,110,20
[01:04:42] cs8-aTbp GAME: blocker loaded at at 158,110,20
[01:04:42] cs8-aTbp GAME: blocker loaded at at 171,110,20
[01:04:42] cs8-aTbp GAME: blocker loaded at at 197,110,20
[01:04:49] cs8-aTbp GAME: blocker loaded at at 93,101,20
[01:04:49] cs8-aTbp GAME: blocker loaded at at 106,101,20
[01:04:50] cs8-aTbp GAME: blocker loaded at at 119,101,20
[01:04:50] cs8-aTbp GAME: blocker loaded at at 132,101,20
[01:04:50] cs8-aTbp GAME: blocker loaded at at 145,101,20
[01:04:50] cs8-aTbp GAME: blocker loaded at at 158,101,20
[01:04:50] cs8-aTbp GAME: blocker loaded at at 171,101,20
[01:04:50] cs8-aTbp GAME: blocker loaded at at 197,101,20
[01:04:50] cs8-aTbp GAME: blocker loaded at at 67,92,20
[01:04:50] cs8-aTbp GAME: blocker loaded at at 93,92,20
[01:04:50] cs8-aTbp GAME: blocker loaded at at 106,92,20
[01:04:50] cs8-aTbp GAME: blocker loaded at at 119,92,20
[01:04:50] cs8-aTbp GAME: blocker loaded at at 132,92,20
[01:04:50] cs8-aTbp GAME: blocker loaded at at 145,92,20
[01:04:51] cs8-aTbp GAME: blocker loaded at at 158,92,20
[01:04:51] cs8-aTbp GAME: blocker loaded at at 171,92,20
[01:04:51] cs8-aTbp GAME: blocker loaded at at 184,92,20
[01:04:51] cs8-aTbp GAME: blocker loaded at at 197,92,20
[01:04:51] cs8-aTbp GAME: blocker loaded at at 15,83,20
[01:04:51] cs8-aTbp GAME: blocker loaded at at 28,83,20
[01:04:51] cs8-aTbp GAME: blocker loaded at at 41,83,20
[01:04:51] cs8-aTbp GAME: blocker loaded at at 67,83,20
[01:04:51] cs8-aTbp GAME: blocker loaded at at 80,83,20
[01:04:51] cs8-aTbp GAME: blocker loaded at at 93,83,20
[01:04:51] cs8-aTbp GAME: blocker loaded at at 106,83,20
[01:04:52] cs8-aTbp GAME: blocker loaded at at 119,83,20
[01:04:52] cs8-aTbp GAME: blocker loaded at at 132,83,20
[01:04:52] cs8-aTbp GAME: blocker loaded at at 145,83,20
[01:04:52] cs8-aTbp GAME: blocker loaded at at 158,83,20
[01:04:52] cs8-aTbp GAME: blocker loaded at at 171,83,20
[01:04:52] cs8-aTbp GAME: blocker loaded at at 184,83,20
[01:04:52] cs8-aTbp GAME: blocker loaded at at 197,83,20
[01:04:52] cs8-aTbp GAME: blocker loaded at at 15,74,20
[01:04:53] cs8-aTbp GAME: blocker loaded at at 41,74,20
[01:04:53] cs8-aTbp GAME: blocker loaded at at 54,74,20
[01:04:53] cs8-aTbp GAME: blocker loaded at at 67,74,20
[01:04:53] cs8-aTbp GAME: blocker loaded at at 80,74,20
[01:04:53] cs8-aTbp GAME: blocker loaded at at 93,74,20
[01:04:53] cs8-aTbp GAME: blocker loaded at at 106,74,20
[01:04:53] cs8-aTbp GAME: blocker loaded at at 119,74,20
[01:04:54] cs8-aTbp GAME: blocker loaded at at 132,74,20
[01:04:54] cs8-aTbp GAME: blocker loaded at at 145,74,20
[01:04:54] cs8-aTbp GAME: blocker loaded at at 158,74,20
[01:04:54] cs8-aTbp GAME: blocker loaded at at 171,74,20
[01:04:54] cs8-aTbp GAME: blocker loaded at at 184,74,20
[01:04:54] cs8-aTbp GAME: blocker loaded at at 197,74,20
[01:04:54] cs8-aTbp GAME: blocker loaded at at 80,65,20
[01:04:55] cs8-aTbp GAME: blocker loaded at at 93,65,20
[01:04:55] cs8-aTbp GAME: blocker loaded at at 106,65,20
[01:04:55] cs8-aTbp GAME: blocker loaded at at 119,65,20
[01:04:55] cs8-aTbp GAME: blocker loaded at at 132,65,20
[01:04:55] cs8-aTbp GAME: blocker loaded at at 145,65,20
[01:04:55] cs8-aTbp GAME: blocker loaded at at 158,65,20
[01:04:55] cs8-aTbp GAME: blocker loaded at at 171,65,20
[01:04:55] cs8-aTbp GAME: blocker loaded at at 184,65,20
[01:04:55] cs8-aTbp GAME: blocker loaded at at 197,65,20
[01:04:55] cs8-aTbp GAME: blocker loaded at at 80,56,20
[01:04:55] cs8-aTbp GAME: blocker loaded at at 106,56,20
[01:04:56] cs8-aTbp GAME: blocker loaded at at 119,56,20
[01:04:56] cs8-aTbp GAME: blocker loaded at at 132,56,20
[01:04:56] cs8-aTbp GAME: blocker loaded at at 145,56,20
[01:04:56] cs8-aTbp GAME: blocker loaded at at 158,56,20
[01:04:56] cs8-aTbp GAME: blocker loaded at at 171,56,20
[01:04:56] cs8-aTbp GAME: blocker loaded at at 184,56,20
[01:04:56] cs8-aTbp GAME: blocker loaded at at 197,56,20
[01:04:56] cs8-aTbp GAME: blocker loaded at at 158,47,20
[01:04:56] cs8-aTbp GAME: blocker loaded at at 171,47,20
[01:04:56] cs8-aTbp GAME: blocker loaded at at 184,47,20
[01:04:56] cs8-aTbp ADMIN: RiotScopez/(/(RiotScopez)) RiotScopez/(/(RiotScopez)) has loaded a character.
[01:04:57] cs8-aTbp DEBUG: Runtime in inspiration_component.dm,29: undefined variable /obj/item/material/butterfly/switchblade/var/perk <A HREF='?_src_=holder;viewruntime=[0x2109dff8]'>[view]</A>
[01:04:59] cs8-aTbp ADMIN: RiotScopez/(/(RiotScopez)) RiotScopez/(/(RiotScopez)) has loaded a character.
[01:05:01] cs8-aTbp GAME: blocker loaded at at 197,47,20
[01:05:01] cs8-aTbp GAME: blocker loaded at at 2,38,20
[01:05:01] cs8-aTbp GAME: blocker loaded at at 15,38,20
[01:05:01] cs8-aTbp GAME: blocker loaded at at 28,38,20
[01:05:01] cs8-aTbp GAME: blocker loaded at at 41,38,20
[01:05:01] cs8-aTbp GAME: blocker loaded at at 54,38,20
[01:05:01] cs8-aTbp GAME: blocker loaded at at 80,38,20
[01:05:01] cs8-aTbp GAME: blocker loaded at at 93,38,20
[01:05:01] cs8-aTbp GAME: blocker loaded at at 106,38,20
[01:05:01] cs8-aTbp GAME: blocker loaded at at 119,38,20
[01:05:01] cs8-aTbp GAME: blocker loaded at at 158,38,20
[01:05:01] cs8-aTbp GAME: blocker loaded at at 171,38,20
[01:05:01] cs8-aTbp GAME: blocker loaded at at 184,38,20
[01:05:02] cs8-aTbp GAME: blocker loaded at at 197,38,20
[01:05:02] cs8-aTbp GAME: blocker loaded at at 2,29,20
[01:05:02] cs8-aTbp GAME: blocker loaded at at 15,29,20
[01:05:02] cs8-aTbp GAME: blocker loaded at at 28,29,20
[01:05:02] cs8-aTbp GAME: blocker loaded at at 41,29,20
[01:05:02] cs8-aTbp GAME: blocker loaded at at 54,29,20
[01:05:02] cs8-aTbp GAME: blocker loaded at at 67,29,20
[01:05:02] cs8-aTbp GAME: blocker loaded at at 80,29,20
[01:05:03] cs8-aTbp GAME: blocker loaded at at 93,29,20
[01:05:03] cs8-aTbp GAME: blocker loaded at at 106,29,20
[01:05:03] cs8-aTbp GAME: blocker loaded at at 158,29,20
[01:05:04] cs8-aTbp GAME: blocker loaded at at 171,29,20
[01:05:04] cs8-aTbp GAME: blocker loaded at at 184,29,20
[01:05:04] cs8-aTbp GAME: blocker loaded at at 2,20,20
[01:05:04] cs8-aTbp GAME: blocker loaded at at 15,20,20
[01:05:04] cs8-aTbp GAME: blocker loaded at at 28,20,20
[01:05:04] cs8-aTbp GAME: blocker loaded at at 41,20,20
[01:05:04] cs8-aTbp GAME: blocker loaded at at 54,20,20
[01:05:04] cs8-aTbp GAME: blocker loaded at at 67,20,20
[01:05:04] cs8-aTbp GAME: blocker loaded at at 80,20,20
[01:05:04] cs8-aTbp GAME: blocker loaded at at 93,20,20
[01:05:04] cs8-aTbp GAME: blocker loaded at at 184,20,20
[01:05:04] cs8-aTbp GAME: blocker loaded at at 2,11,20
[01:05:05] cs8-aTbp GAME: blocker loaded at at 15,11,20
[01:05:05] cs8-aTbp GAME: blocker loaded at at 28,11,20
[01:05:05] cs8-aTbp GAME: blocker loaded at at 41,11,20
[01:05:05] cs8-aTbp GAME: blocker loaded at at 54,11,20
[01:05:05] cs8-aTbp GAME: blocker loaded at at 67,11,20
[01:05:05] cs8-aTbp GAME: blocker loaded at at 80,11,20
[01:05:05] cs8-aTbp GAME: blocker loaded at at 93,11,20
[01:05:06] cs8-aTbp GAME: blocker loaded at at 106,11,20
[01:05:06] cs8-aTbp GAME: blocker loaded at at 119,11,20
[01:05:06] cs8-aTbp GAME: blocker loaded at at 132,11,20
[01:05:06] cs8-aTbp GAME: blocker loaded at at 2,2,20
[01:05:06] cs8-aTbp GAME: blocker loaded at at 15,2,20
[01:05:06] cs8-aTbp GAME: blocker loaded at at 28,2,20
[01:05:06] cs8-aTbp GAME: blocker loaded at at 41,2,20
[01:05:06] cs8-aTbp GAME: blocker loaded at at 54,2,20
[01:05:06] cs8-aTbp GAME: blocker loaded at at 67,2,20
[01:05:07] cs8-aTbp GAME: blocker loaded at at 80,2,20
[01:05:07] cs8-aTbp GAME: blocker loaded at at 93,2,20
[01:05:07] cs8-aTbp GAME: blocker loaded at at 106,2,20
[01:05:07] cs8-aTbp GAME: blocker loaded at at 119,2,20
[01:05:07] cs8-aTbp GAME: blocker loaded at at 132,2,20
[01:05:22] cs8-aTbp ADMIN: RiotScopez/(/(RiotScopez)) RiotScopez/(/(RiotScopez)) has saved their preferences.
[01:05:22] cs8-aTbp ADMIN: RiotScopez/(/(RiotScopez)) RiotScopez/(/(RiotScopez)) has saved a character.
[01:05:22] cs8-aTbp ADMIN: RiotScopez/(/(RiotScopez)) RiotScopez/(/(RiotScopez)) has saved their preferences.
[01:05:24] cs8-aTbp ADMIN: RiotScopez/(/(RiotScopez)) RiotScopez/(/(RiotScopez)) has saved a character.
[01:05:24] cs8-aTbp ADMIN: RiotScopez/(/(RiotScopez)) RiotScopez/(/(RiotScopez)) has saved their preferences.
[01:05:24] cs8-aTbp ADMIN: RiotScopez/(/(RiotScopez)) RiotScopez/(/(RiotScopez)) has saved a character.
[01:05:24] cs8-aTbp ADMIN: RiotScopez/(/(RiotScopez)) RiotScopez/(/(RiotScopez)) has saved their preferences.
[01:05:24] cs8-aTbp ADMIN: RiotScopez/(/(RiotScopez)) RiotScopez/(/(RiotScopez)) has saved a character.
[01:05:24] cs8-aTbp ADMIN: RiotScopez/(/(RiotScopez)) RiotScopez/(/(RiotScopez)) has saved their preferences.
[01:05:24] cs8-aTbp ADMIN: RiotScopez/(/(RiotScopez)) RiotScopez/(/(RiotScopez)) has saved a character.
[01:05:24] cs8-aTbp ADMIN: RiotScopez/(/(RiotScopez)) RiotScopez/(/(RiotScopez)) has saved their preferences.
[01:05:24] cs8-aTbp ADMIN: RiotScopez/(/(RiotScopez)) RiotScopez/(/(RiotScopez)) has saved a character.
[01:06:50] cs8-aTbp GAME: hydro loaded at at 121,152,21
[01:06:50] cs8-aTbp GAME: anomalysci loaded at at 11,128,21
[01:06:50] cs8-aTbp GAME: morgue loaded at at 116,137,21
[01:06:51] cs8-aTbp GAME: Medical supplies loaded at at 152,126,21
[01:06:51] cs8-aTbp GAME: library loaded at at 124,37,21
[01:06:51] cs8-aTbp GAME: storage loaded at at 31,150,21
[01:06:51] cs8-aTbp GAME: barricades loaded at at 27,50,21
[01:06:51] cs8-aTbp GAME: freezer loaded at at 14,32,21
[01:06:51] cs8-aTbp GAME: mechbay loaded at at 126,75,21
[01:06:51] cs8-aTbp GAME: Trash loaded at at 58,24,21
[01:06:51] cs8-aTbp GAME: anomalysci loaded at at 105,53,21
[01:06:52] cs8-aTbp GAME: storage loaded at at 114,22,21
[01:06:52] cs8-aTbp GAME: freezer loaded at at 149,144,21
[01:06:52] cs8-aTbp GAME: Trash loaded at at 15,82,21
[01:06:52] cs8-aTbp GAME: sm_core loaded at at 139,97,21
[01:06:52] cs8-aTbp GAME: mechbay loaded at at 14,95,21
[01:06:52] cs8-aTbp GAME: toilet loaded at at 138,35,21
[01:06:53] cs8-aTbp GAME: sm_core loaded at at 113,107,21
[01:06:53] cs8-aTbp GAME: barricades loaded at at 132,127,21
[01:06:53] cs8-aTbp GAME: a lost roach loaded at at 141,113,21
[01:06:53] cs8-aTbp GAME: sm_core loaded at at 92,65,21
[01:06:53] cs8-aTbp GAME: mechbay loaded at at 53,47,21
[01:06:53] cs8-aTbp GAME: Trash loaded at at 99,109,21
[01:06:54] cs8-aTbp GAME: storage loaded at at 93,136,21
[01:06:54] cs8-aTbp GAME: Trash loaded at at 77,20,21
[01:06:54] cs8-aTbp GAME: morgue loaded at at 11,66,21
[01:06:54] cs8-aTbp GAME: cryo loaded at at 45,149,21
[01:06:54] cs8-aTbp GAME: mechbay loaded at at 134,142,21
[01:06:54] cs8-aTbp GAME: barricades loaded at at 153,77,21
[01:06:55] cs8-aTbp GAME: freezer loaded at at 58,139,21
[01:08:18] cs8-aTbp ADMIN: RiotScopez/(/(RiotScopez)) RiotScopez/(/(RiotScopez)) has saved their preferences.
[01:08:19] cs8-aTbp ADMIN: RiotScopez/(/(RiotScopez)) RiotScopez/(/(RiotScopez)) has saved a character.
[01:08:19] cs8-aTbp ADMIN: RiotScopez/(/(RiotScopez)) RiotScopez/(/(RiotScopez)) has saved their preferences.
[01:08:19] cs8-aTbp ADMIN: RiotScopez/(/(RiotScopez)) RiotScopez/(/(RiotScopez)) has saved a character.
[01:08:19] cs8-aTbp ADMIN: RiotScopez/(/(RiotScopez)) RiotScopez/(/(RiotScopez)) has saved their preferences really fast and was stopped.
[01:08:19] cs8-aTbp ADMIN: RiotScopez/(/(RiotScopez)) RiotScopez/(/(RiotScopez)) has saved a character really fast and was stopped.
[01:08:20] cs8-aTbp ADMIN: RiotScopez/(/(RiotScopez)) RiotScopez/(/(RiotScopez)) has saved their preferences.
[01:08:20] cs8-aTbp ADMIN: RiotScopez/(/(RiotScopez)) RiotScopez/(/(RiotScopez)) has saved a character.
[01:08:21] cs8-aTbp ADMIN: RiotScopez/(/(RiotScopez)) RiotScopez/(/(RiotScopez)) has saved their preferences.
[01:08:21] cs8-aTbp ADMIN: RiotScopez/(/(RiotScopez)) RiotScopez/(/(RiotScopez)) has saved a character.
[01:08:22] cs8-aTbp ADMIN: RiotScopez/(/(RiotScopez)) RiotScopez/(/(RiotScopez)) has saved their preferences.
[01:08:22] cs8-aTbp ADMIN: RiotScopez/(/(RiotScopez)) RiotScopez/(/(RiotScopez)) has saved a character.
[01:08:51] cs8-aTbp GAME: Error: /obj/machinery/atmospherics/pipe/simple/hidden/supply([0x20328f2]) took longer than 0.5 seconds to delete (took 0.6 seconds to delete)
[01:09:09] cs8-aTbp ADMIN: RiotScopez/(/(RiotScopez)) RiotScopez/(/(RiotScopez)) has saved their preferences.
[01:09:09] cs8-aTbp ADMIN: RiotScopez/(/(RiotScopez)) RiotScopez/(/(RiotScopez)) has saved a character.
[01:09:10] cs8-aTbp ADMIN: RiotScopez/(/(RiotScopez)) RiotScopez/(/(RiotScopez)) has saved their preferences.
[01:09:10] cs8-aTbp ADMIN: RiotScopez/(/(RiotScopez)) RiotScopez/(/(RiotScopez)) has saved a character.
[01:09:33] cs8-aTbp ADMIN: RiotScopez/(/(RiotScopez)) RiotScopez/(/(RiotScopez)) has saved their preferences.
[01:09:33] cs8-aTbp ADMIN: RiotScopez/(/(RiotScopez)) RiotScopez/(/(RiotScopez)) has saved a character.
[01:09:33] cs8-aTbp ADMIN: RiotScopez/(/(RiotScopez)) RiotScopez/(/(RiotScopez)) has saved their preferences really fast and was stopped.
[01:09:33] cs8-aTbp ADMIN: RiotScopez/(/(RiotScopez)) RiotScopez/(/(RiotScopez)) has saved a character really fast and was stopped.
[01:09:34] cs8-aTbp ADMIN: RiotScopez/(/(RiotScopez)) RiotScopez/(/(RiotScopez)) has saved their preferences.
[01:09:34] cs8-aTbp ADMIN: RiotScopez/(/(RiotScopez)) RiotScopez/(/(RiotScopez)) has saved a character.
[01:09:45] cs8-aTbp ADMIN: RiotScopez/(/(RiotScopez)) RiotScopez/(/(RiotScopez)) has saved their preferences.
[01:09:45] cs8-aTbp ADMIN: RiotScopez/(/(RiotScopez)) RiotScopez/(/(RiotScopez)) has saved a character.
[01:16:39] cs8-aTbp ADMIN: RiotScopez has started the game.
[01:16:41] cs8-aTbp ACCESS: Logout: *no key*/(/(RiotScopez))
[01:16:41] cs8-aTbp ACCESS: Login: RiotScopez/(/(Karly Graham)) from 146.115.147.185-1871707424 || BYOND v514
[01:16:42] cs8-aTbp DEBUG: Could not find style "ErisStyle" for /mob/living/carbon/human.
[01:16:51] cs8-aTbp DEBUG: Creating records for Karly Graham
[01:17:13] cs8-aTbp SAY: Biosilicified Kraftwerk Roach/ : 10101010011100010101.
[01:17:15] cs8-aTbp SAY: *no key*/(/(rat (658))) squeals! 
[01:17:16] cs8-aTbp SAY: *no key*/(/(rat (288))) squeals! 
[01:17:16] cs8-aTbp SAY: *no key*/(/(rat (96))) squeals! 
[01:17:16] cs8-aTbp SAY: Durable Kraftwerk Roach/ : 10101010011100010101.
[01:17:32] cs8-aTbp SAY: *no key*/(/(rat (127))) squeals! 
[01:17:33] cs8-aTbp SAY: *no key*/(/(rat (702))) squeals! 
[01:17:35] cs8-aTbp SAY: *no key*/(/(rat (394))) squeals! 
[01:17:40] cs8-aTbp SAY: *no key*/(/(rat (587))) squeals! 
[01:18:39] cs8-aTbp SAY: Durable Kraftwerk Roach/ : 10101010011100010101.
[01:18:39] cs8-aTbp SAY: *no key*/(/(rat (54))) squeals! 
[01:18:40] cs8-aTbp SAY: *no key*/(/(rat (82))) squeals! 
[01:18:40] cs8-aTbp GAME: Explosion with size (-1, 0, 1) in area Vault Bunker 
[01:18:41] cs8-aTbp SAY: Durable Kraftwerk Roach/ : 10101010011100010101.
[01:18:41] cs8-aTbp SAY: *no key*/(/(rat (74))) squeals! 
[01:18:42] cs8-aTbp SAY: Biosilicified Kraftwerk Roach/ : 10101010011100010101.
[01:18:42] cs8-aTbp SAY: Kraftwerk Roach/ : 10101010011100010101.
[01:18:43] cs8-aTbp SAY: *no key*/(/(rat (345))) squeals! 
[01:18:43] cs8-aTbp SAY: Biosilicified Kraftwerk Roach/ : 10101010011100010101.
[01:18:43] cs8-aTbp SAY: *no key*/(/(rat (32))) squeals! 
[01:18:45] cs8-aTbp SAY: *no key*/(/(rat (692))) squeals! 
[01:18:45] cs8-aTbp SAY: *no key*/(/(rat (511))) squeals! 
[01:18:45] cs8-aTbp SAY: *no key*/(/(rat (26))) squeals! 
[01:18:53] cs8-aTbp SAY: *no key*/(/(rat (171))) squeals! 
[01:18:53] cs8-aTbp GAME: Explosion with size (0, 1, 3) in area Greyson Field Offices 
[01:19:30] cs8-aTbp GAME: Explosion with size (0, 1, 3) in area Hunting plains underground caves 
[01:19:31] cs8-aTbp DEBUG: Runtime in unsorted.dm,1381: addtimer called with a callback assigned to a qdeleted object. In the future such timers will not be supported and may refuse to run or run with a 0 wait <A HREF='?_src_=holder;viewruntime=[0x2104f2fb]'>[view]</A>
[01:19:34] cs8-aTbp SAY: Durable Kraftwerk Roach/ : 10101010011100010101.
[01:19:36] cs8-aTbp SAY: *no key*/(/(rat (305))) squeals! 
[01:19:37] cs8-aTbp SAY: *no key*/(/(rat (145))) squeals! 
[01:19:37] cs8-aTbp SAY: *no key*/(/(rat (150))) squeals! 
[01:19:45] cs8-aTbp GAME: Explosion with size (-1, 0, 1) in area Deep Maintenance 
[01:19:47] cs8-aTbp DEBUG: Runtime in unsorted.dm,1381: addtimer called with a callback assigned to a qdeleted object. In the future such timers will not be supported and may refuse to run or run with a 0 wait <A HREF='?_src_=holder;viewruntime=[0x210403b4]'>[view]</A>
[01:19:51] cs8-aTbp GAME: Explosion with size (-1, 0, 1) in area Prepper Base 
[01:20:48] cs8-aTbp SAY: *no key*/(/(rat (818))) squeals! 
[01:20:48] cs8-aTbp SAY: *no key*/(/(rat (133))) squeals! 
[01:20:49] cs8-aTbp SAY: *no key*/(/(rat (434))) squeals! 
[01:21:02] cs8-aTbp SAY: Kraftwerk Roach/ : 10101010011100010101.
[01:21:03] cs8-aTbp GAME: Explosion with size (-1, 0, 1) in area Vault Bunker 
[01:21:46] cs8-aTbp SAY: Kraftwerk Roach/ : 10101010011100010101.
[01:21:55] cs8-aTbp GAME: Explosion with size (-1, 0, 1) in area Deep Maintenance 
[01:22:08] cs8-aTbp SAY: Kraftwerk Roach/ : 10101010011100010101.
[01:22:39] cs8-aTbp DEBUG: Runtime in unsorted.dm,1381: addtimer called with a callback assigned to a qdeleted object. In the future such timers will not be supported and may refuse to run or run with a 0 wait <A HREF='?_src_=holder;viewruntime=[0x210ec5c4]'>[view]</A>
[01:22:40] cs8-aTbp SAY: Quick Kraftwerk Roach/ : 10101010011100010101.
[01:22:41] cs8-aTbp SAY: Kraftwerk Roach/ : 10101010011100010101.
[01:22:41] cs8-aTbp SAY: Durable Kraftwerk Roach/ : 10101010011100010101.
[01:22:42] cs8-aTbp SAY: Biosilicified Kraftwerk Roach/ : 10101010011100010101.
[01:22:47] cs8-aTbp GAME: Explosion with size (-1, 0, 1) in area Deep Maintenance 
[01:22:51] cs8-aTbp SAY: *no key*/(/(rat (44))) squeals! 
[01:22:53] cs8-aTbp SAY: Kraftwerk Roach/ : 10101010011100010101.
[01:23:23] cs8-aTbp SAY: Biosilicified Kraftwerk Roach/ : 10101010011100010101.
[01:23:25] cs8-aTbp SAY: Kraftwerk Roach/ : 10101010011100010101.
[01:23:28] cs8-aTbp SAY: Durable Kraftwerk Roach/ : 10101010011100010101.
[01:23:38] cs8-aTbp SAY: *no key*/(/(rat (414))) squeals! 
[01:23:59] cs8-aTbp SAY: Quick Kraftwerk Roach/ : 10101010011100010101.
[01:24:03] cs8-aTbp SAY: Biosilicified Kraftwerk Roach/ : 10101010011100010101.
[01:24:07] cs8-aTbp SAY: Biosilicified Kraftwerk Roach/ : 10101010011100010101.
[01:24:36] cs8-aTbp SAY: Kraftwerk Roach/ : 10101010011100010101.
[01:24:54] cs8-aTbp DEBUG: Moved - the combat drone was deleted while still being listened to by /datum/effect/effect/system/trail/ion.
[01:24:57] cs8-aTbp SAY: Biosilicified Kraftwerk Roach/ : 10101010011100010101.
[01:24:57] cs8-aTbp SAY: Kraftwerk Roach/ : 10101010011100010101.
[01:25:24] cs8-aTbp SAY: Biosilicified Kraftwerk Roach/ : 10101010011100010101.
[01:25:31] cs8-aTbp DEBUG: Moved - the combat drone was deleted while still being listened to by /datum/effect/effect/system/trail/ion.
[01:25:48] cs8-aTbp GAME: Explosion with size (-1, 0, 1) in area Swamp Caves 
[01:25:59] cs8-aTbp SAY: *no key*/(/(rat (15))) squeals! 
[01:26:42] cs8-aTbp SAY: *no key*/(/(rat (584))) squeals! 
[01:26:43] cs8-aTbp SAY: *no key*/(/(rat (1))) squeals! 
[01:27:34] cs8-aTbp GAME: Explosion with size (-1, 0, 1) in area Prepper Base 
[01:27:37] cs8-aTbp SAY: Biosilicified Kraftwerk Roach/ : 10101010011100010101.
[01:28:16] cs8-aTbp SAY: *no key*/(/(rat (328))) squeals! 
[01:29:02] cs8-aTbp GAME: Explosion with size (-1, 1, 2) in area Deep Maintenance 
[01:29:47] cs8-aTbp GAME: Explosion with size (-1, 0, 1) in area Prepper Base 
[01:29:54] cs8-aTbp GAME: Explosion with size (-1, 1, 2) in area Vault Bunker 
[01:29:59] cs8-aTbp GAME: Explosion with size (-1, 0, 1) in area Deep Maintenance 
[01:31:25] cs8-aTbp SAY: Durable Kraftwerk Roach/ : 10101010011100010101.
[01:33:21] cs8-aTbp GAME: Error: /obj/machinery/atmospherics/pipe/simple/hidden/scrubbers([0x2032c03]) took longer than 0.5 seconds to delete (took 0.5 seconds to delete)
[01:36:55] cs8-aTbp TGUI: riotscopez (as Specialist Graham at 90,159,4)
Using: /obj/structure/filingcabinet [0x200fded]
new FilingCabinet fancy Yes
[01:36:55] cs8-aTbp TGUI: riotscopez in tgui-window-1/initialize
Using: /obj/structure/filingcabinet [0x200fded]
[01:36:57] cs8-aTbp TGUI: riotscopez (as Specialist Graham at 90,159,4)
Using: /obj/structure/filingcabinet [0x200fded]
new FilingCabinet fancy Yes
[01:36:57] cs8-aTbp TGUI: riotscopez in tgui-window-2/initialize
Using: /obj/structure/filingcabinet [0x200fded]
[01:36:59] cs8-aTbp TGUI: riotscopez in tgui-window-2/close (suspending)
[01:36:59] cs8-aTbp TGUI: riotscopez in tgui-window-2/close (suspending)
[01:37:00] cs8-aTbp TGUI: riotscopez in tgui-window-1/close (suspending)
[01:37:00] cs8-aTbp TGUI: riotscopez in tgui-window-1/close (suspending)
[01:38:42] cs8-aTbp SAY: Kraftwerk Roach/ : 10101010011100010101.
[01:41:35] cs8-aTbp GAME: Error: /datum/radio_frequency([0x2105edc3]) took longer than 0.5 seconds to delete (took 104.5 seconds to delete)
[01:41:42] cs8-aTbp ACCESS: Logout: RiotScopez/(/(Karly Graham))
[01:41:42] cs8-aTbp ACCESS: Logout: RiotScopez[DC]/(/(Karly Graham))
[01:43:07] cs8-aTbp ACCESS: Login: RiotScopez/() from 146.115.147.185-1871707424 || BYOND v514.1582
[01:43:07] cs8-aTbp ACCESS: Login: RiotScopez/(/(Karly Graham)) from 146.115.147.185-1871707424 || BYOND v514
[01:43:07] cs8-aTbp DEBUG: Could not find style "ErisStyle" for /mob/living/carbon/human.
[01:45:24] cs8-aTbp ATTACK: RiotScopez/(/(Karly Graham)) attacked *no key*/(/(Brutish nurse spider)) with shock maul (Wielded) (INTENT: HELP) (DAMTYE: BRUTE)
[01:45:24] cs8-aTbp ATTACK: RiotScopez/(/(Karly Graham)) stunned *no key*/(/(Brutish nurse spider)) with the the shock maul (Wielded).
[01:45:27] cs8-aTbp ATTACK: RiotScopez/(/(Karly Graham)) attacked *no key*/(/(Durable guardian spider)) with shock maul (Wielded) (INTENT: HARM) (DAMTYE: BRUTE)
[01:45:29] cs8-aTbp ATTACK: RiotScopez/(/(Karly Graham)) attacked *no key*/(/(Durable guardian spider)) with shock maul (Wielded) (INTENT: HARM) (DAMTYE: BRUTE)
[01:45:32] cs8-aTbp ATTACK: RiotScopez/(/(Karly Graham)) attacked *no key*/(/(Durable guardian spider)) with shock maul (Wielded) (INTENT: HARM) (DAMTYE: BRUTE)
[01:45:35] cs8-aTbp ATTACK: RiotScopez/(/(Karly Graham)) attacked *no key*/(/(Durable guardian spider)) with shock maul (Wielded) (INTENT: HARM) (DAMTYE: BRUTE)
[01:46:01] cs8-aTbp SAY: Durable Kraftwerk Roach/ : 10101010011100010101.
[01:46:58] cs8-aTbp DEBUG: passed list to getStat(), statName without a list: /list
[01:47:22] cs8-aTbp DEBUG: passed list to getStat(), statName without a list: /list
[01:47:28] cs8-aTbp GAME: Explosion with size (-1, 0, 1) in area Lost Outpost 
[01:47:40] cs8-aTbp GAME: Explosion with size (-1, 0, 1) in area Prepper Base 
[01:47:41] cs8-aTbp ATTACK: RiotScopez/(/(Karly Graham)) attacked *no key*/(/(Quick Panzer Roach)) with shock maul (Wielded) (INTENT: HARM) (DAMTYE: BRUTE)
[01:47:43] cs8-aTbp ATTACK: RiotScopez/(/(Karly Graham)) attacked *no key*/(/(Gluhend Roach)) with shock maul (Wielded) (INTENT: HARM) (DAMTYE: BRUTE)
[01:47:50] cs8-aTbp ATTACK: RiotScopez/(/(Karly Graham)) attacked *no key*/(/(Gluhend Roach)) with shock maul (Wielded) (INTENT: HARM) (DAMTYE: BRUTE)
[01:47:52] cs8-aTbp ATTACK: RiotScopez/(/(Karly Graham)) attacked *no key*/(/(Durable Gluhend Roach)) with shock maul (Wielded) (INTENT: HARM) (DAMTYE: BRUTE)
[01:49:09] cs8-aTbp DEBUG: passed list to getStat(), statName without a list: /list
[01:52:01] cs8-aTbp SAY: Biosilicified Kraftwerk Roach/ : 10101010011100010101.
[01:52:20] cs8-aTbp DEBUG: Moved - the combat drone was deleted while still being listened to by /datum/effect/effect/system/trail/ion.
[01:52:28] cs8-aTbp SAY: Biosilicified Kraftwerk Roach/ : 10101010011100010101.
[01:52:40] cs8-aTbp ACCESS: Logout: RiotScopez/(/(Karly Graham))
[01:52:40] cs8-aTbp ACCESS: Logout: RiotScopez[DC]/(/(Karly Graham))
[01:52:46] cs8-aTbp SAY: Biosilicified Kraftwerk Roach/ : 10101010011100010101.
[01:53:19] cs8-aTbp DEBUG: Moved - the combat drone was deleted while still being listened to by /datum/effect/effect/system/trail/ion.
[01:53:43] cs8-aTbp SAY: Lambertian Kraftwerk Roach/ : 10101010011100010101.
[01:53:44] cs8-aTbp EMOTE: Specialist Graham/RiotScopez : snores.
[01:53:45] cs8-aTbp EMOTE: Specialist Graham/RiotScopez : <B>Specialist Graham</B> snores.
[01:53:56] cs8-aTbp EMOTE: Specialist Graham/RiotScopez : snores.
[01:53:56] cs8-aTbp EMOTE: Specialist Graham/RiotScopez : <B>Specialist Graham</B> snores.
[01:54:50] cs8-aTbp SAY: Lambertian Kraftwerk Roach/ : 10101010011100010101.
[01:54:54] cs8-aTbp SAY: Lambertian Kraftwerk Roach/ : 10101010011100010101.
[01:55:16] cs8-aTbp EMOTE: Specialist Graham/RiotScopez : snores.
[01:55:16] cs8-aTbp EMOTE: Specialist Graham/RiotScopez : <B>Specialist Graham</B> snores.
[01:55:27] cs8-aTbp EMOTE: Specialist Graham/RiotScopez : snores.
[01:55:27] cs8-aTbp EMOTE: Specialist Graham/RiotScopez : <B>Specialist Graham</B> snores.
[01:55:39] cs8-aTbp SAY: Quick Kraftwerk Roach/ : 10101010011100010101.
[01:55:55] cs8-aTbp SAY: Quick Kraftwerk Roach/ : 10101010011100010101.
[01:55:55] cs8-aTbp SAY: Lambertian Kraftwerk Roach/ : 10101010011100010101.
[01:56:00] cs8-aTbp SAY: Lambertian Kraftwerk Roach/ : 10101010011100010101.
[01:56:56] cs8-aTbp EMOTE: Specialist Graham/RiotScopez : snores.
[01:56:56] cs8-aTbp EMOTE: Specialist Graham/RiotScopez : <B>Specialist Graham</B> snores.
[01:57:06] cs8-aTbp SAY: Lambertian Kraftwerk Roach/ : 10101010011100010101.
[01:57:58] cs8-aTbp SAY: Quick Kraftwerk Roach/ : 10101010011100010101.
[02:01:40] cs8-aTbp EMOTE: Specialist Graham/RiotScopez : snores.
[02:01:40] cs8-aTbp EMOTE: Specialist Graham/RiotScopez : <B>Specialist Graham</B> snores.
[02:02:19] cs8-aTbp EMOTE: Specialist Graham/RiotScopez : snores.
[02:02:19] cs8-aTbp EMOTE: Specialist Graham/RiotScopez : <B>Specialist Graham</B> snores.
[02:03:43] cs8-aTbp EMOTE: Specialist Graham/RiotScopez : snores.
[02:03:43] cs8-aTbp EMOTE: Specialist Graham/RiotScopez : <B>Specialist Graham</B> snores.
[02:04:11] cs8-aTbp EMOTE: Specialist Graham/RiotScopez : snores.
[02:04:11] cs8-aTbp EMOTE: Specialist Graham/RiotScopez : <B>Specialist Graham</B> snores.
[02:04:20] cs8-aTbp SAY: Durable Kraftwerk Roach/ : 10101010011100010101.
[02:06:41] cs8-aTbp EMOTE: Specialist Graham/RiotScopez : snores.
[02:06:41] cs8-aTbp EMOTE: Specialist Graham/RiotScopez : <B>Specialist Graham</B> snores.
[02:06:53] cs8-aTbp SAY: *no key*/(/(rat (344))) squeals! 
[02:07:01] cs8-aTbp EMOTE: Specialist Graham/RiotScopez : snores.
[02:07:01] cs8-aTbp EMOTE: Specialist Graham/RiotScopez : <B>Specialist Graham</B> snores.
[02:07:45] cs8-aTbp GAME: Explosion with size (0, 1, 3) in area Greyson Field Offices 
[02:08:15] cs8-aTbp DEBUG: Event 'Event Manager' has completed at 08:42.
[02:11:33] cs8-aTbp GAME: Explosion with size (-1, 0, 1) in area Deep Maintenance 
[02:13:23] cs8-aTbp GAME: Explosion with size (-1, 0, 1) in area Deep Maintenance 
[02:13:23] cs8-aTbp GAME: Explosion with size (-1, 0, 1) in area Deep Maintenance 
[02:16:23] cs8-aTbp EMOTE: Specialist Graham/RiotScopez : snores.
[02:16:23] cs8-aTbp EMOTE: Specialist Graham/RiotScopez : <B>Specialist Graham</B> snores.
[02:17:12] cs8-aTbp EMOTE: Specialist Graham/RiotScopez : snores.
[02:17:12] cs8-aTbp EMOTE: Specialist Graham/RiotScopez : <B>Specialist Graham</B> snores.
[02:17:27] cs8-aTbp SAY: Quick Kraftwerk Roach/ : 10101010011100010101.
[02:17:36] cs8-aTbp SAY: Durable Kraftwerk Roach/ : 10101010011100010101.
[02:18:30] cs8-aTbp EMOTE: Specialist Graham/RiotScopez : snores.
[02:18:30] cs8-aTbp EMOTE: Specialist Graham/RiotScopez : <B>Specialist Graham</B> snores.
[02:19:00] cs8-aTbp EMOTE: Smertnik termite/ : <B>Smertnik termite</B> coughs!
[02:20:16] cs8-aTbp SAY: Durable Kraftwerk Roach/ : 10101010011100010101.
[02:20:17] cs8-aTbp SAY: Biosilicified Kraftwerk Roach/ : 10101010011100010101.
[02:20:21] cs8-aTbp SAY: Biosilicified Kraftwerk Roach/ : 10101010011100010101.
[02:21:35] cs8-aTbp EMOTE: Specialist Graham/RiotScopez : snores.
[02:21:35] cs8-aTbp EMOTE: Specialist Graham/RiotScopez : <B>Specialist Graham</B> snores.
[02:23:14] cs8-aTbp GAME: [Server] No players were on a server last 30 minutes, restarting server...
[02:23:15] cs8-aTbp GAME: MC crashed or runtimed, restarting


Starting up. (ID: cs8-a9wT) 02:27.06
---------------------
[02:27:06] cs8-a9wT MISC: Saved storyteller is 'healer'
[02:27:06] cs8-a9wT ADMIN: Loading jobban_rank
[02:27:06] cs8-a9wT ADMIN: jobban_keylist was empty
[02:27:06] cs8-a9wT ADMIN: Loading Banlist
[02:29:02] cs8-a9wT ADMIN: Landen Clewett try find_inv_position a 14, but not have that slot!
[02:29:02] cs8-a9wT ADMIN: Landen Clewett try find_inv_position a 11, but not have that slot!
[02:29:02] cs8-a9wT ADMIN: Landen Clewett try find_inv_position a 13, but not have that slot!
[02:29:02] cs8-a9wT ADMIN: Landen Clewett try find_inv_position a 12, but not have that slot!
[02:29:03] cs8-a9wT ADMIN: Moses Millhouse try find_inv_position a 14, but not have that slot!
[02:29:03] cs8-a9wT ADMIN: Moses Millhouse try find_inv_position a 11, but not have that slot!
[02:29:03] cs8-a9wT ADMIN: Moses Millhouse try find_inv_position a 13, but not have that slot!
[02:29:03] cs8-a9wT ADMIN: Moses Millhouse try find_inv_position a 12, but not have that slot!
[02:29:03] cs8-a9wT ADMIN: Brock Brinigh try find_inv_position a 14, but not have that slot!
[02:29:03] cs8-a9wT ADMIN: Brock Brinigh try find_inv_position a 11, but not have that slot!
[02:29:03] cs8-a9wT ADMIN: Brock Brinigh try find_inv_position a 13, but not have that slot!
[02:29:03] cs8-a9wT ADMIN: Brock Brinigh try find_inv_position a 12, but not have that slot!
[02:29:03] cs8-a9wT ADMIN: Bryce Oppenheimer try find_inv_position a 14, but not have that slot!
[02:29:03] cs8-a9wT ADMIN: Bryce Oppenheimer try find_inv_position a 11, but not have that slot!
[02:29:03] cs8-a9wT ADMIN: Bryce Oppenheimer try find_inv_position a 13, but not have that slot!
[02:29:03] cs8-a9wT ADMIN: Bryce Oppenheimer try find_inv_position a 12, but not have that slot!
[02:29:03] cs8-a9wT ADMIN: Alvin Baer try find_inv_position a 14, but not have that slot!
[02:29:03] cs8-a9wT ADMIN: Alvin Baer try find_inv_position a 11, but not have that slot!
[02:29:03] cs8-a9wT ADMIN: Alvin Baer try find_inv_position a 13, but not have that slot!
[02:29:03] cs8-a9wT ADMIN: Alvin Baer try find_inv_position a 12, but not have that slot!
[02:29:03] cs8-a9wT ADMIN: Harry Fisher try find_inv_position a 14, but not have that slot!
[02:29:03] cs8-a9wT ADMIN: Harry Fisher try find_inv_position a 11, but not have that slot!
[02:29:03] cs8-a9wT ADMIN: Harry Fisher try find_inv_position a 13, but not have that slot!
[02:29:03] cs8-a9wT ADMIN: Harry Fisher try find_inv_position a 12, but not have that slot!
[02:31:32] cs8-a9wT GAME: ironhammer 3 loaded at at 31,36,19
[02:31:33] cs8-a9wT GAME: ironhammer 3 loaded at at 11,51,19
[02:31:33] cs8-a9wT GAME: ironhammer 1 loaded at at 81,56,19
[02:31:34] cs8-a9wT GAME: ironhammer 1 loaded at at 61,16,19
[02:31:35] cs8-a9wT GAME: ironhammer 3 loaded at at 51,76,19
[02:31:36] cs8-a9wT GAME: ironhammer 1 loaded at at 11,11,19
[02:31:37] cs8-a9wT GAME: ironhammer 2 loaded at at 81,31,19
[02:31:37] cs8-a9wT GAME: ironhammer 2 loaded at at 86,81,19
[02:31:37] cs8-a9wT GAME: neutral 10 loaded at at 71,46,19
[02:31:37] cs8-a9wT GAME: neutral 1 loaded at at 56,106,19
[02:31:37] cs8-a9wT GAME: neutral 1 loaded at at 46,66,19
[02:31:37] cs8-a9wT GAME: neutral 2 loaded at at 61,36,19
[02:31:37] cs8-a9wT GAME: neutral 2 loaded at at 46,61,19
[02:31:38] cs8-a9wT GAME: neutral 8 loaded at at 86,26,19
[02:31:38] cs8-a9wT GAME: neutral 1 loaded at at 91,76,19
[02:31:38] cs8-a9wT GAME: neutral 7 loaded at at 16,96,19
[02:31:38] cs8-a9wT GAME: neutral 7 loaded at at 101,71,19
[02:31:38] cs8-a9wT GAME: neutral 4 loaded at at 66,101,19
[02:31:38] cs8-a9wT GAME: neutral 10 loaded at at 41,81,19
[02:31:38] cs8-a9wT GAME: neutral 2 loaded at at 56,106,19
[02:31:38] cs8-a9wT GAME: neutral 3 loaded at at 31,86,19
[02:31:38] cs8-a9wT GAME: neutral 11 loaded at at 61,46,19
[02:31:38] cs8-a9wT GAME: neutral 1 loaded at at 76,36,19
[02:31:38] cs8-a9wT GAME: neutral 6 loaded at at 96,106,19
[02:31:38] cs8-a9wT GAME: neutral 7 loaded at at 56,51,19
[02:31:38] cs8-a9wT GAME: neutral 7 loaded at at 86,21,19
[02:31:38] cs8-a9wT GAME: neutral 5 loaded at at 26,56,19
[02:31:38] cs8-a9wT GAME: neutral 4 loaded at at 11,91,19
[02:31:38] cs8-a9wT GAME: neutral 1 loaded at at 61,56,19
[02:31:38] cs8-a9wT GAME: neutral 11 loaded at at 66,51,19
[02:31:38] cs8-a9wT GAME: neutral 3 loaded at at 56,36,19
[02:31:38] cs8-a9wT GAME: neutral 8 loaded at at 41,21,19
[02:31:38] cs8-a9wT GAME: neutral 3 loaded at at 36,66,19
[02:31:38] cs8-a9wT GAME: neutral 6 loaded at at 71,61,19
[02:31:38] cs8-a9wT GAME: neutral 8 loaded at at 101,51,19
[02:31:38] cs8-a9wT GAME: neutral 10 loaded at at 11,96,19
[02:31:38] cs8-a9wT GAME: neutral 3 loaded at at 76,86,19
[02:31:38] cs8-a9wT GAME: neutral 2 loaded at at 76,31,19
[02:31:38] cs8-a9wT GAME: neutral 10 loaded at at 101,31,19
[02:31:39] cs8-a9wT GAME: neutral 11 loaded at at 56,101,19
[02:31:39] cs8-a9wT GAME: neutral 7 loaded at at 51,71,19
[02:31:39] cs8-a9wT GAME: neutral 2 loaded at at 106,41,19
[02:31:39] cs8-a9wT GAME: neutral 7 loaded at at 61,106,19
[02:31:39] cs8-a9wT GAME: neutral 5 loaded at at 96,26,19
[02:31:39] cs8-a9wT GAME: neutral 5 loaded at at 91,16,19
[02:31:39] cs8-a9wT GAME: neutral 5 loaded at at 51,71,19
[02:31:39] cs8-a9wT GAME: neutral 4 loaded at at 21,91,19
[02:31:39] cs8-a9wT GAME: neutral 6 loaded at at 11,86,19
[02:31:39] cs8-a9wT GAME: neutral 8 loaded at at 86,41,19
[02:31:39] cs8-a9wT GAME: neutral 11 loaded at at 76,51,19
[02:31:39] cs8-a9wT GAME: neutral 8 loaded at at 101,21,19
[02:31:39] cs8-a9wT GAME: neutral 3 loaded at at 26,101,19
[02:31:39] cs8-a9wT GAME: neutral 6 loaded at at 21,101,19
[02:31:39] cs8-a9wT GAME: neutral 2 loaded at at 81,26,19
[02:31:39] cs8-a9wT GAME: neutral 4 loaded at at 91,81,19
[02:31:39] cs8-a9wT GAME: neutral 10 loaded at at 96,16,19
[02:31:39] cs8-a9wT GAME: neutral 5 loaded at at 76,11,19
[02:31:39] cs8-a9wT GAME: neutral 7 loaded at at 21,81,19
[02:31:39] cs8-a9wT GAME: neutral 4 loaded at at 46,26,19
[02:31:39] cs8-a9wT GAME: neutral 8 loaded at at 96,11,19
[02:31:40] cs8-a9wT GAME: neutral 2 loaded at at 106,51,19
[02:31:40] cs8-a9wT GAME: neutral 4 loaded at at 66,41,19
[02:31:40] cs8-a9wT GAME: neutral 4 loaded at at 71,61,19
[02:31:40] cs8-a9wT GAME: neutral 4 loaded at at 76,41,19
[02:31:40] cs8-a9wT GAME: neutral 3 loaded at at 41,26,19
[02:31:40] cs8-a9wT GAME: neutral 3 loaded at at 91,46,19
[02:31:40] cs8-a9wT GAME: neutral 6 loaded at at 41,96,19
[02:31:40] cs8-a9wT GAME: neutral 1 loaded at at 56,66,19
[02:31:53] cs8-a9wT GAME: Emitter deleted at (0,0,0)
[02:32:59] cs8-a9wT ASSET: ERROR: Invalid asset: /datum/asset/simple/craft:obj_item_stack_cable_coil.png:1
[02:33:04] cs8-a9wT ASSET: ERROR: Invalid asset: /datum/asset/simple/craft:obj_item_clothing_glasses_powered_meson.png:1
[02:33:05] cs8-a9wT ASSET: ERROR: Invalid asset: /datum/asset/simple/craft:obj_item_gun_projectile_boltgun_lever.png:1
[02:33:05] cs8-a9wT ASSET: ERROR: Invalid asset: /datum/asset/simple/craft:obj_item_gun_projectile_automatic_sts_rifle.png:1
[02:33:06] cs8-a9wT ASSET: ERROR: Invalid asset: /datum/asset/simple/craft:obj_item_modular_computer_laptop.png:1
[02:34:13] cs8-a9wT GAME: dinner loaded at at 84,39,21
[02:34:14] cs8-a9wT GAME: archive loaded at at 91,64,21
[02:34:14] cs8-a9wT GAME: archive loaded at at 50,37,21
[02:34:15] cs8-a9wT GAME: Lab2 loaded at at 78,107,21
[02:34:16] cs8-a9wT GAME: AI core loaded at at 69,69,21
[02:34:17] cs8-a9wT GAME: AI core loaded at at 47,69,21
[02:34:17] cs8-a9wT GAME: Entrance - 1 loaded at at 132,137,20
[02:34:17] cs8-a9wT GAME: penitentiary loaded at at 119,137,20
[02:34:18] cs8-a9wT GAME: Hallway_4way loaded at at 106,137,20
[02:34:18] cs8-a9wT GAME: Hallway_4way loaded at at 93,137,20
[02:34:19] cs8-a9wT GAME: crematorium loaded at at 80,137,20
[02:34:19] cs8-a9wT GAME: Hallway_4way loaded at at 67,137,20
[02:34:19] cs8-a9wT GAME: hallwayatmos_west-east loaded at at 54,137,20
[02:34:20] cs8-a9wT GAME: garden loaded at at 41,137,20
[02:34:20] cs8-a9wT GAME: penitentiary loaded at at 28,137,20
[02:34:23] cs8-a9wT GAME: Escape_Pod_West-East loaded at at 15,137,20
[02:34:23] cs8-a9wT GAME: garden loaded at at 15,128,20
[02:34:23] cs8-a9wT GAME: Escape_Pod_West-East loaded at at 15,119,20
[02:34:24] cs8-a9wT GAME: autolathe_South-East loaded at at 2,119,20
[02:34:24] cs8-a9wT GAME: garden loaded at at 2,110,20
[02:34:24] cs8-a9wT GAME: garden loaded at at 15,110,20
[02:34:25] cs8-a9wT GAME: garden loaded at at 28,110,20
[02:34:25] cs8-a9wT GAME: Hallway_4way loaded at at 41,110,20
[02:34:26] cs8-a9wT GAME: garden loaded at at 41,101,20
[02:34:26] cs8-a9wT GAME: checkpoint_horizontal loaded at at 54,101,20
[02:34:27] cs8-a9wT GAME: garden loaded at at 67,101,20
[02:34:27] cs8-a9wT GAME: showers loaded at at 80,101,20
[02:34:27] cs8-a9wT GAME: garden loaded at at 93,101,20
[02:34:28] cs8-a9wT GAME: garden loaded at at 106,101,20
[02:34:28] cs8-a9wT GAME: secure_storage_horizontal loaded at at 119,101,20
[02:34:28] cs8-a9wT GAME: Escape_Pod_West-East loaded at at 132,101,20
[02:34:29] cs8-a9wT GAME: crematorium loaded at at 145,101,20
[02:34:29] cs8-a9wT GAME: Hallway_4way loaded at at 158,101,20
[02:34:30] cs8-a9wT GAME: Hallway_4way loaded at at 158,92,20
[02:34:30] cs8-a9wT GAME: crematorium loaded at at 171,92,20
[02:34:30] cs8-a9wT GAME: garden loaded at at 184,92,20
[02:34:31] cs8-a9wT GAME: crematorium loaded at at 197,92,20
[02:34:31] cs8-a9wT GAME: hallway_storage loaded at at 197,83,20
[02:34:32] cs8-a9wT GAME: hallway_storage loaded at at 197,74,20
[02:34:34] cs8-a9wT GAME: garden loaded at at 197,65,20
[02:34:35] cs8-a9wT GAME: Escape_Pod_West-East loaded at at 184,65,20
[02:34:36] cs8-a9wT GAME: Hallway_4way loaded at at 171,65,20
[02:34:37] cs8-a9wT GAME: Hallway_4way loaded at at 158,65,20
[02:34:37] cs8-a9wT GAME: garden loaded at at 145,65,20
[02:34:38] cs8-a9wT GAME: checkpoint_horizontal loaded at at 132,65,20
[02:34:38] cs8-a9wT GAME: crematorium loaded at at 119,65,20
[02:34:39] cs8-a9wT GAME: crematorium loaded at at 106,65,20
[02:34:39] cs8-a9wT GAME: garden loaded at at 93,65,20
[02:34:40] cs8-a9wT GAME: Hallway_4way loaded at at 80,65,20
[02:34:40] cs8-a9wT GAME: Hallway_4way loaded at at 80,56,20
[02:34:41] cs8-a9wT GAME: garden loaded at at 80,47,20
[02:34:41] cs8-a9wT GAME: checkpoint_horizontal loaded at at 67,47,20
[02:34:42] cs8-a9wT GAME: crematorium loaded at at 54,47,20
[02:34:42] cs8-a9wT GAME: garden loaded at at 41,47,20
[02:34:43] cs8-a9wT GAME: Escape_Pod_West-East loaded at at 28,47,20
[02:34:44] cs8-a9wT GAME: Escape_Pod_West-East loaded at at 28,38,20
[02:34:44] cs8-a9wT GAME: checkpoint_horizontal loaded at at 15,38,20
[02:34:44] cs8-a9wT GAME: garden loaded at at 2,38,20
[02:34:45] cs8-a9wT GAME: garden loaded at at 2,29,20
[02:34:45] cs8-a9wT GAME: crematorium loaded at at 15,29,20
[02:34:46] cs8-a9wT GAME: secure_storage_horizontal loaded at at 28,29,20
[02:34:46] cs8-a9wT GAME: Hallway_4way loaded at at 41,29,20
[02:34:47] cs8-a9wT GAME: Hallway_4way loaded at at 41,20,20
[02:34:47] cs8-a9wT GAME: Escape_Pod_West-East loaded at at 41,11,20
[02:34:48] cs8-a9wT GAME: secure_storage_horizontal loaded at at 28,11,20
[02:34:48] cs8-a9wT GAME: Escape_Pod_West-East loaded at at 15,11,20
[02:34:49] cs8-a9wT GAME: garden loaded at at 2,11,20
[02:34:49] cs8-a9wT GAME: Escape_Pod_West-East loaded at at 2,2,20
[02:34:49] cs8-a9wT GAME: Hallway_4way loaded at at 15,2,20
[02:34:50] cs8-a9wT GAME: secure_storage_horizontal loaded at at 28,2,20
[02:34:50] cs8-a9wT GAME: showers loaded at at 41,2,20
[02:34:51] cs8-a9wT GAME: crematorium loaded at at 54,2,20
[02:34:51] cs8-a9wT GAME: showers loaded at at 67,2,20
[02:34:51] cs8-a9wT GAME: checkpoint_horizontal loaded at at 80,2,20
[02:34:52] cs8-a9wT GAME: Escape_Pod_West-East loaded at at 93,2,20
[02:34:52] cs8-a9wT GAME: Escape_Pod_West-East loaded at at 106,2,20
[02:34:52] cs8-a9wT GAME: Escape_Pod_West-East loaded at at 119,2,20
[02:34:53] cs8-a9wT GAME: showers loaded at at 132,2,20
[02:34:53] cs8-a9wT GAME: checkpoint_horizontal loaded at at 145,2,20
[02:34:53] cs8-a9wT GAME: Exit - 1 loaded at at 158,2,20
[02:35:17] cs8-a9wT GAME: cargo_vertical loaded at at 158,74,20
[02:35:17] cs8-a9wT GAME: commanderoffice loaded at at 145,92,20
[02:35:18] cs8-a9wT GAME: surgery loaded at at 184,56,20
[02:35:19] cs8-a9wT GAME: anomaly loaded at at 158,83,20
[02:35:19] cs8-a9wT GAME: surgery loaded at at 15,20,20
[02:35:20] cs8-a9wT GAME: anomaly loaded at at 106,128,20
[02:35:21] cs8-a9wT GAME: armory_secure loaded at at 41,38,20
[02:35:22] cs8-a9wT GAME: cargo_horizontal loaded at at 54,20,20
[02:35:23] cs8-a9wT GAME: surgery loaded at at 132,92,20
[02:35:25] cs8-a9wT GAME: blocker loaded at at 2,137,20
[02:35:25] cs8-a9wT GAME: blocker loaded at at 145,137,20
[02:35:25] cs8-a9wT GAME: blocker loaded at at 158,137,20
[02:35:25] cs8-a9wT GAME: blocker loaded at at 171,137,20
[02:35:25] cs8-a9wT GAME: blocker loaded at at 184,137,20
[02:35:25] cs8-a9wT GAME: blocker loaded at at 197,137,20
[02:35:25] cs8-a9wT GAME: blocker loaded at at 2,128,20
[02:35:25] cs8-a9wT GAME: blocker loaded at at 28,128,20
[02:35:25] cs8-a9wT GAME: blocker loaded at at 41,128,20
[02:35:25] cs8-a9wT GAME: blocker loaded at at 54,128,20
[02:35:26] cs8-a9wT GAME: blocker loaded at at 67,128,20
[02:35:26] cs8-a9wT GAME: blocker loaded at at 80,128,20
[02:35:26] cs8-a9wT GAME: blocker loaded at at 93,128,20
[02:35:26] cs8-a9wT GAME: blocker loaded at at 119,128,20
[02:35:26] cs8-a9wT GAME: blocker loaded at at 132,128,20
[02:35:26] cs8-a9wT GAME: blocker loaded at at 145,128,20
[02:35:26] cs8-a9wT GAME: blocker loaded at at 158,128,20
[02:35:26] cs8-a9wT GAME: blocker loaded at at 171,128,20
[02:35:26] cs8-a9wT GAME: blocker loaded at at 184,128,20
[02:35:26] cs8-a9wT GAME: blocker loaded at at 197,128,20
[02:35:26] cs8-a9wT GAME: blocker loaded at at 28,119,20
[02:35:26] cs8-a9wT GAME: blocker loaded at at 41,119,20
[02:35:26] cs8-a9wT GAME: blocker loaded at at 54,119,20
[02:35:26] cs8-a9wT GAME: blocker loaded at at 67,119,20
[02:35:26] cs8-a9wT GAME: blocker loaded at at 80,119,20
[02:35:26] cs8-a9wT GAME: blocker loaded at at 93,119,20
[02:35:26] cs8-a9wT GAME: blocker loaded at at 106,119,20
[02:35:27] cs8-a9wT GAME: blocker loaded at at 119,119,20
[02:35:27] cs8-a9wT GAME: blocker loaded at at 132,119,20
[02:35:27] cs8-a9wT GAME: blocker loaded at at 145,119,20
[02:35:27] cs8-a9wT GAME: blocker loaded at at 158,119,20
[02:35:27] cs8-a9wT GAME: blocker loaded at at 171,119,20
[02:35:27] cs8-a9wT GAME: blocker loaded at at 184,119,20
[02:35:27] cs8-a9wT GAME: blocker loaded at at 197,119,20
[02:35:27] cs8-a9wT GAME: blocker loaded at at 54,110,20
[02:35:27] cs8-a9wT GAME: blocker loaded at at 67,110,20
[02:35:27] cs8-a9wT GAME: blocker loaded at at 80,110,20
[02:35:27] cs8-a9wT GAME: blocker loaded at at 93,110,20
[02:35:27] cs8-a9wT GAME: blocker loaded at at 106,110,20
[02:35:27] cs8-a9wT GAME: blocker loaded at at 119,110,20
[02:35:27] cs8-a9wT GAME: blocker loaded at at 132,110,20
[02:35:27] cs8-a9wT GAME: blocker loaded at at 145,110,20
[02:35:27] cs8-a9wT GAME: blocker loaded at at 158,110,20
[02:35:27] cs8-a9wT GAME: blocker loaded at at 171,110,20
[02:35:28] cs8-a9wT GAME: blocker loaded at at 184,110,20
[02:35:28] cs8-a9wT GAME: blocker loaded at at 197,110,20
[02:35:28] cs8-a9wT GAME: blocker loaded at at 2,101,20
[02:35:28] cs8-a9wT GAME: blocker loaded at at 15,101,20
[02:35:28] cs8-a9wT GAME: blocker loaded at at 28,101,20
[02:35:28] cs8-a9wT GAME: blocker loaded at at 171,101,20
[02:35:28] cs8-a9wT GAME: blocker loaded at at 184,101,20
[02:35:28] cs8-a9wT GAME: blocker loaded at at 197,101,20
[02:35:28] cs8-a9wT GAME: blocker loaded at at 2,92,20
[02:35:28] cs8-a9wT GAME: blocker loaded at at 15,92,20
[02:35:28] cs8-a9wT GAME: blocker loaded at at 28,92,20
[02:35:28] cs8-a9wT GAME: blocker loaded at at 41,92,20
[02:35:28] cs8-a9wT GAME: blocker loaded at at 54,92,20
[02:35:28] cs8-a9wT GAME: blocker loaded at at 67,92,20
[02:35:28] cs8-a9wT GAME: blocker loaded at at 80,92,20
[02:35:28] cs8-a9wT GAME: blocker loaded at at 93,92,20
[02:35:29] cs8-a9wT GAME: blocker loaded at at 106,92,20
[02:35:29] cs8-a9wT GAME: blocker loaded at at 119,92,20
[02:35:29] cs8-a9wT GAME: blocker loaded at at 2,83,20
[02:35:29] cs8-a9wT GAME: blocker loaded at at 15,83,20
[02:35:29] cs8-a9wT GAME: blocker loaded at at 28,83,20
[02:35:29] cs8-a9wT GAME: blocker loaded at at 41,83,20
[02:35:29] cs8-a9wT GAME: blocker loaded at at 54,83,20
[02:35:29] cs8-a9wT GAME: blocker loaded at at 67,83,20
[02:35:29] cs8-a9wT GAME: blocker loaded at at 80,83,20
[02:35:29] cs8-a9wT GAME: blocker loaded at at 93,83,20
[02:35:29] cs8-a9wT GAME: blocker loaded at at 106,83,20
[02:35:29] cs8-a9wT GAME: blocker loaded at at 119,83,20
[02:35:29] cs8-a9wT GAME: blocker loaded at at 132,83,20
[02:35:29] cs8-a9wT GAME: blocker loaded at at 145,83,20
[02:35:29] cs8-a9wT GAME: blocker loaded at at 171,83,20
[02:35:29] cs8-a9wT GAME: blocker loaded at at 184,83,20
[02:35:29] cs8-a9wT GAME: blocker loaded at at 2,74,20
[02:35:30] cs8-a9wT GAME: blocker loaded at at 15,74,20
[02:35:30] cs8-a9wT GAME: blocker loaded at at 28,74,20
[02:35:30] cs8-a9wT GAME: blocker loaded at at 41,74,20
[02:35:30] cs8-a9wT GAME: blocker loaded at at 54,74,20
[02:35:30] cs8-a9wT GAME: blocker loaded at at 67,74,20
[02:35:30] cs8-a9wT GAME: blocker loaded at at 80,74,20
[02:35:30] cs8-a9wT GAME: blocker loaded at at 93,74,20
[02:35:30] cs8-a9wT GAME: blocker loaded at at 106,74,20
[02:35:30] cs8-a9wT GAME: blocker loaded at at 119,74,20
[02:35:30] cs8-a9wT GAME: blocker loaded at at 132,74,20
[02:35:30] cs8-a9wT GAME: blocker loaded at at 145,74,20
[02:35:30] cs8-a9wT GAME: blocker loaded at at 171,74,20
[02:35:30] cs8-a9wT GAME: blocker loaded at at 184,74,20
[02:35:30] cs8-a9wT GAME: blocker loaded at at 2,65,20
[02:35:30] cs8-a9wT GAME: blocker loaded at at 15,65,20
[02:35:30] cs8-a9wT GAME: blocker loaded at at 28,65,20
[02:35:30] cs8-a9wT GAME: blocker loaded at at 41,65,20
[02:35:30] cs8-a9wT GAME: blocker loaded at at 54,65,20
[02:35:31] cs8-a9wT GAME: blocker loaded at at 67,65,20
[02:35:31] cs8-a9wT GAME: blocker loaded at at 2,56,20
[02:35:31] cs8-a9wT GAME: blocker loaded at at 15,56,20
[02:35:31] cs8-a9wT GAME: blocker loaded at at 28,56,20
[02:35:31] cs8-a9wT GAME: blocker loaded at at 41,56,20
[02:35:31] cs8-a9wT GAME: blocker loaded at at 54,56,20
[02:35:31] cs8-a9wT GAME: blocker loaded at at 67,56,20
[02:35:31] cs8-a9wT GAME: blocker loaded at at 93,56,20
[02:35:31] cs8-a9wT GAME: blocker loaded at at 106,56,20
[02:35:31] cs8-a9wT GAME: blocker loaded at at 119,56,20
[02:35:31] cs8-a9wT GAME: blocker loaded at at 132,56,20
[02:35:31] cs8-a9wT GAME: blocker loaded at at 145,56,20
[02:35:31] cs8-a9wT GAME: blocker loaded at at 158,56,20
[02:35:31] cs8-a9wT GAME: blocker loaded at at 171,56,20
[02:35:31] cs8-a9wT GAME: blocker loaded at at 197,56,20
[02:35:32] cs8-a9wT GAME: blocker loaded at at 2,47,20
[02:35:32] cs8-a9wT GAME: blocker loaded at at 15,47,20
[02:35:32] cs8-a9wT GAME: blocker loaded at at 93,47,20
[02:35:32] cs8-a9wT GAME: blocker loaded at at 106,47,20
[02:35:32] cs8-a9wT GAME: blocker loaded at at 119,47,20
[02:35:32] cs8-a9wT GAME: blocker loaded at at 132,47,20
[02:35:32] cs8-a9wT GAME: blocker loaded at at 145,47,20
[02:35:32] cs8-a9wT GAME: blocker loaded at at 158,47,20
[02:35:32] cs8-a9wT GAME: blocker loaded at at 171,47,20
[02:35:32] cs8-a9wT GAME: blocker loaded at at 184,47,20
[02:35:32] cs8-a9wT GAME: blocker loaded at at 197,47,20
[02:35:32] cs8-a9wT GAME: blocker loaded at at 54,38,20
[02:35:32] cs8-a9wT GAME: blocker loaded at at 67,38,20
[02:35:32] cs8-a9wT GAME: blocker loaded at at 80,38,20
[02:35:32] cs8-a9wT GAME: blocker loaded at at 93,38,20
[02:35:32] cs8-a9wT GAME: blocker loaded at at 106,38,20
[02:35:32] cs8-a9wT GAME: blocker loaded at at 119,38,20
[02:35:33] cs8-a9wT GAME: blocker loaded at at 132,38,20
[02:35:33] cs8-a9wT GAME: blocker loaded at at 145,38,20
[02:35:33] cs8-a9wT GAME: blocker loaded at at 158,38,20
[02:35:33] cs8-a9wT GAME: blocker loaded at at 171,38,20
[02:35:33] cs8-a9wT GAME: blocker loaded at at 184,38,20
[02:35:33] cs8-a9wT GAME: blocker loaded at at 197,38,20
[02:35:33] cs8-a9wT GAME: blocker loaded at at 54,29,20
[02:35:33] cs8-a9wT GAME: blocker loaded at at 67,29,20
[02:35:33] cs8-a9wT GAME: blocker loaded at at 80,29,20
[02:35:33] cs8-a9wT GAME: blocker loaded at at 93,29,20
[02:35:33] cs8-a9wT GAME: blocker loaded at at 106,29,20
[02:35:33] cs8-a9wT GAME: blocker loaded at at 119,29,20
[02:35:33] cs8-a9wT GAME: blocker loaded at at 132,29,20
[02:35:33] cs8-a9wT GAME: blocker loaded at at 145,29,20
[02:35:33] cs8-a9wT GAME: blocker loaded at at 158,29,20
[02:35:33] cs8-a9wT GAME: blocker loaded at at 171,29,20
[02:35:33] cs8-a9wT GAME: blocker loaded at at 184,29,20
[02:35:33] cs8-a9wT GAME: blocker loaded at at 197,29,20
[02:35:34] cs8-a9wT GAME: blocker loaded at at 2,20,20
[02:35:34] cs8-a9wT GAME: blocker loaded at at 28,20,20
[02:35:34] cs8-a9wT GAME: blocker loaded at at 67,20,20
[02:35:34] cs8-a9wT GAME: blocker loaded at at 80,20,20
[02:35:34] cs8-a9wT GAME: blocker loaded at at 93,20,20
[02:35:34] cs8-a9wT GAME: blocker loaded at at 106,20,20
[02:35:34] cs8-a9wT GAME: blocker loaded at at 119,20,20
[02:35:34] cs8-a9wT GAME: blocker loaded at at 132,20,20
[02:35:34] cs8-a9wT GAME: blocker loaded at at 145,20,20
[02:35:34] cs8-a9wT GAME: blocker loaded at at 158,20,20
[02:35:34] cs8-a9wT GAME: blocker loaded at at 171,20,20
[02:35:34] cs8-a9wT GAME: blocker loaded at at 184,20,20
[02:35:34] cs8-a9wT GAME: blocker loaded at at 197,20,20
[02:35:34] cs8-a9wT GAME: blocker loaded at at 54,11,20
[02:35:34] cs8-a9wT GAME: blocker loaded at at 67,11,20
[02:35:34] cs8-a9wT GAME: blocker loaded at at 80,11,20
[02:35:35] cs8-a9wT GAME: blocker loaded at at 93,11,20
[02:35:35] cs8-a9wT GAME: blocker loaded at at 106,11,20
[02:35:35] cs8-a9wT GAME: blocker loaded at at 119,11,20
[02:35:35] cs8-a9wT GAME: blocker loaded at at 132,11,20
[02:35:35] cs8-a9wT GAME: blocker loaded at at 145,11,20
[02:35:35] cs8-a9wT GAME: blocker loaded at at 158,11,20
[02:35:35] cs8-a9wT GAME: blocker loaded at at 171,11,20
[02:35:35] cs8-a9wT GAME: blocker loaded at at 184,11,20
[02:35:35] cs8-a9wT GAME: blocker loaded at at 197,11,20
[02:35:35] cs8-a9wT GAME: blocker loaded at at 171,2,20
[02:35:35] cs8-a9wT GAME: blocker loaded at at 184,2,20
[02:35:35] cs8-a9wT GAME: blocker loaded at at 197,2,20
[02:36:00] cs8-a9wT GAME: mechbay loaded at at 12,77,21
[02:36:00] cs8-a9wT GAME: storage loaded at at 150,116,21
[02:36:00] cs8-a9wT GAME: anomalysci loaded at at 113,20,21
[02:36:01] cs8-a9wT GAME: storage loaded at at 130,127,21
[02:36:01] cs8-a9wT GAME: library loaded at at 23,111,21
[02:36:01] cs8-a9wT GAME: catwalks loaded at at 18,35,21
[02:36:01] cs8-a9wT GAME: hydro loaded at at 93,21,21
[02:36:01] cs8-a9wT GAME: freezer loaded at at 106,138,21
[02:36:01] cs8-a9wT GAME: cryo loaded at at 141,79,21
[02:36:01] cs8-a9wT GAME: library loaded at at 138,53,21
[02:36:01] cs8-a9wT GAME: toilet loaded at at 79,134,21
[02:36:02] cs8-a9wT GAME: sm_core loaded at at 127,110,21
[02:36:02] cs8-a9wT GAME: Medical supplies loaded at at 63,140,21
[02:36:02] cs8-a9wT GAME: office loaded at at 50,140,21
[02:36:02] cs8-a9wT GAME: a lost roach loaded at at 136,141,21
[02:36:02] cs8-a9wT GAME: anomalysci loaded at at 121,73,21
[02:36:02] cs8-a9wT GAME: freezer loaded at at 24,148,21
[02:36:02] cs8-a9wT GAME: a lost roach loaded at at 60,127,21
[02:36:03] cs8-a9wT GAME: library loaded at at 30,43,21
[02:36:03] cs8-a9wT GAME: Trash loaded at at 11,148,21
[02:36:03] cs8-a9wT GAME: catwalks loaded at at 28,71,21
[02:36:03] cs8-a9wT GAME: toilet loaded at at 31,24,21
[02:36:03] cs8-a9wT GAME: freezer loaded at at 34,125,21
[02:36:03] cs8-a9wT GAME: sm_core loaded at at 43,154,21
[02:36:03] cs8-a9wT GAME: mechbay loaded at at 149,144,21
[02:36:03] cs8-a9wT GAME: toilet loaded at at 60,101,21
[02:36:04] cs8-a9wT GAME: morgue loaded at at 146,129,21
[02:36:04] cs8-a9wT GAME: sm_core loaded at at 91,137,21
[02:36:04] cs8-a9wT GAME: anomalysci loaded at at 154,49,21
[02:36:04] cs8-a9wT GAME: toilet loaded at at 114,102,21
