

Starting up. (ID: cuD-drot) 17:42.28
---------------------
[17:42:29] cuD-drot MISC: Saved storyteller is 'healer'
[17:42:30] cuD-drot ADMIN: Loading jobban_rank
[17:42:30] cuD-drot ADMIN: jobban_keylist was empty
[17:42:30] cuD-drot ADMIN: Loading Banlist
[17:44:27] cuD-drot ADMIN: Ethan Fuchs try find_inv_position a 14, but not have that slot!
[17:44:27] cuD-drot ADMIN: Ethan Fuchs try find_inv_position a 11, but not have that slot!
[17:44:27] cuD-drot ADMIN: Ethan Fuchs try find_inv_position a 13, but not have that slot!
[17:44:27] cuD-drot ADMIN: Ethan Fuchs try find_inv_position a 12, but not have that slot!
[17:44:27] cuD-drot ADMIN: Jorge Bash try find_inv_position a 14, but not have that slot!
[17:44:27] cuD-drot ADMIN: Jorge Bash try find_inv_position a 11, but not have that slot!
[17:44:27] cuD-drot ADMIN: Jorge Bash try find_inv_position a 13, but not have that slot!
[17:44:27] cuD-drot ADMIN: Jorge Bash try find_inv_position a 12, but not have that slot!
[17:44:27] cuD-drot ADMIN: Jackson Todd try find_inv_position a 14, but not have that slot!
[17:44:27] cuD-drot ADMIN: Jackson Todd try find_inv_position a 11, but not have that slot!
[17:44:27] cuD-drot ADMIN: Jackson Todd try find_inv_position a 13, but not have that slot!
[17:44:27] cuD-drot ADMIN: Jackson Todd try find_inv_position a 12, but not have that slot!
[17:44:27] cuD-drot ADMIN: Reuben Jewell try find_inv_position a 14, but not have that slot!
[17:44:27] cuD-drot ADMIN: Reuben Jewell try find_inv_position a 11, but not have that slot!
[17:44:27] cuD-drot ADMIN: Reuben Jewell try find_inv_position a 13, but not have that slot!
[17:44:27] cuD-drot ADMIN: Reuben Jewell try find_inv_position a 12, but not have that slot!
[17:44:27] cuD-drot ADMIN: Noah Haynes try find_inv_position a 14, but not have that slot!
[17:44:27] cuD-drot ADMIN: Noah Haynes try find_inv_position a 11, but not have that slot!
[17:44:27] cuD-drot ADMIN: Noah Haynes try find_inv_position a 13, but not have that slot!
[17:44:27] cuD-drot ADMIN: Noah Haynes try find_inv_position a 12, but not have that slot!
[17:44:28] cuD-drot ADMIN: Han Green try find_inv_position a 14, but not have that slot!
[17:44:28] cuD-drot ADMIN: Han Green try find_inv_position a 11, but not have that slot!
[17:44:28] cuD-drot ADMIN: Han Green try find_inv_position a 13, but not have that slot!
[17:44:28] cuD-drot ADMIN: Han Green try find_inv_position a 12, but not have that slot!
[17:45:28] cuD-drot ADMIN: EVENT *null* has loaded a character.
[17:45:29] cuD-drot ACCESS: Login: RiotScopez/() from 146.115.147.185-4045791979 || BYOND v514.1582
[17:45:29] cuD-drot ACCESS: Login: RiotScopez/(/(RiotScopez)) from 146.115.147.185-4045791979 || BYOND v514
[17:45:29] cuD-drot DEBUG: Could not find style "ErisStyle" for /mob/new_player.
[17:45:29] cuD-drot ACCESS: Login: RiotScopez/(/(RiotScopez)) from 146.115.147.185-4045791979 || BYOND v514
[17:47:10] cuD-drot GAME: neutral 3 loaded at at 86,66,19
[17:47:11] cuD-drot GAME: neutral 3 loaded at at 21,56,19
[17:47:11] cuD-drot GAME: neutral 2 loaded at at 81,41,19
[17:47:12] cuD-drot GAME: neutral 2 loaded at at 51,86,19
[17:47:13] cuD-drot GAME: neutral 3 loaded at at 81,11,19
[17:47:13] cuD-drot GAME: neutral 3 loaded at at 21,26,19
[17:47:14] cuD-drot GAME: neutral 2 loaded at at 56,56,19
[17:47:14] cuD-drot GAME: neutral 3 loaded at at 11,81,19
[17:47:14] cuD-drot GAME: neutral 4 loaded at at 26,16,19
[17:47:14] cuD-drot GAME: neutral 8 loaded at at 21,76,19
[17:47:14] cuD-drot GAME: neutral 2 loaded at at 106,51,19
[17:47:15] cuD-drot GAME: neutral 3 loaded at at 66,16,19
[17:47:15] cuD-drot GAME: neutral 2 loaded at at 11,11,19
[17:47:15] cuD-drot GAME: neutral 9 loaded at at 106,41,19
[17:47:15] cuD-drot GAME: neutral 7 loaded at at 81,91,19
[17:47:15] cuD-drot GAME: neutral 7 loaded at at 11,56,19
[17:47:15] cuD-drot GAME: neutral 3 loaded at at 91,106,19
[17:47:15] cuD-drot GAME: neutral 1 loaded at at 61,16,19
[17:47:15] cuD-drot GAME: neutral 7 loaded at at 61,46,19
[17:47:15] cuD-drot GAME: neutral 3 loaded at at 46,31,19
[17:47:15] cuD-drot GAME: neutral 8 loaded at at 56,11,19
[17:47:15] cuD-drot GAME: neutral 3 loaded at at 16,56,19
[17:47:15] cuD-drot GAME: neutral 10 loaded at at 36,76,19
[17:47:15] cuD-drot GAME: neutral 6 loaded at at 11,76,19
[17:47:15] cuD-drot GAME: neutral 2 loaded at at 11,66,19
[17:47:15] cuD-drot GAME: neutral 2 loaded at at 36,96,19
[17:47:15] cuD-drot GAME: neutral 8 loaded at at 41,61,19
[17:47:15] cuD-drot GAME: neutral 3 loaded at at 36,106,19
[17:47:15] cuD-drot GAME: neutral 10 loaded at at 71,51,19
[17:47:15] cuD-drot GAME: neutral 9 loaded at at 11,36,19
[17:47:15] cuD-drot GAME: neutral 9 loaded at at 106,26,19
[17:47:15] cuD-drot GAME: neutral 4 loaded at at 46,86,19
[17:47:15] cuD-drot GAME: neutral 3 loaded at at 31,21,19
[17:47:15] cuD-drot GAME: neutral 4 loaded at at 21,16,19
[17:47:15] cuD-drot GAME: neutral 11 loaded at at 21,21,19
[17:47:15] cuD-drot GAME: neutral 4 loaded at at 56,51,19
[17:47:15] cuD-drot GAME: neutral 1 loaded at at 76,91,19
[17:47:16] cuD-drot GAME: neutral 10 loaded at at 51,11,19
[17:47:16] cuD-drot GAME: neutral 5 loaded at at 101,91,19
[17:47:16] cuD-drot GAME: neutral 5 loaded at at 41,101,19
[17:47:16] cuD-drot GAME: neutral 4 loaded at at 36,71,19
[17:47:16] cuD-drot GAME: neutral 3 loaded at at 41,46,19
[17:47:16] cuD-drot GAME: neutral 1 loaded at at 36,81,19
[17:47:16] cuD-drot GAME: neutral 1 loaded at at 56,106,19
[17:47:16] cuD-drot GAME: neutral 3 loaded at at 76,86,19
[17:47:16] cuD-drot GAME: neutral 11 loaded at at 41,81,19
[17:47:16] cuD-drot GAME: neutral 6 loaded at at 26,46,19
[17:47:16] cuD-drot GAME: neutral 4 loaded at at 66,81,19
[17:47:16] cuD-drot GAME: neutral 1 loaded at at 101,36,19
[17:47:16] cuD-drot GAME: neutral 4 loaded at at 41,11,19
[17:47:16] cuD-drot GAME: neutral 11 loaded at at 11,66,19
[17:47:16] cuD-drot GAME: neutral 8 loaded at at 16,31,19
[17:47:16] cuD-drot GAME: neutral 11 loaded at at 76,106,19
[17:47:16] cuD-drot GAME: neutral 5 loaded at at 61,81,19
[17:47:17] cuD-drot GAME: neutral 11 loaded at at 76,81,19
[17:47:17] cuD-drot GAME: neutral 1 loaded at at 106,101,19
[17:47:17] cuD-drot GAME: neutral 3 loaded at at 91,41,19
[17:47:17] cuD-drot GAME: neutral 3 loaded at at 96,96,19
[17:47:17] cuD-drot GAME: neutral 4 loaded at at 71,46,19
[17:47:17] cuD-drot GAME: neutral 8 loaded at at 56,41,19
[17:47:17] cuD-drot GAME: neutral 11 loaded at at 41,106,19
[17:47:17] cuD-drot GAME: neutral 6 loaded at at 86,96,19
[17:47:17] cuD-drot GAME: neutral 7 loaded at at 16,36,19
[17:47:17] cuD-drot GAME: neutral 2 loaded at at 71,21,19
[17:47:17] cuD-drot GAME: neutral 11 loaded at at 51,76,19
[17:47:17] cuD-drot GAME: neutral 1 loaded at at 81,56,19
[17:47:17] cuD-drot GAME: neutral 4 loaded at at 56,36,19
[17:47:17] cuD-drot GAME: neutral 5 loaded at at 86,36,19
[17:47:30] cuD-drot GAME: Emitter deleted at (0,0,0)
[17:48:33] cuD-drot ASSET: ERROR: Invalid asset: /datum/asset/simple/craft:obj_item_stack_cable_coil.png:1
[17:48:39] cuD-drot ASSET: ERROR: Invalid asset: /datum/asset/simple/craft:obj_item_clothing_glasses_powered_meson.png:1
[17:48:40] cuD-drot ASSET: ERROR: Invalid asset: /datum/asset/simple/craft:obj_item_gun_projectile_boltgun_lever.png:1
[17:48:40] cuD-drot ASSET: ERROR: Invalid asset: /datum/asset/simple/craft:obj_item_gun_projectile_automatic_sts_rifle.png:1
[17:48:41] cuD-drot ASSET: ERROR: Invalid asset: /datum/asset/simple/craft:obj_item_modular_computer_laptop.png:1
[17:49:34] cuD-drot VOTE: Storyteller vote started by server.
[17:49:52] cuD-drot GAME: vault loaded at at 97,64,21
[17:49:52] cuD-drot MISC: a the gibber didn't find an input plate.
[17:49:53] cuD-drot GAME: xenostudy loaded at at 77,112,21
[17:49:53] cuD-drot GAME: vault loaded at at 99,101,21
[17:49:54] cuD-drot GAME: vault loaded at at 73,59,21
[17:49:55] cuD-drot GAME: pod bay loaded at at 38,90,21
[17:49:55] cuD-drot GAME: dinner loaded at at 40,64,21
[17:49:55] cuD-drot GAME: Entrance - 1 loaded at at 2,137,20
[17:49:57] cuD-drot GAME: crematorium loaded at at 15,137,20
[17:49:57] cuD-drot GAME: garden loaded at at 15,128,20
[17:49:58] cuD-drot GAME: crematorium loaded at at 2,128,20
[17:49:58] cuD-drot GAME: Escape_Pod_West-East loaded at at 2,119,20
[17:50:00] cuD-drot GAME: Hallway_4way loaded at at 15,119,20
[17:50:01] cuD-drot GAME: penitentiary loaded at at 28,119,20
[17:50:01] cuD-drot GAME: Escape_Pod_West-East loaded at at 41,119,20
[17:50:02] cuD-drot GAME: Escape_Pod_West-East loaded at at 54,119,20
[17:50:02] cuD-drot GAME: secure_storage_horizontal loaded at at 67,119,20
[17:50:02] cuD-drot GAME: Hallway_4way loaded at at 80,119,20
[17:50:03] cuD-drot GAME: garden loaded at at 80,110,20
[17:50:03] cuD-drot GAME: hallwayatmos_west-east loaded at at 93,110,20
[17:50:03] cuD-drot GAME: crematorium loaded at at 106,110,20
[17:50:04] cuD-drot GAME: crematorium loaded at at 119,110,20
[17:50:06] cuD-drot GAME: Hallway_4way loaded at at 119,101,20
[17:50:06] cuD-drot GAME: crematorium loaded at at 106,101,20
[17:50:06] cuD-drot GAME: Escape_Pod_West-East loaded at at 93,101,20
[17:50:07] cuD-drot GAME: showers loaded at at 80,101,20
[17:50:07] cuD-drot GAME: penitentiary loaded at at 67,101,20
[17:50:08] cuD-drot GAME: showers loaded at at 54,101,20
[17:50:08] cuD-drot GAME: Hallway_4way loaded at at 41,101,20
[17:50:08] cuD-drot GAME: crematorium loaded at at 28,101,20
[17:50:09] cuD-drot GAME: autolathe_South-East loaded at at 15,101,20
[17:50:10] cuD-drot GAME: Escape_Pod_West-East loaded at at 15,92,20
[17:50:11] cuD-drot GAME: autolathe_South-East loaded at at 2,92,20
[17:50:12] cuD-drot GAME: Hallway_4way loaded at at 2,83,20
[17:50:13] cuD-drot GAME: Escape_Pod_West-East loaded at at 2,74,20
[17:50:14] cuD-drot GAME: checkpoint_horizontal loaded at at 15,74,20
[17:50:15] cuD-drot GAME: secure_storage_horizontal loaded at at 28,74,20
[17:50:15] cuD-drot GAME: secure_storage_horizontal loaded at at 41,74,20
[17:50:16] cuD-drot GAME: garden loaded at at 54,74,20
[17:50:16] cuD-drot GAME: crematorium loaded at at 67,74,20
[17:50:17] cuD-drot GAME: checkpoint_horizontal loaded at at 80,74,20
[17:50:17] cuD-drot GAME: garden loaded at at 93,74,20
[17:50:17] cuD-drot GAME: Escape_Pod_West-East loaded at at 106,74,20
[17:50:18] cuD-drot GAME: Hallway_4way loaded at at 106,65,20
[17:50:18] cuD-drot GAME: crematorium loaded at at 119,65,20
[17:50:19] cuD-drot GAME: Hallway_4way loaded at at 119,56,20
[17:50:21] cuD-drot GAME: Hallway_4way loaded at at 132,56,20
[17:50:21] cuD-drot GAME: garden loaded at at 132,47,20
[17:50:21] cuD-drot GAME: Escape_Pod_West-East loaded at at 145,47,20
[17:50:22] cuD-drot GAME: garden loaded at at 158,47,20
[17:50:23] cuD-drot GAME: crematorium loaded at at 171,47,20
[17:50:24] cuD-drot GAME: hallway_executive loaded at at 171,38,20
[17:50:24] cuD-drot GAME: Hallway_4way loaded at at 171,29,20
[17:50:25] cuD-drot GAME: hallwayatmos_west-east loaded at at 184,29,20
[17:50:26] cuD-drot GAME: crematorium loaded at at 197,29,20
[17:50:26] cuD-drot GAME: Hallway_4way loaded at at 197,20,20
[17:50:27] cuD-drot GAME: Hallway_4way loaded at at 184,20,20
[17:50:27] cuD-drot GAME: Hallway_4way loaded at at 171,20,20
[17:50:28] cuD-drot GAME: showers loaded at at 158,20,20
[17:50:28] cuD-drot GAME: garden loaded at at 145,20,20
[17:50:28] cuD-drot GAME: garden loaded at at 132,20,20
[17:50:29] cuD-drot GAME: penitentiary loaded at at 119,20,20
[17:50:31] cuD-drot GAME: Escape_Pod_West-East loaded at at 106,20,20
[17:50:32] cuD-drot GAME: Hallway_4way loaded at at 106,11,20
[17:50:33] cuD-drot GAME: crematorium loaded at at 119,11,20
[17:50:33] cuD-drot GAME: garden loaded at at 119,2,20
[17:50:34] cuD-drot GAME: checkpoint_horizontal loaded at at 132,2,20
[17:50:34] cuD-drot GAME: crematorium loaded at at 145,2,20
[17:50:34] cuD-drot GAME: Hallway_4way loaded at at 158,2,20
[17:50:35] cuD-drot GAME: Hallway_4way loaded at at 171,2,20
[17:50:35] cuD-drot GAME: Hallway_4way loaded at at 184,2,20
[17:50:35] cuD-drot GAME: Exit - 1 loaded at at 197,2,20
[17:51:06] cuD-drot GAME: surgery loaded at at 158,56,20
[17:51:07] cuD-drot GAME: armory loaded at at 106,2,20
[17:51:10] cuD-drot GAME: anomaly loaded at at 132,38,20
[17:51:11] cuD-drot GAME: shooting_range loaded at at 106,92,20
[17:51:12] cuD-drot GAME: surgery loaded at at 2,110,20
[17:51:19] cuD-drot GAME: shooting_range loaded at at 171,11,20
[17:51:23] cuD-drot GAME: armory_secure loaded at at 15,83,20
[17:51:24] cuD-drot GAME: anomaly loaded at at 2,65,20
[17:51:27] cuD-drot GAME: armory_secure loaded at at 132,11,20
[17:51:28] cuD-drot GAME: surgery loaded at at 145,56,20
[17:51:35] cuD-drot GAME: surgery loaded at at 158,38,20
[17:51:35] cuD-drot GAME: anomaly loaded at at 2,101,20
[17:51:36] cuD-drot GAME: shooting_range loaded at at 106,83,20
[17:51:38] cuD-drot GAME: mechbay loaded at at 119,47,20
[17:51:38] cuD-drot GAME: armory_secure loaded at at 28,92,20
[17:51:39] cuD-drot GAME: anomaly loaded at at 197,11,20
[17:51:41] cuD-drot GAME: mechbay loaded at at 67,110,20
[17:51:44] cuD-drot VOTE: <b>Votes:</b><br>	The Guide - 0 vote.<br><b>	The Sleeper - 1 vote.<br></b>	The Jester - 0 vote.<br>	The Mime - 0 vote.<br>	The Healer - 0 vote.<br>	Ghost Town - 0 vote.<br>	The Warrior - 0 vote.<br>	The Chronicler - 0 vote.<br>	Did not vote - 0<br>
[17:51:47] cuD-drot ADMIN: RiotScopez/(/(RiotScopez)) delayed the game.
[17:51:49] cuD-drot GAME: shooting_range loaded at at 67,65,20
[17:51:50] cuD-drot DEBUG: Runtime in inspiration_component.dm,29: undefined variable /obj/item/tool/knife/dagger/var/perk <A HREF='?_src_=holder;viewruntime=[0x210a2810]'>[view]</A>
[17:51:56] cuD-drot ADMIN: RiotScopez/(/(RiotScopez)) RiotScopez/(/(RiotScopez)) has loaded a character.
[17:52:01] cuD-drot GAME: shooting_range loaded at at 184,11,20
[17:52:02] cuD-drot ADMIN: RiotScopez/(/(RiotScopez)) RiotScopez/(/(RiotScopez)) has saved their preferences.
[17:52:02] cuD-drot ADMIN: RiotScopez/(/(RiotScopez)) RiotScopez/(/(RiotScopez)) has saved a character.
[17:52:04] cuD-drot GAME: refinery loaded at at 106,56,20
[17:52:07] cuD-drot GAME: anomaly loaded at at 54,65,20
[17:52:08] cuD-drot GAME: surgery loaded at at 80,128,20
[17:52:08] cuD-drot GAME: blocker loaded at at 28,137,20
[17:52:08] cuD-drot GAME: blocker loaded at at 41,137,20
[17:52:08] cuD-drot GAME: blocker loaded at at 54,137,20
[17:52:08] cuD-drot GAME: blocker loaded at at 67,137,20
[17:52:08] cuD-drot GAME: blocker loaded at at 80,137,20
[17:52:08] cuD-drot GAME: blocker loaded at at 93,137,20
[17:52:08] cuD-drot GAME: blocker loaded at at 106,137,20
[17:52:08] cuD-drot GAME: blocker loaded at at 119,137,20
[17:52:08] cuD-drot GAME: blocker loaded at at 132,137,20
[17:52:08] cuD-drot GAME: blocker loaded at at 145,137,20
[17:52:08] cuD-drot GAME: blocker loaded at at 158,137,20
[17:52:08] cuD-drot GAME: blocker loaded at at 171,137,20
[17:52:08] cuD-drot GAME: blocker loaded at at 184,137,20
[17:52:08] cuD-drot GAME: blocker loaded at at 197,137,20
[17:52:09] cuD-drot GAME: blocker loaded at at 28,128,20
[17:52:09] cuD-drot GAME: blocker loaded at at 41,128,20
[17:52:09] cuD-drot GAME: blocker loaded at at 54,128,20
[17:52:09] cuD-drot GAME: blocker loaded at at 67,128,20
[17:52:09] cuD-drot GAME: blocker loaded at at 93,128,20
[17:52:09] cuD-drot GAME: blocker loaded at at 106,128,20
[17:52:09] cuD-drot GAME: blocker loaded at at 119,128,20
[17:52:09] cuD-drot GAME: blocker loaded at at 132,128,20
[17:52:09] cuD-drot GAME: blocker loaded at at 145,128,20
[17:52:09] cuD-drot GAME: blocker loaded at at 158,128,20
[17:52:09] cuD-drot GAME: blocker loaded at at 171,128,20
[17:52:09] cuD-drot GAME: blocker loaded at at 184,128,20
[17:52:09] cuD-drot GAME: blocker loaded at at 197,128,20
[17:52:09] cuD-drot GAME: blocker loaded at at 93,119,20
[17:52:09] cuD-drot GAME: blocker loaded at at 106,119,20
[17:52:09] cuD-drot GAME: blocker loaded at at 119,119,20
[17:52:09] cuD-drot GAME: blocker loaded at at 132,119,20
[17:52:10] cuD-drot GAME: blocker loaded at at 145,119,20
[17:52:10] cuD-drot GAME: blocker loaded at at 158,119,20
[17:52:10] cuD-drot GAME: blocker loaded at at 171,119,20
[17:52:10] cuD-drot GAME: blocker loaded at at 184,119,20
[17:52:10] cuD-drot GAME: blocker loaded at at 197,119,20
[17:52:10] cuD-drot GAME: blocker loaded at at 15,110,20
[17:52:10] cuD-drot GAME: blocker loaded at at 28,110,20
[17:52:10] cuD-drot GAME: blocker loaded at at 41,110,20
[17:52:10] cuD-drot GAME: blocker loaded at at 54,110,20
[17:52:10] cuD-drot GAME: blocker loaded at at 132,110,20
[17:52:10] cuD-drot GAME: blocker loaded at at 145,110,20
[17:52:10] cuD-drot GAME: blocker loaded at at 158,110,20
[17:52:10] cuD-drot GAME: blocker loaded at at 171,110,20
[17:52:10] cuD-drot GAME: blocker loaded at at 184,110,20
[17:52:11] cuD-drot GAME: blocker loaded at at 197,110,20
[17:52:11] cuD-drot GAME: blocker loaded at at 132,101,20
[17:52:11] cuD-drot GAME: blocker loaded at at 145,101,20
[17:52:11] cuD-drot GAME: blocker loaded at at 158,101,20
[17:52:11] cuD-drot GAME: blocker loaded at at 171,101,20
[17:52:11] cuD-drot GAME: blocker loaded at at 184,101,20
[17:52:11] cuD-drot GAME: blocker loaded at at 197,101,20
[17:52:11] cuD-drot GAME: blocker loaded at at 41,92,20
[17:52:11] cuD-drot GAME: blocker loaded at at 54,92,20
[17:52:11] cuD-drot GAME: blocker loaded at at 67,92,20
[17:52:11] cuD-drot GAME: blocker loaded at at 80,92,20
[17:52:11] cuD-drot GAME: blocker loaded at at 93,92,20
[17:52:11] cuD-drot GAME: blocker loaded at at 119,92,20
[17:52:11] cuD-drot GAME: blocker loaded at at 132,92,20
[17:52:11] cuD-drot GAME: blocker loaded at at 145,92,20
[17:52:11] cuD-drot GAME: blocker loaded at at 158,92,20
[17:52:11] cuD-drot GAME: blocker loaded at at 171,92,20
[17:52:12] cuD-drot GAME: blocker loaded at at 184,92,20
[17:52:12] cuD-drot GAME: blocker loaded at at 197,92,20
[17:52:12] cuD-drot GAME: blocker loaded at at 28,83,20
[17:52:12] cuD-drot GAME: blocker loaded at at 41,83,20
[17:52:12] cuD-drot GAME: blocker loaded at at 54,83,20
[17:52:12] cuD-drot GAME: blocker loaded at at 67,83,20
[17:52:12] cuD-drot GAME: blocker loaded at at 80,83,20
[17:52:12] cuD-drot GAME: blocker loaded at at 93,83,20
[17:52:12] cuD-drot GAME: blocker loaded at at 119,83,20
[17:52:12] cuD-drot GAME: blocker loaded at at 132,83,20
[17:52:12] cuD-drot GAME: blocker loaded at at 145,83,20
[17:52:12] cuD-drot GAME: blocker loaded at at 158,83,20
[17:52:12] cuD-drot GAME: blocker loaded at at 171,83,20
[17:52:12] cuD-drot GAME: blocker loaded at at 184,83,20
[17:52:12] cuD-drot GAME: blocker loaded at at 197,83,20
[17:52:12] cuD-drot GAME: blocker loaded at at 119,74,20
[17:52:12] cuD-drot GAME: blocker loaded at at 132,74,20
[17:52:13] cuD-drot GAME: blocker loaded at at 145,74,20
[17:52:13] cuD-drot GAME: blocker loaded at at 158,74,20
[17:52:13] cuD-drot GAME: blocker loaded at at 171,74,20
[17:52:13] cuD-drot GAME: blocker loaded at at 184,74,20
[17:52:13] cuD-drot GAME: blocker loaded at at 197,74,20
[17:52:13] cuD-drot GAME: blocker loaded at at 15,65,20
[17:52:13] cuD-drot GAME: blocker loaded at at 28,65,20
[17:52:13] cuD-drot GAME: blocker loaded at at 41,65,20
[17:52:13] cuD-drot GAME: blocker loaded at at 80,65,20
[17:52:13] cuD-drot GAME: blocker loaded at at 93,65,20
[17:52:13] cuD-drot GAME: blocker loaded at at 132,65,20
[17:52:13] cuD-drot GAME: blocker loaded at at 145,65,20
[17:52:13] cuD-drot GAME: blocker loaded at at 158,65,20
[17:52:13] cuD-drot GAME: blocker loaded at at 171,65,20
[17:52:13] cuD-drot GAME: blocker loaded at at 184,65,20
[17:52:14] cuD-drot GAME: blocker loaded at at 197,65,20
[17:52:14] cuD-drot GAME: blocker loaded at at 2,56,20
[17:52:14] cuD-drot GAME: blocker loaded at at 15,56,20
[17:52:14] cuD-drot GAME: blocker loaded at at 28,56,20
[17:52:14] cuD-drot GAME: blocker loaded at at 41,56,20
[17:52:14] cuD-drot GAME: blocker loaded at at 54,56,20
[17:52:14] cuD-drot GAME: blocker loaded at at 67,56,20
[17:52:14] cuD-drot GAME: blocker loaded at at 80,56,20
[17:52:14] cuD-drot GAME: blocker loaded at at 93,56,20
[17:52:14] cuD-drot GAME: blocker loaded at at 171,56,20
[17:52:14] cuD-drot GAME: blocker loaded at at 184,56,20
[17:52:14] cuD-drot GAME: blocker loaded at at 197,56,20
[17:52:14] cuD-drot GAME: blocker loaded at at 2,47,20
[17:52:14] cuD-drot GAME: blocker loaded at at 15,47,20
[17:52:14] cuD-drot GAME: blocker loaded at at 28,47,20
[17:52:14] cuD-drot GAME: blocker loaded at at 41,47,20
[17:52:14] cuD-drot GAME: blocker loaded at at 54,47,20
[17:52:14] cuD-drot GAME: blocker loaded at at 67,47,20
[17:52:14] cuD-drot GAME: blocker loaded at at 80,47,20
[17:52:15] cuD-drot GAME: blocker loaded at at 93,47,20
[17:52:15] cuD-drot GAME: blocker loaded at at 106,47,20
[17:52:15] cuD-drot GAME: blocker loaded at at 184,47,20
[17:52:15] cuD-drot GAME: blocker loaded at at 197,47,20
[17:52:15] cuD-drot GAME: blocker loaded at at 2,38,20
[17:52:15] cuD-drot GAME: blocker loaded at at 15,38,20
[17:52:15] cuD-drot GAME: blocker loaded at at 28,38,20
[17:52:15] cuD-drot GAME: blocker loaded at at 41,38,20
[17:52:15] cuD-drot GAME: blocker loaded at at 54,38,20
[17:52:15] cuD-drot GAME: blocker loaded at at 67,38,20
[17:52:15] cuD-drot GAME: blocker loaded at at 80,38,20
[17:52:15] cuD-drot GAME: blocker loaded at at 93,38,20
[17:52:15] cuD-drot GAME: blocker loaded at at 106,38,20
[17:52:15] cuD-drot GAME: blocker loaded at at 119,38,20
[17:52:15] cuD-drot GAME: blocker loaded at at 145,38,20
[17:52:15] cuD-drot GAME: blocker loaded at at 184,38,20
[17:52:15] cuD-drot GAME: blocker loaded at at 197,38,20
[17:52:16] cuD-drot GAME: blocker loaded at at 2,29,20
[17:52:16] cuD-drot GAME: blocker loaded at at 15,29,20
[17:52:16] cuD-drot GAME: blocker loaded at at 28,29,20
[17:52:16] cuD-drot GAME: blocker loaded at at 41,29,20
[17:52:16] cuD-drot GAME: blocker loaded at at 54,29,20
[17:52:16] cuD-drot GAME: blocker loaded at at 67,29,20
[17:52:16] cuD-drot GAME: blocker loaded at at 80,29,20
[17:52:16] cuD-drot GAME: blocker loaded at at 93,29,20
[17:52:16] cuD-drot GAME: blocker loaded at at 106,29,20
[17:52:16] cuD-drot GAME: blocker loaded at at 119,29,20
[17:52:16] cuD-drot GAME: blocker loaded at at 132,29,20
[17:52:16] cuD-drot GAME: blocker loaded at at 145,29,20
[17:52:16] cuD-drot GAME: blocker loaded at at 158,29,20
[17:52:16] cuD-drot GAME: blocker loaded at at 2,20,20
[17:52:16] cuD-drot GAME: blocker loaded at at 15,20,20
[17:52:16] cuD-drot GAME: blocker loaded at at 28,20,20
[17:52:16] cuD-drot GAME: blocker loaded at at 41,20,20
[17:52:16] cuD-drot GAME: blocker loaded at at 54,20,20
[17:52:16] cuD-drot GAME: blocker loaded at at 67,20,20
[17:52:17] cuD-drot GAME: blocker loaded at at 80,20,20
[17:52:17] cuD-drot GAME: blocker loaded at at 93,20,20
[17:52:17] cuD-drot GAME: blocker loaded at at 2,11,20
[17:52:17] cuD-drot GAME: blocker loaded at at 15,11,20
[17:52:17] cuD-drot GAME: blocker loaded at at 28,11,20
[17:52:17] cuD-drot GAME: blocker loaded at at 41,11,20
[17:52:17] cuD-drot GAME: blocker loaded at at 54,11,20
[17:52:17] cuD-drot GAME: blocker loaded at at 67,11,20
[17:52:17] cuD-drot GAME: blocker loaded at at 80,11,20
[17:52:17] cuD-drot GAME: blocker loaded at at 93,11,20
[17:52:17] cuD-drot GAME: blocker loaded at at 145,11,20
[17:52:17] cuD-drot GAME: blocker loaded at at 158,11,20
[17:52:17] cuD-drot GAME: blocker loaded at at 2,2,20
[17:52:17] cuD-drot GAME: blocker loaded at at 15,2,20
[17:52:17] cuD-drot GAME: blocker loaded at at 28,2,20
[17:52:17] cuD-drot GAME: blocker loaded at at 41,2,20
[17:52:17] cuD-drot GAME: blocker loaded at at 54,2,20
[17:52:17] cuD-drot GAME: blocker loaded at at 67,2,20
[17:52:18] cuD-drot GAME: blocker loaded at at 80,2,20
[17:52:18] cuD-drot GAME: blocker loaded at at 93,2,20
[17:52:38] cuD-drot GAME: freezer loaded at at 113,139,21
[17:52:38] cuD-drot GAME: a lost roach loaded at at 75,91,21
[17:52:38] cuD-drot GAME: storage loaded at at 134,125,21
[17:52:39] cuD-drot GAME: toilet loaded at at 47,50,21
[17:52:39] cuD-drot GAME: hydro loaded at at 62,35,21
[17:52:39] cuD-drot GAME: anomalysci loaded at at 153,108,21
[17:52:39] cuD-drot GAME: freezer loaded at at 149,32,21
[17:52:39] cuD-drot GAME: mechbay loaded at at 134,63,21
[17:52:39] cuD-drot GAME: a lost roach loaded at at 154,85,21
[17:52:39] cuD-drot GAME: library loaded at at 84,47,21
[17:52:39] cuD-drot GAME: mechbay loaded at at 48,26,21
[17:52:39] cuD-drot GAME: freezer loaded at at 18,149,21
[17:52:40] cuD-drot GAME: storage loaded at at 150,139,21
[17:52:40] cuD-drot GAME: catwalks loaded at at 20,57,21
[17:52:40] cuD-drot GAME: anomalysci loaded at at 120,31,21
[17:52:40] cuD-drot GAME: freezer loaded at at 58,140,21
[17:52:40] cuD-drot GAME: toilet loaded at at 90,147,21
[17:52:40] cuD-drot GAME: freezer loaded at at 11,96,21
[17:52:40] cuD-drot GAME: cryo loaded at at 27,72,21
[17:52:41] cuD-drot GAME: cryo loaded at at 127,106,21
[17:52:42] cuD-drot GAME: sm_core loaded at at 127,151,21
[17:52:43] cuD-drot GAME: anomalysci loaded at at 133,32,21
[17:52:43] cuD-drot GAME: barricades loaded at at 121,67,21
[17:52:43] cuD-drot GAME: hydro loaded at at 101,129,21
[17:52:43] cuD-drot GAME: a lost roach loaded at at 66,20,21
[17:52:43] cuD-drot GAME: mechbay loaded at at 100,45,21
[17:52:43] cuD-drot GAME: freezer loaded at at 140,44,21
[17:52:43] cuD-drot GAME: catwalks loaded at at 127,51,21
[17:52:44] cuD-drot GAME: library loaded at at 74,142,21
[17:52:44] cuD-drot GAME: cryo loaded at at 33,38,21
[17:53:00] cuD-drot ADMIN: RiotScopez has started the game.
[17:53:02] cuD-drot ACCESS: Logout: *no key*/(/(RiotScopez))
[17:53:02] cuD-drot ACCESS: Login: RiotScopez/(/(Klara Scott)) from 146.115.147.185-4045791979 || BYOND v514
[17:53:02] cuD-drot DEBUG: Could not find style "ErisStyle" for /mob/living/carbon/human.
[17:53:08] cuD-drot DEBUG: Creating records for Klara Scott
[17:53:21] cuD-drot SAY: Durable Kraftwerk Roach/ : 10101010011100010101.
[17:53:21] cuD-drot SAY: *no key*/(/(rat (70))) squeals! 
[17:53:21] cuD-drot SAY: *no key*/(/(rat (140))) squeals! 
[17:53:22] cuD-drot GAME: Explosion with size (-1, 0, 1) in area Swamp Caves 
[17:53:25] cuD-drot GAME: Explosion with size (-1, 0, 1) in area Swamp Caves 
[17:53:34] cuD-drot SAY: *no key*/(/(rat (101))) squeals! 
[17:53:36] cuD-drot SAY: *no key*/(/(rat (117))) squeals! 
[17:53:36] cuD-drot SAY: *no key*/(/(rat (788))) squeals! 
[17:53:37] cuD-drot SAY: *no key*/(/(rat (995))) squeals! 
[17:53:38] cuD-drot GAME: *no key*/(/(Trigger-fingered Void Wolf Trooper)) shot fueltank at Smuggler Base (22,10,9).
[17:53:38] cuD-drot GAME: Explosion with size (0, 1, 3) in area Smuggler Base 
[17:53:38] cuD-drot SAY: *no key*/(/(rat (301))) squeals! 
[17:53:40] cuD-drot SAY: *no key*/(/(rat (775))) squeals! 
[17:53:42] cuD-drot SAY: *no key*/(/(rat (371))) squeals! 
[17:54:45] cuD-drot DEBUG: Runtime in unsorted.dm,1381: addtimer called with a callback assigned to a qdeleted object. In the future such timers will not be supported and may refuse to run or run with a 0 wait <A HREF='?_src_=holder;viewruntime=[0x2104e876]'>[view]</A>
[17:54:46] cuD-drot SAY: *no key*/(/(rat (906))) squeals! 
[17:54:46] cuD-drot SAY: *no key*/(/(rat (457))) squeals! 
[17:54:47] cuD-drot SAY: Durable Kraftwerk Roach/ : 10101010011100010101.
[17:54:47] cuD-drot SAY: *no key*/(/(rat (832))) squeals! 
[17:54:47] cuD-drot SAY: Durable Kraftwerk Roach/ : 10101010011100010101.
[17:54:47] cuD-drot SAY: Kraftwerk Roach/ : 10101010011100010101.
[17:54:47] cuD-drot SAY: *no key*/(/(rat (252))) squeals! 
[17:54:48] cuD-drot SAY: *no key*/(/(rat (290))) squeals! 
[17:54:48] cuD-drot SAY: *no key*/(/(rat (161))) squeals! 
[17:54:48] cuD-drot SAY: *no key*/(/(rat (20))) squeals! 
[17:54:48] cuD-drot SAY: Kraftwerk Roach/ : 10101010011100010101.
[17:54:48] cuD-drot SAY: Kraftwerk Roach/ : 10101010011100010101.
[17:54:48] cuD-drot SAY: *no key*/(/(rat (894))) squeals! 
[17:54:48] cuD-drot SAY: *no key*/(/(rat (902))) squeals! 
[17:54:48] cuD-drot SAY: *no key*/(/(rat (398))) squeals! 
[17:54:48] cuD-drot SAY: *no key*/(/(rat (563))) squeals! 
[17:55:22] cuD-drot SAY: Durable Kraftwerk Roach/ : 10101010011100010101.
[17:55:23] cuD-drot SAY: *no key*/(/(rat (465))) squeals! 
[17:55:23] cuD-drot SAY: Lambertian Kraftwerk Roach/ : 10101010011100010101.
[17:55:23] cuD-drot SAY: Durable Kraftwerk Roach/ : 10101010011100010101.
[17:55:24] cuD-drot SAY: Durable Kraftwerk Roach/ : 10101010011100010101.
[17:55:24] cuD-drot SAY: Kraftwerk Roach/ : 10101010011100010101.
[17:55:24] cuD-drot SAY: *no key*/(/(rat (784))) squeals! 
[17:55:27] cuD-drot GAME: Explosion with size (-1, 0, 1) in area Deep Maintenance 
[17:55:27] cuD-drot GAME: Explosion with size (-1, 1, 2) in area Deep Maintenance 
[17:55:28] cuD-drot GAME: Explosion with size (-1, 1, 2) in area Junk Field 
[17:55:54] cuD-drot SAY: Lambertian Kraftwerk Roach/ : 10101010011100010101.
[17:55:54] cuD-drot SAY: *no key*/(/(rat (942))) squeals! 
[17:55:54] cuD-drot SAY: *no key*/(/(rat (199))) squeals! 
[17:55:56] cuD-drot SAY: Durable Kraftwerk Roach/ : 10101010011100010101.
[17:56:01] cuD-drot SAY: *no key*/(/(rat (679))) squeals! 
[17:56:02] cuD-drot SAY: Lambertian Kraftwerk Roach/ : 10101010011100010101.
[17:56:16] cuD-drot SAY: Durable Kraftwerk Roach/ : 10101010011100010101.
[17:56:17] cuD-drot SAY: Durable Kraftwerk Roach/ : 10101010011100010101.
[17:56:18] cuD-drot SAY: Kraftwerk Roach/ : 10101010011100010101.
[17:56:19] cuD-drot SAY: Durable Kraftwerk Roach/ : 10101010011100010101.
[17:56:27] cuD-drot SAY: Lambertian Kraftwerk Roach/ : 10101010011100010101.
[17:56:27] cuD-drot GAME: Explosion with size (-1, 0, 1) in area Prepper Base 
[17:56:39] cuD-drot SAY: Kraftwerk Roach/ : 10101010011100010101.
[17:56:45] cuD-drot GAME: Explosion with size (-1, 0, 1) in area Deep Maintenance 
[17:56:47] cuD-drot DEBUG: Runtime in unsorted.dm,1381: addtimer called with a callback assigned to a qdeleted object. In the future such timers will not be supported and may refuse to run or run with a 0 wait <A HREF='?_src_=holder;viewruntime=[0x2100bdac]'>[view]</A>
[17:56:48] cuD-drot EMOTE: Brutish Void Wolf Commando/ : <B>Brutish Void Wolf Commando</B> coughs!
[17:56:50] cuD-drot SAY: *no key*/(/(rat (848))) squeals! 
[17:56:59] cuD-drot SAY: Durable Kraftwerk Roach/ : 10101010011100010101.
[17:56:59] cuD-drot SAY: Biosilicified Kraftwerk Roach/ : 10101010011100010101.
[17:56:59] cuD-drot SAY: Kraftwerk Roach/ : 10101010011100010101.
[17:57:09] cuD-drot SAY: Kraftwerk Roach/ : 10101010011100010101.
[17:57:18] cuD-drot SAY: Durable Kraftwerk Roach/ : 10101010011100010101.
[17:57:19] cuD-drot SAY: Biosilicified Kraftwerk Roach/ : 10101010011100010101.
[17:57:36] cuD-drot SAY: Kraftwerk Roach/ : 10101010011100010101.
[17:57:36] cuD-drot SAY: *no key*/(/(rat (997))) squeals! 
[17:57:36] cuD-drot SAY: Durable Kraftwerk Roach/ : 10101010011100010101.
[17:57:44] cuD-drot GAME: Explosion with size (-1, 1, 2) in area Deep Maintenance 
[17:57:47] cuD-drot SAY: Lambertian Kraftwerk Roach/ : 10101010011100010101.
[17:57:55] cuD-drot SAY: Biosilicified Kraftwerk Roach/ : 10101010011100010101.
[17:57:55] cuD-drot SAY: Durable Kraftwerk Roach/ : 10101010011100010101.
[17:57:55] cuD-drot SAY: Kraftwerk Roach/ : 10101010011100010101.
[17:58:00] cuD-drot ADMIN: RiotScopez/(/(Klara Scott)) spawned /obj/item/gun/energy/sst/systemcost at (76,110,2) (<a HREF='?_src_=holder;adminplayerobservecoodjump=1;X=76;Y=110;Z=2'>JMP</a>)
[17:58:17] cuD-drot GAME: Explosion with size (-1, 0, 1) in area Swamp Caves 
[17:58:18] cuD-drot SAY: Kraftwerk Roach/ : 10101010011100010101.
[17:58:18] cuD-drot EMOTE: Durable Seuche Roach/ : <B>Durable Seuche Roach</B> coughs!
[17:58:38] cuD-drot GAME: Explosion with size (-1, 0, 1) in area Vault Bunker 
[17:58:38] cuD-drot SAY: Biosilicified Kraftwerk Roach/ : 10101010011100010101.
[17:58:43] cuD-drot GAME: Explosion with size (-1, 0, 1) in area Vault Bunker 
[17:58:44] cuD-drot SAY: Lambertian Kraftwerk Roach/ : 10101010011100010101.
[17:58:47] cuD-drot ACCESS: Logout: RiotScopez/(/(Klara Scott))
[17:58:47] cuD-drot ACCESS: Logout: RiotScopez[DC]/(/(Klara Scott))
[17:58:54] cuD-drot SAY: Lambertian Kraftwerk Roach/ : 10101010011100010101.
[17:58:55] cuD-drot SAY: Durable Kraftwerk Roach/ : 10101010011100010101.
[17:58:55] cuD-drot SAY: Kraftwerk Roach/ : 10101010011100010101.
[17:58:56] cuD-drot SAY: Quick Kraftwerk Roach/ : 10101010011100010101.
[17:59:13] cuD-drot GAME: Explosion with size (-1, 1, 2) in area Deep Maintenance 
[17:59:13] cuD-drot GAME: Explosion with size (-1, 0, 1) in area Deep Maintenance 
[17:59:17] cuD-drot SAY: Kraftwerk Roach/ : 10101010011100010101.
[17:59:17] cuD-drot SAY: Durable Kraftwerk Roach/ : 10101010011100010101.
[17:59:17] cuD-drot SAY: Durable Kraftwerk Roach/ : 10101010011100010101.
[17:59:17] cuD-drot SAY: Biosilicified Kraftwerk Roach/ : 10101010011100010101.
[17:59:32] cuD-drot SAY: Durable Kraftwerk Roach/ : 10101010011100010101.
[17:59:32] cuD-drot SAY: Kraftwerk Roach/ : 10101010011100010101.
[17:59:48] cuD-drot GAME: Explosion with size (-1, 0, 1) in area Swamp Caves 
[17:59:52] cuD-drot SAY: Kraftwerk Roach/ : 10101010011100010101.
[18:00:16] cuD-drot SAY: Kraftwerk Roach/ : 10101010011100010101.
[18:00:20] cuD-drot GAME: Explosion with size (-1, 0, 1) in area Deep Maintenance 
[18:00:26] cuD-drot SAY: Kraftwerk Roach/ : 10101010011100010101.
[18:00:30] cuD-drot SAY: Durable Kraftwerk Roach/ : 10101010011100010101.
[18:00:35] cuD-drot SAY: Kraftwerk Roach/ : 10101010011100010101.
[18:00:57] cuD-drot GAME: Explosion with size (-1, 1, 2) in area Deep Maintenance 
[18:01:07] cuD-drot GAME: Explosion with size (-1, 0, 1) in area Deep Forest 
[18:01:16] cuD-drot GAME: Explosion with size (-1, 0, 1) in area Deep Maintenance 
[18:01:53] cuD-drot GAME: Explosion with size (-1, 0, 1) in area Deep Maintenance 
[18:01:53] cuD-drot GAME: Explosion with size (0, 1, 3) in area Deep Maintenance 
[18:01:53] cuD-drot GAME: Explosion with size (0, 1, 3) in area Deep Maintenance 
[18:02:13] cuD-drot SAY: grey baby slime (715)/ : Brother...
[18:04:10] cuD-drot EMOTE: Klara Scott/RiotScopez : snores.
[18:04:10] cuD-drot EMOTE: Klara Scott/RiotScopez : <B>Klara Scott</B> snores.
[18:07:16] cuD-drot GAME: Explosion with size (-1, 1, 2) in area Prepper Base 
[18:07:22] cuD-drot EMOTE: Klara Scott/RiotScopez : snores.
[18:07:22] cuD-drot EMOTE: Klara Scott/RiotScopez : <B>Klara Scott</B> snores.
[18:07:45] cuD-drot SAY: grey baby slime (715)/ : Brother...
[18:08:57] cuD-drot EMOTE: Klara Scott/RiotScopez : snores.
[18:08:57] cuD-drot EMOTE: Klara Scott/RiotScopez : <B>Klara Scott</B> snores.
[18:10:18] cuD-drot EMOTE: Klara Scott/RiotScopez : snores.
[18:10:18] cuD-drot EMOTE: Klara Scott/RiotScopez : <B>Klara Scott</B> snores.
[18:10:39] cuD-drot DEBUG: Moved - the combat drone was deleted while still being listened to by /datum/effect/effect/system/trail/ion.
[18:10:51] cuD-drot SAY: grey baby slime (733)/ : Blorble...
[18:10:57] cuD-drot EMOTE: Klara Scott/RiotScopez : snores.
[18:10:57] cuD-drot EMOTE: Klara Scott/RiotScopez : <B>Klara Scott</B> snores.
[18:11:41] cuD-drot SAY: Biosilicified Kraftwerk Roach/ : 10101010011100010101.
[18:12:38] cuD-drot EMOTE: Klara Scott/RiotScopez : snores.
[18:12:38] cuD-drot EMOTE: Klara Scott/RiotScopez : <B>Klara Scott</B> snores.
[18:15:29] cuD-drot GAME: Explosion with size (-1, 1, 2) in area Deep Maintenance 
[18:15:46] cuD-drot EMOTE: Durable Kampfer Roach/ : <B>Durable Kampfer Roach</B> coughs!
[18:16:08] cuD-drot SAY: Kraftwerk Roach/ : 10101010011100010101.
[18:16:18] cuD-drot SAY: grey baby slime (542)/ : Rawr...
[18:16:40] cuD-drot EMOTE: Klara Scott/RiotScopez : snores.
[18:16:40] cuD-drot EMOTE: Klara Scott/RiotScopez : <B>Klara Scott</B> snores.
[18:16:51] cuD-drot EMOTE: Klara Scott/RiotScopez : snores.
[18:16:51] cuD-drot EMOTE: Klara Scott/RiotScopez : <B>Klara Scott</B> snores.
[18:16:56] cuD-drot SAY: *no key*/(/(rat (715))) squeals! 
[18:17:39] cuD-drot GAME: Explosion with size (-1, 0, 1) in area Deep Maintenance 
[18:18:38] cuD-drot EMOTE: Klara Scott/RiotScopez : snores.
[18:18:38] cuD-drot EMOTE: Klara Scott/RiotScopez : <B>Klara Scott</B> snores.
[18:18:56] cuD-drot EMOTE: Klara Scott/RiotScopez : snores.
[18:18:56] cuD-drot EMOTE: Klara Scott/RiotScopez : <B>Klara Scott</B> snores.
[18:19:38] cuD-drot SAY: Durable Kraftwerk Roach/ : 10101010011100010101.
[18:20:55] cuD-drot EMOTE: Klara Scott/RiotScopez : snores.
[18:20:55] cuD-drot EMOTE: Klara Scott/RiotScopez : <B>Klara Scott</B> snores.
[18:21:04] cuD-drot SAY: grey baby slime (542)/ : Brother...
[18:22:13] cuD-drot SAY: *no key*/(/(rat (578))) squeals! 
[18:23:39] cuD-drot SAY: grey baby slime (715)/ : Blop...
[18:23:51] cuD-drot EMOTE: Klara Scott/RiotScopez : snores.
[18:23:51] cuD-drot EMOTE: Klara Scott/RiotScopez : <B>Klara Scott</B> snores.
[18:24:00] cuD-drot SAY: Biosilicified Kraftwerk Roach/ : 10101010011100010101.
[18:24:20] cuD-drot EMOTE: Klara Scott/RiotScopez : snores.
[18:24:20] cuD-drot EMOTE: Klara Scott/RiotScopez : <B>Klara Scott</B> snores.
[18:26:15] cuD-drot EMOTE: Klara Scott/RiotScopez : snores.
[18:26:15] cuD-drot EMOTE: Klara Scott/RiotScopez : <B>Klara Scott</B> snores.
[18:28:43] cuD-drot GAME: Explosion with size (-1, 0, 1) in area Deep Maintenance 
[18:29:21] cuD-drot EMOTE: Klara Scott/RiotScopez : snores.
[18:29:21] cuD-drot EMOTE: Klara Scott/RiotScopez : <B>Klara Scott</B> snores.
[18:29:52] cuD-drot SAY: grey baby slime (715)/ : Blop...
[18:29:53] cuD-drot GAME: [Server] No players were on a server last 30 minutes, restarting server...
[18:29:53] cuD-drot GAME: MC crashed or runtimed, restarting


Starting up. (ID: cuD-dzni) 18:33.32
---------------------
[18:33:32] cuD-dzni MISC: Saved storyteller is 'sleeper'
[18:33:32] cuD-dzni ADMIN: Loading jobban_rank
[18:33:32] cuD-dzni ADMIN: jobban_keylist was empty
[18:33:32] cuD-dzni ADMIN: Loading Banlist
[18:35:31] cuD-dzni ADMIN: Abel Compton try find_inv_position a 14, but not have that slot!
[18:35:31] cuD-dzni ADMIN: Abel Compton try find_inv_position a 11, but not have that slot!
[18:35:31] cuD-dzni ADMIN: Abel Compton try find_inv_position a 13, but not have that slot!
[18:35:31] cuD-dzni ADMIN: Abel Compton try find_inv_position a 12, but not have that slot!
[18:35:31] cuD-dzni ADMIN: Brayan Oppenheimer try find_inv_position a 14, but not have that slot!
[18:35:31] cuD-dzni ADMIN: Brayan Oppenheimer try find_inv_position a 11, but not have that slot!
[18:35:31] cuD-dzni ADMIN: Brayan Oppenheimer try find_inv_position a 13, but not have that slot!
[18:35:31] cuD-dzni ADMIN: Brayan Oppenheimer try find_inv_position a 12, but not have that slot!
[18:35:31] cuD-dzni ADMIN: Ezekiel Pennington try find_inv_position a 14, but not have that slot!
[18:35:31] cuD-dzni ADMIN: Ezekiel Pennington try find_inv_position a 11, but not have that slot!
[18:35:31] cuD-dzni ADMIN: Ezekiel Pennington try find_inv_position a 13, but not have that slot!
[18:35:31] cuD-dzni ADMIN: Ezekiel Pennington try find_inv_position a 12, but not have that slot!
[18:35:31] cuD-dzni ADMIN: James Fischer try find_inv_position a 14, but not have that slot!
[18:35:31] cuD-dzni ADMIN: James Fischer try find_inv_position a 11, but not have that slot!
[18:35:31] cuD-dzni ADMIN: James Fischer try find_inv_position a 13, but not have that slot!
[18:35:31] cuD-dzni ADMIN: James Fischer try find_inv_position a 12, but not have that slot!
[18:35:31] cuD-dzni ADMIN: Colby Mcloskey try find_inv_position a 14, but not have that slot!
[18:35:31] cuD-dzni ADMIN: Colby Mcloskey try find_inv_position a 11, but not have that slot!
[18:35:31] cuD-dzni ADMIN: Colby Mcloskey try find_inv_position a 13, but not have that slot!
[18:35:31] cuD-dzni ADMIN: Colby Mcloskey try find_inv_position a 12, but not have that slot!
[18:35:32] cuD-dzni ADMIN: Jameson Gregory try find_inv_position a 14, but not have that slot!
[18:35:32] cuD-dzni ADMIN: Jameson Gregory try find_inv_position a 11, but not have that slot!
[18:35:32] cuD-dzni ADMIN: Jameson Gregory try find_inv_position a 13, but not have that slot!
[18:35:32] cuD-dzni ADMIN: Jameson Gregory try find_inv_position a 12, but not have that slot!
[18:38:07] cuD-dzni GAME: onestar 2 loaded at at 41,21,19
[18:38:08] cuD-dzni GAME: onestar 1 loaded at at 71,81,19
[18:38:08] cuD-dzni GAME: onestar 3 loaded at at 16,51,19
[18:38:09] cuD-dzni GAME: onestar 1 loaded at at 11,81,19
[18:38:10] cuD-dzni GAME: onestar 1 loaded at at 66,51,19
[18:38:11] cuD-dzni GAME: onestar 4 loaded at at 41,76,19
[18:38:12] cuD-dzni GAME: onestar 3 loaded at at 66,26,19
[18:38:12] cuD-dzni GAME: onestar 2 loaded at at 26,16,19
[18:38:12] cuD-dzni GAME: neutral 5 loaded at at 106,86,19
[18:38:12] cuD-dzni GAME: neutral 4 loaded at at 91,21,19
[18:38:12] cuD-dzni GAME: neutral 1 loaded at at 76,106,19
[18:38:12] cuD-dzni GAME: neutral 10 loaded at at 61,66,19
[18:38:12] cuD-dzni GAME: neutral 9 loaded at at 101,96,19
[18:38:12] cuD-dzni GAME: neutral 7 loaded at at 101,91,19
[18:38:13] cuD-dzni GAME: neutral 1 loaded at at 101,26,19
[18:38:13] cuD-dzni GAME: neutral 11 loaded at at 106,36,19
[18:38:13] cuD-dzni GAME: neutral 1 loaded at at 101,66,19
[18:38:13] cuD-dzni GAME: neutral 6 loaded at at 21,11,19
[18:38:13] cuD-dzni GAME: neutral 9 loaded at at 26,16,19
[18:38:13] cuD-dzni GAME: neutral 10 loaded at at 81,66,19
[18:38:13] cuD-dzni GAME: neutral 10 loaded at at 101,61,19
[18:38:13] cuD-dzni GAME: neutral 1 loaded at at 91,71,19
[18:38:13] cuD-dzni GAME: neutral 8 loaded at at 81,76,19
[18:38:13] cuD-dzni GAME: neutral 2 loaded at at 96,101,19
[18:38:13] cuD-dzni GAME: neutral 9 loaded at at 76,76,19
[18:38:13] cuD-dzni GAME: neutral 6 loaded at at 91,106,19
[18:38:13] cuD-dzni GAME: neutral 8 loaded at at 61,56,19
[18:38:13] cuD-dzni GAME: neutral 2 loaded at at 96,96,19
[18:38:13] cuD-dzni GAME: neutral 7 loaded at at 21,106,19
[18:38:13] cuD-dzni GAME: neutral 10 loaded at at 106,56,19
[18:38:13] cuD-dzni GAME: neutral 7 loaded at at 106,76,19
[18:38:13] cuD-dzni GAME: neutral 7 loaded at at 101,71,19
[18:38:13] cuD-dzni GAME: neutral 1 loaded at at 106,11,19
[18:38:13] cuD-dzni GAME: neutral 6 loaded at at 11,26,19
[18:38:13] cuD-dzni GAME: neutral 8 loaded at at 106,66,19
[18:38:13] cuD-dzni GAME: neutral 11 loaded at at 86,16,19
[18:38:13] cuD-dzni GAME: neutral 10 loaded at at 101,16,19
[18:38:13] cuD-dzni GAME: neutral 6 loaded at at 11,86,19
[18:38:13] cuD-dzni GAME: neutral 6 loaded at at 56,71,19
[18:38:14] cuD-dzni GAME: neutral 11 loaded at at 61,11,19
[18:38:14] cuD-dzni GAME: neutral 7 loaded at at 11,46,19
[18:38:14] cuD-dzni GAME: neutral 9 loaded at at 106,61,19
[18:38:14] cuD-dzni GAME: neutral 11 loaded at at 56,11,19
[18:38:14] cuD-dzni GAME: neutral 6 loaded at at 61,56,19
[18:38:14] cuD-dzni GAME: neutral 9 loaded at at 71,96,19
[18:38:14] cuD-dzni GAME: neutral 9 loaded at at 96,11,19
[18:38:14] cuD-dzni GAME: neutral 10 loaded at at 106,51,19
[18:38:14] cuD-dzni GAME: neutral 5 loaded at at 106,101,19
[18:38:14] cuD-dzni GAME: neutral 4 loaded at at 16,11,19
[18:38:14] cuD-dzni GAME: neutral 8 loaded at at 76,91,19
[18:38:14] cuD-dzni GAME: neutral 8 loaded at at 106,106,19
[18:38:14] cuD-dzni GAME: neutral 11 loaded at at 51,46,19
[18:38:14] cuD-dzni GAME: neutral 3 loaded at at 36,16,19
[18:38:14] cuD-dzni GAME: neutral 3 loaded at at 81,96,19
[18:38:14] cuD-dzni GAME: neutral 4 loaded at at 51,101,19
[18:38:14] cuD-dzni GAME: neutral 7 loaded at at 26,76,19
[18:38:14] cuD-dzni GAME: neutral 9 loaded at at 41,61,19
[18:38:14] cuD-dzni GAME: neutral 6 loaded at at 46,46,19
[18:38:14] cuD-dzni GAME: neutral 2 loaded at at 101,36,19
[18:38:14] cuD-dzni GAME: neutral 6 loaded at at 21,76,19
[18:38:14] cuD-dzni GAME: neutral 10 loaded at at 41,96,19
[18:38:14] cuD-dzni GAME: neutral 8 loaded at at 31,106,19
[18:38:14] cuD-dzni GAME: neutral 8 loaded at at 36,91,19
[18:38:14] cuD-dzni GAME: neutral 1 loaded at at 56,11,19
[18:38:15] cuD-dzni GAME: neutral 1 loaded at at 96,21,19
[18:38:15] cuD-dzni GAME: neutral 8 loaded at at 61,61,19
[18:38:15] cuD-dzni GAME: neutral 11 loaded at at 101,101,19
[18:38:15] cuD-dzni GAME: neutral 4 loaded at at 81,106,19
[18:38:28] cuD-dzni GAME: Emitter deleted at (0,0,0)
[18:39:34] cuD-dzni ASSET: ERROR: Invalid asset: /datum/asset/simple/craft:obj_item_stack_cable_coil.png:1
[18:39:39] cuD-dzni ASSET: ERROR: Invalid asset: /datum/asset/simple/craft:obj_item_clothing_glasses_powered_meson.png:1
[18:39:40] cuD-dzni ASSET: ERROR: Invalid asset: /datum/asset/simple/craft:obj_item_gun_projectile_boltgun_lever.png:1
[18:39:40] cuD-dzni ASSET: ERROR: Invalid asset: /datum/asset/simple/craft:obj_item_gun_projectile_automatic_sts_rifle.png:1
[18:39:42] cuD-dzni ASSET: ERROR: Invalid asset: /datum/asset/simple/craft:obj_item_modular_computer_laptop.png:1
[18:40:39] cuD-dzni GAME: Entrance - 1 loaded at at 54,137,20
[18:40:40] cuD-dzni GAME: garden loaded at at 67,137,20
[18:40:40] cuD-dzni GAME: Escape_Pod_West-East loaded at at 80,137,20
[18:40:40] cuD-dzni GAME: crematorium loaded at at 93,137,20
[18:40:41] cuD-dzni GAME: Escape_Pod_West-East loaded at at 106,137,20
[18:40:41] cuD-dzni GAME: garden loaded at at 106,128,20
[18:40:42] cuD-dzni GAME: crematorium loaded at at 93,128,20
[18:40:42] cuD-dzni GAME: Escape_Pod_West-East loaded at at 80,128,20
[18:40:42] cuD-dzni GAME: checkpoint_vertical loaded at at 80,119,20
[18:40:43] cuD-dzni GAME: Hallway_4way loaded at at 80,110,20
[18:40:43] cuD-dzni GAME: crematorium loaded at at 93,110,20
[18:40:44] cuD-dzni GAME: Escape_Pod_West-East loaded at at 93,101,20
[18:40:45] cuD-dzni GAME: secure_storage_horizontal loaded at at 80,101,20
[18:40:45] cuD-dzni GAME: showers loaded at at 67,101,20
[18:40:45] cuD-dzni GAME: penitentiary loaded at at 54,101,20
[18:40:46] cuD-dzni GAME: penitentiary loaded at at 41,101,20
[18:40:46] cuD-dzni GAME: autolathe_South-East loaded at at 28,101,20
[18:40:47] cuD-dzni GAME: Escape_Pod_West-East loaded at at 28,92,20
[18:40:47] cuD-dzni GAME: Hallway_4way loaded at at 41,92,20
[18:40:48] cuD-dzni GAME: garden loaded at at 54,92,20
[18:40:48] cuD-dzni GAME: secure_storage_horizontal loaded at at 67,92,20
[18:40:49] cuD-dzni GAME: garden loaded at at 80,92,20
[18:40:49] cuD-dzni GAME: penitentiary loaded at at 93,92,20
[18:40:49] cuD-dzni GAME: Hallway_4way loaded at at 106,92,20
[18:40:52] cuD-dzni GAME: Hallway_4way loaded at at 106,83,20
[18:40:52] cuD-dzni GAME: crematorium loaded at at 93,83,20
[18:40:53] cuD-dzni GAME: checkpoint_horizontal loaded at at 80,83,20
[18:40:54] cuD-dzni GAME: telecoms loaded at at 94,77,21
[18:40:55] cuD-dzni GAME: AI core loaded at at 85,106,21
[18:40:56] cuD-dzni GAME: vault loaded at at 117,52,21
[18:40:57] cuD-dzni GAME: medbay loaded at at 31,40,21
[18:40:57] cuD-dzni GAME: over run loaded at at 80,40,21
[18:40:57] cuD-dzni GAME: dinner loaded at at 53,92,21
[18:40:58] cuD-dzni GAME: crematorium loaded at at 67,83,20
[18:41:00] cuD-dzni GAME: Escape_Pod_West-East loaded at at 67,74,20
[18:41:00] cuD-dzni GAME: checkpoint_horizontal loaded at at 80,74,20
[18:41:02] cuD-dzni GAME: hallwayatmos_west-east loaded at at 93,74,20
[18:41:03] cuD-dzni GAME: penitentiary loaded at at 106,74,20
[18:41:03] cuD-dzni GAME: penitentiary loaded at at 119,74,20
[18:41:04] cuD-dzni GAME: Hallway_4way loaded at at 132,74,20
[18:41:04] cuD-dzni GAME: hallwayatmos_west-east loaded at at 145,74,20
[18:41:05] cuD-dzni GAME: secure_storage_horizontal loaded at at 158,74,20
[18:41:05] cuD-dzni GAME: penitentiary loaded at at 171,74,20
[18:41:05] cuD-dzni GAME: Hallway_4way loaded at at 184,74,20
[18:41:07] cuD-dzni GAME: Escape_Pod_West-East loaded at at 197,74,20
[18:41:08] cuD-dzni GAME: garden loaded at at 197,65,20
[18:41:08] cuD-dzni GAME: showers loaded at at 184,65,20
[18:41:08] cuD-dzni GAME: crematorium loaded at at 171,65,20
[18:41:09] cuD-dzni GAME: autolathe_South-East loaded at at 158,65,20
[18:41:09] cuD-dzni GAME: Escape_Pod_West-East loaded at at 158,56,20
[18:41:10] cuD-dzni GAME: garden loaded at at 171,56,20
[18:41:10] cuD-dzni GAME: Hallway_4way loaded at at 184,56,20
[18:41:11] cuD-dzni GAME: Hallway_4way loaded at at 197,56,20
[18:41:12] cuD-dzni GAME: garden loaded at at 197,47,20
[18:41:13] cuD-dzni GAME: Hallway_4way loaded at at 184,47,20
[18:41:14] cuD-dzni GAME: penitentiary loaded at at 171,47,20
[18:41:15] cuD-dzni GAME: Escape_Pod_West-East loaded at at 158,47,20
[18:41:16] cuD-dzni GAME: Hallway_4way loaded at at 145,47,20
[18:41:17] cuD-dzni GAME: checkpoint_horizontal loaded at at 132,47,20
[18:41:18] cuD-dzni GAME: showers loaded at at 119,47,20
[18:41:18] cuD-dzni GAME: Escape_Pod_West-East loaded at at 106,47,20
[18:41:18] cuD-dzni GAME: hallwayatmos_west-east loaded at at 93,47,20
[18:41:19] cuD-dzni GAME: secure_storage_horizontal loaded at at 80,47,20
[18:41:19] cuD-dzni GAME: checkpoint_horizontal loaded at at 67,47,20
[18:41:20] cuD-dzni GAME: Escape_Pod_West-East loaded at at 54,47,20
[18:41:20] cuD-dzni GAME: garden loaded at at 54,38,20
[18:41:21] cuD-dzni GAME: garden loaded at at 67,38,20
[18:41:22] cuD-dzni GAME: Escape_Pod_West-East loaded at at 67,29,20
[18:41:22] cuD-dzni GAME: penitentiary loaded at at 80,29,20
[18:41:23] cuD-dzni GAME: Hallway_4way loaded at at 93,29,20
[18:41:24] cuD-dzni GAME: Hallway_4way loaded at at 93,20,20
[18:41:25] cuD-dzni GAME: Hallway_4way loaded at at 80,20,20
[18:41:25] cuD-dzni GAME: hallwayatmos_west-east loaded at at 67,20,20
[18:41:26] cuD-dzni GAME: Hallway_4way loaded at at 54,20,20
[18:41:26] cuD-dzni GAME: secure_storage_horizontal loaded at at 41,20,20
[18:41:27] cuD-dzni GAME: Escape_Pod_West-East loaded at at 28,20,20
[18:41:27] cuD-dzni GAME: garden loaded at at 15,20,20
[18:41:28] cuD-dzni GAME: Escape_Pod_West-East loaded at at 2,20,20
[18:41:28] cuD-dzni GAME: garden loaded at at 2,11,20
[18:41:29] cuD-dzni GAME: checkpoint_horizontal loaded at at 15,11,20
[18:41:29] cuD-dzni GAME: crematorium loaded at at 28,11,20
[18:41:30] cuD-dzni GAME: Escape_Pod_West-East loaded at at 41,11,20
[18:41:30] cuD-dzni GAME: checkpoint_horizontal loaded at at 54,11,20
[18:41:30] cuD-dzni GAME: Escape_Pod_West-East loaded at at 67,11,20
[18:41:31] cuD-dzni GAME: showers loaded at at 80,11,20
[18:41:31] cuD-dzni GAME: penitentiary loaded at at 93,11,20
[18:41:32] cuD-dzni GAME: showers loaded at at 106,11,20
[18:41:32] cuD-dzni GAME: showers loaded at at 119,11,20
[18:41:33] cuD-dzni GAME: crematorium loaded at at 132,11,20
[18:41:33] cuD-dzni GAME: Escape_Pod_West-East loaded at at 145,11,20
[18:41:33] cuD-dzni ADMIN: EVENT *null* has loaded a character.
[18:41:33] cuD-dzni ACCESS: Login: RiotScopez/() from 146.115.147.185-4045791979 || BYOND v514.1582
[18:41:33] cuD-dzni ACCESS: Login: RiotScopez/(/(RiotScopez)) from 146.115.147.185-4045791979 || BYOND v514
[18:41:34] cuD-dzni DEBUG: Could not find style "ErisStyle" for /mob/new_player.
[18:41:34] cuD-dzni ACCESS: Login: RiotScopez/(/(RiotScopez)) from 146.115.147.185-4045791979 || BYOND v514
[18:41:34] cuD-dzni GAME: crematorium loaded at at 158,11,20
[18:41:36] cuD-dzni GAME: Hallway_4way loaded at at 158,2,20
[18:41:36] cuD-dzni GAME: penitentiary loaded at at 171,2,20
[18:41:36] cuD-dzni GAME: Escape_Pod_West-East loaded at at 184,2,20
[18:41:37] cuD-dzni GAME: Exit - 1 loaded at at 197,2,20
[18:41:37] cuD-dzni VOTE: Storyteller vote started by server.
[18:41:54] cuD-dzni ADMIN: RiotScopez has started the game.
[18:41:55] cuD-dzni ACCESS: Logout: *no key*/(/(RiotScopez))
[18:41:55] cuD-dzni ACCESS: Login: RiotScopez/(/(Klara Scott)) from 146.115.147.185-4045791979 || BYOND v514
[18:41:55] cuD-dzni DEBUG: Could not find style "ErisStyle" for /mob/living/carbon/human.
[18:42:00] cuD-dzni DEBUG: Creating records for Klara Scott
[18:42:11] cuD-dzni SAY: *no key*/(/(rat (124))) squeals! 
[18:42:12] cuD-dzni GAME: armory_secure loaded at at 106,101,20
[18:42:15] cuD-dzni GAME: shooting_range loaded at at 145,20,20
[18:42:21] cuD-dzni GAME: office loaded at at 54,29,20
[18:42:24] cuD-dzni GAME: armory loaded at at 2,2,20
[18:42:25] cuD-dzni GAME: surgery loaded at at 197,83,20
[18:42:25] cuD-dzni SAY: *no key*/(/(rat (475))) squeals! 
[18:42:28] cuD-dzni GAME: refinery loaded at at 132,20,20
[18:42:29] cuD-dzni GAME: armory_secure loaded at at 106,110,20
[18:42:36] cuD-dzni ADMIN: RiotScopez/(/(Klara Scott)) spawned /obj/item/gun/energy/sst/systemcost at (117,124,3) (<a HREF='?_src_=holder;adminplayerobservecoodjump=1;X=117;Y=124;Z=3'>JMP</a>)
[18:42:43] cuD-dzni GAME: surgery loaded at at 67,2,20
[18:42:45] cuD-dzni GAME: armory loaded at at 184,38,20
[18:42:45] cuD-dzni GAME: Explosion with size (0, 1, 3) in area Greyson Field Offices 
[18:42:46] cuD-dzni GAME: anomaly loaded at at 28,83,20
[18:42:48] cuD-dzni GAME: shooting_range loaded at at 80,38,20
[18:42:50] cuD-dzni SAY: *no key*/(/(rat (514))) squeals! 
[18:42:50] cuD-dzni GAME: refinery loaded at at 67,128,20
[18:42:50] cuD-dzni SAY: *no key*/(/(rat (252))) squeals! 
[18:42:50] cuD-dzni SAY: *no key*/(/(rat (883))) squeals! 
[18:42:52] cuD-dzni GAME: office loaded at at 15,92,20
[18:42:53] cuD-dzni SAY: *no key*/(/(rat (721))) squeals! 
[18:42:53] cuD-dzni GAME: refinery loaded at at 54,83,20
[18:42:54] cuD-dzni GAME: commanderoffice loaded at at 145,2,20
[18:42:56] cuD-dzni GAME: cargo_horizontal loaded at at 106,20,20
[18:42:57] cuD-dzni SAY: Lambertian Kraftwerk Roach/ : 10101010011100010101.
[18:42:57] cuD-dzni SAY: *no key*/(/(rat (441))) squeals! 
[18:43:00] cuD-dzni SAY: *no key*/(/(rat (324))) squeals! 
[18:43:01] cuD-dzni GAME: mechbay loaded at at 67,110,20
[18:43:05] cuD-dzni GAME: armory loaded at at 67,65,20
[18:43:06] cuD-dzni GAME: mechbay loaded at at 54,74,20
[18:43:08] cuD-dzni GAME: surgery loaded at at 2,29,20
[18:43:14] cuD-dzni GAME: shooting_range loaded at at 106,29,20
[18:43:17] cuD-dzni GAME: surgery loaded at at 93,119,20
[18:43:18] cuD-dzni GAME: anomaly loaded at at 41,2,20
[18:43:19] cuD-dzni GAME: shooting_range loaded at at 106,119,20
[18:43:22] cuD-dzni GAME: cargo_vertical loaded at at 197,11,20
[18:43:29] cuD-dzni GAME: commanderoffice loaded at at 145,56,20
[18:43:32] cuD-dzni GAME: office loaded at at 41,38,20
[18:43:38] cuD-dzni SAY: Kraftwerk Roach/ : 10101010011100010101.
[18:43:39] cuD-dzni SAY: Quick Kraftwerk Roach/ : 10101010011100010101.
[18:43:39] cuD-dzni SAY: *no key*/(/(rat (441))) squeals! 
[18:43:39] cuD-dzni SAY: *no key*/(/(rat (901))) squeals! 
[18:43:40] cuD-dzni GAME: Explosion with size (-1, 1, 2) in area Vault Bunker 
[18:43:40] cuD-dzni GAME: Explosion with size (-1, 0, 1) in area Vault Bunker 
[18:43:40] cuD-dzni SAY: Kraftwerk Roach/ : 10101010011100010101.
[18:43:40] cuD-dzni SAY: *no key*/(/(rat (490))) squeals! 
[18:43:41] cuD-dzni SAY: *no key*/(/(rat (130))) squeals! 
[18:43:41] cuD-dzni GAME: shooting_range loaded at at 184,83,20
[18:43:41] cuD-dzni SAY: *no key*/(/(rat (958))) squeals! 
[18:43:43] cuD-dzni SAY: *no key*/(/(rat (306))) squeals! 
[18:43:44] cuD-dzni SAY: Lambertian Kraftwerk Roach/ : 10101010011100010101.
[18:43:44] cuD-dzni SAY: *no key*/(/(rat (674))) squeals! 
[18:43:44] cuD-dzni GAME: blocker loaded at at 2,137,20
[18:43:45] cuD-dzni GAME: blocker loaded at at 15,137,20
[18:43:45] cuD-dzni GAME: blocker loaded at at 28,137,20
[18:43:46] cuD-dzni GAME: blocker loaded at at 41,137,20
[18:43:46] cuD-dzni SAY: *no key*/(/(rat (707))) squeals! 
[18:43:46] cuD-dzni GAME: blocker loaded at at 119,137,20
[18:43:46] cuD-dzni GAME: blocker loaded at at 132,137,20
[18:43:47] cuD-dzni GAME: blocker loaded at at 145,137,20
[18:43:47] cuD-dzni GAME: blocker loaded at at 158,137,20
[18:43:47] cuD-dzni GAME: blocker loaded at at 171,137,20
[18:43:47] cuD-dzni GAME: blocker loaded at at 184,137,20
[18:43:48] cuD-dzni GAME: blocker loaded at at 197,137,20
[18:43:48] cuD-dzni SAY: *no key*/(/(rat (405))) squeals! 
[18:43:48] cuD-dzni GAME: blocker loaded at at 2,128,20
[18:43:48] cuD-dzni GAME: blocker loaded at at 15,128,20
[18:43:48] cuD-dzni GAME: blocker loaded at at 28,128,20
[18:43:49] cuD-dzni GAME: blocker loaded at at 41,128,20
[18:43:49] cuD-dzni GAME: blocker loaded at at 54,128,20
[18:43:49] cuD-dzni GAME: blocker loaded at at 119,128,20
[18:43:50] cuD-dzni GAME: blocker loaded at at 132,128,20
[18:43:50] cuD-dzni GAME: blocker loaded at at 145,128,20
[18:43:50] cuD-dzni GAME: blocker loaded at at 158,128,20
[18:43:51] cuD-dzni GAME: blocker loaded at at 171,128,20
[18:43:51] cuD-dzni GAME: blocker loaded at at 184,128,20
[18:43:51] cuD-dzni GAME: blocker loaded at at 197,128,20
[18:43:51] cuD-dzni GAME: blocker loaded at at 2,119,20
[18:43:51] cuD-dzni GAME: blocker loaded at at 15,119,20
[18:43:52] cuD-dzni GAME: blocker loaded at at 28,119,20
[18:43:52] cuD-dzni GAME: blocker loaded at at 41,119,20
[18:43:52] cuD-dzni GAME: blocker loaded at at 54,119,20
[18:43:52] cuD-dzni GAME: blocker loaded at at 67,119,20
[18:43:53] cuD-dzni GAME: blocker loaded at at 119,119,20
[18:43:53] cuD-dzni GAME: blocker loaded at at 132,119,20
[18:43:53] cuD-dzni GAME: blocker loaded at at 145,119,20
[18:43:53] cuD-dzni GAME: blocker loaded at at 158,119,20
[18:43:53] cuD-dzni SAY: *no key*/(/(rat (987))) squeals! 
[18:43:53] cuD-dzni GAME: blocker loaded at at 171,119,20
[18:43:54] cuD-dzni GAME: blocker loaded at at 184,119,20
[18:43:54] cuD-dzni GAME: blocker loaded at at 197,119,20
[18:43:54] cuD-dzni SAY: *no key*/(/(rat (423))) squeals! 
[18:43:54] cuD-dzni GAME: blocker loaded at at 2,110,20
[18:43:54] cuD-dzni SAY: *no key*/(/(rat (140))) squeals! 
[18:43:54] cuD-dzni GAME: blocker loaded at at 15,110,20
[18:43:55] cuD-dzni GAME: blocker loaded at at 28,110,20
[18:43:55] cuD-dzni GAME: blocker loaded at at 41,110,20
[18:43:55] cuD-dzni GAME: blocker loaded at at 54,110,20
[18:43:56] cuD-dzni GAME: Explosion with size (0, 0, 2) in area Underground Floor 1 North Maintenance 
[18:43:56] cuD-dzni GAME: blocker loaded at at 119,110,20
[18:43:56] cuD-dzni GAME: blocker loaded at at 132,110,20
[18:43:56] cuD-dzni GAME: blocker loaded at at 145,110,20
[18:43:56] cuD-dzni GAME: blocker loaded at at 158,110,20
[18:43:57] cuD-dzni GAME: blocker loaded at at 171,110,20
[18:43:57] cuD-dzni GAME: blocker loaded at at 184,110,20
[18:43:58] cuD-dzni GAME: blocker loaded at at 197,110,20
[18:43:58] cuD-dzni GAME: blocker loaded at at 2,101,20
[18:43:59] cuD-dzni GAME: blocker loaded at at 15,101,20
[18:43:59] cuD-dzni GAME: blocker loaded at at 119,101,20
[18:43:59] cuD-dzni GAME: blocker loaded at at 132,101,20
[18:44:00] cuD-dzni GAME: blocker loaded at at 145,101,20
[18:44:00] cuD-dzni GAME: blocker loaded at at 158,101,20
[18:44:01] cuD-dzni GAME: blocker loaded at at 171,101,20
[18:44:01] cuD-dzni GAME: blocker loaded at at 184,101,20
[18:44:01] cuD-dzni GAME: blocker loaded at at 197,101,20
[18:44:01] cuD-dzni GAME: blocker loaded at at 2,92,20
[18:44:01] cuD-dzni GAME: blocker loaded at at 119,92,20
[18:44:02] cuD-dzni GAME: Explosion with size (-1, 1, 2) in area Hunting Plains River 
[18:44:02] cuD-dzni GAME: Explosion with size (-1, 1, 2) in area Hunting Plains River 
[18:44:02] cuD-dzni GAME: blocker loaded at at 132,92,20
[18:44:02] cuD-dzni GAME: blocker loaded at at 145,92,20
[18:44:02] cuD-dzni GAME: blocker loaded at at 158,92,20
[18:44:03] cuD-dzni GAME: Explosion with size (0, 1, 3) in area Hunting plains underground caves 
[18:44:03] cuD-dzni GAME: blocker loaded at at 171,92,20
[18:44:03] cuD-dzni GAME: blocker loaded at at 184,92,20
[18:44:03] cuD-dzni GAME: blocker loaded at at 197,92,20
[18:44:04] cuD-dzni GAME: blocker loaded at at 2,83,20
[18:44:04] cuD-dzni GAME: blocker loaded at at 15,83,20
[18:44:04] cuD-dzni GAME: blocker loaded at at 41,83,20
[18:44:05] cuD-dzni GAME: blocker loaded at at 119,83,20
[18:44:05] cuD-dzni GAME: blocker loaded at at 132,83,20
[18:44:06] cuD-dzni GAME: blocker loaded at at 145,83,20
[18:44:06] cuD-dzni GAME: blocker loaded at at 158,83,20
[18:44:06] cuD-dzni GAME: blocker loaded at at 171,83,20
[18:44:06] cuD-dzni GAME: blocker loaded at at 2,74,20
[18:44:07] cuD-dzni GAME: blocker loaded at at 15,74,20
[18:44:07] cuD-dzni GAME: blocker loaded at at 28,74,20
[18:44:07] cuD-dzni GAME: blocker loaded at at 41,74,20
[18:44:07] cuD-dzni GAME: blocker loaded at at 2,65,20
[18:44:07] cuD-dzni GAME: blocker loaded at at 15,65,20
[18:44:08] cuD-dzni GAME: blocker loaded at at 28,65,20
[18:44:08] cuD-dzni GAME: blocker loaded at at 41,65,20
[18:44:08] cuD-dzni GAME: blocker loaded at at 54,65,20
[18:44:09] cuD-dzni GAME: blocker loaded at at 80,65,20
[18:44:09] cuD-dzni GAME: blocker loaded at at 93,65,20
[18:44:10] cuD-dzni GAME: blocker loaded at at 106,65,20
[18:44:10] cuD-dzni GAME: blocker loaded at at 119,65,20
[18:44:10] cuD-dzni GAME: blocker loaded at at 132,65,20
[18:44:11] cuD-dzni GAME: blocker loaded at at 145,65,20
[18:44:11] cuD-dzni GAME: blocker loaded at at 2,56,20
[18:44:12] cuD-dzni GAME: blocker loaded at at 15,56,20
[18:44:12] cuD-dzni GAME: blocker loaded at at 28,56,20
[18:44:12] cuD-dzni GAME: blocker loaded at at 41,56,20
[18:44:12] cuD-dzni GAME: blocker loaded at at 54,56,20
[18:44:13] cuD-dzni GAME: blocker loaded at at 67,56,20
[18:44:13] cuD-dzni GAME: blocker loaded at at 80,56,20
[18:44:13] cuD-dzni GAME: blocker loaded at at 93,56,20
[18:44:13] cuD-dzni GAME: blocker loaded at at 106,56,20
[18:44:14] cuD-dzni GAME: blocker loaded at at 119,56,20
[18:44:14] cuD-dzni GAME: blocker loaded at at 132,56,20
[18:44:14] cuD-dzni GAME: blocker loaded at at 2,47,20
[18:44:14] cuD-dzni GAME: blocker loaded at at 15,47,20
[18:44:15] cuD-dzni GAME: blocker loaded at at 28,47,20
[18:44:15] cuD-dzni GAME: blocker loaded at at 41,47,20
[18:44:15] cuD-dzni GAME: blocker loaded at at 2,38,20
[18:44:16] cuD-dzni GAME: blocker loaded at at 15,38,20
[18:44:16] cuD-dzni GAME: blocker loaded at at 28,38,20
[18:44:17] cuD-dzni GAME: blocker loaded at at 93,38,20
[18:44:17] cuD-dzni GAME: blocker loaded at at 106,38,20
[18:44:18] cuD-dzni GAME: blocker loaded at at 119,38,20
[18:44:19] cuD-dzni GAME: blocker loaded at at 132,38,20
[18:44:19] cuD-dzni GAME: blocker loaded at at 145,38,20
[18:44:19] cuD-dzni GAME: blocker loaded at at 158,38,20
[18:44:20] cuD-dzni GAME: blocker loaded at at 171,38,20
[18:44:20] cuD-dzni GAME: blocker loaded at at 197,38,20
[18:44:20] cuD-dzni GAME: blocker loaded at at 15,29,20
[18:44:20] cuD-dzni GAME: blocker loaded at at 28,29,20
[18:44:21] cuD-dzni GAME: blocker loaded at at 41,29,20
[18:44:21] cuD-dzni GAME: blocker loaded at at 119,29,20
[18:44:21] cuD-dzni GAME: blocker loaded at at 132,29,20
[18:44:22] cuD-dzni GAME: blocker loaded at at 145,29,20
[18:44:22] cuD-dzni GAME: blocker loaded at at 158,29,20
[18:44:22] cuD-dzni GAME: blocker loaded at at 171,29,20
[18:44:23] cuD-dzni SAY: *no key*/(/(rat (633))) squeals! 
[18:44:23] cuD-dzni GAME: blocker loaded at at 184,29,20
[18:44:23] cuD-dzni GAME: blocker loaded at at 197,29,20
[18:44:24] cuD-dzni GAME: blocker loaded at at 119,20,20
[18:44:24] cuD-dzni GAME: blocker loaded at at 158,20,20
[18:44:24] cuD-dzni GAME: blocker loaded at at 171,20,20
[18:44:24] cuD-dzni GAME: blocker loaded at at 184,20,20
[18:44:25] cuD-dzni GAME: blocker loaded at at 197,20,20
[18:44:26] cuD-dzni GAME: blocker loaded at at 171,11,20
[18:44:26] cuD-dzni GAME: blocker loaded at at 184,11,20
[18:44:26] cuD-dzni GAME: blocker loaded at at 15,2,20
[18:44:27] cuD-dzni GAME: blocker loaded at at 28,2,20
[18:44:27] cuD-dzni GAME: blocker loaded at at 54,2,20
[18:44:27] cuD-dzni GAME: blocker loaded at at 80,2,20
[18:44:28] cuD-dzni GAME: blocker loaded at at 93,2,20
[18:44:28] cuD-dzni GAME: blocker loaded at at 106,2,20
[18:44:29] cuD-dzni GAME: blocker loaded at at 119,2,20
[18:44:29] cuD-dzni GAME: blocker loaded at at 132,2,20
[18:44:54] cuD-dzni SAY: Kraftwerk Roach/ : 10101010011100010101.
[18:44:57] cuD-dzni SAY: *no key*/(/(rat (612))) squeals! 
[18:44:58] cuD-dzni ADMIN: <a href='?priv_msg=[0x602cd85]'>RiotScopez</a>/(/(Klara Scott)) has entered a stasis pod. (<A HREF='?_src_=holder;adminplayerobservecoodjump=1;X=115;Y=119;Z=3'>JMP</a>)
[18:45:24] cuD-dzni GAME: Explosion with size (0, 1, 3) in area Greyson Field Offices 
[18:45:25] cuD-dzni ADMIN: <a href='?priv_msg=[0x602cd85]'>RiotScopez</a>/(/(Klara Scott)) has entered a stasis pod. (<A HREF='?_src_=holder;adminplayerobservecoodjump=1;X=120;Y=111;Z=3'>JMP</a>)
[18:45:27] cuD-dzni SAY: *no key*/(/(rat (714))) squeals! 
[18:45:28] cuD-dzni SAY: *no key*/(/(rat (677))) squeals! 
[18:45:30] cuD-dzni ACCESS: Logout: *no key*/(/(Klara Scott))
[18:45:30] cuD-dzni ACCESS: Login: riotscopez/(/(Klara Scott)) from 146.115.147.185-4045791979 || BYOND v514
[18:45:30] cuD-dzni GAME: Explosion with size (-1, 0, 1) in area Prepper Base 
[18:45:33] cuD-dzni SAY: Kraftwerk Roach/ : 10101010011100010101.
[18:45:33] cuD-dzni SAY: Kraftwerk Roach/ : 10101010011100010101.
[18:45:36] cuD-dzni GAME: Klara Scott/riotscopez used abandon mob.
[18:45:36] cuD-dzni ACCESS: Logout: *no key*/(/(Klara Scott))
[18:45:36] cuD-dzni ACCESS: Login: riotscopez/(/(new player)) from 146.115.147.185-4045791979 || BYOND v514
[18:45:37] cuD-dzni ACCESS: Login: riotscopez/(/(new player)) from 146.115.147.185-4045791979 || BYOND v514
[18:45:37] cuD-dzni DEBUG: Could not find style "ErisStyle" for /mob/new_player.
[18:45:42] cuD-dzni ADMIN: riotscopez/(/(new player)) riotscopez/(/(new player)) has loaded a character.
[18:45:44] cuD-dzni GAME: Explosion with size (0, 1, 3) in area Greyson Field Offices 
[18:45:51] cuD-dzni ACCESS: Logout: *no key*/(/(new player))
[18:45:51] cuD-dzni ACCESS: Login: riotscopez/(/(Amaya Paynter)) from 146.115.147.185-4045791979 || BYOND v514
[18:45:51] cuD-dzni DEBUG: Could not find style "ErisStyle" for /mob/living/carbon/human.
[18:45:52] cuD-dzni DEBUG: Creating records for Amaya Paynter
[18:45:55] cuD-dzni GAME: hydro loaded at at 35,132,21
[18:45:55] cuD-dzni GAME: catwalks loaded at at 119,98,21
[18:45:56] cuD-dzni GAME: Medical supplies loaded at at 89,146,21
[18:45:56] cuD-dzni GAME: Medical supplies loaded at at 66,44,21
[18:45:57] cuD-dzni GAME: anomalysci loaded at at 112,141,21
[18:45:58] cuD-dzni GAME: Medical supplies loaded at at 16,90,21
[18:45:58] cuD-dzni GAME: storage loaded at at 151,125,21
[18:45:59] cuD-dzni GAME: Medical supplies loaded at at 78,22,21
[18:45:59] cuD-dzni GAME: toilet loaded at at 29,89,21
[18:46:00] cuD-dzni GAME: storage loaded at at 138,95,21
[18:46:00] cuD-dzni GAME: library loaded at at 16,139,21
[18:46:01] cuD-dzni GAME: morgue loaded at at 65,137,21
[18:46:01] cuD-dzni GAME: toilet loaded at at 130,133,21
[18:46:02] cuD-dzni GAME: library loaded at at 51,70,21
[18:46:03] cuD-dzni GAME: mechbay loaded at at 146,53,21
[18:46:03] cuD-dzni GAME: library loaded at at 26,111,21
[18:46:04] cuD-dzni GAME: office loaded at at 14,102,21
[18:46:04] cuD-dzni GAME: toilet loaded at at 81,132,21
[18:46:05] cuD-dzni GAME: anomalysci loaded at at 12,32,21
[18:46:05] cuD-dzni GAME: Medical supplies loaded at at 56,154,21
[18:46:06] cuD-dzni GAME: hydro loaded at at 122,79,21
[18:46:07] cuD-dzni GAME: Medical supplies loaded at at 16,51,21
[18:46:07] cuD-dzni GAME: anomalysci loaded at at 46,118,21
[18:46:07] cuD-dzni GAME: barricades loaded at at 95,64,21
[18:46:07] cuD-dzni GAME: sm_core loaded at at 78,91,21
[18:46:08] cuD-dzni GAME: a lost roach loaded at at 103,38,21
[18:46:08] cuD-dzni GAME: toilet loaded at at 121,117,21
[18:46:08] cuD-dzni GAME: mechbay loaded at at 29,151,21
[18:46:09] cuD-dzni GAME: cryo loaded at at 93,25,21
[18:46:10] cuD-dzni GAME: cryo loaded at at 137,38,21
[18:46:16] cuD-dzni SAY: Kraftwerk Roach/ : 10101010011100010101.
[18:46:39] cuD-dzni DEBUG: Runtime in unsorted.dm,1381: addtimer called with a callback assigned to a qdeleted object. In the future such timers will not be supported and may refuse to run or run with a 0 wait <A HREF='?_src_=holder;viewruntime=[0x2104c526]'>[view]</A>
[18:46:39] cuD-dzni SAY: Kraftwerk Roach/ : 10101010011100010101.
[18:46:40] cuD-dzni SAY: Kraftwerk Roach/ : 10101010011100010101.
[18:46:40] cuD-dzni SAY: Biosilicified Kraftwerk Roach/ : 10101010011100010101.
[18:46:40] cuD-dzni SAY: *no key*/(/(rat (102))) squeals! 
[18:46:40] cuD-dzni SAY: Durable Kraftwerk Roach/ : 10101010011100010101.
[18:46:40] cuD-dzni ADMIN: EVENT @RiotScopez[DC]/(/(Klara Scott)) (Soteria Lifeline Technician) entered cryostorage.
[18:47:23] cuD-dzni SAY: Biosilicified Kraftwerk Roach/ : 10101010011100010101.
[18:47:23] cuD-dzni SAY: Durable Kraftwerk Roach/ : 10101010011100010101.
[18:47:36] cuD-dzni GAME: Explosion with size (-1, 0, 1) in area Deep Maintenance 
[18:47:36] cuD-dzni GAME: Explosion with size (-1, 0, 1) in area Deep Maintenance 
[18:47:37] cuD-dzni DEBUG: Runtime in unsorted.dm,1381: addtimer called with a callback assigned to a qdeleted object. In the future such timers will not be supported and may refuse to run or run with a 0 wait <A HREF='?_src_=holder;viewruntime=[0x2109eb38]'>[view]</A>
[18:47:55] cuD-dzni DEBUG: Moved - the combat drone was deleted while still being listened to by /datum/effect/effect/system/trail/ion.
[18:47:57] cuD-dzni SAY: Kraftwerk Roach/ : 10101010011100010101.
[18:48:00] cuD-dzni ADMIN: <a href='?priv_msg=[0x602cd85]'>riotscopez</a>/(/(Amaya Paynter)) has entered a stasis pod. (<A HREF='?_src_=holder;adminplayerobservecoodjump=1;X=120;Y=111;Z=3'>JMP</a>)
[18:48:04] cuD-dzni GAME: Explosion with size (0, 1, 3) in area Hunting plains underground caves 
[18:48:10] cuD-dzni ACCESS: Logout: RiotScopez/(/(Amaya Paynter))
[18:48:10] cuD-dzni ACCESS: Logout: riotscopez[DC]/(/(Amaya Paynter))
[18:48:12] cuD-dzni GAME: Explosion with size (-1, 1, 2) in area Deep Maintenance 
