

Starting up. (ID: cqO-dfne) 15:25.26
---------------------
[15:25:26] cqO-dfne MISC: Saved storyteller is 'healer'
[15:25:26] cqO-dfne ADMIN: Loading jobban_rank
[15:25:26] cqO-dfne ADMIN: jobban_keylist was empty
[15:25:26] cqO-dfne ADMIN: Loading Banlist
[15:27:56] cqO-dfne ADMIN: Oswald Minnie try find_inv_position a 14, but not have that slot!
[15:27:56] cqO-dfne ADMIN: Oswald Minnie try find_inv_position a 11, but not have that slot!
[15:27:56] cqO-dfne ADMIN: Oswald Minnie try find_inv_position a 13, but not have that slot!
[15:27:56] cqO-dfne ADMIN: Oswald Minnie try find_inv_position a 12, but not have that slot!
[15:27:56] cqO-dfne ADMIN: Shawn Shick try find_inv_position a 14, but not have that slot!
[15:27:56] cqO-dfne ADMIN: Shawn Shick try find_inv_position a 11, but not have that slot!
[15:27:56] cqO-dfne ADMIN: Shawn Shick try find_inv_position a 13, but not have that slot!
[15:27:56] cqO-dfne ADMIN: Shawn Shick try find_inv_position a 12, but not have that slot!
[15:27:57] cqO-dfne ADMIN: Alex Steele try find_inv_position a 14, but not have that slot!
[15:27:57] cqO-dfne ADMIN: Alex Steele try find_inv_position a 11, but not have that slot!
[15:27:57] cqO-dfne ADMIN: Alex Steele try find_inv_position a 13, but not have that slot!
[15:27:57] cqO-dfne ADMIN: Alex Steele try find_inv_position a 12, but not have that slot!
[15:27:57] cqO-dfne ADMIN: Dean Hutton try find_inv_position a 14, but not have that slot!
[15:27:57] cqO-dfne ADMIN: Dean Hutton try find_inv_position a 11, but not have that slot!
[15:27:57] cqO-dfne ADMIN: Dean Hutton try find_inv_position a 13, but not have that slot!
[15:27:57] cqO-dfne ADMIN: Dean Hutton try find_inv_position a 12, but not have that slot!
[15:27:57] cqO-dfne ADMIN: Aden Houston try find_inv_position a 14, but not have that slot!
[15:27:57] cqO-dfne ADMIN: Aden Houston try find_inv_position a 11, but not have that slot!
[15:27:57] cqO-dfne ADMIN: Aden Houston try find_inv_position a 13, but not have that slot!
[15:27:57] cqO-dfne ADMIN: Aden Houston try find_inv_position a 12, but not have that slot!
[15:27:57] cqO-dfne ADMIN: Izaiah Sandford try find_inv_position a 14, but not have that slot!
[15:27:57] cqO-dfne ADMIN: Izaiah Sandford try find_inv_position a 11, but not have that slot!
[15:27:57] cqO-dfne ADMIN: Izaiah Sandford try find_inv_position a 13, but not have that slot!
[15:27:57] cqO-dfne ADMIN: Izaiah Sandford try find_inv_position a 12, but not have that slot!
[15:28:14] cqO-dfne ADMIN: EVENT *null* has loaded a character.
[15:28:14] cqO-dfne ACCESS: Login: RiotScopez/() from 64.238.138.250-1871707424 || BYOND v514.1585
[15:28:14] cqO-dfne ACCESS: Login: RiotScopez/(/(RiotScopez)) from 64.238.138.250-1871707424 || BYOND v514
[15:28:15] cqO-dfne DEBUG: Could not find style "ErisStyle" for /mob/new_player.
[15:28:15] cqO-dfne ACCESS: Login: RiotScopez/(/(RiotScopez)) from 64.238.138.250-1871707424 || BYOND v514
[15:28:32] cqO-dfne ADMIN: RiotScopez/(/(RiotScopez)) delayed the game.
[15:30:46] cqO-dfne GAME: neutral 2 loaded at at 81,76,19
[15:30:47] cqO-dfne GAME: neutral 3 loaded at at 26,56,19
[15:30:47] cqO-dfne GAME: neutral 2 loaded at at 51,81,19
[15:30:48] cqO-dfne GAME: neutral 3 loaded at at 81,41,19
[15:30:49] cqO-dfne GAME: neutral 3 loaded at at 11,41,19
[15:30:50] cqO-dfne GAME: neutral 3 loaded at at 16,76,19
[15:30:50] cqO-dfne GAME: neutral 2 loaded at at 56,51,19
[15:30:51] cqO-dfne GAME: neutral 3 loaded at at 11,31,19
[15:30:51] cqO-dfne GAME: neutral 5 loaded at at 106,61,19
[15:30:51] cqO-dfne GAME: neutral 5 loaded at at 16,71,19
[15:30:51] cqO-dfne GAME: neutral 8 loaded at at 86,106,19
[15:30:51] cqO-dfne GAME: neutral 1 loaded at at 31,81,19
[15:30:51] cqO-dfne GAME: neutral 9 loaded at at 41,41,19
[15:30:52] cqO-dfne GAME: neutral 9 loaded at at 36,96,19
[15:30:52] cqO-dfne GAME: neutral 2 loaded at at 81,41,19
[15:30:52] cqO-dfne GAME: neutral 4 loaded at at 21,21,19
[15:30:52] cqO-dfne GAME: neutral 6 loaded at at 66,51,19
[15:30:52] cqO-dfne GAME: neutral 1 loaded at at 76,106,19
[15:30:52] cqO-dfne GAME: neutral 4 loaded at at 106,21,19
[15:30:52] cqO-dfne GAME: neutral 9 loaded at at 101,11,19
[15:30:52] cqO-dfne GAME: neutral 7 loaded at at 46,46,19
[15:30:52] cqO-dfne GAME: neutral 7 loaded at at 76,66,19
[15:30:52] cqO-dfne GAME: neutral 3 loaded at at 36,31,19
[15:30:52] cqO-dfne GAME: neutral 8 loaded at at 106,76,19
[15:30:52] cqO-dfne GAME: neutral 10 loaded at at 31,16,19
[15:30:52] cqO-dfne GAME: neutral 2 loaded at at 11,36,19
[15:30:52] cqO-dfne GAME: neutral 1 loaded at at 56,11,19
[15:30:52] cqO-dfne GAME: neutral 5 loaded at at 11,91,19
[15:30:52] cqO-dfne GAME: neutral 6 loaded at at 36,71,19
[15:30:52] cqO-dfne GAME: neutral 8 loaded at at 96,46,19
[15:30:52] cqO-dfne GAME: neutral 6 loaded at at 26,66,19
[15:30:52] cqO-dfne GAME: neutral 2 loaded at at 66,46,19
[15:30:52] cqO-dfne GAME: neutral 8 loaded at at 101,106,19
[15:30:52] cqO-dfne GAME: neutral 2 loaded at at 101,16,19
[15:30:52] cqO-dfne GAME: neutral 3 loaded at at 91,26,19
[15:30:52] cqO-dfne GAME: neutral 6 loaded at at 11,16,19
[15:30:53] cqO-dfne GAME: neutral 6 loaded at at 31,106,19
[15:30:53] cqO-dfne GAME: neutral 11 loaded at at 46,36,19
[15:30:53] cqO-dfne GAME: neutral 3 loaded at at 26,36,19
[15:30:53] cqO-dfne GAME: neutral 9 loaded at at 61,106,19
[15:30:53] cqO-dfne GAME: neutral 3 loaded at at 36,41,19
[15:30:53] cqO-dfne GAME: neutral 2 loaded at at 26,16,19
[15:30:53] cqO-dfne GAME: neutral 8 loaded at at 26,31,19
[15:30:53] cqO-dfne GAME: neutral 1 loaded at at 61,46,19
[15:30:53] cqO-dfne GAME: neutral 5 loaded at at 106,46,19
[15:30:53] cqO-dfne GAME: neutral 6 loaded at at 36,36,19
[15:30:53] cqO-dfne GAME: neutral 11 loaded at at 66,86,19
[15:30:53] cqO-dfne GAME: neutral 7 loaded at at 41,86,19
[15:30:53] cqO-dfne GAME: neutral 3 loaded at at 96,106,19
[15:30:53] cqO-dfne GAME: neutral 9 loaded at at 31,21,19
[15:30:53] cqO-dfne GAME: neutral 6 loaded at at 36,101,19
[15:30:53] cqO-dfne GAME: neutral 11 loaded at at 51,41,19
[15:30:53] cqO-dfne GAME: neutral 8 loaded at at 101,71,19
[15:30:53] cqO-dfne GAME: neutral 2 loaded at at 91,66,19
[15:30:53] cqO-dfne GAME: neutral 1 loaded at at 26,16,19
[15:30:53] cqO-dfne GAME: neutral 1 loaded at at 106,11,19
[15:30:53] cqO-dfne GAME: neutral 11 loaded at at 71,31,19
[15:30:53] cqO-dfne GAME: neutral 4 loaded at at 86,76,19
[15:30:53] cqO-dfne GAME: neutral 3 loaded at at 36,16,19
[15:30:54] cqO-dfne GAME: neutral 4 loaded at at 31,96,19
[15:30:54] cqO-dfne GAME: neutral 5 loaded at at 16,96,19
[15:30:54] cqO-dfne GAME: neutral 5 loaded at at 106,91,19
[15:30:54] cqO-dfne GAME: neutral 2 loaded at at 31,66,19
[15:30:54] cqO-dfne GAME: neutral 1 loaded at at 86,36,19
[15:30:54] cqO-dfne GAME: neutral 10 loaded at at 81,106,19
[15:30:54] cqO-dfne GAME: neutral 10 loaded at at 96,26,19
[15:30:54] cqO-dfne GAME: neutral 11 loaded at at 51,46,19
[15:30:54] cqO-dfne GAME: neutral 4 loaded at at 36,106,19
[15:31:08] cqO-dfne GAME: Emitter deleted at (0,0,0)
[15:31:33] cqO-dfne ADMIN: RiotScopez/(/(RiotScopez)) RiotScopez/(/(RiotScopez)) has enforced border controls. New keys can no longer join.
[15:31:38] cqO-dfne ADMIN: RiotScopez/(/(RiotScopez)) RiotScopez/(/(RiotScopez)) has set border control to learn new keys on connection!
[15:32:30] cqO-dfne ASSET: ERROR: Invalid asset: /datum/asset/simple/craft:obj_item_stack_cable_coil.png:1
[15:32:35] cqO-dfne ASSET: ERROR: Invalid asset: /datum/asset/simple/craft:obj_item_clothing_glasses_powered_meson.png:1
[15:32:36] cqO-dfne ASSET: ERROR: Invalid asset: /datum/asset/simple/craft:obj_item_gun_projectile_boltgun_lever.png:1
[15:32:36] cqO-dfne ASSET: ERROR: Invalid asset: /datum/asset/simple/craft:obj_item_gun_projectile_automatic_sts_rifle.png:1
[15:32:37] cqO-dfne ASSET: ERROR: Invalid asset: /datum/asset/simple/craft:obj_item_modular_computer_laptop.png:1
[15:33:26] cqO-dfne VOTE: Storyteller vote started by server.
[15:33:28] cqO-dfne ADMIN: RiotScopez/(/(RiotScopez)) removed the delay.
[15:33:29] cqO-dfne ADMIN: RiotScopez/(/(RiotScopez)) delayed the game.
[15:33:43] cqO-dfne GAME: Entrance - 1 loaded at at 80,137,20
[15:33:44] cqO-dfne GAME: Escape_Pod_West-East loaded at at 80,128,20
[15:33:45] cqO-dfne GAME: checkpoint_horizontal loaded at at 93,128,20
[15:33:45] cqO-dfne GAME: Escape_Pod_West-East loaded at at 106,128,20
[15:33:45] cqO-dfne GAME: Escape_Pod_West-East loaded at at 119,128,20
[15:33:47] cqO-dfne GAME: garden loaded at at 132,128,20
[15:33:47] cqO-dfne GAME: Hallway_4way loaded at at 132,119,20
[15:33:48] cqO-dfne GAME: Escape_Pod_West-East loaded at at 132,110,20
[15:33:49] cqO-dfne GAME: Hallway_4way loaded at at 145,110,20
[15:33:49] cqO-dfne GAME: crematorium loaded at at 158,110,20
[15:33:49] cqO-dfne GAME: garden loaded at at 171,110,20
[15:33:50] cqO-dfne GAME: Escape_Pod_West-East loaded at at 184,110,20
[15:33:50] cqO-dfne GAME: garden loaded at at 197,110,20
[15:33:51] cqO-dfne GAME: Hallway_4way loaded at at 197,101,20
[15:33:51] cqO-dfne GAME: Hallway_4way loaded at at 184,101,20
[15:33:52] cqO-dfne GAME: showers loaded at at 171,101,20
[15:33:52] cqO-dfne GAME: secure_storage_horizontal loaded at at 158,101,20
[15:33:53] cqO-dfne GAME: Escape_Pod_West-East loaded at at 145,101,20
[15:33:53] cqO-dfne GAME: crematorium loaded at at 132,101,20
[15:33:53] cqO-dfne GAME: autolathe_South-East loaded at at 119,101,20
[15:33:54] cqO-dfne GAME: garden loaded at at 119,92,20
[15:33:55] cqO-dfne GAME: crematorium loaded at at 132,92,20
[15:33:55] cqO-dfne GAME: garden loaded at at 145,92,20
[15:33:55] cqO-dfne GAME: hallwayatmos_west-east loaded at at 158,92,20
[15:33:56] cqO-dfne GAME: showers loaded at at 171,92,20
[15:33:56] cqO-dfne GAME: crematorium loaded at at 184,92,20
[15:33:57] cqO-dfne GAME: garden loaded at at 197,92,20
[15:33:58] cqO-dfne GAME: Escape_Pod_West-East loaded at at 197,83,20
[15:33:58] cqO-dfne GAME: Hallway_4way loaded at at 184,83,20
[15:33:58] cqO-dfne GAME: garden loaded at at 184,74,20
[15:33:59] cqO-dfne GAME: garden loaded at at 171,74,20
[15:33:59] cqO-dfne GAME: showers loaded at at 158,74,20
[15:34:00] cqO-dfne GAME: garden loaded at at 145,74,20
[15:34:00] cqO-dfne GAME: checkpoint_horizontal loaded at at 132,74,20
[15:34:01] cqO-dfne GAME: showers loaded at at 119,74,20
[15:34:01] cqO-dfne GAME: Escape_Pod_West-East loaded at at 106,74,20
[15:34:02] cqO-dfne GAME: Hallway_4way loaded at at 93,74,20
[15:34:02] cqO-dfne GAME: autolathe_South-East loaded at at 80,74,20
[15:34:03] cqO-dfne GAME: Escape_Pod_West-East loaded at at 80,65,20
[15:34:03] cqO-dfne GAME: crematorium loaded at at 67,65,20
[15:34:04] cqO-dfne GAME: crematorium loaded at at 54,65,20
[15:34:04] cqO-dfne GAME: garden loaded at at 41,65,20
[15:34:06] cqO-dfne GAME: lab5 loaded at at 110,104,21
[15:34:07] cqO-dfne GAME: over run loaded at at 32,118,21
[15:34:07] cqO-dfne GAME: dinner loaded at at 43,49,21
[15:34:08] cqO-dfne GAME: medbay loaded at at 97,73,21
[15:34:08] cqO-dfne GAME: over run loaded at at 68,80,21
[15:34:09] cqO-dfne GAME: dinner loaded at at 81,108,21
[15:34:09] cqO-dfne GAME: hallway_executive loaded at at 41,56,20
[15:34:09] cqO-dfne GAME: garden loaded at at 41,47,20
[15:34:10] cqO-dfne GAME: garden loaded at at 54,47,20
[15:34:10] cqO-dfne GAME: Hallway_4way loaded at at 67,47,20
[15:34:11] cqO-dfne GAME: showers loaded at at 80,47,20
[15:34:11] cqO-dfne GAME: penitentiary loaded at at 93,47,20
[15:34:12] cqO-dfne GAME: Escape_Pod_West-East loaded at at 106,47,20
[15:34:12] cqO-dfne GAME: Hallway_4way loaded at at 119,47,20
[15:34:12] cqO-dfne GAME: showers loaded at at 132,47,20
[15:34:13] cqO-dfne GAME: garden loaded at at 145,47,20
[15:34:15] cqO-dfne GAME: Hallway_4way loaded at at 158,47,20
[15:34:16] cqO-dfne GAME: Hallway_4way loaded at at 171,47,20
[15:34:16] cqO-dfne GAME: crematorium loaded at at 184,47,20
[15:34:17] cqO-dfne GAME: garden loaded at at 184,38,20
[15:34:18] cqO-dfne GAME: crematorium loaded at at 171,38,20
[15:34:19] cqO-dfne GAME: Hallway_4way loaded at at 171,29,20
[15:34:19] cqO-dfne GAME: Escape_Pod_West-East loaded at at 158,29,20
[15:34:20] cqO-dfne GAME: garden loaded at at 145,29,20
[15:34:21] cqO-dfne GAME: Hallway_4way loaded at at 145,20,20
[15:34:21] cqO-dfne GAME: hallwayatmos_west-east loaded at at 132,20,20
[15:34:21] cqO-dfne GAME: showers loaded at at 119,20,20
[15:34:22] cqO-dfne GAME: garden loaded at at 106,20,20
[15:34:22] cqO-dfne GAME: autolathe_South-East loaded at at 93,20,20
[15:34:23] cqO-dfne GAME: Hallway_4way loaded at at 93,11,20
[15:34:23] cqO-dfne GAME: Escape_Pod_West-East loaded at at 106,11,20
[15:34:24] cqO-dfne GAME: crematorium loaded at at 119,11,20
[15:34:24] cqO-dfne GAME: garden loaded at at 132,11,20
[15:34:26] cqO-dfne GAME: Escape_Pod_West-East loaded at at 132,2,20
[15:34:27] cqO-dfne GAME: checkpoint_horizontal loaded at at 145,2,20
[15:34:28] cqO-dfne GAME: penitentiary loaded at at 158,2,20
[15:34:29] cqO-dfne GAME: penitentiary loaded at at 171,2,20
[15:34:30] cqO-dfne GAME: Exit - 1 loaded at at 184,2,20
[15:34:57] cqO-dfne ADMIN: RiotScopez/(/(RiotScopez)) has disabled antagHUD usage for observers
[15:34:58] cqO-dfne ADMIN: RiotScopez/(/(RiotScopez)) has enabled antagHUD usage for observers
[15:34:59] cqO-dfne GAME: cargo_vertical loaded at at 145,38,20
[15:35:00] cqO-dfne GAME: refinery loaded at at 80,11,20
[15:35:01] cqO-dfne GAME: armory_secure loaded at at 197,47,20
[15:35:02] cqO-dfne GAME: shooting_range loaded at at 93,65,20
[15:35:03] cqO-dfne GAME: surgery loaded at at 184,29,20
[15:35:05] cqO-dfne GAME: cargo_vertical loaded at at 171,56,20
[15:35:06] cqO-dfne GAME: cargo_horizontal loaded at at 197,38,20
[15:35:07] cqO-dfne GAME: refinery loaded at at 119,2,20
[15:35:09] cqO-dfne GAME: armory loaded at at 93,56,20
[15:35:09] cqO-dfne GAME: shooting_range loaded at at 106,2,20
[15:35:11] cqO-dfne GAME: armory loaded at at 197,74,20
[15:35:12] cqO-dfne GAME: cargo_vertical loaded at at 106,83,20
[15:35:12] cqO-dfne GAME: anomaly loaded at at 184,20,20
[15:35:14] cqO-dfne GAME: surgery loaded at at 106,29,20
[15:35:15] cqO-dfne GAME: shooting_range loaded at at 145,119,20
[15:35:26] cqO-dfne GAME: anomaly loaded at at 158,20,20
[15:35:27] cqO-dfne GAME: mechbay loaded at at 171,83,20
[15:35:35] cqO-dfne GAME: anomaly loaded at at 171,20,20
[15:35:39] cqO-dfne GAME: cargo_horizontal loaded at at 145,128,20
[15:35:41] cqO-dfne GAME: surgery loaded at at 119,38,20
[15:35:42] cqO-dfne GAME: armory loaded at at 171,65,20
[15:35:43] cqO-dfne GAME: mechbay loaded at at 28,65,20
[15:35:43] cqO-dfne VOTE: <b>Votes:</b><br>	The Guide - 0 vote.<br>	The Mime - 0 vote.<br>	The Warrior - 0 vote.<br>	Ghost Town - 0 vote.<br>	The Sleeper - 0 vote.<br>	The Jester - 0 vote.<br><b>	The Healer - 1 vote.<br></b>	The Chronicler - 0 vote.<br>	Did not vote - 0<br>
[15:35:44] cqO-dfne ADMIN: RiotScopez/(/(RiotScopez)) delayed the game.
[15:35:45] cqO-dfne GAME: shooting_range loaded at at 158,56,20
[15:35:46] cqO-dfne GAME: blocker loaded at at 2,137,20
[15:35:46] cqO-dfne GAME: blocker loaded at at 15,137,20
[15:35:46] cqO-dfne GAME: blocker loaded at at 28,137,20
[15:35:46] cqO-dfne GAME: blocker loaded at at 41,137,20
[15:35:46] cqO-dfne GAME: blocker loaded at at 54,137,20
[15:35:47] cqO-dfne GAME: blocker loaded at at 67,137,20
[15:35:47] cqO-dfne GAME: blocker loaded at at 93,137,20
[15:35:47] cqO-dfne GAME: blocker loaded at at 106,137,20
[15:35:47] cqO-dfne GAME: blocker loaded at at 119,137,20
[15:35:47] cqO-dfne GAME: blocker loaded at at 132,137,20
[15:35:47] cqO-dfne GAME: blocker loaded at at 145,137,20
[15:35:47] cqO-dfne GAME: blocker loaded at at 158,137,20
[15:35:47] cqO-dfne GAME: blocker loaded at at 171,137,20
[15:35:47] cqO-dfne GAME: blocker loaded at at 184,137,20
[15:35:47] cqO-dfne GAME: blocker loaded at at 197,137,20
[15:35:47] cqO-dfne GAME: blocker loaded at at 2,128,20
[15:35:47] cqO-dfne GAME: blocker loaded at at 15,128,20
[15:35:47] cqO-dfne GAME: blocker loaded at at 28,128,20
[15:35:47] cqO-dfne GAME: blocker loaded at at 41,128,20
[15:35:48] cqO-dfne GAME: blocker loaded at at 54,128,20
[15:35:48] cqO-dfne GAME: blocker loaded at at 67,128,20
[15:35:48] cqO-dfne GAME: blocker loaded at at 158,128,20
[15:35:48] cqO-dfne GAME: blocker loaded at at 171,128,20
[15:35:48] cqO-dfne GAME: blocker loaded at at 184,128,20
[15:35:48] cqO-dfne GAME: blocker loaded at at 197,128,20
[15:35:48] cqO-dfne GAME: blocker loaded at at 2,119,20
[15:35:48] cqO-dfne GAME: blocker loaded at at 15,119,20
[15:35:48] cqO-dfne GAME: blocker loaded at at 28,119,20
[15:35:48] cqO-dfne GAME: blocker loaded at at 41,119,20
[15:35:48] cqO-dfne GAME: blocker loaded at at 54,119,20
[15:35:48] cqO-dfne GAME: blocker loaded at at 67,119,20
[15:35:48] cqO-dfne GAME: blocker loaded at at 80,119,20
[15:35:48] cqO-dfne GAME: blocker loaded at at 93,119,20
[15:35:48] cqO-dfne GAME: blocker loaded at at 106,119,20
[15:35:48] cqO-dfne GAME: blocker loaded at at 119,119,20
[15:35:49] cqO-dfne GAME: blocker loaded at at 158,119,20
[15:35:49] cqO-dfne GAME: blocker loaded at at 171,119,20
[15:35:49] cqO-dfne GAME: blocker loaded at at 184,119,20
[15:35:49] cqO-dfne GAME: blocker loaded at at 197,119,20
[15:35:49] cqO-dfne GAME: blocker loaded at at 2,110,20
[15:35:49] cqO-dfne GAME: blocker loaded at at 15,110,20
[15:35:49] cqO-dfne GAME: blocker loaded at at 28,110,20
[15:35:49] cqO-dfne GAME: blocker loaded at at 41,110,20
[15:35:49] cqO-dfne GAME: blocker loaded at at 54,110,20
[15:35:49] cqO-dfne GAME: blocker loaded at at 67,110,20
[15:35:49] cqO-dfne GAME: blocker loaded at at 80,110,20
[15:35:49] cqO-dfne GAME: blocker loaded at at 93,110,20
[15:35:49] cqO-dfne GAME: blocker loaded at at 106,110,20
[15:35:49] cqO-dfne GAME: blocker loaded at at 119,110,20
[15:35:50] cqO-dfne GAME: blocker loaded at at 2,101,20
[15:35:50] cqO-dfne GAME: blocker loaded at at 15,101,20
[15:35:50] cqO-dfne GAME: blocker loaded at at 28,101,20
[15:35:50] cqO-dfne GAME: blocker loaded at at 41,101,20
[15:35:50] cqO-dfne GAME: blocker loaded at at 54,101,20
[15:35:50] cqO-dfne GAME: blocker loaded at at 67,101,20
[15:35:50] cqO-dfne GAME: blocker loaded at at 80,101,20
[15:35:50] cqO-dfne GAME: blocker loaded at at 93,101,20
[15:35:50] cqO-dfne GAME: blocker loaded at at 106,101,20
[15:35:50] cqO-dfne GAME: blocker loaded at at 2,92,20
[15:35:50] cqO-dfne GAME: blocker loaded at at 15,92,20
[15:35:50] cqO-dfne GAME: blocker loaded at at 28,92,20
[15:35:50] cqO-dfne GAME: blocker loaded at at 41,92,20
[15:35:50] cqO-dfne GAME: blocker loaded at at 54,92,20
[15:35:50] cqO-dfne GAME: blocker loaded at at 67,92,20
[15:35:50] cqO-dfne GAME: blocker loaded at at 80,92,20
[15:35:50] cqO-dfne GAME: blocker loaded at at 93,92,20
[15:35:51] cqO-dfne GAME: blocker loaded at at 106,92,20
[15:35:51] cqO-dfne GAME: blocker loaded at at 2,83,20
[15:35:51] cqO-dfne GAME: blocker loaded at at 15,83,20
[15:35:51] cqO-dfne GAME: blocker loaded at at 28,83,20
[15:35:51] cqO-dfne GAME: blocker loaded at at 41,83,20
[15:35:51] cqO-dfne GAME: blocker loaded at at 54,83,20
[15:35:51] cqO-dfne GAME: blocker loaded at at 67,83,20
[15:35:51] cqO-dfne GAME: blocker loaded at at 80,83,20
[15:35:51] cqO-dfne GAME: blocker loaded at at 93,83,20
[15:35:51] cqO-dfne GAME: blocker loaded at at 119,83,20
[15:35:51] cqO-dfne GAME: blocker loaded at at 132,83,20
[15:35:51] cqO-dfne GAME: blocker loaded at at 145,83,20
[15:35:52] cqO-dfne GAME: blocker loaded at at 158,83,20
[15:35:52] cqO-dfne GAME: blocker loaded at at 2,74,20
[15:35:52] cqO-dfne GAME: blocker loaded at at 15,74,20
[15:35:52] cqO-dfne GAME: blocker loaded at at 28,74,20
[15:35:52] cqO-dfne GAME: blocker loaded at at 41,74,20
[15:35:52] cqO-dfne GAME: blocker loaded at at 54,74,20
[15:35:52] cqO-dfne GAME: blocker loaded at at 67,74,20
[15:35:52] cqO-dfne GAME: blocker loaded at at 2,65,20
[15:35:52] cqO-dfne GAME: blocker loaded at at 15,65,20
[15:35:52] cqO-dfne GAME: blocker loaded at at 106,65,20
[15:35:52] cqO-dfne GAME: blocker loaded at at 119,65,20
[15:35:52] cqO-dfne GAME: blocker loaded at at 132,65,20
[15:35:52] cqO-dfne GAME: blocker loaded at at 145,65,20
[15:35:53] cqO-dfne GAME: blocker loaded at at 158,65,20
[15:35:53] cqO-dfne GAME: blocker loaded at at 184,65,20
[15:35:53] cqO-dfne GAME: blocker loaded at at 197,65,20
[15:35:53] cqO-dfne GAME: blocker loaded at at 2,56,20
[15:35:53] cqO-dfne GAME: blocker loaded at at 15,56,20
[15:35:53] cqO-dfne GAME: blocker loaded at at 28,56,20
[15:35:53] cqO-dfne GAME: blocker loaded at at 54,56,20
[15:35:53] cqO-dfne GAME: blocker loaded at at 67,56,20
[15:35:53] cqO-dfne GAME: blocker loaded at at 80,56,20
[15:35:53] cqO-dfne GAME: blocker loaded at at 106,56,20
[15:35:53] cqO-dfne GAME: blocker loaded at at 119,56,20
[15:35:54] cqO-dfne GAME: blocker loaded at at 132,56,20
[15:35:54] cqO-dfne GAME: blocker loaded at at 145,56,20
[15:35:54] cqO-dfne GAME: blocker loaded at at 184,56,20
[15:35:54] cqO-dfne GAME: blocker loaded at at 197,56,20
[15:35:54] cqO-dfne GAME: blocker loaded at at 2,47,20
[15:35:54] cqO-dfne GAME: blocker loaded at at 15,47,20
[15:35:54] cqO-dfne GAME: blocker loaded at at 28,47,20
[15:35:54] cqO-dfne GAME: blocker loaded at at 2,38,20
[15:35:54] cqO-dfne GAME: blocker loaded at at 15,38,20
[15:35:54] cqO-dfne GAME: blocker loaded at at 28,38,20
[15:35:54] cqO-dfne GAME: blocker loaded at at 41,38,20
[15:35:54] cqO-dfne GAME: blocker loaded at at 54,38,20
[15:35:54] cqO-dfne GAME: blocker loaded at at 67,38,20
[15:35:55] cqO-dfne GAME: blocker loaded at at 80,38,20
[15:35:55] cqO-dfne GAME: blocker loaded at at 93,38,20
[15:35:55] cqO-dfne GAME: blocker loaded at at 106,38,20
[15:35:55] cqO-dfne GAME: blocker loaded at at 132,38,20
[15:35:55] cqO-dfne GAME: blocker loaded at at 158,38,20
[15:35:55] cqO-dfne GAME: blocker loaded at at 2,29,20
[15:35:55] cqO-dfne GAME: blocker loaded at at 15,29,20
[15:35:55] cqO-dfne GAME: blocker loaded at at 28,29,20
[15:35:55] cqO-dfne GAME: blocker loaded at at 41,29,20
[15:35:55] cqO-dfne GAME: blocker loaded at at 54,29,20
[15:35:55] cqO-dfne GAME: blocker loaded at at 67,29,20
[15:35:55] cqO-dfne GAME: blocker loaded at at 80,29,20
[15:35:55] cqO-dfne GAME: blocker loaded at at 93,29,20
[15:35:56] cqO-dfne GAME: blocker loaded at at 119,29,20
[15:35:56] cqO-dfne GAME: blocker loaded at at 132,29,20
[15:35:56] cqO-dfne GAME: blocker loaded at at 197,29,20
[15:35:56] cqO-dfne GAME: blocker loaded at at 2,20,20
[15:35:56] cqO-dfne GAME: blocker loaded at at 15,20,20
[15:35:56] cqO-dfne GAME: blocker loaded at at 28,20,20
[15:35:56] cqO-dfne GAME: blocker loaded at at 41,20,20
[15:35:56] cqO-dfne GAME: blocker loaded at at 54,20,20
[15:35:56] cqO-dfne GAME: blocker loaded at at 67,20,20
[15:35:56] cqO-dfne GAME: blocker loaded at at 80,20,20
[15:35:56] cqO-dfne GAME: blocker loaded at at 197,20,20
[15:35:56] cqO-dfne GAME: blocker loaded at at 2,11,20
[15:35:56] cqO-dfne GAME: blocker loaded at at 15,11,20
[15:35:56] cqO-dfne GAME: blocker loaded at at 28,11,20
[15:35:56] cqO-dfne GAME: blocker loaded at at 41,11,20
[15:35:57] cqO-dfne GAME: blocker loaded at at 54,11,20
[15:35:57] cqO-dfne GAME: blocker loaded at at 67,11,20
[15:35:57] cqO-dfne GAME: blocker loaded at at 145,11,20
[15:35:57] cqO-dfne GAME: blocker loaded at at 158,11,20
[15:35:57] cqO-dfne GAME: blocker loaded at at 171,11,20
[15:35:57] cqO-dfne GAME: blocker loaded at at 184,11,20
[15:35:57] cqO-dfne GAME: blocker loaded at at 197,11,20
[15:35:57] cqO-dfne GAME: blocker loaded at at 2,2,20
[15:35:57] cqO-dfne GAME: blocker loaded at at 15,2,20
[15:35:57] cqO-dfne GAME: blocker loaded at at 28,2,20
[15:35:57] cqO-dfne GAME: blocker loaded at at 41,2,20
[15:35:57] cqO-dfne GAME: blocker loaded at at 54,2,20
[15:35:57] cqO-dfne GAME: blocker loaded at at 67,2,20
[15:35:58] cqO-dfne GAME: blocker loaded at at 80,2,20
[15:35:58] cqO-dfne GAME: blocker loaded at at 93,2,20
[15:35:58] cqO-dfne GAME: blocker loaded at at 197,2,20
[15:36:26] cqO-dfne GAME: Trash loaded at at 147,68,21
[15:36:26] cqO-dfne GAME: Medical supplies loaded at at 61,126,21
[15:36:26] cqO-dfne GAME: catwalks loaded at at 14,109,21
[15:36:26] cqO-dfne GAME: freezer loaded at at 76,38,21
[15:36:26] cqO-dfne GAME: Trash loaded at at 82,141,21
[15:36:27] cqO-dfne GAME: a lost roach loaded at at 86,51,21
[15:36:27] cqO-dfne GAME: freezer loaded at at 54,151,21
[15:36:27] cqO-dfne GAME: Trash loaded at at 55,111,21
[15:36:27] cqO-dfne GAME: office loaded at at 51,36,21
[15:36:27] cqO-dfne GAME: anomalysci loaded at at 94,140,21
[15:36:27] cqO-dfne GAME: barricades loaded at at 24,59,21
[15:36:28] cqO-dfne GAME: toilet loaded at at 121,154,21
[15:36:28] cqO-dfne GAME: a lost roach loaded at at 127,28,21
[15:36:28] cqO-dfne GAME: storage loaded at at 89,32,21
[15:36:28] cqO-dfne GAME: Medical supplies loaded at at 150,141,21
[15:36:28] cqO-dfne GAME: sm_core loaded at at 135,130,21
[15:36:28] cqO-dfne GAME: sm_core loaded at at 148,55,21
[15:36:29] cqO-dfne GAME: toilet loaded at at 120,134,21
[15:36:29] cqO-dfne GAME: Medical supplies loaded at at 150,88,21
[15:36:29] cqO-dfne GAME: Trash loaded at at 129,64,21
[15:36:29] cqO-dfne GAME: Trash loaded at at 66,142,21
[15:36:29] cqO-dfne GAME: hydro loaded at at 114,40,21
[15:36:29] cqO-dfne GAME: library loaded at at 138,154,21
[15:36:29] cqO-dfne GAME: hydro loaded at at 31,85,21
[15:36:30] cqO-dfne GAME: Trash loaded at at 126,78,21
[15:36:30] cqO-dfne GAME: sm_core loaded at at 42,23,21
[15:36:30] cqO-dfne GAME: freezer loaded at at 110,26,21
[15:36:30] cqO-dfne GAME: catwalks loaded at at 15,77,21
[15:36:30] cqO-dfne GAME: storage loaded at at 11,143,21
[15:36:30] cqO-dfne GAME: catwalks loaded at at 73,25,21
[15:36:58] cqO-dfne DEBUG: Runtime in inspiration_component.dm,29: undefined variable /obj/item/tool/knife/dagger/var/perk <A HREF='?_src_=holder;viewruntime=[0x210ebd5f]'>[view]</A>
[15:37:45] cqO-dfne ADMIN: RiotScopez/(/(RiotScopez)) RiotScopez/(/(RiotScopez)) has saved their preferences.
[15:37:45] cqO-dfne ADMIN: RiotScopez/(/(RiotScopez)) RiotScopez/(/(RiotScopez)) has saved a character.
[15:37:45] cqO-dfne ADMIN: RiotScopez/(/(RiotScopez)) RiotScopez/(/(RiotScopez)) has saved their preferences.
[15:37:45] cqO-dfne ADMIN: RiotScopez/(/(RiotScopez)) RiotScopez/(/(RiotScopez)) has saved a character.
[15:37:49] cqO-dfne ADMIN: RiotScopez/(/(RiotScopez)) RiotScopez/(/(RiotScopez)) has saved their preferences.
[15:37:49] cqO-dfne ADMIN: RiotScopez/(/(RiotScopez)) RiotScopez/(/(RiotScopez)) has saved a character.
[15:37:54] cqO-dfne ADMIN: RiotScopez/(/(RiotScopez)) RiotScopez/(/(RiotScopez)) has loaded a character.
[15:37:59] cqO-dfne ADMIN: RiotScopez/(/(RiotScopez)) RiotScopez/(/(RiotScopez)) has loaded a character.
[15:38:04] cqO-dfne ADMIN: RiotScopez/(/(RiotScopez)) RiotScopez/(/(RiotScopez)) has loaded a character.
[15:39:05] cqO-dfne ADMIN: RiotScopez/(/(RiotScopez)) RiotScopez/(/(RiotScopez)) has saved their preferences.
[15:39:05] cqO-dfne ADMIN: RiotScopez/(/(RiotScopez)) RiotScopez/(/(RiotScopez)) has saved a character.
[15:39:06] cqO-dfne ADMIN: RiotScopez/(/(RiotScopez)) RiotScopez/(/(RiotScopez)) has saved their preferences.
[15:39:06] cqO-dfne ADMIN: RiotScopez/(/(RiotScopez)) RiotScopez/(/(RiotScopez)) has saved a character.
[15:39:49] cqO-dfne ADMIN: RiotScopez/(/(RiotScopez)) RiotScopez/(/(RiotScopez)) has loaded a character.
[15:39:50] cqO-dfne ADMIN: RiotScopez/(/(RiotScopez)) RiotScopez/(/(RiotScopez)) has loaded a character.
[15:45:51] cqO-dfne ADMIN: RiotScopez/(/(RiotScopez)) RiotScopez/(/(RiotScopez)) has loaded a character.
[15:46:07] cqO-dfne ADMIN: RiotScopez/(/(RiotScopez)) RiotScopez/(/(RiotScopez)) has loaded a character.
[15:50:08] cqO-dfne ADMIN: RiotScopez/(/(RiotScopez)) RiotScopez/(/(RiotScopez)) has loaded a character.
[15:55:02] cqO-dfne ADMIN: RiotScopez/(/(RiotScopez)) RiotScopez/(/(RiotScopez)) has loaded a character.
[16:00:57] cqO-dfne ACCESS: Logout: RiotScopez/(/(RiotScopez))
[16:00:57] cqO-dfne ACCESS: Logout: RiotScopez[DC]/(/(RiotScopez))
[21:16:55] cqO-dfne ACCESS: Login: RiotScopez/() from 146.115.147.185-1871707424 || BYOND v514.1585
[21:16:55] cqO-dfne ACCESS: Login: RiotScopez/(/(RiotScopez)) from 146.115.147.185-1871707424 || BYOND v514
[21:16:55] cqO-dfne DEBUG: Could not find style "ErisStyle" for /mob/new_player.
[21:16:55] cqO-dfne ACCESS: Login: RiotScopez/(/(RiotScopez)) from 146.115.147.185-1871707424 || BYOND v514
[21:17:06] cqO-dfne ADMIN: RiotScopez/(/(RiotScopez)) removed the delay.
[21:17:07] cqO-dfne ADMIN: RiotScopez/(/(RiotScopez)) delayed the game.
[21:17:27] cqO-dfne GAME: GOONCHAT: RiotScopez/(/(RiotScopez)) Failed to fix their goonchat window forcing a start() and forcing a load()
[21:17:38] cqO-dfne ADMIN: RiotScopez has started the game.
[21:17:39] cqO-dfne DEBUG: Runtime in inspiration_component.dm,29: undefined variable /obj/item/tool/knife/dagger/ceremonial/var/perk <A HREF='?_src_=holder;viewruntime=[0x210a23ca]'>[view]</A>
[21:17:39] cqO-dfne ACCESS: Logout: *no key*/(/(RiotScopez))
[21:17:39] cqO-dfne ACCESS: Login: RiotScopez/(/(Katharine Griffiths)) from 146.115.147.185-1871707424 || BYOND v514
[21:17:39] cqO-dfne DEBUG: Could not find style "ErisStyle" for /mob/living/carbon/human.
[21:17:43] cqO-dfne DEBUG: Creating records for Katharine Griffiths
[21:18:00] cqO-dfne SAY: *no key*/(/(rat (1000))) squeals! 
[21:18:00] cqO-dfne SAY: Kraftwerk Roach/ : 10101010011100010101.
[21:18:01] cqO-dfne GAME: Explosion with size (0, 0, 2) in area Underground Floor 1 North Maintenance 
[21:18:01] cqO-dfne SAY: *no key*/(/(rat (970))) squeals! 
[21:18:04] cqO-dfne SAY: Biosilicified Kraftwerk Roach/ : 10101010011100010101.
[21:18:09] cqO-dfne SAY: *no key*/(/(rat (353))) squeals! 
[21:18:10] cqO-dfne GAME: Explosion with size (0, 1, 3) in area Greyson Field Offices 
[21:18:13] cqO-dfne SAY: *no key*/(/(rat (737))) squeals! 
[21:18:13] cqO-dfne SAY: *no key*/(/(rat (197))) squeals! 
[21:18:13] cqO-dfne GAME: Explosion with size (0, 1, 3) in area Vault Bunker 
[21:18:13] cqO-dfne GAME: Explosion with size (0, 1, 3) in area Vault Bunker 
[21:18:18] cqO-dfne SAY: *no key*/(/(rat (59))) squeals! 
[21:19:25] cqO-dfne SAY: *no key*/(/(rat (782))) squeals! 
[21:19:25] cqO-dfne GAME: Explosion with size (-1, 0, 1) in area Junk Field 
[21:19:26] cqO-dfne SAY: *no key*/(/(rat (31))) squeals! 
[21:19:26] cqO-dfne SAY: *no key*/(/(rat (117))) squeals! 
[21:19:26] cqO-dfne SAY: *no key*/(/(rat (874))) squeals! 
[21:19:26] cqO-dfne SAY: *no key*/(/(rat (33))) squeals! 
[21:19:26] cqO-dfne SAY: *no key*/(/(rat (946))) squeals! 
[21:19:27] cqO-dfne SAY: *no key*/(/(rat (855))) squeals! 
[21:19:27] cqO-dfne SAY: Kraftwerk Roach/ : 10101010011100010101.
[21:19:27] cqO-dfne SAY: Kraftwerk Roach/ : 10101010011100010101.
[21:19:27] cqO-dfne SAY: Kraftwerk Roach/ : 10101010011100010101.
[21:19:27] cqO-dfne SAY: Kraftwerk Roach/ : 10101010011100010101.
[21:19:27] cqO-dfne SAY: *no key*/(/(rat (658))) squeals! 
[21:19:27] cqO-dfne SAY: *no key*/(/(rat (27))) squeals! 
[21:19:27] cqO-dfne SAY: *no key*/(/(rat (301))) squeals! 
[21:19:29] cqO-dfne SAY: Durable Kraftwerk Roach/ : 10101010011100010101.
[21:19:29] cqO-dfne SAY: *no key*/(/(rat (30))) squeals! 
[21:19:32] cqO-dfne GAME: Explosion with size (-1, 1, 2) in area Deep Maintenance 
[21:19:40] cqO-dfne GAME: Explosion with size (-1, 0, 1) in area Swamp Caves 
[21:20:27] cqO-dfne SAY: Lambertian Kraftwerk Roach/ : 10101010011100010101.
[21:20:27] cqO-dfne SAY: Lambertian Kraftwerk Roach/ : 10101010011100010101.
[21:20:27] cqO-dfne SAY: Kraftwerk Roach/ : 10101010011100010101.
[21:20:36] cqO-dfne GAME: Explosion with size (-1, 0, 1) in area Deep Maintenance 
[21:20:45] cqO-dfne SAY: Biosilicified Kraftwerk Roach/ : 10101010011100010101.
[21:21:17] cqO-dfne SAY: Kraftwerk Roach/ : 10101010011100010101.
[21:21:17] cqO-dfne SAY: Kraftwerk Roach/ : 10101010011100010101.
[21:21:18] cqO-dfne EMOTE: Kampfer Roach/ : <B>Kampfer Roach</B> coughs hysterically!
[21:21:18] cqO-dfne GAME: Explosion with size (0, 1, 3) in area Greyson Field Offices 
[21:21:36] cqO-dfne GAME: Explosion with size (-1, 0, 1) in area Deep Maintenance 
[21:21:39] cqO-dfne EMOTE: Quick Kampfer Roach/ : <B>Quick Kampfer Roach</B> splutters!
[21:21:42] cqO-dfne GAME: Explosion with size (0, 1, 3) in area Greyson Field Offices 
[21:21:44] cqO-dfne SAY: Biosilicified Kraftwerk Roach/ : 10101010011100010101.
[21:22:11] cqO-dfne SAY: Kraftwerk Roach/ : 10101010011100010101.
[21:22:11] cqO-dfne SAY: Kraftwerk Roach/ : 10101010011100010101.
[21:22:11] cqO-dfne SAY: Kraftwerk Roach/ : 10101010011100010101.
[21:22:12] cqO-dfne SAY: *no key*/(/(rat (100))) squeals! 
[21:22:32] cqO-dfne SAY: Kraftwerk Roach/ : 10101010011100010101.
[21:22:32] cqO-dfne SAY: Kraftwerk Roach/ : 10101010011100010101.
[21:22:33] cqO-dfne SAY: Durable Kraftwerk Roach/ : 10101010011100010101.
[21:22:39] cqO-dfne GAME: Explosion with size (-1, 0, 1) in area Deep Maintenance 
[21:22:42] cqO-dfne SAY: Kraftwerk Roach/ : 10101010011100010101.
[21:22:54] cqO-dfne SAY: Durable Kraftwerk Roach/ : 10101010011100010101.
[21:22:57] cqO-dfne SAY: *no key*/(/(rat (970))) squeals! 
[21:23:24] cqO-dfne SAY: Durable Kraftwerk Roach/ : 10101010011100010101.
[21:24:17] cqO-dfne SAY: Kraftwerk Roach/ : 10101010011100010101.
[21:24:31] cqO-dfne GAME: Explosion with size (-1, 1, 2) in area Deep Maintenance 
[21:24:31] cqO-dfne GAME: Explosion with size (-1, 0, 1) in area Deep Maintenance 
[21:24:34] cqO-dfne GAME: Explosion with size (-1, 0, 1) in area Vault Bunker 
[21:24:45] cqO-dfne SAY: *no key*/(/(rat (623))) squeals! 
[21:24:59] cqO-dfne GAME: Explosion with size (0, 1, 3) in area Hunting plains underground caves 
[21:25:11] cqO-dfne SAY: Kraftwerk Roach/ : 10101010011100010101.
[21:25:36] cqO-dfne SAY: Lambertian Kraftwerk Roach/ : 10101010011100010101.
[21:25:36] cqO-dfne SAY: Kraftwerk Roach/ : 10101010011100010101.
[21:25:59] cqO-dfne SAY: Kraftwerk Roach/ : 10101010011100010101.
[21:26:06] cqO-dfne SAY: *no key*/(/(rat (994))) squeals! 
[21:26:14] cqO-dfne SAY: Kraftwerk Roach/ : 10101010011100010101.
[21:26:18] cqO-dfne GAME: Explosion with size (0, 1, 3) in area Greyson Field Offices 
[21:26:49] cqO-dfne SAY: *no key*/(/(rat (945))) squeals! 
[21:26:50] cqO-dfne SAY: Durable Kraftwerk Roach/ : 10101010011100010101.
[21:27:02] cqO-dfne GAME: Explosion with size (-1, 1, 2) in area Deep Maintenance 
[21:27:11] cqO-dfne SAY: Kraftwerk Roach/ : 10101010011100010101.
[21:27:12] cqO-dfne SAY: Durable Kraftwerk Roach/ : 10101010011100010101.
[21:27:28] cqO-dfne GAME: Explosion with size (-1, 0, 1) in area Residential District Maintenance 
[21:27:30] cqO-dfne GAME: Explosion with size (-1, 0, 1) in area Deep Maintenance 
[21:27:39] cqO-dfne ADMIN: RiotScopez/(/(Katharine Griffiths)) used 'kill air'. Disabled SSair processing.
[21:27:44] cqO-dfne ADMIN: RiotScopez/(/(Katharine Griffiths)) used 'kill air'. Enabled SSair processing.
[21:27:52] cqO-dfne EMOTE: Premier Griffiths/RiotScopez : gasps!
[21:27:52] cqO-dfne EMOTE: Premier Griffiths/RiotScopez : <B>Premier Griffiths</B> gasps!
[21:27:58] cqO-dfne EMOTE: Premier Griffiths/RiotScopez : gasps!
[21:27:58] cqO-dfne EMOTE: Premier Griffiths/RiotScopez : <B>Premier Griffiths</B> gasps!
[21:27:59] cqO-dfne SAY: Kraftwerk Roach/ : 10101010011100010101.
[21:28:09] cqO-dfne EMOTE: Premier Griffiths/RiotScopez : gasps!
[21:28:09] cqO-dfne EMOTE: Premier Griffiths/RiotScopez : <B>Premier Griffiths</B> gasps!
[21:29:01] cqO-dfne SAY: Durable Kraftwerk Roach/ : 10101010011100010101.
[21:30:07] cqO-dfne SAY: Durable Kraftwerk Roach/ : 10101010011100010101.
[21:30:22] cqO-dfne ADMIN: RiotScopez/(/(Katharine Griffiths)) jumped to Bridge Substation
[21:30:57] cqO-dfne GAME: Explosion with size (-1, 0, 1) in area Swamp Caves 
[21:31:29] cqO-dfne SAY: Kraftwerk Roach/ : 10101010011100010101.
[21:31:37] cqO-dfne SAY: Kraftwerk Roach/ : 10101010011100010101.
[21:31:41] cqO-dfne SAY: Kraftwerk Roach/ : 10101010011100010101.
[21:32:42] cqO-dfne SAY: grey baby slime (137)/ : Blop...
[21:39:02] cqO-dfne SAY: Kraftwerk Roach/ : 10101010011100010101.
[21:39:06] cqO-dfne SAY: Kraftwerk Roach/ : 10101010011100010101.
[21:43:44] cqO-dfne TGUI: riotscopez (as Premier Griffiths at 134,138,3)
Using: /obj/structure/bookcase [0x20090fe]
new BookCase fancy Yes
[21:43:44] cqO-dfne TGUI: riotscopez in tgui-window-1/initialize
Using: /obj/structure/bookcase [0x20090fe]
[21:43:46] cqO-dfne TGUI: riotscopez in tgui-window-1/close (suspending)
[21:43:46] cqO-dfne TGUI: riotscopez in tgui-window-1/close (suspending)
[21:47:16] cqO-dfne SAY: Durable Kraftwerk Roach/ : 10101010011100010101.
[21:48:33] cqO-dfne GAME: Explosion with size (-1, 1, 2) in area Deep Maintenance 
[21:53:24] cqO-dfne SAY: grey baby slime (137)/ : Blop...
[21:53:36] cqO-dfne GAME: Explosion with size (-1, 0, 1) in area Deep Forest 
[21:53:45] cqO-dfne DEBUG: Moved - the combat drone was deleted while still being listened to by /datum/effect/effect/system/trail/ion.
[21:54:21] cqO-dfne SAY: grey baby slime (487)/ : Rawr...
[21:57:00] cqO-dfne SAY: grey baby slime (487)/ : Rawr...
[21:57:54] cqO-dfne ATTACK: Premier Griffiths grabbed a Ian.
[21:58:00] cqO-dfne ATTACK: RiotScopez/(/(Katharine Griffiths)) grabbed the neck of *no key*/(/(Ian))
[21:58:39] cqO-dfne SAY: grey baby slime (487)/ : Blorble...
[21:58:47] cqO-dfne ATTACK: Premier Griffiths (riotscopez) gibbed Ian () (<A HREF='?_src_=holder;adminplayerobservecoodjump=1;X=112;Y=139;Z=2'>JMP</a>)
[21:58:55] cqO-dfne DEBUG: Moved - the combat drone was deleted while still being listened to by /datum/effect/effect/system/trail/ion.
[21:59:47] cqO-dfne SAY: Lambertian Kraftwerk Roach/ : 10101010011100010101.
[22:00:43] cqO-dfne SAY: grey baby slime (487)/ : Lonely...
[22:01:50] cqO-dfne SAY: grey baby slime (137)/ : Blorble...
[22:03:02] cqO-dfne SAY: Durable Kraftwerk Roach/ : 10101010011100010101.
[22:04:28] cqO-dfne SAY: Lambertian Kraftwerk Roach/ : 10101010011100010101.
[22:07:07] cqO-dfne SAY: grey baby slime (137)/ : Brother...
[22:09:17] cqO-dfne SAY: grey baby slime (137)/ : Blorble...
[22:09:46] cqO-dfne SAY: Lambertian Kraftwerk Roach/ : 10101010011100010101.
[22:09:51] cqO-dfne SAY: Lambertian Kraftwerk Roach/ : 10101010011100010101.
[22:10:38] cqO-dfne SAY: Lambertian Kraftwerk Roach/ : 10101010011100010101.
[22:15:55] cqO-dfne GAME: Explosion with size (-1, 1, 2) in area Abandoned Research Lab 
[22:16:19] cqO-dfne ADMIN: EVENT APC damage triggered at <A HREF='?_src_=holder;adminplayerobservecoodjump=1;X=82;Y=127;Z=2'>Research Lab | 82, 127, 2</a>,
[22:16:19] cqO-dfne DEBUG: Event 'Event Manager' has completed at 21:57.
[22:19:00] cqO-dfne SAY: grey baby slime (487)/ : Rawr...
[22:19:47] cqO-dfne SAY: grey baby slime (487)/ : Where is the food?
[22:20:10] cqO-dfne SAY: Kraftwerk Roach/ : 10101010011100010101.
[22:27:24] cqO-dfne SAY: Durable Kraftwerk Roach/ : 10101010011100010101.
[22:28:13] cqO-dfne SAY: grey baby slime (137)/ : I want to eat...
[22:30:59] cqO-dfne SAY: Kraftwerk Roach/ : 10101010011100010101.
[22:32:36] cqO-dfne SAY: grey baby slime (487)/ : I want to eat...
[22:34:43] cqO-dfne SAY: Durable Kraftwerk Roach/ : 10101010011100010101.
[22:34:46] cqO-dfne DEBUG: Event 'Event Manager' has completed at 22:16.
[22:35:10] cqO-dfne SAY: Durable Kraftwerk Roach/ : 10101010011100010101.
[22:41:17] cqO-dfne SAY: grey baby slime (487)/ : Where is the food?
[22:41:54] cqO-dfne SAY: grey baby slime (137)/ : I want to eat...
[22:45:57] cqO-dfne DEBUG: Event 'Event Manager' has completed at 22:27.
[22:49:26] cqO-dfne SAY: *no key*/(/(rat (502))) squeals! 
[22:49:42] cqO-dfne SAY: Kraftwerk Roach/ : 10101010011100010101.
[22:49:55] cqO-dfne SAY: Kraftwerk Roach/ : 10101010011100010101.
[22:54:27] cqO-dfne SAY: grey baby slime (137)/ : Where is the food?
[22:56:00] cqO-dfne SAY: grey baby slime (487)/ : Blorble...
[22:57:26] cqO-dfne SAY: grey baby slime (487)/ : Lonely...
[22:59:59] cqO-dfne SAY: Kraftwerk Roach/ : 10101010011100010101.
[23:00:17] cqO-dfne SAY: Biosilicified Kraftwerk Roach/ : 10101010011100010101.
[23:00:21] cqO-dfne SAY: Biosilicified Kraftwerk Roach/ : 10101010011100010101.
[23:00:26] cqO-dfne SAY: Biosilicified Kraftwerk Roach/ : 10101010011100010101.
[23:00:43] cqO-dfne SAY: Kraftwerk Roach/ : 10101010011100010101.
[23:00:47] cqO-dfne SAY: Kraftwerk Roach/ : 10101010011100010101.
[23:00:55] cqO-dfne SAY: grey baby slime (137)/ : Where is the food?
[23:01:09] cqO-dfne SAY: *no key*/(/(rat (280))) squeals! 
[23:08:26] cqO-dfne ACCESS: Logout: RiotScopez/(/(Katharine Griffiths))
[23:08:26] cqO-dfne ACCESS: Logout: RiotScopez[DC]/(/(Katharine Griffiths))
