

Starting up. (ID: cqU-avod) 21:16.20
---------------------
[21:16:20] cqU-avod MISC: Saved storyteller is 'healer'
[21:16:20] cqU-avod ADMIN: Loading jobban_rank
[21:16:20] cqU-avod ADMIN: jobban_keylist was empty
[21:16:20] cqU-avod ADMIN: Loading Banlist
[21:16:49] cqU-avod ACCESS: Logout: RiotScopez/()
[21:17:23] cqU-avod ACCESS: Login: RiotScopez/() from 146.115.147.185-1871707424 || BYOND v514.1585
[21:17:23] cqU-avod ACCESS: Login: RiotScopez/(/(RiotScopez)) from 146.115.147.185-1871707424 || BYOND v514
[21:17:23] cqU-avod DEBUG: Could not find style "ErisStyle" for /mob/new_player.
[21:17:23] cqU-avod ACCESS: Login: RiotScopez/(/(RiotScopez)) from 146.115.147.185-1871707424 || BYOND v514
[21:18:04] cqU-avod ADMIN: EVENT *null* has loaded a character.
[21:18:12] cqU-avod ADMIN: Dominick Mccullough try find_inv_position a 14, but not have that slot!
[21:18:12] cqU-avod ADMIN: Dominick Mccullough try find_inv_position a 11, but not have that slot!
[21:18:12] cqU-avod ADMIN: Dominick Mccullough try find_inv_position a 13, but not have that slot!
[21:18:12] cqU-avod ADMIN: Dominick Mccullough try find_inv_position a 12, but not have that slot!
[21:18:12] cqU-avod ADMIN: Jackson Woodward try find_inv_position a 14, but not have that slot!
[21:18:12] cqU-avod ADMIN: Jackson Woodward try find_inv_position a 11, but not have that slot!
[21:18:12] cqU-avod ADMIN: Jackson Woodward try find_inv_position a 13, but not have that slot!
[21:18:12] cqU-avod ADMIN: Jackson Woodward try find_inv_position a 12, but not have that slot!
[21:18:12] cqU-avod ADMIN: Gary Weeter try find_inv_position a 14, but not have that slot!
[21:18:12] cqU-avod ADMIN: Gary Weeter try find_inv_position a 11, but not have that slot!
[21:18:12] cqU-avod ADMIN: Gary Weeter try find_inv_position a 13, but not have that slot!
[21:18:12] cqU-avod ADMIN: Gary Weeter try find_inv_position a 12, but not have that slot!
[21:18:12] cqU-avod ADMIN: Stephen Baker try find_inv_position a 14, but not have that slot!
[21:18:12] cqU-avod ADMIN: Stephen Baker try find_inv_position a 11, but not have that slot!
[21:18:12] cqU-avod ADMIN: Stephen Baker try find_inv_position a 13, but not have that slot!
[21:18:12] cqU-avod ADMIN: Stephen Baker try find_inv_position a 12, but not have that slot!
[21:18:13] cqU-avod ADMIN: Braiden Mosser try find_inv_position a 14, but not have that slot!
[21:18:13] cqU-avod ADMIN: Braiden Mosser try find_inv_position a 11, but not have that slot!
[21:18:13] cqU-avod ADMIN: Braiden Mosser try find_inv_position a 13, but not have that slot!
[21:18:13] cqU-avod ADMIN: Braiden Mosser try find_inv_position a 12, but not have that slot!
[21:18:13] cqU-avod ADMIN: Raymond Mckendrick try find_inv_position a 14, but not have that slot!
[21:18:13] cqU-avod ADMIN: Raymond Mckendrick try find_inv_position a 11, but not have that slot!
[21:18:13] cqU-avod ADMIN: Raymond Mckendrick try find_inv_position a 13, but not have that slot!
[21:18:13] cqU-avod ADMIN: Raymond Mckendrick try find_inv_position a 12, but not have that slot!
[21:20:34] cqU-avod GAME: neutral 2 loaded at at 86,16,19
[21:20:35] cqU-avod GAME: neutral 2 loaded at at 86,21,19
[21:20:35] cqU-avod GAME: neutral 2 loaded at at 26,21,19
[21:20:36] cqU-avod GAME: neutral 3 loaded at at 86,86,19
[21:20:36] cqU-avod GAME: neutral 1 loaded at at 101,61,19
[21:20:36] cqU-avod GAME: neutral 8 loaded at at 16,46,19
[21:20:36] cqU-avod GAME: neutral 6 loaded at at 21,71,19
[21:20:36] cqU-avod GAME: neutral 6 loaded at at 26,21,19
[21:20:36] cqU-avod GAME: neutral 1 loaded at at 81,46,19
[21:20:36] cqU-avod GAME: neutral 3 loaded at at 71,21,19
[21:20:36] cqU-avod GAME: neutral 5 loaded at at 71,36,19
[21:20:36] cqU-avod GAME: neutral 7 loaded at at 66,46,19
[21:20:36] cqU-avod GAME: neutral 1 loaded at at 16,41,19
[21:20:36] cqU-avod GAME: neutral 10 loaded at at 76,41,19
[21:20:36] cqU-avod GAME: neutral 11 loaded at at 31,81,19
[21:20:36] cqU-avod GAME: neutral 6 loaded at at 11,91,19
[21:20:36] cqU-avod GAME: neutral 2 loaded at at 86,71,19
[21:20:36] cqU-avod GAME: neutral 8 loaded at at 101,56,19
[21:20:36] cqU-avod GAME: neutral 11 loaded at at 101,81,19
[21:20:36] cqU-avod GAME: neutral 7 loaded at at 71,71,19
[21:20:36] cqU-avod GAME: neutral 8 loaded at at 76,76,19
[21:20:36] cqU-avod GAME: neutral 3 loaded at at 61,101,19
[21:20:36] cqU-avod GAME: neutral 10 loaded at at 86,11,19
[21:20:37] cqU-avod GAME: neutral 3 loaded at at 71,86,19
[21:20:37] cqU-avod GAME: neutral 5 loaded at at 46,11,19
[21:20:37] cqU-avod GAME: neutral 9 loaded at at 76,26,19
[21:20:37] cqU-avod GAME: neutral 7 loaded at at 61,71,19
[21:20:37] cqU-avod GAME: neutral 10 loaded at at 46,26,19
[21:20:37] cqU-avod GAME: neutral 10 loaded at at 76,31,19
[21:20:37] cqU-avod GAME: neutral 6 loaded at at 11,101,19
[21:20:37] cqU-avod GAME: neutral 9 loaded at at 81,16,19
[21:20:37] cqU-avod GAME: neutral 10 loaded at at 56,51,19
[21:20:37] cqU-avod GAME: neutral 6 loaded at at 51,11,19
[21:20:37] cqU-avod GAME: neutral 9 loaded at at 51,66,19
[21:20:37] cqU-avod GAME: neutral 4 loaded at at 76,16,19
[21:20:37] cqU-avod GAME: neutral 6 loaded at at 81,66,19
[21:20:37] cqU-avod GAME: neutral 8 loaded at at 46,11,19
[21:20:37] cqU-avod GAME: neutral 6 loaded at at 81,71,19
[21:20:37] cqU-avod GAME: neutral 11 loaded at at 56,31,19
[21:20:49] cqU-avod GAME: Emitter deleted at (0,0,0)
[21:21:44] cqU-avod ASSET: ERROR: Invalid asset: /datum/asset/simple/craft:obj_item_stack_cable_coil.png:1
[21:21:49] cqU-avod ASSET: ERROR: Invalid asset: /datum/asset/simple/craft:obj_item_clothing_glasses_powered_meson.png:1
[21:21:50] cqU-avod ASSET: ERROR: Invalid asset: /datum/asset/simple/craft:obj_item_gun_projectile_boltgun_lever.png:1
[21:21:50] cqU-avod ASSET: ERROR: Invalid asset: /datum/asset/simple/craft:obj_item_gun_projectile_automatic_sts_rifle.png:1
[21:21:51] cqU-avod ASSET: ERROR: Invalid asset: /datum/asset/simple/craft:obj_item_modular_computer_laptop.png:1
[21:22:37] cqU-avod VOTE: Storyteller vote started by server.
[21:22:48] cqU-avod GAME: Entrance - 1 loaded at at 28,137,20
[21:22:49] cqU-avod GAME: crematorium loaded at at 15,137,20
[21:22:49] cqU-avod GAME: Escape_Pod_West-East loaded at at 2,137,20
[21:22:50] cqU-avod GAME: Hallway_4way loaded at at 2,128,20
[21:22:51] cqU-avod GAME: garden loaded at at 15,128,20
[21:22:52] cqU-avod GAME: Escape_Pod_West-East loaded at at 15,119,20
[21:22:53] cqU-avod GAME: autolathe_South-East loaded at at 2,119,20
[21:22:53] cqU-avod GAME: garden loaded at at 2,110,20
[21:22:54] cqU-avod GAME: Hallway_4way loaded at at 15,110,20
[21:22:54] cqU-avod GAME: crematorium loaded at at 28,110,20
[21:22:55] cqU-avod GAME: Escape_Pod_West-East loaded at at 41,110,20
[21:22:55] cqU-avod GAME: hallwayatmos_west-east loaded at at 54,110,20
[21:22:55] cqU-avod GAME: showers loaded at at 67,110,20
[21:22:56] cqU-avod GAME: checkpoint_horizontal loaded at at 80,110,20
[21:22:56] cqU-avod GAME: penitentiary loaded at at 93,110,20
[21:22:56] cqU-avod GAME: Escape_Pod_West-East loaded at at 106,110,20
[21:22:57] cqU-avod GAME: Hallway_4way loaded at at 119,110,20
[21:22:57] cqU-avod GAME: penitentiary loaded at at 132,110,20
[21:22:58] cqU-avod GAME: Escape_Pod_West-East loaded at at 145,110,20
[21:22:58] cqU-avod GAME: garden loaded at at 145,101,20
[21:22:59] cqU-avod GAME: garden loaded at at 132,101,20
[21:22:59] cqU-avod GAME: hallwayatmos_west-east loaded at at 119,101,20
[21:23:00] cqU-avod GAME: Escape_Pod_West-East loaded at at 106,101,20
[21:23:00] cqU-avod GAME: maintenance asteroid loaded at at 36,58,21
[21:23:01] cqU-avod GAME: AI core loaded at at 99,100,21
[21:23:01] cqU-avod MISC: a the gibber didn't find an input plate.
[21:23:01] cqU-avod GAME: xenostudy loaded at at 73,40,21
[21:23:02] cqU-avod GAME: dinner loaded at at 114,76,21
[21:23:02] cqU-avod GAME: medbay loaded at at 53,118,21
[21:23:03] cqU-avod GAME: pod bay loaded at at 103,40,21
[21:23:03] cqU-avod GAME: autolathe_South-East loaded at at 93,101,20
[21:23:04] cqU-avod GAME: Escape_Pod_West-East loaded at at 93,92,20
[21:23:04] cqU-avod GAME: showers loaded at at 106,92,20
[21:23:05] cqU-avod GAME: secure_storage_horizontal loaded at at 119,92,20
[21:23:05] cqU-avod GAME: secure_storage_horizontal loaded at at 132,92,20
[21:23:07] cqU-avod GAME: penitentiary loaded at at 145,92,20
[21:23:08] cqU-avod GAME: Escape_Pod_West-East loaded at at 158,92,20
[21:23:08] cqU-avod GAME: Escape_Pod_West-East loaded at at 158,83,20
[21:23:09] cqU-avod GAME: autolathe_South-East loaded at at 145,83,20
[21:23:09] cqU-avod GAME: checkpoint_vertical loaded at at 145,74,20
[21:23:10] cqU-avod GAME: Escape_Pod_West-East loaded at at 145,65,20
[21:23:10] cqU-avod GAME: crematorium loaded at at 132,65,20
[21:23:11] cqU-avod GAME: checkpoint_vertical loaded at at 132,56,20
[21:23:11] cqU-avod GAME: Escape_Pod_West-East loaded at at 132,47,20
[21:23:12] cqU-avod GAME: Hallway_4way loaded at at 119,47,20
[21:23:13] cqU-avod GAME: Hallway_4way loaded at at 119,38,20
[21:23:13] cqU-avod GAME: garden loaded at at 132,38,20
[21:23:13] cqU-avod GAME: hallwayatmos_west-east loaded at at 145,38,20
[21:23:14] cqU-avod GAME: Hallway_4way loaded at at 158,38,20
[21:23:14] cqU-avod GAME: garden loaded at at 171,38,20
[21:23:15] cqU-avod GAME: penitentiary loaded at at 184,38,20
[21:23:15] cqU-avod GAME: Escape_Pod_West-East loaded at at 197,38,20
[21:23:16] cqU-avod GAME: Escape_Pod_West-East loaded at at 197,29,20
[21:23:17] cqU-avod GAME: showers loaded at at 184,29,20
[21:23:18] cqU-avod GAME: Escape_Pod_West-East loaded at at 171,29,20
[21:23:19] cqU-avod GAME: Escape_Pod_West-East loaded at at 158,29,20
[21:23:22] cqU-avod GAME: crematorium loaded at at 145,29,20
[21:23:23] cqU-avod GAME: garden loaded at at 145,20,20
[21:23:23] cqU-avod GAME: Escape_Pod_West-East loaded at at 158,20,20
[21:23:24] cqU-avod GAME: crematorium loaded at at 171,20,20
[21:23:24] cqU-avod GAME: Escape_Pod_West-East loaded at at 184,20,20
[21:23:24] cqU-avod GAME: crematorium loaded at at 197,20,20
[21:23:25] cqU-avod GAME: Escape_Pod_West-East loaded at at 197,11,20
[21:23:25] cqU-avod GAME: Hallway_4way loaded at at 184,11,20
[21:23:26] cqU-avod GAME: Escape_Pod_West-East loaded at at 171,11,20
[21:23:26] cqU-avod GAME: Hallway_4way loaded at at 158,11,20
[21:23:27] cqU-avod GAME: crematorium loaded at at 145,11,20
[21:23:27] cqU-avod GAME: Escape_Pod_West-East loaded at at 132,11,20
[21:23:27] cqU-avod GAME: crematorium loaded at at 119,11,20
[21:23:28] cqU-avod GAME: garden loaded at at 106,11,20
[21:23:28] cqU-avod GAME: showers loaded at at 93,11,20
[21:23:28] cqU-avod GAME: crematorium loaded at at 80,11,20
[21:23:29] cqU-avod GAME: Hallway_4way loaded at at 67,11,20
[21:23:29] cqU-avod GAME: hallwayatmos_west-east loaded at at 54,11,20
[21:23:30] cqU-avod GAME: secure_storage_horizontal loaded at at 41,11,20
[21:23:30] cqU-avod GAME: Hallway_4way loaded at at 28,11,20
[21:23:31] cqU-avod GAME: Hallway_4way loaded at at 15,11,20
[21:23:31] cqU-avod GAME: autolathe_South-East loaded at at 2,11,20
[21:23:32] cqU-avod GAME: Escape_Pod_West-East loaded at at 2,2,20
[21:23:32] cqU-avod GAME: Exit - 1 loaded at at 15,2,20
[21:23:39] cqU-avod DEBUG: Runtime in inspiration_component.dm,29: undefined variable /obj/item/tool/knife/dagger/ceremonial/var/perk <A HREF='?_src_=holder;viewruntime=[0x2109c8f1]'>[view]</A>
[21:23:57] cqU-avod GAME: armory loaded at at 80,2,20
[21:23:59] cqU-avod GAME: armory_secure loaded at at 28,128,20
[21:24:01] cqU-avod GAME: surgery loaded at at 132,2,20
[21:24:01] cqU-avod GAME: cargo_horizontal loaded at at 171,83,20
[21:24:02] cqU-avod GAME: cargo_vertical loaded at at 158,101,20
[21:24:03] cqU-avod GAME: surgery loaded at at 119,56,20
[21:24:05] cqU-avod GAME: commanderoffice loaded at at 106,47,20
[21:24:07] cqU-avod GAME: cargo_horizontal loaded at at 28,119,20
[21:24:09] cqU-avod GAME: surgery loaded at at 197,47,20
[21:24:12] cqU-avod GAME: armory_secure loaded at at 145,47,20
[21:24:14] cqU-avod GAME: refinery loaded at at 132,20,20
[21:24:15] cqU-avod GAME: armory loaded at at 197,2,20
[21:24:18] cqU-avod GAME: surgery loaded at at 41,101,20
[21:24:19] cqU-avod GAME: office loaded at at 154,49,21
[21:24:19] cqU-avod GAME: storage loaded at at 19,132,21
[21:24:19] cqU-avod GAME: Trash loaded at at 138,95,21
[21:24:19] cqU-avod GAME: morgue loaded at at 75,143,21
[21:24:19] cqU-avod GAME: cryo loaded at at 96,147,21
[21:24:20] cqU-avod GAME: toilet loaded at at 37,82,21
[21:24:20] cqU-avod GAME: toilet loaded at at 72,22,21
[21:24:20] cqU-avod GAME: hydro loaded at at 145,72,21
[21:24:21] cqU-avod GAME: anomalysci loaded at at 28,24,21
[21:24:21] cqU-avod GAME: toilet loaded at at 18,58,21
[21:24:21] cqU-avod GAME: sm_core loaded at at 130,154,21
[21:24:21] cqU-avod GAME: cryo loaded at at 36,151,21
[21:24:21] cqU-avod GAME: barricades loaded at at 132,133,21
[21:24:21] cqU-avod GAME: toilet loaded at at 54,88,21
[21:24:22] cqU-avod GAME: cryo loaded at at 102,129,21
[21:24:22] cqU-avod GAME: Trash loaded at at 62,101,21
[21:24:22] cqU-avod GAME: catwalks loaded at at 139,22,21
[21:24:22] cqU-avod GAME: a lost roach loaded at at 16,114,21
[21:24:22] cqU-avod GAME: office loaded at at 53,26,21
[21:24:22] cqU-avod GAME: toilet loaded at at 142,55,21
[21:24:22] cqU-avod GAME: freezer loaded at at 94,87,21
[21:24:22] cqU-avod GAME: cryo loaded at at 153,20,21
[21:24:23] cqU-avod GAME: sm_core loaded at at 104,26,21
[21:24:23] cqU-avod GAME: anomalysci loaded at at 24,88,21
[21:24:23] cqU-avod GAME: toilet loaded at at 53,39,21
[21:24:23] cqU-avod GAME: cryo loaded at at 50,144,21
[21:24:23] cqU-avod ADMIN: RiotScopez/(/(RiotScopez)) RiotScopez/(/(RiotScopez)) has saved their preferences.
[21:24:23] cqU-avod ADMIN: RiotScopez/(/(RiotScopez)) RiotScopez/(/(RiotScopez)) has saved a character.
[21:24:23] cqU-avod GAME: toilet loaded at at 91,22,21
[21:24:23] cqU-avod GAME: toilet loaded at at 128,116,21
[21:24:23] cqU-avod GAME: anomalysci loaded at at 25,43,21
[21:24:23] cqU-avod GAME: Medical supplies loaded at at 70,77,21
[21:24:24] cqU-avod GAME: surgery loaded at at 28,101,20
[21:24:24] cqU-avod ADMIN: RiotScopez/(/(RiotScopez)) RiotScopez/(/(RiotScopez)) has saved their preferences.
[21:24:24] cqU-avod ADMIN: RiotScopez/(/(RiotScopez)) RiotScopez/(/(RiotScopez)) has saved a character.
[21:24:24] cqU-avod ADMIN: RiotScopez/(/(RiotScopez)) RiotScopez/(/(RiotScopez)) has saved their preferences.
[21:24:24] cqU-avod ADMIN: RiotScopez/(/(RiotScopez)) RiotScopez/(/(RiotScopez)) has saved a character.
[21:24:25] cqU-avod GAME: cargo_horizontal loaded at at 171,92,20
[21:24:25] cqU-avod ADMIN: RiotScopez/(/(RiotScopez)) RiotScopez/(/(RiotScopez)) has saved their preferences.
[21:24:25] cqU-avod ADMIN: RiotScopez/(/(RiotScopez)) RiotScopez/(/(RiotScopez)) has saved a character.
[21:24:25] cqU-avod GAME: armory loaded at at 2,101,20
[21:24:35] cqU-avod GAME: armory loaded at at 15,101,20
[21:24:37] cqU-avod GAME: armory_secure loaded at at 41,137,20
[21:24:39] cqU-avod GAME: surgery loaded at at 119,65,20
[21:24:44] cqU-avod GAME: armory loaded at at 158,2,20
[21:24:50] cqU-avod GAME: shooting_range loaded at at 197,56,20
[21:24:50] cqU-avod GAME: blocker loaded at at 54,137,20
[21:24:50] cqU-avod GAME: blocker loaded at at 67,137,20
[21:24:50] cqU-avod GAME: blocker loaded at at 80,137,20
[21:24:50] cqU-avod GAME: blocker loaded at at 93,137,20
[21:24:50] cqU-avod GAME: blocker loaded at at 106,137,20
[21:24:50] cqU-avod GAME: blocker loaded at at 119,137,20
[21:24:50] cqU-avod GAME: blocker loaded at at 132,137,20
[21:24:50] cqU-avod GAME: blocker loaded at at 145,137,20
[21:24:50] cqU-avod GAME: blocker loaded at at 158,137,20
[21:24:50] cqU-avod GAME: blocker loaded at at 171,137,20
[21:24:50] cqU-avod GAME: blocker loaded at at 184,137,20
[21:24:50] cqU-avod GAME: blocker loaded at at 197,137,20
[21:24:51] cqU-avod GAME: blocker loaded at at 41,128,20
[21:24:51] cqU-avod GAME: blocker loaded at at 54,128,20
[21:24:51] cqU-avod GAME: blocker loaded at at 67,128,20
[21:24:51] cqU-avod GAME: blocker loaded at at 80,128,20
[21:24:51] cqU-avod GAME: blocker loaded at at 93,128,20
[21:24:51] cqU-avod GAME: blocker loaded at at 106,128,20
[21:24:51] cqU-avod GAME: blocker loaded at at 119,128,20
[21:24:51] cqU-avod GAME: blocker loaded at at 132,128,20
[21:24:51] cqU-avod GAME: blocker loaded at at 145,128,20
[21:24:51] cqU-avod GAME: blocker loaded at at 158,128,20
[21:24:51] cqU-avod GAME: blocker loaded at at 171,128,20
[21:24:51] cqU-avod GAME: blocker loaded at at 184,128,20
[21:24:51] cqU-avod GAME: blocker loaded at at 197,128,20
[21:24:51] cqU-avod GAME: blocker loaded at at 41,119,20
[21:24:51] cqU-avod GAME: blocker loaded at at 54,119,20
[21:24:51] cqU-avod GAME: blocker loaded at at 67,119,20
[21:24:51] cqU-avod GAME: blocker loaded at at 80,119,20
[21:24:51] cqU-avod GAME: blocker loaded at at 93,119,20
[21:24:51] cqU-avod GAME: blocker loaded at at 106,119,20
[21:24:51] cqU-avod GAME: blocker loaded at at 119,119,20
[21:24:52] cqU-avod GAME: blocker loaded at at 132,119,20
[21:24:52] cqU-avod GAME: blocker loaded at at 145,119,20
[21:24:52] cqU-avod GAME: blocker loaded at at 158,119,20
[21:24:52] cqU-avod GAME: blocker loaded at at 171,119,20
[21:24:52] cqU-avod GAME: blocker loaded at at 184,119,20
[21:24:52] cqU-avod GAME: blocker loaded at at 197,119,20
[21:24:52] cqU-avod GAME: blocker loaded at at 158,110,20
[21:24:52] cqU-avod GAME: blocker loaded at at 171,110,20
[21:24:52] cqU-avod GAME: blocker loaded at at 184,110,20
[21:24:52] cqU-avod GAME: blocker loaded at at 197,110,20
[21:24:52] cqU-avod GAME: blocker loaded at at 54,101,20
[21:24:52] cqU-avod GAME: blocker loaded at at 67,101,20
[21:24:52] cqU-avod GAME: blocker loaded at at 80,101,20
[21:24:52] cqU-avod GAME: blocker loaded at at 171,101,20
[21:24:52] cqU-avod GAME: blocker loaded at at 184,101,20
[21:24:52] cqU-avod GAME: blocker loaded at at 197,101,20
[21:24:52] cqU-avod GAME: blocker loaded at at 2,92,20
[21:24:52] cqU-avod GAME: blocker loaded at at 15,92,20
[21:24:52] cqU-avod GAME: blocker loaded at at 28,92,20
[21:24:53] cqU-avod GAME: blocker loaded at at 41,92,20
[21:24:53] cqU-avod GAME: blocker loaded at at 54,92,20
[21:24:53] cqU-avod GAME: blocker loaded at at 67,92,20
[21:24:53] cqU-avod GAME: blocker loaded at at 80,92,20
[21:24:53] cqU-avod GAME: blocker loaded at at 184,92,20
[21:24:53] cqU-avod GAME: blocker loaded at at 197,92,20
[21:24:53] cqU-avod GAME: blocker loaded at at 2,83,20
[21:24:53] cqU-avod GAME: blocker loaded at at 15,83,20
[21:24:53] cqU-avod GAME: blocker loaded at at 28,83,20
[21:24:53] cqU-avod GAME: blocker loaded at at 41,83,20
[21:24:53] cqU-avod GAME: blocker loaded at at 54,83,20
[21:24:53] cqU-avod GAME: blocker loaded at at 67,83,20
[21:24:53] cqU-avod GAME: blocker loaded at at 80,83,20
[21:24:53] cqU-avod GAME: blocker loaded at at 93,83,20
[21:24:53] cqU-avod GAME: blocker loaded at at 106,83,20
[21:24:53] cqU-avod GAME: blocker loaded at at 119,83,20
[21:24:53] cqU-avod GAME: blocker loaded at at 132,83,20
[21:24:53] cqU-avod GAME: blocker loaded at at 184,83,20
[21:24:53] cqU-avod GAME: blocker loaded at at 197,83,20
[21:24:53] cqU-avod GAME: blocker loaded at at 2,74,20
[21:24:54] cqU-avod GAME: blocker loaded at at 15,74,20
[21:24:54] cqU-avod GAME: blocker loaded at at 28,74,20
[21:24:54] cqU-avod GAME: blocker loaded at at 41,74,20
[21:24:54] cqU-avod VOTE: <b>Votes:</b><br>	The Guide - 0 vote.<br>	The Mime - 0 vote.<br><b>	The Healer - 1 vote.<br></b>	The Sleeper - 0 vote.<br>	The Jester - 0 vote.<br>	Ghost Town - 0 vote.<br>	The Warrior - 0 vote.<br>	The Chronicler - 0 vote.<br>	Did not vote - 0<br>
[21:24:54] cqU-avod GAME: blocker loaded at at 54,74,20
[21:24:54] cqU-avod GAME: blocker loaded at at 67,74,20
[21:24:54] cqU-avod GAME: blocker loaded at at 80,74,20
[21:24:54] cqU-avod GAME: blocker loaded at at 93,74,20
[21:24:54] cqU-avod GAME: blocker loaded at at 106,74,20
[21:24:54] cqU-avod GAME: blocker loaded at at 119,74,20
[21:24:54] cqU-avod GAME: blocker loaded at at 132,74,20
[21:24:54] cqU-avod GAME: blocker loaded at at 158,74,20
[21:24:54] cqU-avod GAME: blocker loaded at at 171,74,20
[21:24:54] cqU-avod GAME: blocker loaded at at 184,74,20
[21:24:54] cqU-avod GAME: blocker loaded at at 197,74,20
[21:24:54] cqU-avod GAME: blocker loaded at at 2,65,20
[21:24:54] cqU-avod GAME: blocker loaded at at 15,65,20
[21:24:54] cqU-avod GAME: blocker loaded at at 28,65,20
[21:24:54] cqU-avod GAME: blocker loaded at at 41,65,20
[21:24:54] cqU-avod GAME: blocker loaded at at 54,65,20
[21:24:54] cqU-avod GAME: blocker loaded at at 67,65,20
[21:24:54] cqU-avod GAME: blocker loaded at at 80,65,20
[21:24:55] cqU-avod GAME: blocker loaded at at 93,65,20
[21:24:55] cqU-avod GAME: blocker loaded at at 106,65,20
[21:24:55] cqU-avod GAME: blocker loaded at at 158,65,20
[21:24:55] cqU-avod GAME: blocker loaded at at 171,65,20
[21:24:55] cqU-avod GAME: blocker loaded at at 184,65,20
[21:24:55] cqU-avod GAME: blocker loaded at at 197,65,20
[21:24:55] cqU-avod GAME: blocker loaded at at 2,56,20
[21:24:55] cqU-avod GAME: blocker loaded at at 15,56,20
[21:24:55] cqU-avod GAME: blocker loaded at at 28,56,20
[21:24:55] cqU-avod GAME: blocker loaded at at 41,56,20
[21:24:55] cqU-avod GAME: blocker loaded at at 54,56,20
[21:24:55] cqU-avod GAME: blocker loaded at at 67,56,20
[21:24:55] cqU-avod GAME: blocker loaded at at 80,56,20
[21:24:55] cqU-avod GAME: blocker loaded at at 93,56,20
[21:24:55] cqU-avod GAME: blocker loaded at at 106,56,20
[21:24:55] cqU-avod GAME: blocker loaded at at 145,56,20
[21:24:55] cqU-avod GAME: blocker loaded at at 158,56,20
[21:24:55] cqU-avod GAME: blocker loaded at at 171,56,20
[21:24:55] cqU-avod GAME: blocker loaded at at 184,56,20
[21:24:55] cqU-avod GAME: blocker loaded at at 2,47,20
[21:24:56] cqU-avod GAME: blocker loaded at at 15,47,20
[21:24:56] cqU-avod GAME: blocker loaded at at 28,47,20
[21:24:56] cqU-avod GAME: blocker loaded at at 41,47,20
[21:24:56] cqU-avod GAME: blocker loaded at at 54,47,20
[21:24:56] cqU-avod GAME: blocker loaded at at 67,47,20
[21:24:56] cqU-avod GAME: blocker loaded at at 80,47,20
[21:24:56] cqU-avod GAME: blocker loaded at at 93,47,20
[21:24:56] cqU-avod GAME: blocker loaded at at 158,47,20
[21:24:56] cqU-avod GAME: blocker loaded at at 171,47,20
[21:24:56] cqU-avod GAME: blocker loaded at at 184,47,20
[21:24:56] cqU-avod GAME: blocker loaded at at 2,38,20
[21:24:56] cqU-avod GAME: blocker loaded at at 15,38,20
[21:24:56] cqU-avod GAME: blocker loaded at at 28,38,20
[21:24:56] cqU-avod GAME: blocker loaded at at 41,38,20
[21:24:56] cqU-avod GAME: blocker loaded at at 54,38,20
[21:24:56] cqU-avod GAME: blocker loaded at at 67,38,20
[21:24:56] cqU-avod GAME: blocker loaded at at 80,38,20
[21:24:56] cqU-avod GAME: blocker loaded at at 93,38,20
[21:24:56] cqU-avod GAME: blocker loaded at at 106,38,20
[21:24:56] cqU-avod GAME: blocker loaded at at 2,29,20
[21:24:56] cqU-avod GAME: blocker loaded at at 15,29,20
[21:24:57] cqU-avod GAME: blocker loaded at at 28,29,20
[21:24:57] cqU-avod GAME: blocker loaded at at 41,29,20
[21:24:57] cqU-avod GAME: blocker loaded at at 54,29,20
[21:24:57] cqU-avod GAME: blocker loaded at at 67,29,20
[21:24:57] cqU-avod GAME: blocker loaded at at 80,29,20
[21:24:57] cqU-avod GAME: blocker loaded at at 93,29,20
[21:24:57] cqU-avod GAME: blocker loaded at at 106,29,20
[21:24:57] cqU-avod GAME: blocker loaded at at 119,29,20
[21:24:57] cqU-avod GAME: blocker loaded at at 132,29,20
[21:24:57] cqU-avod GAME: blocker loaded at at 2,20,20
[21:24:57] cqU-avod GAME: blocker loaded at at 15,20,20
[21:24:57] cqU-avod GAME: blocker loaded at at 28,20,20
[21:24:57] cqU-avod GAME: blocker loaded at at 41,20,20
[21:24:57] cqU-avod GAME: blocker loaded at at 54,20,20
[21:24:57] cqU-avod GAME: blocker loaded at at 67,20,20
[21:24:57] cqU-avod GAME: blocker loaded at at 80,20,20
[21:24:57] cqU-avod GAME: blocker loaded at at 93,20,20
[21:24:57] cqU-avod GAME: blocker loaded at at 106,20,20
[21:24:57] cqU-avod GAME: blocker loaded at at 119,20,20
[21:24:58] cqU-avod GAME: blocker loaded at at 28,2,20
[21:24:58] cqU-avod GAME: blocker loaded at at 41,2,20
[21:24:58] cqU-avod GAME: blocker loaded at at 54,2,20
[21:24:58] cqU-avod GAME: blocker loaded at at 67,2,20
[21:24:58] cqU-avod GAME: blocker loaded at at 93,2,20
[21:24:58] cqU-avod GAME: blocker loaded at at 106,2,20
[21:24:58] cqU-avod GAME: blocker loaded at at 119,2,20
[21:24:58] cqU-avod GAME: blocker loaded at at 145,2,20
[21:24:58] cqU-avod GAME: blocker loaded at at 171,2,20
[21:24:58] cqU-avod GAME: blocker loaded at at 184,2,20
[21:25:29] cqU-avod ADMIN: RiotScopez has started the game.
[21:25:30] cqU-avod DEBUG: Runtime in inspiration_component.dm,29: undefined variable /obj/item/tool/sword/saber/var/perk <A HREF='?_src_=holder;viewruntime=[0x210ef34c]'>[view]</A>
[21:25:30] cqU-avod ACCESS: Logout: *no key*/(/(RiotScopez))
[21:25:30] cqU-avod ACCESS: Login: RiotScopez/(/(Katharine Griffiths)) from 146.115.147.185-1871707424 || BYOND v514
[21:25:31] cqU-avod DEBUG: Could not find style "ErisStyle" for /mob/living/carbon/human.
[21:25:34] cqU-avod DEBUG: Creating records for Katharine Griffiths
[21:25:47] cqU-avod GAME: Explosion with size (-1, 1, 2) in area Swamp Caves 
[21:25:47] cqU-avod GAME: Explosion with size (-1, 1, 2) in area Prepper Base 
[21:25:49] cqU-avod SAY: *no key*/(/(rat (504))) squeals! 
[21:25:59] cqU-avod SAY: *no key*/(/(rat (496))) squeals! 
[21:26:00] cqU-avod GAME: Explosion with size (-1, 0, 1) in area Vault Bunker 
[21:26:00] cqU-avod SAY: *no key*/(/(rat (792))) squeals! 
[21:26:00] cqU-avod GAME: Explosion with size (-1, 0, 1) in area Vault Bunker 
[21:26:00] cqU-avod SAY: *no key*/(/(rat (856))) squeals! 
[21:26:00] cqU-avod SAY: *no key*/(/(rat (59))) squeals! 
[21:26:01] cqU-avod SAY: *no key*/(/(rat (426))) squeals! 
[21:26:02] cqU-avod GAME: Explosion with size (-1, 0, 1) in area Vault Bunker 
[21:26:48] cqU-avod SAY: *no key*/(/(rat (624))) squeals! 
[21:26:48] cqU-avod SAY: *no key*/(/(rat (346))) squeals! 
[21:26:49] cqU-avod SAY: Kraftwerk Roach/ : 10101010011100010101.
[21:26:49] cqU-avod SAY: *no key*/(/(rat (459))) squeals! 
[21:26:49] cqU-avod SAY: *no key*/(/(rat (435))) squeals! 
[21:26:49] cqU-avod SAY: *no key*/(/(rat (515))) squeals! 
[21:26:49] cqU-avod SAY: *no key*/(/(rat (641))) squeals! 
[21:26:50] cqU-avod SAY: *no key*/(/(rat (301))) squeals! 
[21:26:50] cqU-avod SAY: Kraftwerk Roach/ : 10101010011100010101.
[21:26:50] cqU-avod SAY: *no key*/(/(rat (180))) squeals! 
[21:26:50] cqU-avod SAY: *no key*/(/(rat (871))) squeals! 
[21:26:50] cqU-avod SAY: *no key*/(/(rat (847))) squeals! 
[21:26:51] cqU-avod SAY: *no key*/(/(rat (995))) squeals! 
[21:27:36] cqU-avod GAME: Explosion with size (-1, 0, 1) in area Prepper Base 
[21:27:37] cqU-avod SAY: *no key*/(/(rat (427))) squeals! 
[21:27:37] cqU-avod SAY: *no key*/(/(rat (96))) squeals! 
[21:27:37] cqU-avod SAY: Durable Kraftwerk Roach/ : 10101010011100010101.
[21:27:39] cqU-avod SAY: Kraftwerk Roach/ : 10101010011100010101.
[21:27:43] cqU-avod GAME: Explosion with size (0, 1, 3) in area Greyson Field Offices 
[21:27:46] cqU-avod SAY: *no key*/(/(rat (184))) squeals! 
[21:28:10] cqU-avod ADMIN: RiotScopez/(/(Katharine Griffiths)) spawned /obj/structure/closet/secure_closet/reinforced/preacher at (123,159,3) (<a HREF='?_src_=holder;adminplayerobservecoodjump=1;X=123;Y=159;Z=3'>JMP</a>)
[21:28:13] cqU-avod ADMIN: RiotScopez/(/(Katharine Griffiths)) deleted the prime's locker at (123,159,3)
[21:28:17] cqU-avod DEBUG: Runtime in unsorted.dm,1381: addtimer called with a callback assigned to a qdeleted object. In the future such timers will not be supported and may refuse to run or run with a 0 wait <A HREF='?_src_=holder;viewruntime=[0x21031719]'>[view]</A>
[21:28:18] cqU-avod SAY: *no key*/(/(rat (37))) squeals! 
[21:28:18] cqU-avod SAY: Kraftwerk Roach/ : 10101010011100010101.
[21:28:19] cqU-avod SAY: *no key*/(/(rat (642))) squeals! 
[21:28:23] cqU-avod GAME: Explosion with size (-1, 0, 1) in area Deep Maintenance 
[21:28:24] cqU-avod DEBUG: Runtime in unsorted.dm,1381: addtimer called with a callback assigned to a qdeleted object. In the future such timers will not be supported and may refuse to run or run with a 0 wait <A HREF='?_src_=holder;viewruntime=[0x210f4627]'>[view]</A>
[21:28:26] cqU-avod GAME: Explosion with size (0, 1, 3) in area Greyson Field Offices 
[21:28:27] cqU-avod SAY: *no key*/(/(rat (129))) squeals! 
[21:28:56] cqU-avod DEBUG: Runtime in unsorted.dm,1381: addtimer called with a callback assigned to a qdeleted object. In the future such timers will not be supported and may refuse to run or run with a 0 wait <A HREF='?_src_=holder;viewruntime=[0x2104cb3a]'>[view]</A>
[21:28:58] cqU-avod SAY: Kraftwerk Roach/ : 10101010011100010101.
[21:28:58] cqU-avod SAY: Kraftwerk Roach/ : 10101010011100010101.
[21:29:13] cqU-avod ADMIN: RiotScopez/(/(Katharine Griffiths)) created 1 /obj/structure/closet/secure_closet/reinforced/captains (<a HREF='?_src_=holder;adminplayerobservecoodjump=1;X=123;Y=159;Z=3'>JMP</a>)
[21:29:16] cqU-avod SAY: *no key*/(/(rat (510))) squeals! 
[21:29:24] cqU-avod ADMIN: RiotScopez/(/(Katharine Griffiths)) deleted the Harmony Scepter at (0,0,0)
[21:29:29] cqU-avod GAME: Explosion with size (-1, 0, 1) in area Deep Forest 
[21:29:43] cqU-avod GAME: Explosion with size (-1, 0, 1) in area Deep Maintenance 
[21:29:50] cqU-avod ADMIN: RiotScopez/(/(Katharine Griffiths)) deleted the premier's locker at (122,159,3)
[21:29:58] cqU-avod ACCESS: Logout: RiotScopez/(/(Katharine Griffiths))
[21:29:58] cqU-avod ACCESS: Logout: RiotScopez[DC]/(/(Katharine Griffiths))
[21:29:59] cqU-avod ACCESS: Login: RiotScopez/() from 146.115.147.185-1871707424 || BYOND v514.1585
[21:29:59] cqU-avod ACCESS: Login: RiotScopez/(/(Katharine Griffiths)) from 146.115.147.185-1871707424 || BYOND v514
[21:29:59] cqU-avod DEBUG: Could not find style "ErisStyle" for /mob/living/carbon/human.
[21:30:01] cqU-avod GAME: Explosion with size (-1, 1, 2) in area Underground Floor 1 South Maintenance 
[21:30:01] cqU-avod GAME: Explosion with size (-1, 1, 2) in area Underground Floor 1 South Maintenance 
[21:30:05] cqU-avod ADMIN: RiotScopez/(/(Katharine Griffiths)) initiated an immediate reboot.
[21:30:06] cqU-avod ACCESS: Logout: RiotScopez/(/(Katharine Griffiths))
[21:30:06] cqU-avod ACCESS: Logout: RiotScopez[DC]/(/(Katharine Griffiths))


Starting up. (ID: cqU-ax49) 21:33.28
---------------------
[21:33:28] cqU-ax49 MISC: Saved storyteller is 'healer'
[21:33:28] cqU-ax49 ADMIN: Loading jobban_rank
[21:33:28] cqU-ax49 ADMIN: jobban_keylist was empty
[21:33:28] cqU-ax49 ADMIN: Loading Banlist
[21:33:39] cqU-ax49 ACCESS: Login: RiotScopez/() from 146.115.147.185-1871707424 || BYOND v514.1585
[21:33:39] cqU-ax49 ACCESS: Login: RiotScopez/(/(RiotScopez)) from 146.115.147.185-1871707424 || BYOND v514
[21:33:39] cqU-ax49 DEBUG: Could not find style "ErisStyle" for /mob/new_player.
[21:33:39] cqU-ax49 ACCESS: Login: RiotScopez/(/(RiotScopez)) from 146.115.147.185-1871707424 || BYOND v514
[21:35:11] cqU-ax49 ADMIN: EVENT *null* has loaded a character.
[21:35:19] cqU-ax49 ADMIN: Jordan Nicholas try find_inv_position a 14, but not have that slot!
[21:35:19] cqU-ax49 ADMIN: Jordan Nicholas try find_inv_position a 11, but not have that slot!
[21:35:19] cqU-ax49 ADMIN: Jordan Nicholas try find_inv_position a 13, but not have that slot!
[21:35:19] cqU-ax49 ADMIN: Jordan Nicholas try find_inv_position a 12, but not have that slot!
[21:35:19] cqU-ax49 ADMIN: David Llora try find_inv_position a 14, but not have that slot!
[21:35:19] cqU-ax49 ADMIN: David Llora try find_inv_position a 11, but not have that slot!
[21:35:19] cqU-ax49 ADMIN: David Llora try find_inv_position a 13, but not have that slot!
[21:35:19] cqU-ax49 ADMIN: David Llora try find_inv_position a 12, but not have that slot!
[21:35:19] cqU-ax49 ADMIN: Joel Walker try find_inv_position a 14, but not have that slot!
[21:35:19] cqU-ax49 ADMIN: Joel Walker try find_inv_position a 11, but not have that slot!
[21:35:19] cqU-ax49 ADMIN: Joel Walker try find_inv_position a 13, but not have that slot!
[21:35:19] cqU-ax49 ADMIN: Joel Walker try find_inv_position a 12, but not have that slot!
[21:35:19] cqU-ax49 ADMIN: Noel Focell try find_inv_position a 14, but not have that slot!
[21:35:19] cqU-ax49 ADMIN: Noel Focell try find_inv_position a 11, but not have that slot!
[21:35:19] cqU-ax49 ADMIN: Noel Focell try find_inv_position a 13, but not have that slot!
[21:35:19] cqU-ax49 ADMIN: Noel Focell try find_inv_position a 12, but not have that slot!
[21:35:20] cqU-ax49 ADMIN: Ivan Sulyard try find_inv_position a 14, but not have that slot!
[21:35:20] cqU-ax49 ADMIN: Ivan Sulyard try find_inv_position a 11, but not have that slot!
[21:35:20] cqU-ax49 ADMIN: Ivan Sulyard try find_inv_position a 13, but not have that slot!
[21:35:20] cqU-ax49 ADMIN: Ivan Sulyard try find_inv_position a 12, but not have that slot!
[21:35:20] cqU-ax49 ADMIN: Jerry Knapp try find_inv_position a 14, but not have that slot!
[21:35:20] cqU-ax49 ADMIN: Jerry Knapp try find_inv_position a 11, but not have that slot!
[21:35:20] cqU-ax49 ADMIN: Jerry Knapp try find_inv_position a 13, but not have that slot!
[21:35:20] cqU-ax49 ADMIN: Jerry Knapp try find_inv_position a 12, but not have that slot!
[21:37:39] cqU-ax49 GAME: ironhammer 3 loaded at at 76,81,19
[21:37:40] cqU-ax49 GAME: ironhammer 2 loaded at at 51,56,19
[21:37:40] cqU-ax49 GAME: ironhammer 1 loaded at at 11,71,19
[21:37:41] cqU-ax49 GAME: ironhammer 2 loaded at at 26,61,19
[21:37:42] cqU-ax49 GAME: ironhammer 1 loaded at at 36,86,19
[21:37:42] cqU-ax49 GAME: ironhammer 3 loaded at at 31,21,19
[21:37:43] cqU-ax49 GAME: ironhammer 2 loaded at at 46,86,19
[21:37:44] cqU-ax49 GAME: ironhammer 2 loaded at at 26,46,19
[21:37:44] cqU-ax49 GAME: neutral 2 loaded at at 86,106,19
[21:37:44] cqU-ax49 GAME: neutral 8 loaded at at 86,66,19
[21:37:44] cqU-ax49 GAME: neutral 7 loaded at at 31,106,19
[21:37:44] cqU-ax49 GAME: neutral 7 loaded at at 41,21,19
[21:37:44] cqU-ax49 GAME: neutral 3 loaded at at 96,31,19
[21:37:44] cqU-ax49 GAME: neutral 6 loaded at at 16,31,19
[21:37:44] cqU-ax49 GAME: neutral 4 loaded at at 101,21,19
[21:37:44] cqU-ax49 GAME: neutral 3 loaded at at 71,106,19
[21:37:44] cqU-ax49 GAME: neutral 7 loaded at at 81,106,19
[21:37:44] cqU-ax49 GAME: neutral 9 loaded at at 81,51,19
[21:37:44] cqU-ax49 GAME: neutral 7 loaded at at 26,26,19
[21:37:44] cqU-ax49 GAME: neutral 10 loaded at at 16,96,19
[21:37:44] cqU-ax49 GAME: neutral 3 loaded at at 106,96,19
[21:37:44] cqU-ax49 GAME: neutral 10 loaded at at 86,76,19
[21:37:44] cqU-ax49 GAME: neutral 4 loaded at at 11,101,19
[21:37:44] cqU-ax49 GAME: neutral 4 loaded at at 71,86,19
[21:37:44] cqU-ax49 GAME: neutral 1 loaded at at 101,106,19
[21:37:44] cqU-ax49 GAME: neutral 10 loaded at at 91,11,19
[21:37:44] cqU-ax49 GAME: neutral 7 loaded at at 41,11,19
[21:37:44] cqU-ax49 GAME: neutral 11 loaded at at 81,71,19
[21:37:44] cqU-ax49 GAME: neutral 5 loaded at at 86,26,19
[21:37:44] cqU-ax49 GAME: neutral 5 loaded at at 86,31,19
[21:37:44] cqU-ax49 GAME: neutral 10 loaded at at 11,26,19
[21:37:44] cqU-ax49 GAME: neutral 9 loaded at at 101,16,19
[21:37:44] cqU-ax49 GAME: neutral 11 loaded at at 86,41,19
[21:37:45] cqU-ax49 GAME: neutral 4 loaded at at 96,31,19
[21:37:45] cqU-ax49 GAME: neutral 11 loaded at at 61,96,19
[21:37:45] cqU-ax49 GAME: neutral 7 loaded at at 101,61,19
[21:37:45] cqU-ax49 GAME: neutral 3 loaded at at 26,96,19
[21:37:45] cqU-ax49 GAME: neutral 9 loaded at at 71,101,19
[21:37:45] cqU-ax49 GAME: neutral 10 loaded at at 81,61,19
[21:37:45] cqU-ax49 GAME: neutral 11 loaded at at 41,76,19
[21:37:45] cqU-ax49 GAME: neutral 10 loaded at at 11,56,19
[21:37:45] cqU-ax49 GAME: neutral 6 loaded at at 96,101,19
[21:37:45] cqU-ax49 GAME: neutral 11 loaded at at 41,81,19
[21:37:45] cqU-ax49 GAME: neutral 11 loaded at at 46,51,19
[21:37:45] cqU-ax49 GAME: neutral 1 loaded at at 61,81,19
[21:37:45] cqU-ax49 GAME: neutral 5 loaded at at 41,91,19
[21:37:45] cqU-ax49 GAME: neutral 3 loaded at at 76,51,19
[21:37:45] cqU-ax49 GAME: neutral 7 loaded at at 61,21,19
[21:37:45] cqU-ax49 GAME: neutral 6 loaded at at 16,11,19
[21:37:45] cqU-ax49 GAME: neutral 5 loaded at at 21,11,19
[21:37:45] cqU-ax49 GAME: neutral 8 loaded at at 91,66,19
[21:37:45] cqU-ax49 GAME: neutral 3 loaded at at 16,71,19
[21:37:45] cqU-ax49 GAME: neutral 8 loaded at at 11,46,19
[21:37:46] cqU-ax49 GAME: neutral 10 loaded at at 56,31,19
[21:37:46] cqU-ax49 GAME: neutral 4 loaded at at 41,16,19
[21:37:46] cqU-ax49 GAME: neutral 6 loaded at at 101,101,19
[21:37:46] cqU-ax49 GAME: neutral 10 loaded at at 36,76,19
[21:37:46] cqU-ax49 GAME: neutral 2 loaded at at 46,81,19
[21:37:46] cqU-ax49 GAME: neutral 7 loaded at at 61,16,19
[21:37:46] cqU-ax49 GAME: neutral 10 loaded at at 11,51,19
[21:37:46] cqU-ax49 GAME: neutral 3 loaded at at 71,106,19
[21:37:46] cqU-ax49 GAME: neutral 8 loaded at at 91,31,19
[21:37:46] cqU-ax49 GAME: neutral 7 loaded at at 11,31,19
[21:37:46] cqU-ax49 GAME: neutral 10 loaded at at 16,56,19
[21:37:46] cqU-ax49 GAME: neutral 4 loaded at at 106,101,19
[21:37:46] cqU-ax49 GAME: neutral 7 loaded at at 76,106,19
[21:37:46] cqU-ax49 GAME: neutral 2 loaded at at 96,11,19
[21:37:46] cqU-ax49 GAME: neutral 7 loaded at at 51,51,19
[21:37:59] cqU-ax49 GAME: Emitter deleted at (0,0,0)
[21:38:57] cqU-ax49 ASSET: ERROR: Invalid asset: /datum/asset/simple/craft:obj_item_stack_cable_coil.png:1
[21:39:02] cqU-ax49 ASSET: ERROR: Invalid asset: /datum/asset/simple/craft:obj_item_clothing_glasses_powered_meson.png:1
[21:39:03] cqU-ax49 ASSET: ERROR: Invalid asset: /datum/asset/simple/craft:obj_item_gun_projectile_boltgun_lever.png:1
[21:39:03] cqU-ax49 ASSET: ERROR: Invalid asset: /datum/asset/simple/craft:obj_item_gun_projectile_automatic_sts_rifle.png:1
[21:39:04] cqU-ax49 ASSET: ERROR: Invalid asset: /datum/asset/simple/craft:obj_item_modular_computer_laptop.png:1
[21:39:42] cqU-ax49 VOTE: Storyteller vote started by server.
[21:39:53] cqU-ax49 GAME: Lab2 loaded at at 57,108,21
[21:39:54] cqU-ax49 GAME: AI core loaded at at 65,66,21
[21:39:54] cqU-ax49 GAME: pod bay loaded at at 97,43,21
[21:39:55] cqU-ax49 GAME: telecoms loaded at at 52,42,21
[21:39:55] cqU-ax49 GAME: telecoms loaded at at 101,111,21
[21:39:56] cqU-ax49 ADMIN: RiotScopez has started the game.
[21:39:56] cqU-ax49 GAME: maintenance asteroid loaded at at 91,88,21
[21:39:56] cqU-ax49 GAME: Entrance - 1 loaded at at 171,137,20
[21:39:57] cqU-ax49 DEBUG: Runtime in inspiration_component.dm,29: undefined variable /obj/item/tool/knife/ritual/var/perk <A HREF='?_src_=holder;viewruntime=[0x210dfa65]'>[view]</A>
[21:39:57] cqU-ax49 ACCESS: Logout: *no key*/(/(RiotScopez))
[21:39:57] cqU-ax49 ACCESS: Login: RiotScopez/(/(Katharine Griffiths)) from 146.115.147.185-1871707424 || BYOND v514
[21:39:57] cqU-ax49 DEBUG: Could not find style "ErisStyle" for /mob/living/carbon/human.
[21:40:00] cqU-ax49 GAME: Escape_Pod_West-East loaded at at 184,137,20
[21:40:01] cqU-ax49 DEBUG: Creating records for Katharine Griffiths
[21:40:10] cqU-ax49 GAME: crematorium loaded at at 197,137,20
[21:40:12] cqU-ax49 SAY: *no key*/(/(rat (505))) squeals! 
[21:40:12] cqU-ax49 GAME: Hallway_4way loaded at at 197,128,20
[21:40:13] cqU-ax49 GAME: crematorium loaded at at 184,128,20
[21:40:14] cqU-ax49 GAME: crematorium loaded at at 171,128,20
[21:40:15] cqU-ax49 GAME: garden loaded at at 171,119,20
[21:40:19] cqU-ax49 SAY: *no key*/(/(rat (612))) squeals! 
[21:40:19] cqU-ax49 SAY: *no key*/(/(rat (752))) squeals! 
[21:40:20] cqU-ax49 SAY: *no key*/(/(rat (530))) squeals! 
[21:40:20] cqU-ax49 SAY: *no key*/(/(rat (549))) squeals! 
[21:40:20] cqU-ax49 SAY: *no key*/(/(rat (529))) squeals! 
[21:40:20] cqU-ax49 SAY: Kraftwerk Roach/ : 10101010011100010101.
[21:40:20] cqU-ax49 SAY: *no key*/(/(rat (874))) squeals! 
[21:40:20] cqU-ax49 SAY: *no key*/(/(rat (370))) squeals! 
[21:40:21] cqU-ax49 SAY: Quick Kraftwerk Roach/ : 10101010011100010101.
[21:40:21] cqU-ax49 SAY: *no key*/(/(rat (926))) squeals! 
[21:40:21] cqU-ax49 SAY: *no key*/(/(rat (438))) squeals! 
[21:40:22] cqU-ax49 SAY: *no key*/(/(rat (45))) squeals! 
[21:40:33] cqU-ax49 GAME: garden loaded at at 184,119,20
[21:40:35] cqU-ax49 GAME: garden loaded at at 197,119,20
[21:40:36] cqU-ax49 GAME: garden loaded at at 197,110,20
[21:40:37] cqU-ax49 GAME: garden loaded at at 184,110,20
[21:40:38] cqU-ax49 GAME: secure_storage_horizontal loaded at at 171,110,20
[21:40:40] cqU-ax49 GAME: Hallway_4way loaded at at 158,110,20
[21:40:41] cqU-ax49 GAME: penitentiary loaded at at 145,110,20
[21:40:42] cqU-ax49 GAME: autolathe_South-East loaded at at 132,110,20
[21:40:43] cqU-ax49 GAME: Explosion with size (-1, 0, 1) in area Vault Bunker 
[21:40:44] cqU-ax49 GAME: Escape_Pod_West-East loaded at at 132,101,20
[21:40:45] cqU-ax49 SAY: *no key*/(/(rat (841))) squeals! 
[21:40:46] cqU-ax49 GAME: crematorium loaded at at 145,101,20
[21:40:47] cqU-ax49 GAME: Hallway_4way loaded at at 145,92,20
[21:40:48] cqU-ax49 GAME: secure_storage_horizontal loaded at at 158,92,20
[21:40:49] cqU-ax49 GAME: secure_storage_horizontal loaded at at 171,92,20
[21:40:50] cqU-ax49 GAME: garden loaded at at 184,92,20
[21:40:51] cqU-ax49 SAY: *no key*/(/(rat (641))) squeals! 
[21:40:51] cqU-ax49 SAY: Kraftwerk Roach/ : 10101010011100010101.
[21:40:52] cqU-ax49 GAME: garden loaded at at 197,92,20
[21:40:53] cqU-ax49 GAME: Escape_Pod_West-East loaded at at 197,83,20
[21:40:55] cqU-ax49 GAME: Escape_Pod_West-East loaded at at 197,74,20
[21:40:56] cqU-ax49 GAME: garden loaded at at 184,74,20
[21:40:57] cqU-ax49 GAME: Escape_Pod_West-East loaded at at 184,65,20
[21:40:59] cqU-ax49 GAME: garden loaded at at 197,65,20
[21:41:01] cqU-ax49 GAME: garden loaded at at 197,56,20
[21:41:01] cqU-ax49 SAY: *no key*/(/(rat (628))) squeals! 
[21:41:01] cqU-ax49 SAY: Durable Kraftwerk Roach/ : 10101010011100010101.
[21:41:02] cqU-ax49 GAME: garden loaded at at 184,56,20
[21:41:03] cqU-ax49 GAME: Escape_Pod_West-East loaded at at 184,47,20
[21:41:03] cqU-ax49 GAME: Escape_Pod_West-East loaded at at 197,47,20
[21:41:04] cqU-ax49 GAME: garden loaded at at 197,38,20
[21:41:05] cqU-ax49 GAME: crematorium loaded at at 184,38,20
[21:41:07] cqU-ax49 GAME: checkpoint_horizontal loaded at at 171,38,20
[21:41:08] cqU-ax49 GAME: hallwayatmos_west-east loaded at at 158,38,20
[21:41:09] cqU-ax49 GAME: Escape_Pod_West-East loaded at at 145,38,20
[21:41:10] cqU-ax49 GAME: showers loaded at at 132,38,20
[21:41:10] cqU-ax49 GAME: crematorium loaded at at 119,38,20
[21:41:11] cqU-ax49 GAME: garden loaded at at 106,38,20
[21:41:13] cqU-ax49 GAME: crematorium loaded at at 93,38,20
[21:41:14] cqU-ax49 GAME: Hallway_4way loaded at at 80,38,20
[21:41:14] cqU-ax49 GAME: showers loaded at at 67,38,20
[21:41:16] cqU-ax49 GAME: garden loaded at at 54,38,20
[21:41:17] cqU-ax49 GAME: autolathe_South-East loaded at at 41,38,20
[21:41:18] cqU-ax49 GAME: checkpoint_vertical loaded at at 41,29,20
[21:41:20] cqU-ax49 GAME: Escape_Pod_West-East loaded at at 41,20,20
[21:41:21] cqU-ax49 GAME: secure_storage_horizontal loaded at at 28,20,20
[21:41:23] cqU-ax49 GAME: Hallway_4way loaded at at 15,20,20
[21:41:24] cqU-ax49 GAME: crematorium loaded at at 2,20,20
[21:41:26] cqU-ax49 GAME: Escape_Pod_West-East loaded at at 2,11,20
[21:41:27] cqU-ax49 GAME: Hallway_4way loaded at at 15,11,20
[21:41:28] cqU-ax49 GAME: showers loaded at at 28,11,20
[21:41:30] cqU-ax49 GAME: Escape_Pod_West-East loaded at at 41,11,20
[21:41:30] cqU-ax49 GAME: Escape_Pod_West-East loaded at at 41,2,20
[21:41:31] cqU-ax49 GAME: Escape_Pod_West-East loaded at at 28,2,20
[21:41:33] cqU-ax49 GAME: penitentiary loaded at at 15,2,20
[21:41:33] cqU-ax49 GAME: Exit - 1 loaded at at 2,2,20
[21:41:39] cqU-ax49 SAY: *no key*/(/(rat (879))) squeals! 
[21:41:40] cqU-ax49 SAY: *no key*/(/(rat (957))) squeals! 
[21:41:41] cqU-ax49 SAY: *no key*/(/(rat (354))) squeals! 
[21:41:41] cqU-ax49 SAY: *no key*/(/(rat (897))) squeals! 
[21:41:42] cqU-ax49 SAY: *no key*/(/(rat (896))) squeals! 
[21:41:42] cqU-ax49 SAY: *no key*/(/(rat (869))) squeals! 
[21:41:45] cqU-ax49 SAY: *no key*/(/(rat (203))) squeals! 
[21:41:45] cqU-ax49 SAY: Durable Kraftwerk Roach/ : 10101010011100010101.
[21:41:45] cqU-ax49 SAY: *no key*/(/(rat (545))) squeals! 
[21:41:48] cqU-ax49 SAY: Kraftwerk Roach/ : 10101010011100010101.
[21:41:48] cqU-ax49 SAY: *no key*/(/(rat (414))) squeals! 
[21:41:48] cqU-ax49 SAY: *no key*/(/(rat (20))) squeals! 
[21:41:48] cqU-ax49 SAY: *no key*/(/(rat (225))) squeals! 
[21:41:48] cqU-ax49 SAY: *no key*/(/(rat (466))) squeals! 
[21:41:56] cqU-ax49 GAME: commanderoffice loaded at at 171,47,20
[21:41:59] cqU-ax49 GAME: shooting_range loaded at at 80,47,20
[21:42:01] cqU-ax49 GAME: surgery loaded at at 15,29,20
[21:42:03] cqU-ax49 GAME: cargo_horizontal loaded at at 54,11,20
[21:42:04] cqU-ax49 GAME: cargo_horizontal loaded at at 158,101,20
[21:42:05] cqU-ax49 GAME: surgery loaded at at 184,29,20
[21:42:08] cqU-ax49 GAME: surgery loaded at at 184,101,20
[21:42:11] cqU-ax49 GAME: armory_secure loaded at at 54,20,20
[21:42:12] cqU-ax49 GAME: armory loaded at at 145,29,20
[21:42:15] cqU-ax49 GAME: shooting_range loaded at at 197,101,20
[21:42:15] cqU-ax49 SAY: *no key*/(/(rat (56))) squeals! 
[21:42:17] cqU-ax49 GAME: blocker loaded at at 2,137,20
[21:42:17] cqU-ax49 GAME: blocker loaded at at 15,137,20
[21:42:18] cqU-ax49 GAME: blocker loaded at at 28,137,20
[21:42:18] cqU-ax49 GAME: blocker loaded at at 41,137,20
[21:42:19] cqU-ax49 GAME: blocker loaded at at 54,137,20
[21:42:19] cqU-ax49 GAME: blocker loaded at at 67,137,20
[21:42:19] cqU-ax49 GAME: blocker loaded at at 80,137,20
[21:42:19] cqU-ax49 GAME: blocker loaded at at 93,137,20
[21:42:19] cqU-ax49 GAME: blocker loaded at at 106,137,20
[21:42:20] cqU-ax49 GAME: blocker loaded at at 119,137,20
[21:42:20] cqU-ax49 GAME: blocker loaded at at 132,137,20
[21:42:20] cqU-ax49 GAME: blocker loaded at at 145,137,20
[21:42:20] cqU-ax49 GAME: blocker loaded at at 158,137,20
[21:42:20] cqU-ax49 GAME: blocker loaded at at 2,128,20
[21:42:21] cqU-ax49 GAME: blocker loaded at at 15,128,20
[21:42:21] cqU-ax49 GAME: blocker loaded at at 28,128,20
[21:42:21] cqU-ax49 GAME: blocker loaded at at 41,128,20
[21:42:21] cqU-ax49 GAME: blocker loaded at at 54,128,20
[21:42:21] cqU-ax49 GAME: blocker loaded at at 67,128,20
[21:42:22] cqU-ax49 GAME: blocker loaded at at 80,128,20
[21:42:22] cqU-ax49 GAME: blocker loaded at at 93,128,20
[21:42:22] cqU-ax49 GAME: blocker loaded at at 106,128,20
[21:42:22] cqU-ax49 GAME: blocker loaded at at 119,128,20
[21:42:23] cqU-ax49 GAME: blocker loaded at at 132,128,20
[21:42:23] cqU-ax49 GAME: blocker loaded at at 145,128,20
[21:42:23] cqU-ax49 GAME: blocker loaded at at 158,128,20
[21:42:24] cqU-ax49 GAME: blocker loaded at at 2,119,20
[21:42:24] cqU-ax49 GAME: blocker loaded at at 15,119,20
[21:42:24] cqU-ax49 GAME: blocker loaded at at 28,119,20
[21:42:24] cqU-ax49 GAME: blocker loaded at at 41,119,20
[21:42:25] cqU-ax49 GAME: blocker loaded at at 54,119,20
[21:42:25] cqU-ax49 GAME: blocker loaded at at 67,119,20
[21:42:25] cqU-ax49 GAME: blocker loaded at at 80,119,20
[21:42:25] cqU-ax49 GAME: blocker loaded at at 93,119,20
[21:42:25] cqU-ax49 GAME: blocker loaded at at 106,119,20
[21:42:25] cqU-ax49 GAME: blocker loaded at at 119,119,20
[21:42:26] cqU-ax49 GAME: blocker loaded at at 132,119,20
[21:42:26] cqU-ax49 GAME: blocker loaded at at 145,119,20
[21:42:26] cqU-ax49 GAME: blocker loaded at at 158,119,20
[21:42:27] cqU-ax49 GAME: blocker loaded at at 2,110,20
[21:42:27] cqU-ax49 GAME: blocker loaded at at 15,110,20
[21:42:27] cqU-ax49 GAME: blocker loaded at at 28,110,20
[21:42:27] cqU-ax49 GAME: blocker loaded at at 41,110,20
[21:42:27] cqU-ax49 GAME: blocker loaded at at 54,110,20
[21:42:28] cqU-ax49 GAME: blocker loaded at at 67,110,20
[21:42:28] cqU-ax49 GAME: blocker loaded at at 80,110,20
[21:42:28] cqU-ax49 GAME: blocker loaded at at 93,110,20
[21:42:28] cqU-ax49 GAME: blocker loaded at at 106,110,20
[21:42:29] cqU-ax49 GAME: blocker loaded at at 119,110,20
[21:42:29] cqU-ax49 GAME: blocker loaded at at 2,101,20
[21:42:29] cqU-ax49 GAME: blocker loaded at at 15,101,20
[21:42:29] cqU-ax49 GAME: blocker loaded at at 28,101,20
[21:42:29] cqU-ax49 SAY: *no key*/(/(rat (202))) squeals! 
[21:42:29] cqU-ax49 GAME: blocker loaded at at 41,101,20
[21:42:29] cqU-ax49 GAME: blocker loaded at at 54,101,20
[21:42:30] cqU-ax49 GAME: blocker loaded at at 67,101,20
[21:42:30] cqU-ax49 GAME: blocker loaded at at 80,101,20
[21:42:30] cqU-ax49 GAME: blocker loaded at at 93,101,20
[21:42:30] cqU-ax49 GAME: blocker loaded at at 106,101,20
[21:42:31] cqU-ax49 GAME: blocker loaded at at 119,101,20
[21:42:31] cqU-ax49 GAME: blocker loaded at at 171,101,20
[21:42:31] cqU-ax49 GAME: blocker loaded at at 2,92,20
[21:42:31] cqU-ax49 GAME: blocker loaded at at 15,92,20
[21:42:31] cqU-ax49 GAME: blocker loaded at at 28,92,20
[21:42:32] cqU-ax49 GAME: blocker loaded at at 41,92,20
[21:42:32] cqU-ax49 GAME: blocker loaded at at 54,92,20
[21:42:32] cqU-ax49 GAME: blocker loaded at at 67,92,20
[21:42:33] cqU-ax49 GAME: blocker loaded at at 80,92,20
[21:42:33] cqU-ax49 GAME: blocker loaded at at 93,92,20
[21:42:33] cqU-ax49 GAME: blocker loaded at at 106,92,20
[21:42:33] cqU-ax49 GAME: blocker loaded at at 119,92,20
[21:42:34] cqU-ax49 GAME: blocker loaded at at 132,92,20
[21:42:34] cqU-ax49 GAME: blocker loaded at at 2,83,20
[21:42:34] cqU-ax49 GAME: blocker loaded at at 15,83,20
[21:42:34] cqU-ax49 GAME: blocker loaded at at 28,83,20
[21:42:34] cqU-ax49 GAME: blocker loaded at at 41,83,20
[21:42:35] cqU-ax49 GAME: blocker loaded at at 54,83,20
[21:42:35] cqU-ax49 GAME: blocker loaded at at 67,83,20
[21:42:35] cqU-ax49 GAME: blocker loaded at at 80,83,20
[21:42:35] cqU-ax49 GAME: blocker loaded at at 93,83,20
[21:42:35] cqU-ax49 GAME: blocker loaded at at 106,83,20
[21:42:36] cqU-ax49 GAME: blocker loaded at at 119,83,20
[21:42:36] cqU-ax49 SAY: Durable Kraftwerk Roach/ : 10101010011100010101.
[21:42:36] cqU-ax49 GAME: blocker loaded at at 132,83,20
[21:42:36] cqU-ax49 GAME: blocker loaded at at 145,83,20
[21:42:37] cqU-ax49 GAME: blocker loaded at at 158,83,20
[21:42:37] cqU-ax49 GAME: blocker loaded at at 171,83,20
[21:42:37] cqU-ax49 GAME: blocker loaded at at 184,83,20
[21:42:38] cqU-ax49 GAME: blocker loaded at at 2,74,20
[21:42:38] cqU-ax49 GAME: blocker loaded at at 15,74,20
[21:42:38] cqU-ax49 GAME: blocker loaded at at 28,74,20
[21:42:39] cqU-ax49 GAME: blocker loaded at at 41,74,20
[21:42:39] cqU-ax49 GAME: blocker loaded at at 54,74,20
[21:42:39] cqU-ax49 GAME: blocker loaded at at 67,74,20
[21:42:39] cqU-ax49 GAME: blocker loaded at at 80,74,20
[21:42:39] cqU-ax49 GAME: blocker loaded at at 93,74,20
[21:42:40] cqU-ax49 GAME: blocker loaded at at 106,74,20
[21:42:40] cqU-ax49 GAME: Explosion with size (-1, 0, 1) in area Prepper Base 
[21:42:40] cqU-ax49 GAME: blocker loaded at at 119,74,20
[21:42:41] cqU-ax49 GAME: blocker loaded at at 132,74,20
[21:42:41] cqU-ax49 GAME: blocker loaded at at 145,74,20
[21:42:41] cqU-ax49 GAME: blocker loaded at at 158,74,20
[21:42:41] cqU-ax49 GAME: blocker loaded at at 171,74,20
[21:42:41] cqU-ax49 GAME: blocker loaded at at 2,65,20
[21:42:42] cqU-ax49 GAME: blocker loaded at at 15,65,20
[21:42:42] cqU-ax49 GAME: blocker loaded at at 28,65,20
[21:42:42] cqU-ax49 GAME: blocker loaded at at 41,65,20
[21:42:42] cqU-ax49 GAME: blocker loaded at at 54,65,20
[21:42:43] cqU-ax49 GAME: blocker loaded at at 67,65,20
[21:42:43] cqU-ax49 GAME: blocker loaded at at 80,65,20
[21:42:43] cqU-ax49 GAME: blocker loaded at at 93,65,20
[21:42:43] cqU-ax49 GAME: blocker loaded at at 106,65,20
[21:42:43] cqU-ax49 GAME: blocker loaded at at 119,65,20
[21:42:44] cqU-ax49 GAME: blocker loaded at at 132,65,20
[21:42:44] cqU-ax49 GAME: blocker loaded at at 145,65,20
[21:42:44] cqU-ax49 GAME: blocker loaded at at 158,65,20
[21:42:44] cqU-ax49 GAME: blocker loaded at at 171,65,20
[21:42:44] cqU-ax49 GAME: blocker loaded at at 2,56,20
[21:42:45] cqU-ax49 GAME: blocker loaded at at 15,56,20
[21:42:45] cqU-ax49 GAME: blocker loaded at at 28,56,20
[21:42:45] cqU-ax49 GAME: blocker loaded at at 41,56,20
[21:42:45] cqU-ax49 GAME: blocker loaded at at 54,56,20
[21:42:45] cqU-ax49 GAME: blocker loaded at at 67,56,20
[21:42:46] cqU-ax49 GAME: blocker loaded at at 80,56,20
[21:42:46] cqU-ax49 GAME: blocker loaded at at 93,56,20
[21:42:47] cqU-ax49 GAME: blocker loaded at at 106,56,20
[21:42:47] cqU-ax49 GAME: blocker loaded at at 119,56,20
[21:42:47] cqU-ax49 GAME: blocker loaded at at 132,56,20
[21:42:47] cqU-ax49 GAME: blocker loaded at at 145,56,20
[21:42:47] cqU-ax49 GAME: blocker loaded at at 158,56,20
[21:42:48] cqU-ax49 GAME: blocker loaded at at 171,56,20
[21:42:48] cqU-ax49 GAME: blocker loaded at at 2,47,20
[21:42:48] cqU-ax49 GAME: blocker loaded at at 15,47,20
[21:42:49] cqU-ax49 GAME: blocker loaded at at 28,47,20
[21:42:49] cqU-ax49 GAME: blocker loaded at at 41,47,20
[21:42:50] cqU-ax49 GAME: blocker loaded at at 54,47,20
[21:42:50] cqU-ax49 GAME: blocker loaded at at 67,47,20
[21:42:50] cqU-ax49 GAME: blocker loaded at at 93,47,20
[21:42:51] cqU-ax49 GAME: blocker loaded at at 106,47,20
[21:42:51] cqU-ax49 GAME: blocker loaded at at 119,47,20
[21:42:51] cqU-ax49 GAME: blocker loaded at at 132,47,20
[21:42:52] cqU-ax49 GAME: blocker loaded at at 145,47,20
[21:42:52] cqU-ax49 GAME: blocker loaded at at 158,47,20
[21:42:52] cqU-ax49 GAME: blocker loaded at at 2,38,20
[21:42:53] cqU-ax49 GAME: blocker loaded at at 15,38,20
[21:42:53] cqU-ax49 GAME: blocker loaded at at 28,38,20
[21:42:53] cqU-ax49 GAME: blocker loaded at at 2,29,20
[21:42:54] cqU-ax49 GAME: blocker loaded at at 28,29,20
[21:42:54] cqU-ax49 GAME: blocker loaded at at 54,29,20
[21:42:55] cqU-ax49 GAME: blocker loaded at at 67,29,20
[21:42:55] cqU-ax49 GAME: blocker loaded at at 80,29,20
[21:42:56] cqU-ax49 GAME: blocker loaded at at 93,29,20
[21:42:56] cqU-ax49 GAME: blocker loaded at at 106,29,20
[21:42:56] cqU-ax49 GAME: blocker loaded at at 119,29,20
[21:42:56] cqU-ax49 GAME: blocker loaded at at 132,29,20
[21:42:57] cqU-ax49 GAME: blocker loaded at at 158,29,20
[21:42:57] cqU-ax49 GAME: blocker loaded at at 171,29,20
[21:42:58] cqU-ax49 GAME: blocker loaded at at 197,29,20
[21:42:58] cqU-ax49 GAME: blocker loaded at at 67,20,20
[21:42:59] cqU-ax49 GAME: blocker loaded at at 80,20,20
[21:42:59] cqU-ax49 GAME: blocker loaded at at 93,20,20
[21:42:59] cqU-ax49 GAME: blocker loaded at at 106,20,20
[21:42:59] cqU-ax49 GAME: blocker loaded at at 119,20,20
[21:43:00] cqU-ax49 GAME: blocker loaded at at 132,20,20
[21:43:00] cqU-ax49 GAME: blocker loaded at at 145,20,20
[21:43:00] cqU-ax49 GAME: blocker loaded at at 158,20,20
[21:43:00] cqU-ax49 GAME: blocker loaded at at 171,20,20
[21:43:01] cqU-ax49 GAME: blocker loaded at at 184,20,20
[21:43:01] cqU-ax49 GAME: blocker loaded at at 197,20,20
[21:43:02] cqU-ax49 GAME: blocker loaded at at 67,11,20
[21:43:02] cqU-ax49 GAME: blocker loaded at at 80,11,20
[21:43:02] cqU-ax49 GAME: blocker loaded at at 93,11,20
[21:43:02] cqU-ax49 GAME: blocker loaded at at 106,11,20
[21:43:03] cqU-ax49 GAME: blocker loaded at at 119,11,20
[21:43:03] cqU-ax49 GAME: blocker loaded at at 132,11,20
[21:43:03] cqU-ax49 GAME: blocker loaded at at 145,11,20
[21:43:03] cqU-ax49 SAY: *no key*/(/(rat (85))) squeals! 
[21:43:03] cqU-ax49 GAME: blocker loaded at at 158,11,20
[21:43:04] cqU-ax49 GAME: blocker loaded at at 171,11,20
[21:43:04] cqU-ax49 GAME: blocker loaded at at 184,11,20
[21:43:04] cqU-ax49 GAME: blocker loaded at at 197,11,20
[21:43:04] cqU-ax49 GAME: blocker loaded at at 54,2,20
[21:43:05] cqU-ax49 GAME: blocker loaded at at 67,2,20
[21:43:05] cqU-ax49 GAME: blocker loaded at at 80,2,20
[21:43:05] cqU-ax49 GAME: blocker loaded at at 93,2,20
[21:43:05] cqU-ax49 GAME: blocker loaded at at 106,2,20
[21:43:06] cqU-ax49 GAME: blocker loaded at at 119,2,20
[21:43:06] cqU-ax49 GAME: blocker loaded at at 132,2,20
[21:43:06] cqU-ax49 GAME: blocker loaded at at 145,2,20
[21:43:06] cqU-ax49 GAME: blocker loaded at at 158,2,20
[21:43:07] cqU-ax49 GAME: blocker loaded at at 171,2,20
[21:43:07] cqU-ax49 GAME: blocker loaded at at 184,2,20
[21:43:07] cqU-ax49 GAME: blocker loaded at at 197,2,20
[21:43:35] cqU-ax49 GAME: morgue loaded at at 121,58,21
[21:43:35] cqU-ax49 GAME: barricades loaded at at 90,134,21
[21:43:36] cqU-ax49 GAME: freezer loaded at at 18,32,21
[21:43:36] cqU-ax49 SAY: Biosilicified Kraftwerk Roach/ : 10101010011100010101.
[21:43:36] cqU-ax49 GAME: mechbay loaded at at 142,144,21
[21:43:37] cqU-ax49 GAME: a lost roach loaded at at 36,118,21
[21:43:38] cqU-ax49 GAME: storage loaded at at 32,46,21
[21:43:38] cqU-ax49 GAME: a lost roach loaded at at 40,98,21
[21:43:38] cqU-ax49 GAME: Medical supplies loaded at at 22,102,21
[21:43:39] cqU-ax49 GAME: barricades loaded at at 154,95,21
[21:43:39] cqU-ax49 SAY: *no key*/(/(rat (504))) squeals! 
[21:43:39] cqU-ax49 GAME: freezer loaded at at 141,121,21
[21:43:40] cqU-ax49 GAME: a lost roach loaded at at 99,21,21
[21:43:40] cqU-ax49 GAME: freezer loaded at at 150,24,21
[21:43:40] cqU-ax49 GAME: Trash loaded at at 152,71,21
[21:43:41] cqU-ax49 GAME: Medical supplies loaded at at 63,133,21
[21:43:42] cqU-ax49 GAME: Medical supplies loaded at at 153,117,21
[21:43:42] cqU-ax49 GAME: toilet loaded at at 118,151,21
[21:43:42] cqU-ax49 GAME: toilet loaded at at 118,75,21
[21:43:43] cqU-ax49 GAME: sm_core loaded at at 21,132,21
[21:43:43] cqU-ax49 GAME: Medical supplies loaded at at 21,78,21
[21:43:44] cqU-ax49 GAME: Trash loaded at at 105,154,21
[21:43:44] cqU-ax49 GAME: hydro loaded at at 58,22,21
[21:43:45] cqU-ax49 GAME: office loaded at at 137,22,21
[21:43:46] cqU-ax49 GAME: barricades loaded at at 50,85,21
[21:43:46] cqU-ax49 GAME: barricades loaded at at 68,151,21
[21:43:46] cqU-ax49 GAME: library loaded at at 131,73,21
[21:43:47] cqU-ax49 GAME: Trash loaded at at 54,153,21
[21:43:47] cqU-ax49 GAME: sm_core loaded at at 116,29,21
[21:43:48] cqU-ax49 GAME: catwalks loaded at at 114,87,21
[21:43:48] cqU-ax49 GAME: sm_core loaded at at 30,144,21
[21:43:49] cqU-ax49 GAME: Trash loaded at at 46,66,21
[21:43:53] cqU-ax49 SAY: *no key*/(/(rat (80))) squeals! 
[21:44:05] cqU-ax49 SAY: Kraftwerk Roach/ : 10101010011100010101.
[21:44:07] cqU-ax49 SAY: Durable Kraftwerk Roach/ : 10101010011100010101.
[21:44:09] cqU-ax49 SAY: *no key*/(/(rat (755))) squeals! 
[21:44:12] cqU-ax49 GAME: Explosion with size (0, 0, 2) in area Greyson Field Offices 
[21:44:13] cqU-ax49 GAME: Explosion with size (-1, 0, 1) in area Prepper Base 
[21:44:13] cqU-ax49 SAY: Durable Kraftwerk Roach/ : 10101010011100010101.
[21:44:13] cqU-ax49 SAY: Kraftwerk Roach/ : 10101010011100010101.
[21:44:19] cqU-ax49 SAY: Kraftwerk Roach/ : 10101010011100010101.
[21:44:19] cqU-ax49 SAY: Kraftwerk Roach/ : 10101010011100010101.
[21:44:30] cqU-ax49 SAY: Kraftwerk Roach/ : 10101010011100010101.
[21:44:30] cqU-ax49 SAY: Durable Kraftwerk Roach/ : 10101010011100010101.
[21:44:40] cqU-ax49 SAY: Kraftwerk Roach/ : 10101010011100010101.
[21:44:46] cqU-ax49 SAY: Lambertian Kraftwerk Roach/ : 10101010011100010101.
[21:45:00] cqU-ax49 GAME: Explosion with size (-1, 0, 1) in area Vault Bunker 
[21:45:05] cqU-ax49 SAY: Durable Kraftwerk Roach/ : 10101010011100010101.
[21:45:15] cqU-ax49 DEBUG: Moved - the combat drone was deleted while still being listened to by /datum/effect/effect/system/trail/ion.
[21:45:17] cqU-ax49 SAY: *no key*/(/(rat (332))) squeals! 
[21:45:26] cqU-ax49 DEBUG: Moved - the combat drone was deleted while still being listened to by /datum/effect/effect/system/trail/ion.
[21:45:26] cqU-ax49 DEBUG: Moved - the combat drone was deleted while still being listened to by /datum/effect/effect/system/trail/ion.
[21:45:28] cqU-ax49 SAY: Durable Kraftwerk Roach/ : 10101010011100010101.
[21:45:40] cqU-ax49 SAY: Durable Kraftwerk Roach/ : 10101010011100010101.
[21:45:43] cqU-ax49 GAME: Explosion with size (-1, 1, 2) in area Deep Maintenance 
[21:46:05] cqU-ax49 SAY: Durable Kraftwerk Roach/ : 10101010011100010101.
[21:46:08] cqU-ax49 DEBUG: Moved - the combat drone was deleted while still being listened to by /datum/effect/effect/system/trail/ion.
[21:46:09] cqU-ax49 GAME: Explosion with size (-1, 0, 1) in area Hunting Plains 
[21:46:14] cqU-ax49 GAME: Explosion with size (-1, 0, 1) in area Deep Maintenance 
[21:46:16] cqU-ax49 SAY: Durable Kraftwerk Roach/ : 10101010011100010101.
[21:46:16] cqU-ax49 SAY: *no key*/(/(rat (579))) squeals! 
[21:46:25] cqU-ax49 SAY: Durable Kraftwerk Roach/ : 10101010011100010101.
[21:46:36] cqU-ax49 SAY: Durable Kraftwerk Roach/ : 10101010011100010101.
[21:46:40] cqU-ax49 ATTACK: Premier Griffiths (riotscopez) Used the flash to flash Premier Griffiths (riotscopez) (<A HREF='?_src_=holder;adminplayerobservecoodjump=1;X=112;Y=149;Z=3'>JMP</a>)
[21:46:46] cqU-ax49 SAY: Durable Kraftwerk Roach/ : 10101010011100010101.
[21:46:56] cqU-ax49 SAY: Durable Kraftwerk Roach/ : 10101010011100010101.
[21:47:14] cqU-ax49 GAME: Explosion with size (-1, 0, 1) in area Deep Maintenance 
[21:47:16] cqU-ax49 SAY: Durable Kraftwerk Roach/ : 10101010011100010101.
[21:47:20] cqU-ax49 SAY: *no key*/(/(rat (600))) squeals! 
[21:47:44] cqU-ax49 GAME: Explosion with size (-1, 0, 1) in area Deep Maintenance 
[21:48:05] cqU-ax49 GAME: Explosion with size (-1, 0, 1) in area Hunting Plains 
[21:48:17] cqU-ax49 SAY: grey baby slime (699)/ : Brother...
[21:57:19] cqU-ax49 GAME: Explosion with size (-1, 1, 2) in area Prepper Base 
[21:57:45] cqU-ax49 SAY: grey baby slime (699)/ : Rawr...
[21:59:00] cqU-ax49 ADMIN: RiotScopez/(/(Katharine Griffiths)) played a local sound Orphaned Land - Mabool - The Story Of The Three Sons Of Seven - 08 Norra El Norra (Entering The Ark).ogg
[21:59:18] cqU-ax49 SAY: Kraftwerk Roach/ : 10101010011100010101.
[21:59:18] cqU-ax49 SAY: Durable Kraftwerk Roach/ : 10101010011100010101.
[22:00:04] cqU-ax49 DEBUG: Moved - the combat drone was deleted while still being listened to by /datum/effect/effect/system/trail/ion.
[22:00:14] cqU-ax49 ADMIN: RiotScopez/(/(Katharine Griffiths)) stopped all currently playing sounds.
[22:00:15] cqU-ax49 GAME: Explosion with size (-1, 0, 1) in area Prepper Base 
[22:00:17] cqU-ax49 DEBUG: Moved - the combat drone was deleted while still being listened to by /datum/effect/effect/system/trail/ion.
[22:00:58] cqU-ax49 DEBUG: Moved - the combat drone was deleted while still being listened to by /datum/effect/effect/system/trail/ion.
[22:01:52] cqU-ax49 ATTACK: RiotScopez/(/(Katharine Griffiths)) attacked *no key*/(/(Pun Pun)) with telescopic baton (INTENT: HELP) (DAMTYE: HALLOSS)
[22:01:53] cqU-ax49 ATTACK: RiotScopez/(/(Katharine Griffiths)) attacked *no key*/(/(Pun Pun)) with telescopic baton (INTENT: HELP) (DAMTYE: HALLOSS)
[22:01:54] cqU-ax49 ATTACK: RiotScopez/(/(Katharine Griffiths)) attacked *no key*/(/(Pun Pun)) with telescopic baton (INTENT: HELP) (DAMTYE: HALLOSS)
[22:01:55] cqU-ax49 ATTACK: RiotScopez/(/(Katharine Griffiths)) attacked *no key*/(/(Pun Pun)) with telescopic baton (INTENT: HELP) (DAMTYE: HALLOSS)
[22:01:55] cqU-ax49 ATTACK: RiotScopez/(/(Katharine Griffiths)) attacked *no key*/(/(Pun Pun)) with telescopic baton (INTENT: HELP) (DAMTYE: HALLOSS)
[22:01:57] cqU-ax49 ATTACK: RiotScopez/(/(Katharine Griffiths)) attacked *no key*/(/(Pun Pun)) with telescopic baton (INTENT: HELP) (DAMTYE: HALLOSS)
[22:01:57] cqU-ax49 EMOTE: Pun Pun/ : <B>Pun Pun</B> coughs up blood!
[22:01:58] cqU-ax49 ATTACK: RiotScopez/(/(Katharine Griffiths)) attacked *no key*/(/(Pun Pun)) with telescopic baton (INTENT: HELP) (DAMTYE: HALLOSS)
[22:01:59] cqU-ax49 ATTACK: RiotScopez/(/(Katharine Griffiths)) attacked *no key*/(/(Pun Pun)) with telescopic baton (INTENT: HELP) (DAMTYE: HALLOSS)
[22:02:00] cqU-ax49 ATTACK: RiotScopez/(/(Katharine Griffiths)) attacked *no key*/(/(Pun Pun)) with telescopic baton (INTENT: HELP) (DAMTYE: HALLOSS)
[22:02:04] cqU-ax49 ATTACK: RiotScopez/(/(Katharine Griffiths)) attacked *no key*/(/(Pun Pun)) with telescopic baton (INTENT: HELP) (DAMTYE: HALLOSS)
[22:02:05] cqU-ax49 EMOTE: Pun Pun/ : <B>Pun Pun</B> is having trouble keeping their eyes open.
[22:02:07] cqU-ax49 ATTACK: RiotScopez/(/(Katharine Griffiths)) attacked *no key*/(/(Pun Pun)) with telescopic baton (INTENT: HELP) (DAMTYE: HALLOSS)
[22:02:08] cqU-ax49 ATTACK: RiotScopez/(/(Katharine Griffiths)) attacked *no key*/(/(Pun Pun)) with telescopic baton (INTENT: HELP) (DAMTYE: HALLOSS)
[22:02:09] cqU-ax49 ATTACK: RiotScopez/(/(Katharine Griffiths)) attacked *no key*/(/(Pun Pun)) with telescopic baton (INTENT: HELP) (DAMTYE: HALLOSS)
[22:02:10] cqU-ax49 ATTACK: RiotScopez/(/(Katharine Griffiths)) attacked *no key*/(/(Pun Pun)) with telescopic baton (INTENT: HELP) (DAMTYE: HALLOSS)
[22:02:11] cqU-ax49 ATTACK: RiotScopez/(/(Katharine Griffiths)) attacked *no key*/(/(Pun Pun)) with telescopic baton (INTENT: HELP) (DAMTYE: HALLOSS)
[22:02:12] cqU-ax49 ATTACK: RiotScopez/(/(Katharine Griffiths)) attacked *no key*/(/(Pun Pun)) with telescopic baton (INTENT: HELP) (DAMTYE: HALLOSS)
[22:02:25] cqU-ax49 ATTACK: RiotScopez/(/(Katharine Griffiths)) attacked *no key*/(/(Pun Pun)) with decorative saber (INTENT: HARM) (DAMTYE: BRUTE)
[22:02:26] cqU-ax49 ATTACK: RiotScopez/(/(Katharine Griffiths)) attacked *no key*/(/(Pun Pun)) with decorative saber (INTENT: HARM) (DAMTYE: BRUTE)
[22:02:27] cqU-ax49 ATTACK: RiotScopez/(/(Katharine Griffiths)) attacked *no key*/(/(Pun Pun)) with decorative saber (INTENT: HARM) (DAMTYE: BRUTE)
[22:02:27] cqU-ax49 EMOTE: Pun Pun/ : screams!
[22:02:28] cqU-ax49 ATTACK: RiotScopez/(/(Katharine Griffiths)) attacked *no key*/(/(Pun Pun)) with decorative saber (INTENT: HARM) (DAMTYE: BRUTE)
[22:02:29] cqU-ax49 ATTACK: RiotScopez/(/(Katharine Griffiths)) attacked *no key*/(/(Pun Pun)) with decorative saber (INTENT: HARM) (DAMTYE: BRUTE)
[22:02:30] cqU-ax49 ATTACK: RiotScopez/(/(Katharine Griffiths)) attacked *no key*/(/(Pun Pun)) with decorative saber (INTENT: HARM) (DAMTYE: BRUTE)
[22:02:31] cqU-ax49 ATTACK: RiotScopez/(/(Katharine Griffiths)) attacked *no key*/(/(Pun Pun)) with decorative saber (INTENT: HARM) (DAMTYE: BRUTE)
[22:02:31] cqU-ax49 EMOTE: Pun Pun/ : screams!
[22:02:33] cqU-ax49 ATTACK: RiotScopez/(/(Katharine Griffiths)) attacked *no key*/(/(Pun Pun)) with decorative saber (INTENT: HARM) (DAMTYE: BRUTE)
[22:02:34] cqU-ax49 ATTACK: RiotScopez/(/(Katharine Griffiths)) attacked *no key*/(/(Pun Pun)) with decorative saber (INTENT: HARM) (DAMTYE: BRUTE)
[22:02:35] cqU-ax49 ATTACK: RiotScopez/(/(Katharine Griffiths)) attacked *no key*/(/(Pun Pun)) with decorative saber (INTENT: HARM) (DAMTYE: BRUTE)
[22:02:36] cqU-ax49 ATTACK: RiotScopez/(/(Katharine Griffiths)) attacked *no key*/(/(Pun Pun)) with decorative saber (INTENT: HARM) (DAMTYE: BRUTE)
[22:02:37] cqU-ax49 ATTACK: RiotScopez/(/(Katharine Griffiths)) attacked *no key*/(/(Pun Pun)) with decorative saber (INTENT: HARM) (DAMTYE: BRUTE)
[22:02:38] cqU-ax49 ATTACK: RiotScopez/(/(Katharine Griffiths)) attacked *no key*/(/(Pun Pun)) with decorative saber (INTENT: HARM) (DAMTYE: BRUTE)
[22:02:39] cqU-ax49 ATTACK: RiotScopez/(/(Katharine Griffiths)) attacked *no key*/(/(Pun Pun)) with decorative saber (INTENT: HARM) (DAMTYE: BRUTE)
[22:02:41] cqU-ax49 ATTACK: RiotScopez/(/(Katharine Griffiths)) attacked *no key*/(/(Pun Pun)) with decorative saber (INTENT: HARM) (DAMTYE: BRUTE)
[22:05:50] cqU-ax49 DEBUG: Runtime in door.dm,466: Cannot execute null.set opacity(). <A HREF='?_src_=holder;viewruntime=[0x210319dd]'>[view]</A>
[22:06:27] cqU-ax49 GAME: Explosion with size (-1, 1, 2) in area Deep Forest 
[22:06:39] cqU-ax49 ADMIN: RiotScopez/(/(Katharine Griffiths)) deleted the burrow at (101,168,3)
[22:07:24] cqU-ax49 ATTACK: RiotScopez/(/(Katharine Griffiths)) attacked *no key*/(/(Brutish Pomoshchnik termite)) with ceremonial dagger (INTENT: HARM) (DAMTYE: BRUTE)
[22:07:26] cqU-ax49 ATTACK: RiotScopez/(/(Katharine Griffiths)) attacked *no key*/(/(Durable Pomoshchnik termite)) with ceremonial dagger (INTENT: HARM) (DAMTYE: BRUTE)
[22:07:28] cqU-ax49 ATTACK: RiotScopez/(/(Katharine Griffiths)) attacked *no key*/(/(Old Koroleva termite)) with ceremonial dagger (INTENT: HARM) (DAMTYE: BRUTE)
[22:07:29] cqU-ax49 ATTACK: RiotScopez/(/(Katharine Griffiths)) attacked *no key*/(/(Old Koroleva termite)) with ceremonial dagger (INTENT: HARM) (DAMTYE: BRUTE)
[22:07:30] cqU-ax49 ATTACK: RiotScopez/(/(Katharine Griffiths)) attacked *no key*/(/(Old Koroleva termite)) with ceremonial dagger (INTENT: HARM) (DAMTYE: BRUTE)
[22:07:31] cqU-ax49 ATTACK: RiotScopez/(/(Katharine Griffiths)) attacked *no key*/(/(Old Koroleva termite)) with ceremonial dagger (INTENT: HARM) (DAMTYE: BRUTE)
[22:07:32] cqU-ax49 ATTACK: RiotScopez/(/(Katharine Griffiths)) attacked *no key*/(/(Old Koroleva termite)) with ceremonial dagger (INTENT: HARM) (DAMTYE: BRUTE)
[22:07:36] cqU-ax49 ATTACK: RiotScopez/(/(Katharine Griffiths)) attacked *no key*/(/(Durable Pushka termite)) with ceremonial dagger (INTENT: HARM) (DAMTYE: BRUTE)
[22:07:37] cqU-ax49 ATTACK: RiotScopez/(/(Katharine Griffiths)) attacked *no key*/(/(Durable Pushka termite)) with ceremonial dagger (INTENT: HARM) (DAMTYE: BRUTE)
[22:07:38] cqU-ax49 ATTACK: RiotScopez/(/(Katharine Griffiths)) attacked *no key*/(/(Durable Pushka termite)) with ceremonial dagger (INTENT: HARM) (DAMTYE: BRUTE)
[22:07:39] cqU-ax49 ATTACK: RiotScopez/(/(Katharine Griffiths)) attacked *no key*/(/(Durable Pushka termite)) with ceremonial dagger (INTENT: HARM) (DAMTYE: BRUTE)
[22:07:40] cqU-ax49 ATTACK: RiotScopez/(/(Katharine Griffiths)) attacked *no key*/(/(Durable Pushka termite)) with ceremonial dagger (INTENT: HARM) (DAMTYE: BRUTE)
[22:07:41] cqU-ax49 ATTACK: RiotScopez/(/(Katharine Griffiths)) attacked *no key*/(/(Durable Pushka termite)) with ceremonial dagger (INTENT: HARM) (DAMTYE: BRUTE)
[22:07:42] cqU-ax49 ATTACK: RiotScopez/(/(Katharine Griffiths)) attacked *no key*/(/(Durable Pushka termite)) with ceremonial dagger (INTENT: HARM) (DAMTYE: BRUTE)
[22:07:43] cqU-ax49 ATTACK: RiotScopez/(/(Katharine Griffiths)) attacked *no key*/(/(Durable Pushka termite)) with ceremonial dagger (INTENT: HARM) (DAMTYE: BRUTE)
[22:07:44] cqU-ax49 ATTACK: RiotScopez/(/(Katharine Griffiths)) attacked *no key*/(/(Durable Pushka termite)) with ceremonial dagger (INTENT: HARM) (DAMTYE: BRUTE)
[22:07:45] cqU-ax49 ATTACK: RiotScopez/(/(Katharine Griffiths)) attacked *no key*/(/(Durable Pushka termite)) with ceremonial dagger (INTENT: HARM) (DAMTYE: BRUTE)
[22:07:46] cqU-ax49 ATTACK: RiotScopez/(/(Katharine Griffiths)) attacked *no key*/(/(Durable Pushka termite)) with ceremonial dagger (INTENT: HARM) (DAMTYE: BRUTE)
[22:07:47] cqU-ax49 ATTACK: RiotScopez/(/(Katharine Griffiths)) attacked *no key*/(/(Durable Pushka termite)) with ceremonial dagger (INTENT: HARM) (DAMTYE: BRUTE)
[22:07:48] cqU-ax49 ATTACK: RiotScopez/(/(Katharine Griffiths)) attacked *no key*/(/(Durable Pushka termite)) with ceremonial dagger (INTENT: HARM) (DAMTYE: BRUTE)
[22:07:49] cqU-ax49 ATTACK: RiotScopez/(/(Katharine Griffiths)) attacked *no key*/(/(Durable Pushka termite)) with ceremonial dagger (INTENT: HARM) (DAMTYE: BRUTE)
[22:07:50] cqU-ax49 ATTACK: RiotScopez/(/(Katharine Griffiths)) attacked *no key*/(/(Durable Pushka termite)) with ceremonial dagger (INTENT: HARM) (DAMTYE: BRUTE)
[22:07:51] cqU-ax49 ATTACK: RiotScopez/(/(Katharine Griffiths)) attacked *no key*/(/(Durable Pushka termite)) with ceremonial dagger (INTENT: HARM) (DAMTYE: BRUTE)
[22:07:52] cqU-ax49 ATTACK: RiotScopez/(/(Katharine Griffiths)) attacked *no key*/(/(Durable Pushka termite)) with ceremonial dagger (INTENT: HARM) (DAMTYE: BRUTE)
[22:07:53] cqU-ax49 ATTACK: RiotScopez/(/(Katharine Griffiths)) attacked *no key*/(/(Durable Pushka termite)) with ceremonial dagger (INTENT: HARM) (DAMTYE: BRUTE)
[22:07:54] cqU-ax49 ATTACK: RiotScopez/(/(Katharine Griffiths)) attacked *no key*/(/(Durable Pushka termite)) with ceremonial dagger (INTENT: HARM) (DAMTYE: BRUTE)
[22:07:55] cqU-ax49 ATTACK: RiotScopez/(/(Katharine Griffiths)) attacked *no key*/(/(Durable Pushka termite)) with ceremonial dagger (INTENT: HARM) (DAMTYE: BRUTE)
[22:07:55] cqU-ax49 DEBUG: Event 'Event Manager' has completed at 21:26.
[22:07:56] cqU-ax49 ATTACK: RiotScopez/(/(Katharine Griffiths)) attacked *no key*/(/(Durable Pushka termite)) with ceremonial dagger (INTENT: HARM) (DAMTYE: BRUTE)
[22:07:57] cqU-ax49 ATTACK: RiotScopez/(/(Katharine Griffiths)) attacked *no key*/(/(Durable Pushka termite)) with ceremonial dagger (INTENT: HARM) (DAMTYE: BRUTE)
[22:07:57] cqU-ax49 SAY: grey baby slime (675)/ : Blorble...
[22:07:58] cqU-ax49 ATTACK: RiotScopez/(/(Katharine Griffiths)) attacked *no key*/(/(Durable Pushka termite)) with ceremonial dagger (INTENT: HARM) (DAMTYE: BRUTE)
[22:07:58] cqU-ax49 ATTACK: RiotScopez/(/(Katharine Griffiths)) attacked *no key*/(/(Durable Pushka termite)) with ceremonial dagger (INTENT: HARM) (DAMTYE: BRUTE)
[22:07:59] cqU-ax49 ATTACK: RiotScopez/(/(Katharine Griffiths)) attacked *no key*/(/(Durable Pushka termite)) with ceremonial dagger (INTENT: HARM) (DAMTYE: BRUTE)
[22:08:13] cqU-ax49 ATTACK: RiotScopez/(/(Katharine Griffiths)) attacked *no key*/(/(Durable Pushka termite)) with ceremonial dagger (INTENT: HARM) (DAMTYE: BRUTE)
[22:08:18] cqU-ax49 ATTACK: Premier Griffiths (riotscopez) placed Durable Pushka termite () in a disposals unit. (<A HREF='?_src_=holder;adminplayerobservecoodjump=1;X=99;Y=167;Z=3'>JMP</a>)
[22:08:45] cqU-ax49 SAY: Kraftwerk Roach/ : 10101010011100010101.
[22:09:28] cqU-ax49 DEBUG: Event 'Event Manager' has completed at 21:28.
[22:11:28] cqU-ax49 SAY: Kraftwerk Roach/ : 10101010011100010101.
[22:11:28] cqU-ax49 SAY: *no key*/(/(rat (315))) squeals! 
[22:12:28] cqU-ax49 GAME: Explosion with size (-1, 0, 1) in area Swamp Caves 
[22:12:35] cqU-ax49 SAY: Biosilicified Kraftwerk Roach/ : 10101010011100010101.
[22:19:32] cqU-ax49 ADMIN: RiotScopez/(/(Katharine Griffiths)) deleted the burrow at (127,150,3)
[22:25:44] cqU-ax49 DEBUG: Runtime in door.dm,466: Cannot execute null.set opacity(). <A HREF='?_src_=holder;viewruntime=[0x210efbf1]'>[view]</A>
[22:27:55] cqU-ax49 SAY: grey baby slime (699)/ : Rawr...
[22:29:14] cqU-ax49 EMOTE: Biosilicified Pushka termite/ : <B>Biosilicified Pushka termite</B> coughs!
[22:35:50] cqU-ax49 SAY: Durable Kraftwerk Roach/ : 10101010011100010101.
[22:35:57] cqU-ax49 SAY: Durable Kraftwerk Roach/ : 10101010011100010101.
[22:36:03] cqU-ax49 SAY: Durable Kraftwerk Roach/ : 10101010011100010101.
[22:36:14] cqU-ax49 SAY: Durable Kraftwerk Roach/ : 10101010011100010101.
[22:36:23] cqU-ax49 SAY: Durable Kraftwerk Roach/ : 10101010011100010101.
[22:42:31] cqU-ax49 DEBUG: Event 'Event Manager' has completed at 22:01.
[22:54:07] cqU-ax49 SAY: grey baby slime (675)/ : Blop...
[22:57:09] cqU-ax49 DEBUG: Runtime in portals.dm,65: Cannot read null.icon_state <A HREF='?_src_=holder;viewruntime=[0x2101bcbd]'>[view]</A>
[22:57:09] cqU-ax49 DEBUG: Event 'Event Manager' has completed at 22:15.
[23:03:13] cqU-ax49 EMOTE: Old Smertnik termite/ : <B>Old Smertnik termite</B> coughs hysterically!
[23:03:42] cqU-ax49 EMOTE: Biosilicified Pushka termite/ : <B>Biosilicified Pushka termite</B> coughs hysterically!
[23:08:26] cqU-ax49 SAY: Kraftwerk Roach/ : 10101010011100010101.
[23:08:42] cqU-ax49 SAY: Kraftwerk Roach/ : 10101010011100010101.
[23:08:50] cqU-ax49 SAY: *no key*/(/(rat (357))) squeals! 
[23:09:56] cqU-ax49 SAY: grey baby slime (699)/ : Blorble...
[23:10:24] cqU-ax49 SAY: Durable Kraftwerk Roach/ : 10101010011100010101.
[23:11:42] cqU-ax49 SAY: grey baby slime (699)/ : Blorble...
[23:16:07] cqU-ax49 SAY: grey baby slime (675)/ : Rawr...
[23:16:13] cqU-ax49 SAY: grey baby slime (675)/ : Where is the food?
[23:17:14] cqU-ax49 SAY: grey baby slime (675)/ : Hungry...
[23:20:05] cqU-ax49 EMOTE: Durable Kampfer Roach/ : <B>Durable Kampfer Roach</B> coughs!
[23:23:55] cqU-ax49 SAY: Biosilicified Kraftwerk Roach/ : 10101010011100010101.
[23:27:25] cqU-ax49 SAY: grey baby slime (699)/ : I want to eat...
[23:27:25] cqU-ax49 SAY: *no key*/(/(rat (362))) squeals! 
[23:29:35] cqU-ax49 SAY: grey baby slime (699)/ : Rawr...
[23:30:40] cqU-ax49 ADMIN: EVENT Brand Intelligence started on <A HREF='?_src_=holder;adminplayerobservecoodjump=1;X=108;Y=152;Z=3'>Command - Premier's Office | 108, 152, 3</a>,
[23:30:52] cqU-ax49 SAY: Durable Kraftwerk Roach/ : 10101010011100010101.
[23:31:32] cqU-ax49 DEBUG: Event 'Event Manager' has completed at 22:50.
[23:35:26] cqU-ax49 SAY: grey baby slime (699)/ : Blop...
[23:35:48] cqU-ax49 SAY: Durable Kraftwerk Roach/ : 10101010011100010101.
[23:36:33] cqU-ax49 SAY: grey baby slime (699)/ : Blorble...
[23:53:01] cqU-ax49 SAY: grey baby slime (699)/ : Hungry...
[23:53:41] cqU-ax49 ADMIN: EVENT Infestation Giant Termite Infestation sending mobs to <A HREF='?_src_=holder;adminplayerobservecoodjump=1;X=111;Y=139;Z=4'>Colony Meadow | 111, 139, 4</a>
[23:53:41] cqU-ax49 ADMIN: EVENT Infestation Giant Termite Infestation sending mobs to <A HREF='?_src_=holder;adminplayerobservecoodjump=1;X=40;Y=165;Z=4'>Security Hallway | 40, 165, 4</a>
[23:56:13] cqU-ax49 SAY: Durable Kraftwerk Roach/ : 10101010011100010101.
[23:56:40] cqU-ax49 DEBUG: Event 'Event Manager' has completed at 23:15.
[23:57:31] cqU-ax49 SAY: grey baby slime (699)/ : Hungry...
[00:01:41] cqU-ax49 SAY: grey baby slime (675)/ : Blop...
[00:06:30] cqU-ax49 SAY: grey baby slime (699)/ : So... hungry...
[00:07:36] cqU-ax49 SAY: grey baby slime (699)/ : Rawr...
[00:08:59] cqU-ax49 DEBUG: Runtime in unsorted.dm,1381: addtimer called with a callback assigned to a qdeleted object. In the future such timers will not be supported and may refuse to run or run with a 0 wait <A HREF='?_src_=holder;viewruntime=[0x210f34a7]'>[view]</A>
[00:09:44] cqU-ax49 DEBUG: Runtime in unsorted.dm,1381: addtimer called with a callback assigned to a qdeleted object. In the future such timers will not be supported and may refuse to run or run with a 0 wait <A HREF='?_src_=holder;viewruntime=[0x210f319c]'>[view]</A>
[00:10:16] cqU-ax49 DEBUG: Runtime in unsorted.dm,1381: addtimer called with a callback assigned to a qdeleted object. In the future such timers will not be supported and may refuse to run or run with a 0 wait <A HREF='?_src_=holder;viewruntime=[0x210f3226]'>[view]</A>
[00:10:29] cqU-ax49 DEBUG: Runtime in unsorted.dm,1381: addtimer called with a callback assigned to a qdeleted object. In the future such timers will not be supported and may refuse to run or run with a 0 wait <A HREF='?_src_=holder;viewruntime=[0x210f2d70]'>[view]</A>
[00:10:51] cqU-ax49 SAY: Durable Kraftwerk Roach/ : 10101010011100010101.
[00:11:46] cqU-ax49 SAY: Durable Kraftwerk Roach/ : 10101010011100010101.
[00:11:58] cqU-ax49 SAY: Kraftwerk Roach/ : 10101010011100010101.
[00:12:14] cqU-ax49 DEBUG: Runtime in unsorted.dm,1381: addtimer called with a callback assigned to a qdeleted object. In the future such timers will not be supported and may refuse to run or run with a 0 wait <A HREF='?_src_=holder;viewruntime=[0x210f34f4]'>[view]</A>
[00:12:39] cqU-ax49 DEBUG: Runtime in unsorted.dm,1381: addtimer called with a callback assigned to a qdeleted object. In the future such timers will not be supported and may refuse to run or run with a 0 wait <A HREF='?_src_=holder;viewruntime=[0x210f4388]'>[view]</A>
[00:12:51] cqU-ax49 SAY: Kraftwerk Roach/ : 10101010011100010101.
[00:13:00] cqU-ax49 DEBUG: Runtime in unsorted.dm,1381: addtimer called with a callback assigned to a qdeleted object. In the future such timers will not be supported and may refuse to run or run with a 0 wait <A HREF='?_src_=holder;viewruntime=[0x210f3378]'>[view]</A>
[00:13:15] cqU-ax49 DEBUG: Runtime in unsorted.dm,1381: addtimer called with a callback assigned to a qdeleted object. In the future such timers will not be supported and may refuse to run or run with a 0 wait <A HREF='?_src_=holder;viewruntime=[0x210f489a]'>[view]</A>
[00:13:25] cqU-ax49 DEBUG: Runtime in unsorted.dm,1381: addtimer called with a callback assigned to a qdeleted object. In the future such timers will not be supported and may refuse to run or run with a 0 wait <A HREF='?_src_=holder;viewruntime=[0x210f31ad]'>[view]</A>
[00:14:00] cqU-ax49 DEBUG: Runtime in unsorted.dm,1381: addtimer called with a callback assigned to a qdeleted object. In the future such timers will not be supported and may refuse to run or run with a 0 wait <A HREF='?_src_=holder;viewruntime=[0x210f34d9]'>[view]</A>
[00:14:06] cqU-ax49 DEBUG: Runtime in unsorted.dm,1381: addtimer called with a callback assigned to a qdeleted object. In the future such timers will not be supported and may refuse to run or run with a 0 wait <A HREF='?_src_=holder;viewruntime=[0x210f2be9]'>[view]</A>
[00:14:12] cqU-ax49 DEBUG: Runtime in unsorted.dm,1381: addtimer called with a callback assigned to a qdeleted object. In the future such timers will not be supported and may refuse to run or run with a 0 wait <A HREF='?_src_=holder;viewruntime=[0x210f4838]'>[view]</A>
[00:14:24] cqU-ax49 DEBUG: Runtime in unsorted.dm,1381: addtimer called with a callback assigned to a qdeleted object. In the future such timers will not be supported and may refuse to run or run with a 0 wait <A HREF='?_src_=holder;viewruntime=[0x210f4002]'>[view]</A>
[00:14:39] cqU-ax49 DEBUG: Runtime in unsorted.dm,1381: addtimer called with a callback assigned to a qdeleted object. In the future such timers will not be supported and may refuse to run or run with a 0 wait <A HREF='?_src_=holder;viewruntime=[0x210f4cf3]'>[view]</A>
[00:20:55] cqU-ax49 SAY: grey baby slime (699)/ : Lonely...
[00:21:54] cqU-ax49 DEBUG: Event 'Event Manager' has completed at 23:40.
[00:26:31] cqU-ax49 ADMIN: EVENT Infestation Unidentified Lifeforms sending mobs to <A HREF='?_src_=holder;adminplayerobservecoodjump=1;X=56;Y=147;Z=3'>Xenoflora Lab | 56, 147, 3</a>
[00:26:31] cqU-ax49 ADMIN: EVENT Infestation Unidentified Lifeforms sending mobs to <A HREF='?_src_=holder;adminplayerobservecoodjump=1;X=58;Y=137;Z=3'>Xenoflora Lab | 58, 137, 3</a>
[00:26:31] cqU-ax49 ADMIN: EVENT Infestation Unidentified Lifeforms sending mobs to <A HREF='?_src_=holder;adminplayerobservecoodjump=1;X=75;Y=130;Z=2'>Ameridian Lab | 75, 130, 2</a>
[00:29:30] cqU-ax49 DEBUG: Event 'Event Manager' has completed at 23:47.
[00:33:12] cqU-ax49 SAY: grey baby slime (675)/ : Lonely...
[00:38:35] cqU-ax49 DEBUG: Event 'Event Manager' has completed at 23:56.
[00:39:10] cqU-ax49 SAY: grey baby slime (699)/ : Rawr...
[00:39:12] cqU-ax49 DEBUG: Runtime in unsorted.dm,1381: addtimer called with a callback assigned to a qdeleted object. In the future such timers will not be supported and may refuse to run or run with a 0 wait <A HREF='?_src_=holder;viewruntime=[0x210f46f3]'>[view]</A>
[00:40:52] cqU-ax49 SAY: grey baby slime (699)/ : Very... hungry...
[00:42:46] cqU-ax49 SAY: grey baby slime (699)/ : Blorble...
[00:43:35] cqU-ax49 SAY: *no key*/(/(rat (151))) squeals! 
[00:43:49] cqU-ax49 SAY: *no key*/(/(rat (978))) squeals! 
[00:44:53] cqU-ax49 SAY: grey baby slime (699)/ : Must... eat...
[00:45:15] cqU-ax49 SAY: grey baby slime (699)/ : Need... food...
[00:50:04] cqU-ax49 SAY: Kraftwerk Roach/ : 10101010011100010101.
[00:50:47] cqU-ax49 SAY: Kraftwerk Roach/ : 10101010011100010101.
[00:55:46] cqU-ax49 SAY: grey baby slime (675)/ : Need... food...
[00:57:48] cqU-ax49 SAY: grey baby slime (675)/ : Blorble...
[00:58:08] cqU-ax49 SAY: grey baby slime (699)/ : Need... food...
[01:00:06] cqU-ax49 SAY: Quick Kraftwerk Roach/ : 10101010011100010101.
[01:04:59] cqU-ax49 SAY: grey baby slime (675)/ : Rawr...
[01:06:07] cqU-ax49 ADMIN: EVENT Infestation Unidentified Lifeforms sending mobs to <A HREF='?_src_=holder;adminplayerobservecoodjump=1;X=135;Y=116;Z=3'>Engineering Foyer | 135, 116, 3</a>
[01:06:07] cqU-ax49 ADMIN: EVENT Infestation Unidentified Lifeforms sending mobs to <A HREF='?_src_=holder;adminplayerobservecoodjump=1;X=153;Y=117;Z=3'>Engineering Workshop | 153, 117, 3</a>
[01:06:07] cqU-ax49 ADMIN: EVENT Infestation Unidentified Lifeforms sending mobs to <A HREF='?_src_=holder;adminplayerobservecoodjump=1;X=134;Y=102;Z=2'>Lonestar - CEO's Office | 134, 102, 2</a>
[01:08:30] cqU-ax49 ADMIN: EVENT Brand Intelligence started on <A HREF='?_src_=holder;adminplayerobservecoodjump=1;X=64;Y=174;Z=4'>Security | 64, 174, 4</a>,
[01:09:06] cqU-ax49 DEBUG: Event 'Event Manager' has completed at 00:27.
[01:09:22] cqU-ax49 DEBUG: Event 'Event Manager' has completed at 00:27.
[01:10:24] cqU-ax49 DEBUG: Event 'Event Manager' has completed at 00:28.
[01:16:27] cqU-ax49 ACCESS: Logout: RiotScopez/(/(Katharine Griffiths))
[01:16:27] cqU-ax49 ACCESS: Logout: RiotScopez[DC]/(/(Katharine Griffiths))
[01:19:19] cqU-ax49 EMOTE: Premier Griffiths/RiotScopez : snores.
[01:19:19] cqU-ax49 EMOTE: Premier Griffiths/RiotScopez : <B>Premier Griffiths</B> snores.
[01:19:31] cqU-ax49 EMOTE: Premier Griffiths/RiotScopez : snores.
[01:19:31] cqU-ax49 EMOTE: Premier Griffiths/RiotScopez : <B>Premier Griffiths</B> snores.
[01:24:16] cqU-ax49 EMOTE: Premier Griffiths/RiotScopez : snores.
[01:24:16] cqU-ax49 EMOTE: Premier Griffiths/RiotScopez : <B>Premier Griffiths</B> snores.
[01:26:49] cqU-ax49 EMOTE: Premier Griffiths/RiotScopez : snores.
[01:26:49] cqU-ax49 EMOTE: Premier Griffiths/RiotScopez : <B>Premier Griffiths</B> snores.
[01:30:12] cqU-ax49 EMOTE: Premier Griffiths/RiotScopez : snores.
[01:30:12] cqU-ax49 EMOTE: Premier Griffiths/RiotScopez : <B>Premier Griffiths</B> snores.
[01:31:12] cqU-ax49 EMOTE: Premier Griffiths/RiotScopez : snores.
[01:31:12] cqU-ax49 EMOTE: Premier Griffiths/RiotScopez : <B>Premier Griffiths</B> snores.
[01:31:23] cqU-ax49 EMOTE: Premier Griffiths/RiotScopez : snores.
[01:31:23] cqU-ax49 EMOTE: Premier Griffiths/RiotScopez : <B>Premier Griffiths</B> snores.
[01:33:27] cqU-ax49 GAME: Explosion with size (-1, 1, 2) in area Deep Maintenance 
[01:34:58] cqU-ax49 EMOTE: Premier Griffiths/RiotScopez : snores.
[01:34:58] cqU-ax49 EMOTE: Premier Griffiths/RiotScopez : <B>Premier Griffiths</B> snores.
[01:36:46] cqU-ax49 EMOTE: Premier Griffiths/RiotScopez : snores.
[01:36:46] cqU-ax49 EMOTE: Premier Griffiths/RiotScopez : <B>Premier Griffiths</B> snores.
[01:37:38] cqU-ax49 EMOTE: Premier Griffiths/RiotScopez : snores.
[01:37:38] cqU-ax49 EMOTE: Premier Griffiths/RiotScopez : <B>Premier Griffiths</B> snores.
[01:37:44] cqU-ax49 SAY: Kraftwerk Roach/ : 10101010011100010101.
[01:39:30] cqU-ax49 EMOTE: Premier Griffiths/RiotScopez : snores.
[01:39:30] cqU-ax49 EMOTE: Premier Griffiths/RiotScopez : <B>Premier Griffiths</B> snores.
[01:42:55] cqU-ax49 EMOTE: Premier Griffiths/RiotScopez : snores.
[01:42:55] cqU-ax49 EMOTE: Premier Griffiths/RiotScopez : <B>Premier Griffiths</B> snores.
[01:43:19] cqU-ax49 EMOTE: Premier Griffiths/RiotScopez : snores.
[01:43:19] cqU-ax49 EMOTE: Premier Griffiths/RiotScopez : <B>Premier Griffiths</B> snores.
[01:43:38] cqU-ax49 DEBUG: Event 'Event Manager' has completed at 01:01.
[01:46:02] cqU-ax49 EMOTE: Premier Griffiths/RiotScopez : snores.
[01:46:02] cqU-ax49 EMOTE: Premier Griffiths/RiotScopez : <B>Premier Griffiths</B> snores.
[01:46:35] cqU-ax49 GAME: [Server] No players were on a server last 30 minutes, restarting server...
[01:46:35] cqU-ax49 GAME: MC crashed or runtimed, restarting
