

Starting up. (ID: cqU-bb6q) 01:49.52
---------------------
[01:49:52] cqU-bb6q MISC: Saved storyteller is 'guide'
[01:49:52] cqU-bb6q ADMIN: Loading jobban_rank
[01:49:52] cqU-bb6q ADMIN: jobban_keylist was empty
[01:49:52] cqU-bb6q ADMIN: Loading Banlist
[01:51:41] cqU-bb6q ADMIN: Ryker Zadovsky try find_inv_position a 14, but not have that slot!
[01:51:41] cqU-bb6q ADMIN: Ryker Zadovsky try find_inv_position a 11, but not have that slot!
[01:51:41] cqU-bb6q ADMIN: Ryker Zadovsky try find_inv_position a 13, but not have that slot!
[01:51:41] cqU-bb6q ADMIN: Ryker Zadovsky try find_inv_position a 12, but not have that slot!
[01:51:42] cqU-bb6q ADMIN: Lucas Bousum try find_inv_position a 14, but not have that slot!
[01:51:42] cqU-bb6q ADMIN: Lucas Bousum try find_inv_position a 11, but not have that slot!
[01:51:42] cqU-bb6q ADMIN: Lucas Bousum try find_inv_position a 13, but not have that slot!
[01:51:42] cqU-bb6q ADMIN: Lucas Bousum try find_inv_position a 12, but not have that slot!
[01:51:42] cqU-bb6q ADMIN: Alberto Snyder try find_inv_position a 14, but not have that slot!
[01:51:42] cqU-bb6q ADMIN: Alberto Snyder try find_inv_position a 11, but not have that slot!
[01:51:42] cqU-bb6q ADMIN: Alberto Snyder try find_inv_position a 13, but not have that slot!
[01:51:42] cqU-bb6q ADMIN: Alberto Snyder try find_inv_position a 12, but not have that slot!
[01:51:42] cqU-bb6q ADMIN: Terrell Basinger try find_inv_position a 14, but not have that slot!
[01:51:42] cqU-bb6q ADMIN: Terrell Basinger try find_inv_position a 11, but not have that slot!
[01:51:42] cqU-bb6q ADMIN: Terrell Basinger try find_inv_position a 13, but not have that slot!
[01:51:42] cqU-bb6q ADMIN: Terrell Basinger try find_inv_position a 12, but not have that slot!
[01:51:42] cqU-bb6q EMOTE: Nikolas Clarke/ : screams!
[01:51:42] cqU-bb6q EMOTE: Nikolas Clarke/ : <B>Nikolas Clarke</B> screams!
[01:51:42] cqU-bb6q ADMIN: Nikolas Clarke try find_inv_position a 14, but not have that slot!
[01:51:42] cqU-bb6q ADMIN: Nikolas Clarke try find_inv_position a 11, but not have that slot!
[01:51:42] cqU-bb6q ADMIN: Nikolas Clarke try find_inv_position a 13, but not have that slot!
[01:51:42] cqU-bb6q ADMIN: Nikolas Clarke try find_inv_position a 12, but not have that slot!
[01:51:42] cqU-bb6q ADMIN: Karson Hawker try find_inv_position a 14, but not have that slot!
[01:51:42] cqU-bb6q ADMIN: Karson Hawker try find_inv_position a 11, but not have that slot!
[01:51:42] cqU-bb6q ADMIN: Karson Hawker try find_inv_position a 13, but not have that slot!
[01:51:42] cqU-bb6q ADMIN: Karson Hawker try find_inv_position a 12, but not have that slot!
[01:54:04] cqU-bb6q GAME: neutral 3 loaded at at 11,71,19
[01:54:04] cqU-bb6q GAME: neutral 2 loaded at at 76,51,19
[01:54:05] cqU-bb6q GAME: neutral 2 loaded at at 51,41,19
[01:54:05] cqU-bb6q GAME: neutral 3 loaded at at 16,41,19
[01:54:05] cqU-bb6q GAME: neutral 9 loaded at at 46,106,19
[01:54:05] cqU-bb6q GAME: neutral 3 loaded at at 61,106,19
[01:54:05] cqU-bb6q GAME: neutral 10 loaded at at 101,36,19
[01:54:05] cqU-bb6q GAME: neutral 3 loaded at at 51,106,19
[01:54:05] cqU-bb6q GAME: neutral 4 loaded at at 56,26,19
[01:54:06] cqU-bb6q GAME: neutral 9 loaded at at 106,36,19
[01:54:06] cqU-bb6q GAME: neutral 9 loaded at at 81,81,19
[01:54:06] cqU-bb6q GAME: neutral 6 loaded at at 26,66,19
[01:54:06] cqU-bb6q GAME: neutral 1 loaded at at 86,101,19
[01:54:06] cqU-bb6q GAME: neutral 1 loaded at at 101,96,19
[01:54:06] cqU-bb6q GAME: neutral 7 loaded at at 51,66,19
[01:54:06] cqU-bb6q GAME: neutral 11 loaded at at 61,11,19
[01:54:06] cqU-bb6q GAME: neutral 8 loaded at at 106,96,19
[01:54:06] cqU-bb6q GAME: neutral 2 loaded at at 76,91,19
[01:54:06] cqU-bb6q GAME: neutral 9 loaded at at 71,106,19
[01:54:06] cqU-bb6q GAME: neutral 6 loaded at at 36,81,19
[01:54:06] cqU-bb6q GAME: neutral 5 loaded at at 36,106,19
[01:54:06] cqU-bb6q GAME: neutral 7 loaded at at 96,36,19
[01:54:06] cqU-bb6q GAME: neutral 5 loaded at at 31,106,19
[01:54:06] cqU-bb6q GAME: neutral 7 loaded at at 96,11,19
[01:54:06] cqU-bb6q GAME: neutral 4 loaded at at 106,66,19
[01:54:06] cqU-bb6q GAME: neutral 5 loaded at at 26,96,19
[01:54:06] cqU-bb6q GAME: neutral 4 loaded at at 101,66,19
[01:54:06] cqU-bb6q GAME: neutral 7 loaded at at 46,51,19
[01:54:06] cqU-bb6q GAME: neutral 5 loaded at at 31,21,19
[01:54:06] cqU-bb6q GAME: neutral 8 loaded at at 66,61,19
[01:54:06] cqU-bb6q GAME: neutral 7 loaded at at 81,101,19
[01:54:06] cqU-bb6q GAME: neutral 6 loaded at at 26,26,19
[01:54:06] cqU-bb6q GAME: neutral 11 loaded at at 36,101,19
[01:54:06] cqU-bb6q GAME: neutral 8 loaded at at 96,91,19
[01:54:06] cqU-bb6q GAME: neutral 1 loaded at at 26,36,19
[01:54:06] cqU-bb6q GAME: neutral 8 loaded at at 91,96,19
[01:54:06] cqU-bb6q GAME: neutral 9 loaded at at 71,76,19
[01:54:06] cqU-bb6q GAME: neutral 10 loaded at at 61,21,19
[01:54:06] cqU-bb6q GAME: neutral 1 loaded at at 41,106,19
[01:54:19] cqU-bb6q GAME: Emitter deleted at (0,0,0)
[01:55:14] cqU-bb6q ASSET: ERROR: Invalid asset: /datum/asset/simple/craft:obj_item_stack_cable_coil.png:1
[01:55:19] cqU-bb6q ASSET: ERROR: Invalid asset: /datum/asset/simple/craft:obj_item_clothing_glasses_powered_meson.png:1
[01:55:19] cqU-bb6q ASSET: ERROR: Invalid asset: /datum/asset/simple/craft:obj_item_gun_projectile_boltgun_lever.png:1
[01:55:19] cqU-bb6q ASSET: ERROR: Invalid asset: /datum/asset/simple/craft:obj_item_gun_projectile_automatic_sts_rifle.png:1
[01:55:21] cqU-bb6q ASSET: ERROR: Invalid asset: /datum/asset/simple/craft:obj_item_modular_computer_laptop.png:1
[01:56:15] cqU-bb6q GAME: Lab loaded at at 108,101,21
[01:56:15] cqU-bb6q MISC: a the gibber didn't find an input plate.
[01:56:15] cqU-bb6q GAME: xenostudy loaded at at 44,97,21
[01:56:16] cqU-bb6q GAME: maintenance asteroid loaded at at 57,45,21
[01:56:16] cqU-bb6q GAME: vault loaded at at 99,69,21
[01:56:17] cqU-bb6q MISC: a the gibber didn't find an input plate.
[01:56:17] cqU-bb6q GAME: xenostudy loaded at at 89,45,21
[01:56:17] cqU-bb6q GAME: lab5 loaded at at 67,76,21
[01:56:18] cqU-bb6q GAME: Entrance - 1 loaded at at 106,137,20
[01:56:18] cqU-bb6q GAME: hallwayatmos_west-east loaded at at 119,137,20
[01:56:18] cqU-bb6q GAME: Escape_Pod_West-East loaded at at 132,137,20
[01:56:19] cqU-bb6q GAME: crematorium loaded at at 145,137,20
[01:56:19] cqU-bb6q GAME: Escape_Pod_West-East loaded at at 158,137,20
[01:56:22] cqU-bb6q GAME: Escape_Pod_West-East loaded at at 171,137,20
[01:56:22] cqU-bb6q GAME: Escape_Pod_West-East loaded at at 171,128,20
[01:56:22] cqU-bb6q GAME: crematorium loaded at at 184,128,20
[01:56:23] cqU-bb6q GAME: Escape_Pod_West-East loaded at at 197,128,20
[01:56:23] cqU-bb6q GAME: garden loaded at at 197,119,20
[01:56:23] cqU-bb6q GAME: garden loaded at at 184,119,20
[01:56:24] cqU-bb6q GAME: penitentiary loaded at at 171,119,20
[01:56:24] cqU-bb6q GAME: garden loaded at at 158,119,20
[01:56:25] cqU-bb6q GAME: Escape_Pod_West-East loaded at at 158,110,20
[01:56:26] cqU-bb6q GAME: Hallway_4way loaded at at 145,110,20
[01:56:26] cqU-bb6q GAME: showers loaded at at 132,110,20
[01:56:26] cqU-bb6q GAME: showers loaded at at 119,110,20
[01:56:27] cqU-bb6q GAME: secure_storage_horizontal loaded at at 106,110,20
[01:56:27] cqU-bb6q GAME: Escape_Pod_West-East loaded at at 93,110,20
[01:56:27] cqU-bb6q GAME: secure_storage_horizontal loaded at at 80,110,20
[01:56:28] cqU-bb6q GAME: Hallway_4way loaded at at 67,110,20
[01:56:28] cqU-bb6q GAME: Escape_Pod_West-East loaded at at 54,110,20
[01:56:29] cqU-bb6q GAME: crematorium loaded at at 41,110,20
[01:56:29] cqU-bb6q GAME: secure_storage_horizontal loaded at at 28,110,20
[01:56:29] cqU-bb6q GAME: Hallway_4way loaded at at 15,110,20
[01:56:30] cqU-bb6q GAME: crematorium loaded at at 2,110,20
[01:56:31] cqU-bb6q GAME: garden loaded at at 2,101,20
[01:56:32] cqU-bb6q GAME: secure_storage_horizontal loaded at at 15,101,20
[01:56:32] cqU-bb6q GAME: crematorium loaded at at 28,101,20
[01:56:33] cqU-bb6q GAME: crematorium loaded at at 41,101,20
[01:56:34] cqU-bb6q GAME: garden loaded at at 54,101,20
[01:56:35] cqU-bb6q GAME: hallway_storage loaded at at 54,92,20
[01:56:36] cqU-bb6q GAME: Escape_Pod_West-East loaded at at 54,83,20
[01:56:36] cqU-bb6q GAME: crematorium loaded at at 67,83,20
[01:56:37] cqU-bb6q GAME: Hallway_4way loaded at at 80,83,20
[01:56:37] cqU-bb6q GAME: Escape_Pod_West-East loaded at at 93,83,20
[01:56:38] cqU-bb6q GAME: crematorium loaded at at 106,83,20
[01:56:39] cqU-bb6q GAME: Escape_Pod_West-East loaded at at 106,74,20
[01:56:40] cqU-bb6q GAME: garden loaded at at 93,74,20
[01:56:40] cqU-bb6q GAME: hallwayatmos_west-east loaded at at 80,74,20
[01:56:40] cqU-bb6q GAME: hallwayatmos_west-east loaded at at 67,74,20
[01:56:41] cqU-bb6q GAME: garden loaded at at 54,74,20
[01:56:42] cqU-bb6q GAME: Escape_Pod_West-East loaded at at 54,65,20
[01:56:43] cqU-bb6q GAME: crematorium loaded at at 67,65,20
[01:56:44] cqU-bb6q GAME: Hallway_4way loaded at at 67,56,20
[01:56:44] cqU-bb6q GAME: autolathe_South-East loaded at at 54,56,20
[01:56:45] cqU-bb6q GAME: garden loaded at at 54,47,20
[01:56:45] cqU-bb6q GAME: checkpoint_horizontal loaded at at 41,47,20
[01:56:46] cqU-bb6q GAME: penitentiary loaded at at 28,47,20
[01:56:46] cqU-bb6q GAME: showers loaded at at 15,47,20
[01:56:47] cqU-bb6q GAME: garden loaded at at 2,47,20
[01:56:48] cqU-bb6q GAME: hallway_executive loaded at at 2,38,20
[01:56:48] cqU-bb6q GAME: Escape_Pod_West-East loaded at at 2,29,20
[01:56:48] cqU-bb6q GAME: garden loaded at at 2,20,20
[01:56:49] cqU-bb6q GAME: hallwayatmos_west-east loaded at at 15,20,20
[01:56:49] cqU-bb6q GAME: penitentiary loaded at at 28,20,20
[01:56:50] cqU-bb6q GAME: Hallway_4way loaded at at 41,20,20
[01:56:50] cqU-bb6q GAME: Hallway_4way loaded at at 41,11,20
[01:56:51] cqU-bb6q GAME: garden loaded at at 54,11,20
[01:56:52] cqU-bb6q GAME: garden loaded at at 67,11,20
[01:56:53] cqU-bb6q GAME: Escape_Pod_West-East loaded at at 67,2,20
[01:56:53] cqU-bb6q GAME: Exit - 1 loaded at at 80,2,20
[01:57:20] cqU-bb6q GAME: surgery loaded at at 106,65,20
[01:57:21] cqU-bb6q GAME: surgery loaded at at 2,11,20
[01:57:22] cqU-bb6q GAME: refinery loaded at at 41,65,20
[01:57:24] cqU-bb6q GAME: armory_secure loaded at at 119,74,20
[01:57:26] cqU-bb6q GAME: surgery loaded at at 54,119,20
[01:57:32] cqU-bb6q GAME: cargo_vertical loaded at at 15,119,20
[01:57:35] cqU-bb6q GAME: shooting_range loaded at at 41,29,20
[01:57:37] cqU-bb6q GAME: shooting_range loaded at at 93,119,20
[01:57:38] cqU-bb6q GAME: cargo_vertical loaded at at 2,56,20
[01:57:39] cqU-bb6q GAME: cargo_vertical loaded at at 67,119,20
[01:57:40] cqU-bb6q GAME: surgery loaded at at 41,2,20
[01:57:42] cqU-bb6q GAME: shooting_range loaded at at 184,110,20
[01:57:46] cqU-bb6q GAME: refinery loaded at at 41,74,20
[01:57:47] cqU-bb6q GAME: office loaded at at 158,128,20
[01:57:48] cqU-bb6q GAME: refinery loaded at at 28,11,20
[01:57:48] cqU-bb6q GAME: surgery loaded at at 197,137,20
[01:57:48] cqU-bb6q GAME: surgery loaded at at 54,128,20
[01:57:49] cqU-bb6q GAME: shooting_range loaded at at 145,119,20
[01:57:52] cqU-bb6q GAME: storage loaded at at 81,131,21
[01:57:52] cqU-bb6q GAME: morgue loaded at at 58,148,21
[01:57:52] cqU-bb6q GAME: library loaded at at 114,144,21
[01:57:52] cqU-bb6q GAME: toilet loaded at at 120,47,21
[01:57:53] cqU-bb6q GAME: office loaded at at 28,146,21
[01:57:53] cqU-bb6q GAME: Trash loaded at at 149,73,21
[01:57:53] cqU-bb6q GAME: Medical supplies loaded at at 34,50,21
[01:57:53] cqU-bb6q GAME: Trash loaded at at 69,23,21
[01:57:53] cqU-bb6q GAME: barricades loaded at at 81,107,21
[01:57:53] cqU-bb6q GAME: Medical supplies loaded at at 134,144,21
[01:57:53] cqU-bb6q GAME: cryo loaded at at 55,128,21
[01:57:53] cqU-bb6q GAME: toilet loaded at at 94,125,21
[01:57:53] cqU-bb6q GAME: cryo loaded at at 38,27,21
[01:57:54] cqU-bb6q GAME: storage loaded at at 132,121,21
[01:57:54] cqU-bb6q GAME: office loaded at at 39,123,21
[01:57:54] cqU-bb6q GAME: toilet loaded at at 32,110,21
[01:57:54] cqU-bb6q GAME: freezer loaded at at 89,24,21
[01:57:54] cqU-bb6q GAME: a lost roach loaded at at 24,96,21
[01:57:54] cqU-bb6q GAME: freezer loaded at at 69,106,21
[01:57:54] cqU-bb6q GAME: Medical supplies loaded at at 44,66,21
[01:57:54] cqU-bb6q GAME: freezer loaded at at 125,60,21
[01:57:55] cqU-bb6q GAME: hydro loaded at at 132,24,21
[01:57:55] cqU-bb6q GAME: cryo loaded at at 135,48,21
[01:57:55] cqU-bb6q GAME: freezer loaded at at 42,78,21
[01:57:55] cqU-bb6q GAME: a lost roach loaded at at 138,92,21
[01:57:55] cqU-bb6q GAME: storage loaded at at 110,21,21
[01:57:55] cqU-bb6q GAME: Medical supplies loaded at at 11,21,21
[01:57:55] cqU-bb6q GAME: library loaded at at 147,46,21
[01:57:55] cqU-bb6q GAME: barricades loaded at at 11,45,21
[01:57:55] cqU-bb6q GAME: library loaded at at 52,23,21
[01:57:56] cqU-bb6q GAME: armory loaded at at 67,101,20
[01:57:56] cqU-bb6q GAME: shooting_range loaded at at 41,92,20
[01:58:04] cqU-bb6q GAME: armory loaded at at 2,2,20
[01:58:09] cqU-bb6q GAME: mechbay loaded at at 41,83,20
[01:58:12] cqU-bb6q GAME: surgery loaded at at 67,47,20
[01:58:14] cqU-bb6q GAME: commanderoffice loaded at at 28,92,20
[01:58:23] cqU-bb6q GAME: commanderoffice loaded at at 171,110,20
[01:58:24] cqU-bb6q GAME: cargo_vertical loaded at at 93,92,20
[01:58:24] cqU-bb6q GAME: blocker loaded at at 2,137,20
[01:58:24] cqU-bb6q GAME: blocker loaded at at 15,137,20
[01:58:24] cqU-bb6q GAME: blocker loaded at at 28,137,20
[01:58:24] cqU-bb6q GAME: blocker loaded at at 41,137,20
[01:58:24] cqU-bb6q GAME: blocker loaded at at 54,137,20
[01:58:24] cqU-bb6q GAME: blocker loaded at at 67,137,20
[01:58:24] cqU-bb6q GAME: blocker loaded at at 80,137,20
[01:58:24] cqU-bb6q GAME: blocker loaded at at 93,137,20
[01:58:24] cqU-bb6q GAME: blocker loaded at at 184,137,20
[01:58:24] cqU-bb6q GAME: blocker loaded at at 2,128,20
[01:58:24] cqU-bb6q GAME: blocker loaded at at 15,128,20
[01:58:24] cqU-bb6q GAME: blocker loaded at at 28,128,20
[01:58:24] cqU-bb6q GAME: blocker loaded at at 41,128,20
[01:58:25] cqU-bb6q GAME: blocker loaded at at 67,128,20
[01:58:25] cqU-bb6q GAME: blocker loaded at at 80,128,20
[01:58:25] cqU-bb6q GAME: blocker loaded at at 93,128,20
[01:58:25] cqU-bb6q GAME: blocker loaded at at 106,128,20
[01:58:25] cqU-bb6q GAME: blocker loaded at at 119,128,20
[01:58:25] cqU-bb6q GAME: blocker loaded at at 132,128,20
[01:58:25] cqU-bb6q GAME: blocker loaded at at 145,128,20
[01:58:25] cqU-bb6q GAME: blocker loaded at at 2,119,20
[01:58:25] cqU-bb6q GAME: blocker loaded at at 28,119,20
[01:58:25] cqU-bb6q GAME: blocker loaded at at 41,119,20
[01:58:25] cqU-bb6q GAME: blocker loaded at at 80,119,20
[01:58:25] cqU-bb6q GAME: blocker loaded at at 106,119,20
[01:58:25] cqU-bb6q GAME: blocker loaded at at 119,119,20
[01:58:25] cqU-bb6q GAME: blocker loaded at at 132,119,20
[01:58:26] cqU-bb6q GAME: blocker loaded at at 197,110,20
[01:58:26] cqU-bb6q GAME: blocker loaded at at 80,101,20
[01:58:26] cqU-bb6q GAME: blocker loaded at at 93,101,20
[01:58:26] cqU-bb6q GAME: blocker loaded at at 106,101,20
[01:58:26] cqU-bb6q GAME: blocker loaded at at 119,101,20
[01:58:26] cqU-bb6q GAME: blocker loaded at at 132,101,20
[01:58:26] cqU-bb6q GAME: blocker loaded at at 145,101,20
[01:58:26] cqU-bb6q GAME: blocker loaded at at 158,101,20
[01:58:26] cqU-bb6q GAME: blocker loaded at at 171,101,20
[01:58:26] cqU-bb6q GAME: blocker loaded at at 184,101,20
[01:58:26] cqU-bb6q GAME: blocker loaded at at 197,101,20
[01:58:26] cqU-bb6q GAME: blocker loaded at at 2,92,20
[01:58:26] cqU-bb6q GAME: blocker loaded at at 15,92,20
[01:58:26] cqU-bb6q GAME: blocker loaded at at 67,92,20
[01:58:26] cqU-bb6q GAME: blocker loaded at at 80,92,20
[01:58:26] cqU-bb6q GAME: blocker loaded at at 106,92,20
[01:58:26] cqU-bb6q GAME: blocker loaded at at 119,92,20
[01:58:27] cqU-bb6q GAME: blocker loaded at at 132,92,20
[01:58:27] cqU-bb6q GAME: blocker loaded at at 145,92,20
[01:58:27] cqU-bb6q GAME: blocker loaded at at 158,92,20
[01:58:27] cqU-bb6q GAME: blocker loaded at at 171,92,20
[01:58:27] cqU-bb6q GAME: blocker loaded at at 184,92,20
[01:58:27] cqU-bb6q GAME: blocker loaded at at 197,92,20
[01:58:27] cqU-bb6q GAME: blocker loaded at at 2,83,20
[01:58:27] cqU-bb6q GAME: blocker loaded at at 15,83,20
[01:58:27] cqU-bb6q GAME: blocker loaded at at 28,83,20
[01:58:27] cqU-bb6q GAME: blocker loaded at at 119,83,20
[01:58:27] cqU-bb6q GAME: blocker loaded at at 132,83,20
[01:58:27] cqU-bb6q GAME: blocker loaded at at 145,83,20
[01:58:27] cqU-bb6q GAME: blocker loaded at at 158,83,20
[01:58:27] cqU-bb6q GAME: blocker loaded at at 171,83,20
[01:58:27] cqU-bb6q GAME: blocker loaded at at 184,83,20
[01:58:27] cqU-bb6q GAME: blocker loaded at at 197,83,20
[01:58:27] cqU-bb6q GAME: blocker loaded at at 2,74,20
[01:58:27] cqU-bb6q GAME: blocker loaded at at 15,74,20
[01:58:27] cqU-bb6q GAME: blocker loaded at at 28,74,20
[01:58:27] cqU-bb6q GAME: blocker loaded at at 132,74,20
[01:58:27] cqU-bb6q GAME: blocker loaded at at 145,74,20
[01:58:28] cqU-bb6q GAME: blocker loaded at at 158,74,20
[01:58:28] cqU-bb6q GAME: blocker loaded at at 171,74,20
[01:58:28] cqU-bb6q GAME: blocker loaded at at 184,74,20
[01:58:28] cqU-bb6q GAME: blocker loaded at at 197,74,20
[01:58:28] cqU-bb6q GAME: blocker loaded at at 2,65,20
[01:58:28] cqU-bb6q GAME: blocker loaded at at 15,65,20
[01:58:28] cqU-bb6q GAME: blocker loaded at at 28,65,20
[01:58:28] cqU-bb6q GAME: blocker loaded at at 80,65,20
[01:58:28] cqU-bb6q GAME: blocker loaded at at 93,65,20
[01:58:28] cqU-bb6q GAME: blocker loaded at at 119,65,20
[01:58:28] cqU-bb6q GAME: blocker loaded at at 132,65,20
[01:58:28] cqU-bb6q GAME: blocker loaded at at 145,65,20
[01:58:28] cqU-bb6q GAME: blocker loaded at at 158,65,20
[01:58:28] cqU-bb6q GAME: blocker loaded at at 171,65,20
[01:58:28] cqU-bb6q GAME: blocker loaded at at 184,65,20
[01:58:28] cqU-bb6q GAME: blocker loaded at at 197,65,20
[01:58:28] cqU-bb6q GAME: blocker loaded at at 15,56,20
[01:58:28] cqU-bb6q GAME: blocker loaded at at 28,56,20
[01:58:28] cqU-bb6q GAME: blocker loaded at at 41,56,20
[01:58:28] cqU-bb6q GAME: blocker loaded at at 80,56,20
[01:58:29] cqU-bb6q GAME: blocker loaded at at 93,56,20
[01:58:29] cqU-bb6q GAME: blocker loaded at at 106,56,20
[01:58:29] cqU-bb6q GAME: blocker loaded at at 119,56,20
[01:58:29] cqU-bb6q GAME: blocker loaded at at 132,56,20
[01:58:29] cqU-bb6q GAME: blocker loaded at at 145,56,20
[01:58:29] cqU-bb6q GAME: blocker loaded at at 158,56,20
[01:58:29] cqU-bb6q GAME: blocker loaded at at 171,56,20
[01:58:29] cqU-bb6q GAME: blocker loaded at at 184,56,20
[01:58:29] cqU-bb6q GAME: blocker loaded at at 197,56,20
[01:58:29] cqU-bb6q GAME: blocker loaded at at 80,47,20
[01:58:29] cqU-bb6q GAME: blocker loaded at at 93,47,20
[01:58:29] cqU-bb6q GAME: blocker loaded at at 106,47,20
[01:58:29] cqU-bb6q GAME: blocker loaded at at 119,47,20
[01:58:29] cqU-bb6q GAME: blocker loaded at at 132,47,20
[01:58:29] cqU-bb6q GAME: blocker loaded at at 145,47,20
[01:58:29] cqU-bb6q GAME: blocker loaded at at 158,47,20
[01:58:29] cqU-bb6q GAME: blocker loaded at at 171,47,20
[01:58:29] cqU-bb6q GAME: blocker loaded at at 184,47,20
[01:58:29] cqU-bb6q GAME: blocker loaded at at 197,47,20
[01:58:29] cqU-bb6q GAME: blocker loaded at at 15,38,20
[01:58:29] cqU-bb6q GAME: blocker loaded at at 28,38,20
[01:58:30] cqU-bb6q GAME: blocker loaded at at 41,38,20
[01:58:30] cqU-bb6q GAME: blocker loaded at at 54,38,20
[01:58:30] cqU-bb6q GAME: blocker loaded at at 67,38,20
[01:58:30] cqU-bb6q GAME: blocker loaded at at 80,38,20
[01:58:30] cqU-bb6q GAME: blocker loaded at at 93,38,20
[01:58:30] cqU-bb6q GAME: blocker loaded at at 106,38,20
[01:58:30] cqU-bb6q GAME: blocker loaded at at 119,38,20
[01:58:30] cqU-bb6q GAME: blocker loaded at at 132,38,20
[01:58:30] cqU-bb6q GAME: blocker loaded at at 145,38,20
[01:58:30] cqU-bb6q GAME: blocker loaded at at 158,38,20
[01:58:30] cqU-bb6q GAME: blocker loaded at at 171,38,20
[01:58:30] cqU-bb6q GAME: blocker loaded at at 184,38,20
[01:58:30] cqU-bb6q GAME: blocker loaded at at 197,38,20
[01:58:30] cqU-bb6q GAME: blocker loaded at at 15,29,20
[01:58:30] cqU-bb6q GAME: blocker loaded at at 28,29,20
[01:58:30] cqU-bb6q GAME: blocker loaded at at 54,29,20
[01:58:30] cqU-bb6q GAME: blocker loaded at at 67,29,20
[01:58:30] cqU-bb6q GAME: blocker loaded at at 80,29,20
[01:58:30] cqU-bb6q GAME: blocker loaded at at 93,29,20
[01:58:30] cqU-bb6q GAME: blocker loaded at at 106,29,20
[01:58:30] cqU-bb6q GAME: blocker loaded at at 119,29,20
[01:58:31] cqU-bb6q GAME: blocker loaded at at 132,29,20
[01:58:31] cqU-bb6q GAME: blocker loaded at at 145,29,20
[01:58:31] cqU-bb6q GAME: blocker loaded at at 158,29,20
[01:58:31] cqU-bb6q GAME: blocker loaded at at 171,29,20
[01:58:31] cqU-bb6q GAME: blocker loaded at at 184,29,20
[01:58:31] cqU-bb6q GAME: blocker loaded at at 197,29,20
[01:58:31] cqU-bb6q GAME: blocker loaded at at 54,20,20
[01:58:31] cqU-bb6q GAME: blocker loaded at at 67,20,20
[01:58:31] cqU-bb6q GAME: blocker loaded at at 80,20,20
[01:58:31] cqU-bb6q GAME: blocker loaded at at 93,20,20
[01:58:31] cqU-bb6q GAME: blocker loaded at at 106,20,20
[01:58:31] cqU-bb6q GAME: blocker loaded at at 119,20,20
[01:58:31] cqU-bb6q GAME: blocker loaded at at 132,20,20
[01:58:31] cqU-bb6q GAME: blocker loaded at at 145,20,20
[01:58:31] cqU-bb6q GAME: blocker loaded at at 158,20,20
[01:58:31] cqU-bb6q GAME: blocker loaded at at 171,20,20
[01:58:31] cqU-bb6q GAME: blocker loaded at at 184,20,20
[01:58:31] cqU-bb6q GAME: blocker loaded at at 197,20,20
[01:58:31] cqU-bb6q GAME: blocker loaded at at 15,11,20
[01:58:31] cqU-bb6q GAME: blocker loaded at at 80,11,20
[01:58:31] cqU-bb6q GAME: blocker loaded at at 93,11,20
[01:58:32] cqU-bb6q GAME: blocker loaded at at 106,11,20
[01:58:32] cqU-bb6q GAME: blocker loaded at at 119,11,20
[01:58:32] cqU-bb6q GAME: blocker loaded at at 132,11,20
[01:58:32] cqU-bb6q GAME: blocker loaded at at 145,11,20
[01:58:32] cqU-bb6q GAME: blocker loaded at at 158,11,20
[01:58:32] cqU-bb6q GAME: blocker loaded at at 171,11,20
[01:58:32] cqU-bb6q GAME: blocker loaded at at 184,11,20
[01:58:32] cqU-bb6q GAME: blocker loaded at at 197,11,20
[01:58:32] cqU-bb6q GAME: blocker loaded at at 15,2,20
[01:58:32] cqU-bb6q GAME: blocker loaded at at 28,2,20
[01:58:32] cqU-bb6q GAME: blocker loaded at at 54,2,20
[01:58:32] cqU-bb6q GAME: blocker loaded at at 93,2,20
[01:58:32] cqU-bb6q GAME: blocker loaded at at 106,2,20
[01:58:32] cqU-bb6q GAME: blocker loaded at at 119,2,20
[01:58:32] cqU-bb6q GAME: blocker loaded at at 132,2,20
[01:58:32] cqU-bb6q GAME: blocker loaded at at 145,2,20
[01:58:32] cqU-bb6q GAME: blocker loaded at at 158,2,20
[01:58:32] cqU-bb6q GAME: blocker loaded at at 171,2,20
[01:58:32] cqU-bb6q GAME: blocker loaded at at 184,2,20
[01:58:32] cqU-bb6q GAME: blocker loaded at at 197,2,20
