

Starting up. (ID: cqs-dvRR) 18:11.02
---------------------
[18:11:02] cqs-dvRR MISC: Saved storyteller is 'guide'
[18:11:02] cqs-dvRR ADMIN: Loading jobban_rank
[18:11:02] cqs-dvRR ADMIN: jobban_keylist was empty
[18:11:02] cqs-dvRR ADMIN: Loading Banlist
[18:11:37] cqs-dvRR ACCESS: Login: RiotScopez/() from 146.115.147.185-1871707424 || BYOND v514.1582
[18:11:37] cqs-dvRR ACCESS: Login: RiotScopez/(/(RiotScopez)) from 146.115.147.185-1871707424 || BYOND v514
[18:11:38] cqs-dvRR DEBUG: Could not find style "ErisStyle" for /mob/new_player.
[18:11:38] cqs-dvRR ACCESS: Login: RiotScopez/(/(RiotScopez)) from 146.115.147.185-1871707424 || BYOND v514
[18:12:46] cqs-dvRR ADMIN: EVENT *null* has loaded a character.
[18:12:53] cqs-dvRR EMOTE: Brody Turner/ : screams!
[18:12:53] cqs-dvRR EMOTE: Brody Turner/ : <B>Brody Turner</B> screams!
[18:12:53] cqs-dvRR ADMIN: Brody Turner try find_inv_position a 14, but not have that slot!
[18:12:53] cqs-dvRR ADMIN: Brody Turner try find_inv_position a 11, but not have that slot!
[18:12:54] cqs-dvRR ADMIN: Brody Turner try find_inv_position a 13, but not have that slot!
[18:12:54] cqs-dvRR ADMIN: Brody Turner try find_inv_position a 12, but not have that slot!
[18:12:54] cqs-dvRR ADMIN: Felix Isemann try find_inv_position a 14, but not have that slot!
[18:12:54] cqs-dvRR ADMIN: Felix Isemann try find_inv_position a 11, but not have that slot!
[18:12:54] cqs-dvRR ADMIN: Felix Isemann try find_inv_position a 13, but not have that slot!
[18:12:54] cqs-dvRR ADMIN: Felix Isemann try find_inv_position a 12, but not have that slot!
[18:12:54] cqs-dvRR ADMIN: William Rosensteel try find_inv_position a 14, but not have that slot!
[18:12:54] cqs-dvRR ADMIN: William Rosensteel try find_inv_position a 11, but not have that slot!
[18:12:54] cqs-dvRR ADMIN: William Rosensteel try find_inv_position a 13, but not have that slot!
[18:12:54] cqs-dvRR ADMIN: William Rosensteel try find_inv_position a 12, but not have that slot!
[18:12:54] cqs-dvRR ADMIN: Danny Coldsmith try find_inv_position a 14, but not have that slot!
[18:12:54] cqs-dvRR ADMIN: Danny Coldsmith try find_inv_position a 11, but not have that slot!
[18:12:54] cqs-dvRR ADMIN: Danny Coldsmith try find_inv_position a 13, but not have that slot!
[18:12:54] cqs-dvRR ADMIN: Danny Coldsmith try find_inv_position a 12, but not have that slot!
[18:12:54] cqs-dvRR ADMIN: Greyson Richards try find_inv_position a 14, but not have that slot!
[18:12:54] cqs-dvRR ADMIN: Greyson Richards try find_inv_position a 11, but not have that slot!
[18:12:54] cqs-dvRR ADMIN: Greyson Richards try find_inv_position a 13, but not have that slot!
[18:12:54] cqs-dvRR ADMIN: Greyson Richards try find_inv_position a 12, but not have that slot!
[18:12:55] cqs-dvRR ADMIN: Nathan Mildred try find_inv_position a 14, but not have that slot!
[18:12:55] cqs-dvRR ADMIN: Nathan Mildred try find_inv_position a 11, but not have that slot!
[18:12:55] cqs-dvRR ADMIN: Nathan Mildred try find_inv_position a 13, but not have that slot!
[18:12:55] cqs-dvRR ADMIN: Nathan Mildred try find_inv_position a 12, but not have that slot!
[18:15:14] cqs-dvRR ADMIN: RiotScopez/(/(RiotScopez)) delayed the game.
[18:15:14] cqs-dvRR ADMIN: RiotScopez/(/(RiotScopez)) removed the delay.
[18:15:19] cqs-dvRR GAME: serbian 3 loaded at at 26,66,19
[18:15:20] cqs-dvRR GAME: serbian 1 loaded at at 51,26,19
[18:15:21] cqs-dvRR GAME: serbian 2 loaded at at 66,76,19
[18:15:22] cqs-dvRR GAME: serbian 1 loaded at at 36,21,19
[18:15:23] cqs-dvRR GAME: serbian 1 loaded at at 21,81,19
[18:15:24] cqs-dvRR GAME: serbian 2 loaded at at 66,51,19
[18:15:25] cqs-dvRR GAME: serbian 2 loaded at at 21,11,19
[18:15:25] cqs-dvRR GAME: neutral 1 loaded at at 66,16,19
[18:15:25] cqs-dvRR GAME: neutral 2 loaded at at 11,71,19
[18:15:25] cqs-dvRR GAME: neutral 3 loaded at at 101,46,19
[18:15:25] cqs-dvRR GAME: neutral 10 loaded at at 46,56,19
[18:15:25] cqs-dvRR GAME: neutral 1 loaded at at 96,106,19
[18:15:25] cqs-dvRR GAME: neutral 2 loaded at at 96,106,19
[18:15:26] cqs-dvRR GAME: neutral 2 loaded at at 86,11,19
[18:15:26] cqs-dvRR GAME: neutral 5 loaded at at 51,71,19
[18:15:26] cqs-dvRR GAME: neutral 5 loaded at at 16,96,19
[18:15:26] cqs-dvRR GAME: neutral 5 loaded at at 21,71,19
[18:15:26] cqs-dvRR GAME: neutral 9 loaded at at 101,56,19
[18:15:26] cqs-dvRR GAME: neutral 9 loaded at at 96,91,19
[18:15:26] cqs-dvRR GAME: neutral 5 loaded at at 91,41,19
[18:15:26] cqs-dvRR GAME: neutral 6 loaded at at 11,61,19
[18:15:26] cqs-dvRR GAME: neutral 8 loaded at at 16,46,19
[18:15:26] cqs-dvRR GAME: neutral 7 loaded at at 51,106,19
[18:15:26] cqs-dvRR GAME: neutral 6 loaded at at 91,61,19
[18:15:26] cqs-dvRR GAME: neutral 10 loaded at at 56,11,19
[18:15:26] cqs-dvRR GAME: neutral 2 loaded at at 41,106,19
[18:15:26] cqs-dvRR GAME: neutral 6 loaded at at 21,66,19
[18:15:26] cqs-dvRR GAME: neutral 8 loaded at at 21,16,19
[18:15:26] cqs-dvRR GAME: neutral 10 loaded at at 51,81,19
[18:15:26] cqs-dvRR GAME: neutral 11 loaded at at 81,101,19
[18:15:26] cqs-dvRR GAME: neutral 11 loaded at at 56,51,19
[18:15:26] cqs-dvRR GAME: neutral 9 loaded at at 11,91,19
[18:15:26] cqs-dvRR GAME: neutral 1 loaded at at 96,16,19
[18:15:26] cqs-dvRR GAME: neutral 11 loaded at at 11,81,19
[18:15:26] cqs-dvRR GAME: neutral 9 loaded at at 66,106,19
[18:15:26] cqs-dvRR GAME: neutral 7 loaded at at 96,56,19
[18:15:27] cqs-dvRR GAME: neutral 7 loaded at at 101,56,19
[18:15:27] cqs-dvRR GAME: neutral 10 loaded at at 101,41,19
[18:15:27] cqs-dvRR GAME: neutral 10 loaded at at 101,71,19
[18:15:27] cqs-dvRR GAME: neutral 6 loaded at at 31,46,19
[18:15:27] cqs-dvRR GAME: neutral 5 loaded at at 51,101,19
[18:15:27] cqs-dvRR GAME: neutral 4 loaded at at 41,61,19
[18:15:27] cqs-dvRR GAME: neutral 4 loaded at at 106,81,19
[18:15:27] cqs-dvRR GAME: neutral 10 loaded at at 16,81,19
[18:15:27] cqs-dvRR GAME: neutral 6 loaded at at 36,76,19
[18:15:27] cqs-dvRR GAME: neutral 1 loaded at at 66,51,19
[18:15:27] cqs-dvRR GAME: neutral 9 loaded at at 56,61,19
[18:15:27] cqs-dvRR GAME: neutral 4 loaded at at 91,31,19
[18:15:27] cqs-dvRR GAME: neutral 5 loaded at at 21,96,19
[18:15:27] cqs-dvRR GAME: neutral 5 loaded at at 26,76,19
[18:15:27] cqs-dvRR GAME: neutral 3 loaded at at 101,51,19
[18:15:27] cqs-dvRR GAME: neutral 9 loaded at at 31,16,19
[18:15:27] cqs-dvRR GAME: neutral 1 loaded at at 106,91,19
[18:15:27] cqs-dvRR GAME: neutral 5 loaded at at 61,96,19
[18:15:27] cqs-dvRR GAME: neutral 3 loaded at at 71,106,19
[18:15:27] cqs-dvRR GAME: neutral 5 loaded at at 11,101,19
[18:15:27] cqs-dvRR GAME: neutral 1 loaded at at 51,46,19
[18:15:27] cqs-dvRR GAME: neutral 5 loaded at at 71,61,19
[18:15:27] cqs-dvRR GAME: neutral 1 loaded at at 66,61,19
[18:15:27] cqs-dvRR GAME: neutral 10 loaded at at 91,91,19
[18:15:27] cqs-dvRR GAME: neutral 9 loaded at at 96,96,19
[18:15:28] cqs-dvRR GAME: neutral 5 loaded at at 86,101,19
[18:15:28] cqs-dvRR GAME: neutral 5 loaded at at 51,76,19
[18:15:28] cqs-dvRR GAME: neutral 8 loaded at at 26,11,19
[18:15:28] cqs-dvRR GAME: neutral 10 loaded at at 96,36,19
[18:15:28] cqs-dvRR GAME: neutral 9 loaded at at 86,106,19
[18:15:28] cqs-dvRR GAME: neutral 9 loaded at at 101,71,19
[18:15:41] cqs-dvRR GAME: Emitter deleted at (0,0,0)
[18:16:42] cqs-dvRR ASSET: ERROR: Invalid asset: /datum/asset/simple/craft:obj_item_stack_cable_coil.png:1
[18:16:46] cqs-dvRR ASSET: ERROR: Invalid asset: /datum/asset/simple/craft:obj_item_clothing_glasses_powered_meson.png:1
[18:16:47] cqs-dvRR ASSET: ERROR: Invalid asset: /datum/asset/simple/craft:obj_item_gun_projectile_boltgun_lever.png:1
[18:16:47] cqs-dvRR ASSET: ERROR: Invalid asset: /datum/asset/simple/craft:obj_item_gun_projectile_automatic_sts_rifle.png:1
[18:16:48] cqs-dvRR ASSET: ERROR: Invalid asset: /datum/asset/simple/craft:obj_item_modular_computer_laptop.png:1
[18:17:29] cqs-dvRR VOTE: Storyteller vote started by server.
[18:17:33] cqs-dvRR ADMIN: RiotScopez/(/(RiotScopez)) removed the delay.
[18:17:40] cqs-dvRR ADMIN: RiotScopez/(/(RiotScopez)) delayed the game.
[18:17:52] cqs-dvRR GAME: Entrance - 1 loaded at at 80,137,20
[18:17:53] cqs-dvRR GAME: showers loaded at at 67,137,20
[18:17:53] cqs-dvRR GAME: penitentiary loaded at at 54,137,20
[18:17:54] cqs-dvRR GAME: hallwayatmos_west-east loaded at at 41,137,20
[18:17:54] cqs-dvRR GAME: garden loaded at at 28,137,20
[18:17:54] cqs-dvRR GAME: crematorium loaded at at 15,137,20
[18:17:55] cqs-dvRR GAME: Hallway_4way loaded at at 2,137,20
[18:17:55] cqs-dvRR GAME: Escape_Pod_West-East loaded at at 2,128,20
[18:17:55] cqs-dvRR GAME: showers loaded at at 15,128,20
[18:17:56] cqs-dvRR GAME: hallwayatmos_west-east loaded at at 28,128,20
[18:17:56] cqs-dvRR GAME: Escape_Pod_West-East loaded at at 41,128,20
[18:17:57] cqs-dvRR GAME: Hallway_4way loaded at at 54,128,20
[18:17:57] cqs-dvRR GAME: showers loaded at at 67,128,20
[18:17:57] cqs-dvRR GAME: Escape_Pod_West-East loaded at at 80,128,20
[18:17:58] cqs-dvRR GAME: secure_storage_horizontal loaded at at 93,128,20
[18:17:58] cqs-dvRR GAME: crematorium loaded at at 106,128,20
[18:18:01] cqs-dvRR GAME: Escape_Pod_West-East loaded at at 106,119,20
[18:18:01] cqs-dvRR GAME: crematorium loaded at at 119,119,20
[18:18:02] cqs-dvRR GAME: garden loaded at at 119,110,20
[18:18:02] cqs-dvRR GAME: garden loaded at at 132,110,20
[18:18:02] cqs-dvRR GAME: penitentiary loaded at at 145,110,20
[18:18:03] cqs-dvRR GAME: hallwayatmos_west-east loaded at at 158,110,20
[18:18:03] cqs-dvRR GAME: penitentiary loaded at at 171,110,20
[18:18:04] cqs-dvRR GAME: crematorium loaded at at 184,110,20
[18:18:05] cqs-dvRR GAME: Escape_Pod_West-East loaded at at 197,110,20
[18:18:05] cqs-dvRR GAME: garden loaded at at 197,101,20
[18:18:05] cqs-dvRR GAME: garden loaded at at 184,101,20
[18:18:06] cqs-dvRR GAME: garden loaded at at 171,101,20
[18:18:06] cqs-dvRR GAME: crematorium loaded at at 158,101,20
[18:18:06] cqs-dvRR GAME: hallwayatmos_west-east loaded at at 145,101,20
[18:18:07] cqs-dvRR GAME: garden loaded at at 132,101,20
[18:18:07] cqs-dvRR GAME: Escape_Pod_West-East loaded at at 119,101,20
[18:18:08] cqs-dvRR GAME: crematorium loaded at at 106,101,20
[18:18:08] cqs-dvRR GAME: Hallway_4way loaded at at 93,101,20
[18:18:08] cqs-dvRR GAME: showers loaded at at 80,101,20
[18:18:09] cqs-dvRR GAME: showers loaded at at 67,101,20
[18:18:09] cqs-dvRR GAME: Hallway_4way loaded at at 54,101,20
[18:18:09] cqs-dvRR GAME: Hallway_4way loaded at at 41,101,20
[18:18:10] cqs-dvRR GAME: hallwayatmos_west-east loaded at at 28,101,20
[18:18:10] cqs-dvRR GAME: showers loaded at at 15,101,20
[18:18:11] cqs-dvRR GAME: garden loaded at at 2,101,20
[18:18:11] cqs-dvRR GAME: garden loaded at at 2,92,20
[18:18:12] cqs-dvRR GAME: Escape_Pod_West-East loaded at at 15,92,20
[18:18:12] cqs-dvRR GAME: hallwayatmos_west-east loaded at at 28,92,20
[18:18:12] cqs-dvRR GAME: Hallway_4way loaded at at 41,92,20
[18:18:13] cqs-dvRR GAME: Hallway_4way loaded at at 54,92,20
[18:18:13] cqs-dvRR GAME: Escape_Pod_West-East loaded at at 67,92,20
[18:18:14] cqs-dvRR GAME: Escape_Pod_West-East loaded at at 80,92,20
[18:18:14] cqs-dvRR GAME: checkpoint_horizontal loaded at at 93,92,20
[18:18:14] cqs-dvRR GAME: crematorium loaded at at 106,92,20
[18:18:15] cqs-dvRR GAME: garden loaded at at 106,83,20
[18:18:16] cqs-dvRR GAME: secure_storage_horizontal loaded at at 93,83,20
[18:18:16] cqs-dvRR GAME: crematorium loaded at at 80,83,20
[18:18:16] cqs-dvRR GAME: hallwayatmos_west-east loaded at at 67,83,20
[18:18:17] cqs-dvRR GAME: Escape_Pod_West-East loaded at at 54,83,20
[18:18:17] cqs-dvRR GAME: crematorium loaded at at 41,83,20
[18:18:18] cqs-dvRR GAME: penitentiary loaded at at 28,83,20
[18:18:18] cqs-dvRR GAME: crematorium loaded at at 15,83,20
[18:18:19] cqs-dvRR GAME: Hallway_4way loaded at at 2,83,20
[18:18:20] cqs-dvRR GAME: Escape_Pod_West-East loaded at at 2,74,20
[18:18:20] cqs-dvRR GAME: showers loaded at at 15,74,20
[18:18:20] cqs-dvRR GAME: garden loaded at at 28,74,20
[18:18:21] cqs-dvRR GAME: checkpoint_horizontal loaded at at 41,74,20
[18:18:21] cqs-dvRR GAME: showers loaded at at 54,74,20
[18:18:22] cqs-dvRR GAME: secure_storage_horizontal loaded at at 67,74,20
[18:18:22] cqs-dvRR GAME: checkpoint_horizontal loaded at at 80,74,20
[18:18:22] cqs-dvRR GAME: garden loaded at at 93,74,20
[18:18:23] cqs-dvRR GAME: hallwayatmos_west-east loaded at at 106,74,20
[18:18:23] cqs-dvRR GAME: Escape_Pod_West-East loaded at at 119,74,20
[18:18:23] cqs-dvRR GAME: Hallway_4way loaded at at 132,74,20
[18:18:24] cqs-dvRR GAME: Escape_Pod_West-East loaded at at 145,74,20
[18:18:24] cqs-dvRR GAME: crematorium loaded at at 158,74,20
[18:18:25] cqs-dvRR GAME: Escape_Pod_West-East loaded at at 171,74,20
[18:18:25] cqs-dvRR GAME: Escape_Pod_West-East loaded at at 184,74,20
[18:18:26] cqs-dvRR GAME: Lab loaded at at 40,51,21
[18:18:27] cqs-dvRR GAME: Lab loaded at at 64,112,21
[18:18:27] cqs-dvRR GAME: pod bay loaded at at 73,60,21
[18:18:28] cqs-dvRR GAME: maintenance asteroid loaded at at 119,94,21
[18:18:28] cqs-dvRR GAME: over run loaded at at 116,65,21
[18:18:29] cqs-dvRR GAME: pod bay loaded at at 104,118,21
[18:18:29] cqs-dvRR GAME: garden loaded at at 197,74,20
[18:18:29] cqs-dvRR GAME: Hallway_4way loaded at at 197,65,20
[18:18:30] cqs-dvRR GAME: secure_storage_horizontal loaded at at 184,65,20
[18:18:30] cqs-dvRR GAME: Hallway_4way loaded at at 171,65,20
[18:18:30] cqs-dvRR GAME: penitentiary loaded at at 158,65,20
[18:18:31] cqs-dvRR GAME: penitentiary loaded at at 145,65,20
[18:18:31] cqs-dvRR GAME: Escape_Pod_West-East loaded at at 132,65,20
[18:18:34] cqs-dvRR GAME: Hallway_4way loaded at at 132,56,20
[18:18:35] cqs-dvRR GAME: garden loaded at at 145,56,20
[18:18:35] cqs-dvRR GAME: Hallway_4way loaded at at 145,47,20
[18:18:35] cqs-dvRR GAME: garden loaded at at 158,47,20
[18:18:36] cqs-dvRR GAME: hallwayatmos_west-east loaded at at 171,47,20
[18:18:36] cqs-dvRR GAME: crematorium loaded at at 184,47,20
[18:18:37] cqs-dvRR GAME: garden loaded at at 184,38,20
[18:18:37] cqs-dvRR GAME: Hallway_4way loaded at at 197,38,20
[18:18:38] cqs-dvRR GAME: Hallway_4way loaded at at 197,29,20
[18:18:38] cqs-dvRR GAME: garden loaded at at 184,29,20
[18:18:39] cqs-dvRR GAME: checkpoint_horizontal loaded at at 171,29,20
[18:18:40] cqs-dvRR GAME: Escape_Pod_West-East loaded at at 158,29,20
[18:18:40] cqs-dvRR GAME: Hallway_4way loaded at at 158,20,20
[18:18:41] cqs-dvRR GAME: penitentiary loaded at at 145,20,20
[18:18:41] cqs-dvRR GAME: showers loaded at at 132,20,20
[18:18:41] cqs-dvRR GAME: Hallway_4way loaded at at 119,20,20
[18:18:42] cqs-dvRR GAME: Escape_Pod_West-East loaded at at 119,11,20
[18:18:42] cqs-dvRR GAME: crematorium loaded at at 132,11,20
[18:18:43] cqs-dvRR GAME: Hallway_4way loaded at at 145,11,20
[18:18:44] cqs-dvRR GAME: Hallway_4way loaded at at 158,11,20
[18:18:45] cqs-dvRR GAME: garden loaded at at 171,11,20
[18:18:46] cqs-dvRR GAME: Hallway_4way loaded at at 184,11,20
[18:18:47] cqs-dvRR GAME: Escape_Pod_West-East loaded at at 197,11,20
[18:18:48] cqs-dvRR GAME: Escape_Pod_West-East loaded at at 197,2,20
[18:18:49] cqs-dvRR GAME: Hallway_4way loaded at at 184,2,20
[18:18:49] cqs-dvRR GAME: crematorium loaded at at 171,2,20
[18:18:50] cqs-dvRR GAME: checkpoint_horizontal loaded at at 158,2,20
[18:18:50] cqs-dvRR GAME: Hallway_4way loaded at at 145,2,20
[18:18:51] cqs-dvRR GAME: Hallway_4way loaded at at 132,2,20
[18:18:51] cqs-dvRR GAME: crematorium loaded at at 119,2,20
[18:18:51] cqs-dvRR GAME: Exit - 1 loaded at at 106,2,20
[18:19:16] cqs-dvRR GAME: armory loaded at at 184,92,20
[18:19:17] cqs-dvRR GAME: armory loaded at at 171,92,20
[18:19:17] cqs-dvRR GAME: anomalysci loaded at at 25,118,21
[18:19:17] cqs-dvRR GAME: library loaded at at 132,50,21
[18:19:17] cqs-dvRR GAME: hydro loaded at at 140,130,21
[18:19:17] cqs-dvRR GAME: catwalks loaded at at 89,143,21
[18:19:18] cqs-dvRR GAME: barricades loaded at at 142,154,21
[18:19:18] cqs-dvRR GAME: toilet loaded at at 127,120,21
[18:19:18] cqs-dvRR GAME: a lost roach loaded at at 11,49,21
[18:19:18] cqs-dvRR GAME: morgue loaded at at 28,43,21
[18:19:18] cqs-dvRR GAME: hydro loaded at at 132,20,21
[18:19:18] cqs-dvRR GAME: storage loaded at at 64,98,21
[18:19:18] cqs-dvRR GAME: catwalks loaded at at 21,154,21
[18:19:18] cqs-dvRR GAME: Trash loaded at at 16,27,21
[18:19:19] cqs-dvRR GAME: office loaded at at 134,32,21
[18:19:19] cqs-dvRR GAME: anomalysci loaded at at 64,147,21
[18:19:19] cqs-dvRR GAME: freezer loaded at at 48,117,21
[18:19:19] cqs-dvRR GAME: sm_core loaded at at 145,98,21
[18:19:19] cqs-dvRR GAME: storage loaded at at 146,116,21
[18:19:19] cqs-dvRR GAME: sm_core loaded at at 27,93,21
[18:19:19] cqs-dvRR GAME: barricades loaded at at 71,25,21
[18:19:20] cqs-dvRR GAME: office loaded at at 148,37,21
[18:19:20] cqs-dvRR GAME: Medical supplies loaded at at 42,20,21
[18:19:20] cqs-dvRR GAME: anomalysci loaded at at 105,27,21
[18:19:20] cqs-dvRR GAME: sm_core loaded at at 87,34,21
[18:19:20] cqs-dvRR GAME: cryo loaded at at 44,139,21
[18:19:20] cqs-dvRR GAME: hydro loaded at at 90,96,21
[18:19:20] cqs-dvRR GAME: toilet loaded at at 11,91,21
[18:19:21] cqs-dvRR GAME: morgue loaded at at 54,28,21
[18:19:21] cqs-dvRR GAME: hydro loaded at at 39,90,21
[18:19:21] cqs-dvRR GAME: a lost roach loaded at at 149,59,21
[18:19:21] cqs-dvRR GAME: barricades loaded at at 19,136,21
[18:19:21] cqs-dvRR GAME: shooting_range loaded at at 119,92,20
[18:19:24] cqs-dvRR GAME: mechbay loaded at at 106,11,20
[18:19:31] cqs-dvRR GAME: refinery loaded at at 171,38,20
[18:19:31] cqs-dvRR GAME: anomaly loaded at at 93,65,20
[18:19:33] cqs-dvRR GAME: office loaded at at 132,47,20
[18:19:35] cqs-dvRR GAME: shooting_range loaded at at 93,137,20
[18:19:35] cqs-dvRR GAME: cargo_vertical loaded at at 197,20,20
[18:19:40] cqs-dvRR GAME: office loaded at at 106,110,20
[18:19:42] cqs-dvRR GAME: shooting_range loaded at at 158,56,20
[18:19:45] cqs-dvRR GAME: cargo_vertical loaded at at 93,110,20
[18:19:46] cqs-dvRR GAME: shooting_range loaded at at 197,56,20
[18:19:49] cqs-dvRR VOTE: <b>Votes:</b><br>	The Guide - 0 vote.<br>	Ghost Town - 0 vote.<br>	The Warrior - 0 vote.<br>	The Jester - 0 vote.<br><b>	The Healer - 1 vote.<br></b>	The Mime - 0 vote.<br>	The Sleeper - 0 vote.<br>	The Chronicler - 0 vote.<br>	Did not vote - 0<br>
[18:19:50] cqs-dvRR GAME: armory loaded at at 2,119,20
[18:19:50] cqs-dvRR GAME: shooting_range loaded at at 119,83,20
[18:19:52] cqs-dvRR ADMIN: RiotScopez/(/(RiotScopez)) delayed the game.
[18:19:56] cqs-dvRR GAME: commanderoffice loaded at at 93,2,20
[18:19:56] cqs-dvRR GAME: blocker loaded at at 106,137,20
[18:19:56] cqs-dvRR GAME: blocker loaded at at 119,137,20
[18:19:56] cqs-dvRR GAME: blocker loaded at at 132,137,20
[18:19:56] cqs-dvRR GAME: blocker loaded at at 145,137,20
[18:19:56] cqs-dvRR GAME: blocker loaded at at 158,137,20
[18:19:56] cqs-dvRR GAME: blocker loaded at at 171,137,20
[18:19:56] cqs-dvRR GAME: blocker loaded at at 184,137,20
[18:19:56] cqs-dvRR GAME: blocker loaded at at 197,137,20
[18:19:56] cqs-dvRR GAME: blocker loaded at at 119,128,20
[18:19:56] cqs-dvRR GAME: blocker loaded at at 132,128,20
[18:19:56] cqs-dvRR GAME: blocker loaded at at 145,128,20
[18:19:57] cqs-dvRR GAME: blocker loaded at at 158,128,20
[18:19:57] cqs-dvRR GAME: blocker loaded at at 171,128,20
[18:19:57] cqs-dvRR GAME: blocker loaded at at 184,128,20
[18:19:57] cqs-dvRR GAME: blocker loaded at at 197,128,20
[18:19:57] cqs-dvRR GAME: blocker loaded at at 15,119,20
[18:19:57] cqs-dvRR GAME: blocker loaded at at 28,119,20
[18:19:57] cqs-dvRR GAME: blocker loaded at at 41,119,20
[18:19:57] cqs-dvRR GAME: blocker loaded at at 54,119,20
[18:19:58] cqs-dvRR GAME: blocker loaded at at 67,119,20
[18:19:58] cqs-dvRR GAME: blocker loaded at at 80,119,20
[18:19:58] cqs-dvRR GAME: blocker loaded at at 93,119,20
[18:19:59] cqs-dvRR GAME: blocker loaded at at 132,119,20
[18:19:59] cqs-dvRR GAME: blocker loaded at at 145,119,20
[18:19:59] cqs-dvRR GAME: blocker loaded at at 158,119,20
[18:19:59] cqs-dvRR GAME: blocker loaded at at 171,119,20
[18:19:59] cqs-dvRR GAME: blocker loaded at at 184,119,20
[18:19:59] cqs-dvRR GAME: blocker loaded at at 197,119,20
[18:19:59] cqs-dvRR GAME: blocker loaded at at 2,110,20
[18:19:59] cqs-dvRR GAME: blocker loaded at at 15,110,20
[18:19:59] cqs-dvRR GAME: blocker loaded at at 28,110,20
[18:19:59] cqs-dvRR GAME: blocker loaded at at 41,110,20
[18:19:59] cqs-dvRR GAME: blocker loaded at at 54,110,20
[18:19:59] cqs-dvRR GAME: blocker loaded at at 67,110,20
[18:19:59] cqs-dvRR GAME: blocker loaded at at 80,110,20
[18:19:59] cqs-dvRR GAME: blocker loaded at at 132,92,20
[18:20:00] cqs-dvRR GAME: blocker loaded at at 145,92,20
[18:20:00] cqs-dvRR GAME: blocker loaded at at 158,92,20
[18:20:00] cqs-dvRR GAME: blocker loaded at at 197,92,20
[18:20:00] cqs-dvRR GAME: blocker loaded at at 132,83,20
[18:20:00] cqs-dvRR GAME: blocker loaded at at 145,83,20
[18:20:00] cqs-dvRR GAME: blocker loaded at at 158,83,20
[18:20:00] cqs-dvRR GAME: blocker loaded at at 171,83,20
[18:20:00] cqs-dvRR GAME: blocker loaded at at 184,83,20
[18:20:00] cqs-dvRR GAME: blocker loaded at at 197,83,20
[18:20:00] cqs-dvRR GAME: blocker loaded at at 2,65,20
[18:20:00] cqs-dvRR GAME: blocker loaded at at 15,65,20
[18:20:00] cqs-dvRR GAME: blocker loaded at at 28,65,20
[18:20:00] cqs-dvRR GAME: blocker loaded at at 41,65,20
[18:20:01] cqs-dvRR GAME: blocker loaded at at 54,65,20
[18:20:01] cqs-dvRR GAME: blocker loaded at at 67,65,20
[18:20:01] cqs-dvRR GAME: blocker loaded at at 80,65,20
[18:20:01] cqs-dvRR GAME: blocker loaded at at 106,65,20
[18:20:01] cqs-dvRR GAME: blocker loaded at at 119,65,20
[18:20:01] cqs-dvRR GAME: blocker loaded at at 2,56,20
[18:20:01] cqs-dvRR GAME: blocker loaded at at 15,56,20
[18:20:01] cqs-dvRR GAME: blocker loaded at at 28,56,20
[18:20:01] cqs-dvRR GAME: blocker loaded at at 41,56,20
[18:20:01] cqs-dvRR GAME: blocker loaded at at 54,56,20
[18:20:01] cqs-dvRR GAME: blocker loaded at at 67,56,20
[18:20:01] cqs-dvRR GAME: blocker loaded at at 80,56,20
[18:20:01] cqs-dvRR GAME: blocker loaded at at 93,56,20
[18:20:01] cqs-dvRR GAME: blocker loaded at at 106,56,20
[18:20:01] cqs-dvRR GAME: blocker loaded at at 119,56,20
[18:20:01] cqs-dvRR GAME: blocker loaded at at 171,56,20
[18:20:02] cqs-dvRR GAME: blocker loaded at at 184,56,20
[18:20:02] cqs-dvRR GAME: blocker loaded at at 2,47,20
[18:20:02] cqs-dvRR GAME: blocker loaded at at 15,47,20
[18:20:02] cqs-dvRR GAME: blocker loaded at at 28,47,20
[18:20:02] cqs-dvRR GAME: blocker loaded at at 41,47,20
[18:20:02] cqs-dvRR GAME: blocker loaded at at 54,47,20
[18:20:02] cqs-dvRR GAME: blocker loaded at at 67,47,20
[18:20:02] cqs-dvRR GAME: blocker loaded at at 80,47,20
[18:20:02] cqs-dvRR GAME: blocker loaded at at 93,47,20
[18:20:02] cqs-dvRR GAME: blocker loaded at at 106,47,20
[18:20:02] cqs-dvRR GAME: blocker loaded at at 119,47,20
[18:20:02] cqs-dvRR GAME: blocker loaded at at 197,47,20
[18:20:02] cqs-dvRR GAME: blocker loaded at at 2,38,20
[18:20:02] cqs-dvRR GAME: blocker loaded at at 15,38,20
[18:20:02] cqs-dvRR GAME: blocker loaded at at 28,38,20
[18:20:02] cqs-dvRR GAME: blocker loaded at at 41,38,20
[18:20:02] cqs-dvRR GAME: blocker loaded at at 54,38,20
[18:20:02] cqs-dvRR GAME: blocker loaded at at 67,38,20
[18:20:03] cqs-dvRR GAME: blocker loaded at at 80,38,20
[18:20:03] cqs-dvRR GAME: blocker loaded at at 93,38,20
[18:20:03] cqs-dvRR GAME: blocker loaded at at 106,38,20
[18:20:03] cqs-dvRR GAME: blocker loaded at at 119,38,20
[18:20:03] cqs-dvRR GAME: blocker loaded at at 132,38,20
[18:20:03] cqs-dvRR GAME: blocker loaded at at 145,38,20
[18:20:03] cqs-dvRR GAME: blocker loaded at at 158,38,20
[18:20:03] cqs-dvRR GAME: blocker loaded at at 2,29,20
[18:20:03] cqs-dvRR GAME: blocker loaded at at 15,29,20
[18:20:03] cqs-dvRR GAME: blocker loaded at at 28,29,20
[18:20:03] cqs-dvRR GAME: blocker loaded at at 41,29,20
[18:20:03] cqs-dvRR GAME: blocker loaded at at 54,29,20
[18:20:03] cqs-dvRR GAME: blocker loaded at at 67,29,20
[18:20:03] cqs-dvRR GAME: blocker loaded at at 80,29,20
[18:20:03] cqs-dvRR GAME: blocker loaded at at 93,29,20
[18:20:03] cqs-dvRR GAME: blocker loaded at at 106,29,20
[18:20:03] cqs-dvRR GAME: blocker loaded at at 119,29,20
[18:20:03] cqs-dvRR GAME: blocker loaded at at 132,29,20
[18:20:04] cqs-dvRR GAME: blocker loaded at at 145,29,20
[18:20:04] cqs-dvRR GAME: blocker loaded at at 2,20,20
[18:20:04] cqs-dvRR GAME: blocker loaded at at 15,20,20
[18:20:04] cqs-dvRR GAME: blocker loaded at at 28,20,20
[18:20:04] cqs-dvRR GAME: blocker loaded at at 41,20,20
[18:20:04] cqs-dvRR GAME: blocker loaded at at 54,20,20
[18:20:04] cqs-dvRR GAME: blocker loaded at at 67,20,20
[18:20:04] cqs-dvRR ADMIN: RiotScopez/(/(RiotScopez)) RiotScopez/(/(RiotScopez)) has loaded a character.
[18:20:04] cqs-dvRR GAME: blocker loaded at at 80,20,20
[18:20:04] cqs-dvRR GAME: blocker loaded at at 93,20,20
[18:20:04] cqs-dvRR GAME: blocker loaded at at 106,20,20
[18:20:04] cqs-dvRR GAME: blocker loaded at at 171,20,20
[18:20:04] cqs-dvRR GAME: blocker loaded at at 184,20,20
[18:20:04] cqs-dvRR GAME: blocker loaded at at 2,11,20
[18:20:05] cqs-dvRR GAME: blocker loaded at at 15,11,20
[18:20:05] cqs-dvRR GAME: blocker loaded at at 28,11,20
[18:20:05] cqs-dvRR GAME: blocker loaded at at 41,11,20
[18:20:05] cqs-dvRR GAME: blocker loaded at at 54,11,20
[18:20:05] cqs-dvRR GAME: blocker loaded at at 67,11,20
[18:20:05] cqs-dvRR GAME: blocker loaded at at 80,11,20
[18:20:05] cqs-dvRR GAME: blocker loaded at at 93,11,20
[18:20:05] cqs-dvRR GAME: blocker loaded at at 2,2,20
[18:20:05] cqs-dvRR GAME: blocker loaded at at 15,2,20
[18:20:05] cqs-dvRR GAME: blocker loaded at at 28,2,20
[18:20:05] cqs-dvRR GAME: blocker loaded at at 41,2,20
[18:20:05] cqs-dvRR GAME: blocker loaded at at 54,2,20
[18:20:05] cqs-dvRR GAME: blocker loaded at at 67,2,20
[18:20:05] cqs-dvRR GAME: blocker loaded at at 80,2,20
[18:29:40] cqs-dvRR GAME: Error: /datum/radio_frequency([0x2105ea55]) took longer than 0.5 seconds to delete (took 0.6 seconds to delete)
[18:29:58] cqs-dvRR ADMIN: RiotScopez/(/(RiotScopez)) RiotScopez/(/(RiotScopez)) has saved their preferences.
[18:29:58] cqs-dvRR ADMIN: RiotScopez/(/(RiotScopez)) RiotScopez/(/(RiotScopez)) has saved a character.
[18:33:02] cqs-dvRR ADMIN: RiotScopez/(/(RiotScopez)) RiotScopez/(/(RiotScopez)) has saved their preferences.
[18:33:02] cqs-dvRR ADMIN: RiotScopez/(/(RiotScopez)) RiotScopez/(/(RiotScopez)) has saved a character.
[18:33:03] cqs-dvRR ADMIN: RiotScopez/(/(RiotScopez)) RiotScopez/(/(RiotScopez)) has saved their preferences.
[18:33:03] cqs-dvRR ADMIN: RiotScopez/(/(RiotScopez)) RiotScopez/(/(RiotScopez)) has saved a character.
[18:38:13] cqs-dvRR ADMIN: RiotScopez/(/(RiotScopez)) RiotScopez/(/(RiotScopez)) has saved their preferences.
[18:38:13] cqs-dvRR ADMIN: RiotScopez/(/(RiotScopez)) RiotScopez/(/(RiotScopez)) has saved a character.
[18:38:13] cqs-dvRR ADMIN: RiotScopez/(/(RiotScopez)) RiotScopez/(/(RiotScopez)) has saved their preferences.
[18:38:13] cqs-dvRR ADMIN: RiotScopez/(/(RiotScopez)) RiotScopez/(/(RiotScopez)) has saved a character.
[18:38:14] cqs-dvRR ADMIN: RiotScopez/(/(RiotScopez)) RiotScopez/(/(RiotScopez)) has saved their preferences.
[18:38:14] cqs-dvRR ADMIN: RiotScopez/(/(RiotScopez)) RiotScopez/(/(RiotScopez)) has saved a character.
[18:38:25] cqs-dvRR ADMIN: RiotScopez/(/(RiotScopez)) RiotScopez/(/(RiotScopez)) has saved their preferences.
[18:38:25] cqs-dvRR ADMIN: RiotScopez/(/(RiotScopez)) RiotScopez/(/(RiotScopez)) has saved a character.
[18:40:24] cqs-dvRR ADMIN: RiotScopez/(/(RiotScopez)) RiotScopez/(/(RiotScopez)) has saved their preferences.
[18:40:24] cqs-dvRR ADMIN: RiotScopez/(/(RiotScopez)) RiotScopez/(/(RiotScopez)) has saved a character.
[18:40:25] cqs-dvRR ADMIN: RiotScopez/(/(RiotScopez)) RiotScopez/(/(RiotScopez)) has saved their preferences.
[18:40:25] cqs-dvRR ADMIN: RiotScopez/(/(RiotScopez)) RiotScopez/(/(RiotScopez)) has saved a character.
[18:40:48] cqs-dvRR ADMIN: RiotScopez has started the game.
[18:40:50] cqs-dvRR DEBUG: Runtime in inspiration_component.dm,29: undefined variable /obj/item/tool/knife/ritual/var/perk <A HREF='?_src_=holder;viewruntime=[0x210f27d6]'>[view]</A>
[18:40:50] cqs-dvRR ACCESS: Logout: *no key*/(/(RiotScopez))
[18:40:50] cqs-dvRR ACCESS: Login: RiotScopez/(/(Kristina Griffiths)) from 146.115.147.185-1871707424 || BYOND v514
[18:40:50] cqs-dvRR DEBUG: Could not find style "ErisStyle" for /mob/living/carbon/human.
[18:40:54] cqs-dvRR DEBUG: Creating records for Kristina Griffiths
[18:41:07] cqs-dvRR SAY: *no key*/(/(rat (841))) squeals! 
[18:41:10] cqs-dvRR SAY: *no key*/(/(rat (706))) squeals! 
[18:41:11] cqs-dvRR SAY: Durable Kraftwerk Roach/ : 10101010011100010101.
[18:41:11] cqs-dvRR SAY: *no key*/(/(rat (893))) squeals! 
[18:41:11] cqs-dvRR SAY: *no key*/(/(rat (11))) squeals! 
[18:41:12] cqs-dvRR SAY: Durable Kraftwerk Roach/ : 10101010011100010101.
[18:41:13] cqs-dvRR SAY: *no key*/(/(rat (631))) squeals! 
[18:41:13] cqs-dvRR GAME: Explosion with size (0, 0, 2) in area Underground Floor 1 North Maintenance 
[18:41:24] cqs-dvRR SAY: *no key*/(/(rat (6))) squeals! 
[18:41:25] cqs-dvRR SAY: *no key*/(/(rat (267))) squeals! 
[18:41:25] cqs-dvRR SAY: *no key*/(/(rat (614))) squeals! 
[18:41:26] cqs-dvRR SAY: *no key*/(/(rat (890))) squeals! 
[18:41:26] cqs-dvRR SAY: *no key*/(/(rat (770))) squeals! 
[18:41:27] cqs-dvRR SAY: *no key*/(/(rat (172))) squeals! 
[18:41:29] cqs-dvRR SAY: Biosilicified Kraftwerk Roach/ : 10101010011100010101.
[18:41:32] cqs-dvRR SAY: *no key*/(/(rat (56))) squeals! 
[18:42:47] cqs-dvRR SAY: Durable Kraftwerk Roach/ : 10101010011100010101.
[18:42:47] cqs-dvRR SAY: Durable Kraftwerk Roach/ : 10101010011100010101.
[18:42:47] cqs-dvRR SAY: *no key*/(/(rat (324))) squeals! 
[18:42:47] cqs-dvRR SAY: *no key*/(/(rat (383))) squeals! 
[18:42:48] cqs-dvRR SAY: *no key*/(/(rat (667))) squeals! 
[18:42:48] cqs-dvRR SAY: *no key*/(/(rat (299))) squeals! 
[18:42:48] cqs-dvRR SAY: *no key*/(/(rat (260))) squeals! 
[18:42:48] cqs-dvRR SAY: Kraftwerk Roach/ : 10101010011100010101.
[18:42:48] cqs-dvRR SAY: *no key*/(/(rat (482))) squeals! 
[18:42:48] cqs-dvRR SAY: Lambertian Kraftwerk Roach/ : 10101010011100010101.
[18:42:49] cqs-dvRR SAY: *no key*/(/(rat (726))) squeals! 
[18:42:51] cqs-dvRR GAME: Explosion with size (-1, 0, 1) in area Deep Maintenance 
[18:42:56] cqs-dvRR GAME: Explosion with size (0, 1, 3) in area Greyson Field Offices 
[18:43:02] cqs-dvRR SAY: Kraftwerk Roach/ : 10101010011100010101.
[18:44:05] cqs-dvRR SAY: *no key*/(/(rat (551))) squeals! 
[18:44:06] cqs-dvRR SAY: Lambertian Kraftwerk Roach/ : 10101010011100010101.
[18:44:16] cqs-dvRR GAME: Explosion with size (-1, 1, 2) in area Deep Maintenance 
[18:44:20] cqs-dvRR GAME: Explosion with size (0, 1, 3) in area Greyson Field Offices 
[18:44:26] cqs-dvRR SAY: *no key*/(/(rat (319))) squeals! 
[18:45:05] cqs-dvRR GAME: Explosion with size (-1, 0, 1) in area Vault Bunker 
[18:45:06] cqs-dvRR SAY: Kraftwerk Roach/ : 10101010011100010101.
[18:45:06] cqs-dvRR SAY: Quick Kraftwerk Roach/ : 10101010011100010101.
[18:45:16] cqs-dvRR GAME: Explosion with size (-1, 1, 2) in area Deep Maintenance 
[18:45:16] cqs-dvRR GAME: Explosion with size (-1, 0, 1) in area Deep Maintenance 
[18:45:21] cqs-dvRR SAY: *no key*/(/(rat (983))) squeals! 
[18:45:21] cqs-dvRR SAY: Kraftwerk Roach/ : 10101010011100010101.
[18:45:48] cqs-dvRR SAY: Lambertian Kraftwerk Roach/ : 10101010011100010101.
[18:45:54] cqs-dvRR GAME: Explosion with size (-1, 0, 1) in area Deep Maintenance 
[18:47:03] cqs-dvRR GAME: Explosion with size (0, 1, 3) in area Hunting plains underground caves 
[18:47:04] cqs-dvRR SAY: Durable Kraftwerk Roach/ : 10101010011100010101.
[18:48:10] cqs-dvRR SAY: Biosilicified Kraftwerk Roach/ : 10101010011100010101.
[18:48:19] cqs-dvRR GAME: Explosion with size (-1, 1, 2) in area Deep Maintenance 
[18:48:22] cqs-dvRR SAY: *no key*/(/(rat (289))) squeals! 
[18:48:55] cqs-dvRR GAME: Explosion with size (-1, 0, 1) in area Swamp Caves 
[18:49:04] cqs-dvRR GAME: Explosion with size (0, 1, 3) in area Hunting plains underground caves 
[18:49:32] cqs-dvRR SAY: *no key*/(/(rat (925))) squeals! 
[18:49:43] cqs-dvRR GAME: Explosion with size (-1, 0, 1) in area Prepper Base 
[18:49:49] cqs-dvRR SAY: *no key*/(/(rat (940))) squeals! 
[18:50:00] cqs-dvRR SAY: *no key*/(/(rat (307))) squeals! 
[18:50:20] cqs-dvRR SAY: *no key*/(/(rat (537))) squeals! 
[18:51:14] cqs-dvRR GAME: Explosion with size (-1, 0, 1) in area Deep Maintenance 
[18:51:48] cqs-dvRR ACCESS: Logout: RiotScopez/(/(Kristina Griffiths))
[18:51:48] cqs-dvRR ACCESS: Logout: RiotScopez[DC]/(/(Kristina Griffiths))
